[ 2015-04-20T14:16:32+08:00 ] 127.0.0.1 /tourpal/index.php/Mobile
INFO: [ app_init ] --START--
INFO: Run Behavior\BuildLiteBehavior [ RunTime:0.000013s ]
INFO: [ app_init ] --END-- [ RunTime:0.000322s ]
INFO: [ app_begin ] --START--
INFO: Run Behavior\ReadHtmlCacheBehavior [ RunTime:0.000475s ]
INFO: [ app_begin ] --END-- [ RunTime:0.000525s ]
NOTIC: [8] Undefined index: SessionToken E:\xampp\htdocs\tourpal\Application\Mobile\Controller\CommonController.class.php 第 21 行.

[ 2015-04-20T14:16:38+08:00 ] 127.0.0.1 /tourpal//
INFO: [ app_init ] --START--
INFO: Run Behavior\BuildLiteBehavior [ RunTime:0.000069s ]
INFO: [ app_init ] --END-- [ RunTime:0.000360s ]
INFO: [ app_begin ] --START--
INFO: Run Behavior\ReadHtmlCacheBehavior [ RunTime:0.000561s ]
INFO: [ app_begin ] --END-- [ RunTime:0.000652s ]
NOTIC: [8] Undefined index: SessionToken E:\xampp\htdocs\tourpal\Application\Mobile\Controller\CommonController.class.php 第 21 行.

[ 2015-04-20T14:16:57+08:00 ] 127.0.0.1 /tourpal/
INFO: [ app_init ] --START--
INFO: Run Behavior\BuildLiteBehavior [ RunTime:0.000013s ]
INFO: [ app_init ] --END-- [ RunTime:0.000458s ]
INFO: [ app_begin ] --START--
INFO: Run Behavior\ReadHtmlCacheBehavior [ RunTime:0.000457s ]
INFO: [ app_begin ] --END-- [ RunTime:0.000508s ]
NOTIC: [8] Undefined index: SessionToken E:\xampp\htdocs\tourpal\Application\Mobile\Controller\CommonController.class.php 第 21 行.

[ 2015-04-20T14:17:13+08:00 ] 127.0.0.1 /tourpal/index.php/Mobile/Index/hotcity
INFO: [ app_init ] --START--
INFO: Run Behavior\BuildLiteBehavior [ RunTime:0.000015s ]
INFO: [ app_init ] --END-- [ RunTime:0.000311s ]
INFO: [ app_begin ] --START--
INFO: Run Behavior\ReadHtmlCacheBehavior [ RunTime:0.000423s ]
INFO: [ app_begin ] --END-- [ RunTime:0.000481s ]
NOTIC: [8] Undefined index: SessionToken E:\xampp\htdocs\tourpal\Application\Mobile\Controller\CommonController.class.php 第 21 行.
INFO: [ view_parse ] --START--
NOTIC: [2] filemtime() [<a href='function.filemtime'>function.filemtime</a>]: stat failed for ./Application/Runtime/Temp\4362ebb5325101c10ad9818546372c0f80d9d0ac.hotcity.html.php E:\xampp\htdocs\tourpal\ThinkPHP\Library\Vendor\Smarty\sysplugins\smarty_internal_cacheresource_file.php 第 64 行.
NOTIC: [2] filemtime() [<a href='function.filemtime'>function.filemtime</a>]: stat failed for ./Application/Runtime/Cache\4362ebb5325101c10ad9818546372c0f80d9d0ac.file.hotcity.html.cache.php E:\xampp\htdocs\tourpal\ThinkPHP\Library\Vendor\Smarty\sysplugins\smarty_resource.php 第 683 行.
NOTIC: [2] unlink(./Application/Runtime/Cache\4362ebb5325101c10ad9818546372c0f80d9d0ac.file.hotcity.html.cache.php) [<a href='function.unlink'>function.unlink</a>]: No such file or directory E:\xampp\htdocs\tourpal\ThinkPHP\Library\Vendor\Smarty\sysplugins\smarty_internal_write_file.php 第 49 行.
NOTIC: [2] filemtime() [<a href='function.filemtime'>function.filemtime</a>]: stat failed for ./Application/Runtime/Cache\ee95671fce1fc55c2653e42ff7ee216e7f81ab04.file.header.html.cache.php E:\xampp\htdocs\tourpal\ThinkPHP\Library\Vendor\Smarty\sysplugins\smarty_resource.php 第 683 行.
NOTIC: [2] unlink(./Application/Runtime/Cache\ee95671fce1fc55c2653e42ff7ee216e7f81ab04.file.header.html.cache.php) [<a href='function.unlink'>function.unlink</a>]: No such file or directory E:\xampp\htdocs\tourpal\ThinkPHP\Library\Vendor\Smarty\sysplugins\smarty_internal_write_file.php 第 49 行.
NOTIC: [2] filemtime() [<a href='function.filemtime'>function.filemtime</a>]: stat failed for ./Application/Runtime/Cache\4c3373121c2352718775ffb951044a7b4cff2c9b.file.footer.html.cache.php E:\xampp\htdocs\tourpal\ThinkPHP\Library\Vendor\Smarty\sysplugins\smarty_resource.php 第 683 行.
NOTIC: [2] unlink(./Application/Runtime/Cache\4c3373121c2352718775ffb951044a7b4cff2c9b.file.footer.html.cache.php) [<a href='function.unlink'>function.unlink</a>]: No such file or directory E:\xampp\htdocs\tourpal\ThinkPHP\Library\Vendor\Smarty\sysplugins\smarty_internal_write_file.php 第 49 行.
NOTIC: [2] unlink(./Application/Runtime/Temp\4362ebb5325101c10ad9818546372c0f80d9d0ac.hotcity.html.php) [<a href='function.unlink'>function.unlink</a>]: No such file or directory E:\xampp\htdocs\tourpal\ThinkPHP\Library\Vendor\Smarty\sysplugins\smarty_internal_write_file.php 第 49 行.
INFO: Run Behavior\ParseTemplateBehavior [ RunTime:0.142894s ]
INFO: [ view_parse ] --END-- [ RunTime:0.142961s ]
INFO: [ view_filter ] --START--
INFO: Run Behavior\WriteHtmlCacheBehavior [ RunTime:0.000386s ]
INFO: [ view_filter ] --END-- [ RunTime:0.000433s ]
INFO: [ app_end ] --START--
INFO: Run Behavior\ShowPageTraceBehavior [ RunTime:0.000467s ]
INFO: [ app_end ] --END-- [ RunTime:0.000511s ]

[ 2015-04-20T14:17:17+08:00 ] 127.0.0.1 /tourpal/index.php/Mobile/Index/postlist?city=%E5%8C%97%E4%BA%AC
INFO: [ app_init ] --START--
INFO: Run Behavior\BuildLiteBehavior [ RunTime:0.000013s ]
INFO: [ app_init ] --END-- [ RunTime:0.000275s ]
INFO: [ app_begin ] --START--
INFO: Run Behavior\ReadHtmlCacheBehavior [ RunTime:0.000369s ]
INFO: [ app_begin ] --END-- [ RunTime:0.000417s ]
NOTIC: [8] Undefined index: SessionToken E:\xampp\htdocs\tourpal\Application\Mobile\Controller\CommonController.class.php 第 21 行.
INFO: [ view_parse ] --START--
NOTIC: [2] filemtime() [<a href='function.filemtime'>function.filemtime</a>]: stat failed for ./Application/Runtime/Temp\6bd633b1f928847734b8890ba066cf403f30c0dd.postlist.html.php E:\xampp\htdocs\tourpal\ThinkPHP\Library\Vendor\Smarty\sysplugins\smarty_internal_cacheresource_file.php 第 64 行.
NOTIC: [2] filemtime() [<a href='function.filemtime'>function.filemtime</a>]: stat failed for ./Application/Runtime/Cache\6bd633b1f928847734b8890ba066cf403f30c0dd.file.postlist.html.cache.php E:\xampp\htdocs\tourpal\ThinkPHP\Library\Vendor\Smarty\sysplugins\smarty_resource.php 第 683 行.
NOTIC: [2] unlink(./Application/Runtime/Cache\6bd633b1f928847734b8890ba066cf403f30c0dd.file.postlist.html.cache.php) [<a href='function.unlink'>function.unlink</a>]: No such file or directory E:\xampp\htdocs\tourpal\ThinkPHP\Library\Vendor\Smarty\sysplugins\smarty_internal_write_file.php 第 49 行.
NOTIC: [2] unlink(./Application/Runtime/Temp\6bd633b1f928847734b8890ba066cf403f30c0dd.postlist.html.php) [<a href='function.unlink'>function.unlink</a>]: No such file or directory E:\xampp\htdocs\tourpal\ThinkPHP\Library\Vendor\Smarty\sysplugins\smarty_internal_write_file.php 第 49 行.
INFO: Run Behavior\ParseTemplateBehavior [ RunTime:0.049356s ]
INFO: [ view_parse ] --END-- [ RunTime:0.049415s ]
INFO: [ view_filter ] --START--
INFO: Run Behavior\WriteHtmlCacheBehavior [ RunTime:0.000371s ]
INFO: [ view_filter ] --END-- [ RunTime:0.000415s ]
INFO: [ app_end ] --START--
INFO: Run Behavior\ShowPageTraceBehavior [ RunTime:0.000532s ]
INFO: [ app_end ] --END-- [ RunTime:0.000575s ]

[ 2015-04-20T14:17:20+08:00 ] 127.0.0.1 /tourpal/index.php/Mobile/Index/postlist?city=%E5%8C%97%E4%BA%AC
INFO: [ app_init ] --START--
INFO: Run Behavior\BuildLiteBehavior [ RunTime:0.000013s ]
INFO: [ app_init ] --END-- [ RunTime:0.000321s ]
INFO: [ app_begin ] --START--
INFO: Run Behavior\ReadHtmlCacheBehavior [ RunTime:0.000448s ]
INFO: [ app_begin ] --END-- [ RunTime:0.000497s ]
NOTIC: [8] Undefined index: SessionToken E:\xampp\htdocs\tourpal\Application\Mobile\Controller\CommonController.class.php 第 21 行.
INFO: [ view_parse ] --START--
INFO: Run Behavior\ParseTemplateBehavior [ RunTime:0.007594s ]
INFO: [ view_parse ] --END-- [ RunTime:0.007651s ]
INFO: [ view_filter ] --START--
INFO: Run Behavior\WriteHtmlCacheBehavior [ RunTime:0.000167s ]
INFO: [ view_filter ] --END-- [ RunTime:0.000209s ]
INFO: [ app_end ] --START--
INFO: Run Behavior\ShowPageTraceBehavior [ RunTime:0.000435s ]
INFO: [ app_end ] --END-- [ RunTime:0.000490s ]

[ 2015-04-20T14:17:21+08:00 ] 127.0.0.1 /tourpal/index.php/Mobile/Index/postlist?city=%E5%8C%97%E4%BA%AC
INFO: [ app_init ] --START--
INFO: Run Behavior\BuildLiteBehavior [ RunTime:0.000014s ]
INFO: [ app_init ] --END-- [ RunTime:0.000324s ]
INFO: [ app_begin ] --START--
INFO: Run Behavior\ReadHtmlCacheBehavior [ RunTime:0.000494s ]
INFO: [ app_begin ] --END-- [ RunTime:0.000555s ]
NOTIC: [8] Undefined index: SessionToken E:\xampp\htdocs\tourpal\Application\Mobile\Controller\CommonController.class.php 第 21 行.
INFO: [ view_parse ] --START--
INFO: Run Behavior\ParseTemplateBehavior [ RunTime:0.007664s ]
INFO: [ view_parse ] --END-- [ RunTime:0.007741s ]
INFO: [ view_filter ] --START--
INFO: Run Behavior\WriteHtmlCacheBehavior [ RunTime:0.000170s ]
INFO: [ view_filter ] --END-- [ RunTime:0.000212s ]
INFO: [ app_end ] --START--
INFO: Run Behavior\ShowPageTraceBehavior [ RunTime:0.000373s ]
INFO: [ app_end ] --END-- [ RunTime:0.000416s ]

[ 2015-04-20T14:17:40+08:00 ] 127.0.0.1 /tourpal/index.php/Mobile/Index/post
INFO: [ app_init ] --START--
INFO: Run Behavior\BuildLiteBehavior [ RunTime:0.000015s ]
INFO: [ app_init ] --END-- [ RunTime:0.000449s ]
INFO: [ app_begin ] --START--
INFO: Run Behavior\ReadHtmlCacheBehavior [ RunTime:0.000565s ]
INFO: [ app_begin ] --END-- [ RunTime:0.000625s ]
NOTIC: [8] Undefined index: SessionToken E:\xampp\htdocs\tourpal\Application\Mobile\Controller\CommonController.class.php 第 21 行.
NOTIC: [8] Undefined index: SessionToken E:\xampp\htdocs\tourpal\Application\Mobile\Controller\IndexController.class.php 第 69 行.

