[ 2015-05-22T16:43:32+08:00 ] 127.0.0.1 /tourpal/index.php/Api/Images/
INFO: [ app_init ] --START--
INFO: Run Behavior\BuildLiteBehavior [ RunTime:0.000011s ]
INFO: [ app_init ] --END-- [ RunTime:0.000314s ]
INFO: [ app_begin ] --START--
INFO: Run Behavior\ReadHtmlCacheBehavior [ RunTime:0.000555s ]
INFO: [ app_begin ] --END-- [ RunTime:0.000603s ]
INFO: [ view_parse ] --START--
INFO: Run Behavior\ParseTemplateBehavior [ RunTime:0.011644s ]
INFO: [ view_parse ] --END-- [ RunTime:0.011706s ]
INFO: [ view_filter ] --START--
INFO: Run Behavior\WriteHtmlCacheBehavior [ RunTime:0.000373s ]
INFO: [ view_filter ] --END-- [ RunTime:0.000418s ]
INFO: [ app_end ] --START--
INFO: Run Behavior\ShowPageTraceBehavior [ RunTime:0.000517s ]
INFO: [ app_end ] --END-- [ RunTime:0.000561s ]

[ 2015-05-22T16:43:41+08:00 ] 127.0.0.1 /tourpal/index.php/Api/Images/upload
INFO: [ app_init ] --START--
INFO: Run Behavior\BuildLiteBehavior [ RunTime:0.000014s ]
INFO: [ app_init ] --END-- [ RunTime:0.000317s ]
INFO: [ app_begin ] --START--
INFO: Run Behavior\ReadHtmlCacheBehavior [ RunTime:0.000453s ]
INFO: [ app_begin ] --END-- [ RunTime:0.000507s ]
NOTIC: [8] Undefined index: id E:\xampp\htdocs\tourpal\Application\Api\Controller\ImagesController.class.php 第 31 行.
NOTIC: [2] call_user_func() expects parameter 1 to be a valid callback, no array or string given E:\xampp\htdocs\tourpal\ThinkPHP\Library\Think\Upload.class.php 第 170 行.
SQL: SHOW COLUMNS FROM `post_img` [ RunTime:0.0027s ]

[ 2015-05-22T17:20:58+08:00 ] 127.0.0.1 /tourpal/index.php/Api/Images
INFO: [ app_init ] --START--
INFO: Run Behavior\BuildLiteBehavior [ RunTime:0.000015s ]
INFO: [ app_init ] --END-- [ RunTime:0.000377s ]
INFO: [ app_begin ] --START--
INFO: Run Behavior\ReadHtmlCacheBehavior [ RunTime:0.000606s ]
INFO: [ app_begin ] --END-- [ RunTime:0.000677s ]
INFO: [ view_parse ] --START--
INFO: Run Behavior\ParseTemplateBehavior [ RunTime:0.117908s ]
INFO: [ view_parse ] --END-- [ RunTime:0.117999s ]
INFO: [ view_filter ] --START--
INFO: Run Behavior\WriteHtmlCacheBehavior [ RunTime:0.000543s ]
INFO: [ view_filter ] --END-- [ RunTime:0.000607s ]
INFO: [ app_end ] --START--
INFO: Run Behavior\ShowPageTraceBehavior [ RunTime:0.000934s ]
INFO: [ app_end ] --END-- [ RunTime:0.001024s ]

[ 2015-05-22T17:21:13+08:00 ] 127.0.0.1 /tourpal/index.php/Api/Images/uploadImg
ERR: a:1:{s:4:"file";a:5:{s:4:"name";a:3:{i:0;s:26:"QQ图片20150522164319.jpg";i:1;s:0:"";i:2;s:0:"";}s:4:"type";a:3:{i:0;s:10:"image/jpeg";i:1;s:0:"";i:2;s:0:"";}s:8:"tmp_name";a:3:{i:0;s:24:"E:\xampp\tmp\php7670.tmp";i:1;s:0:"";i:2;s:0:"";}s:5:"error";a:3:{i:0;i:0;i:1;i:4;i:2;i:4;}s:4:"size";a:3:{i:0;i:55133;i:1;i:0;i:2;i:0;}}}
[ 2015-05-22T17:21:13+08:00 ] 127.0.0.1 /tourpal/index.php/Api/Images/uploadImg
ERR: a:1:{i:0;a:9:{s:3:"key";s:4:"file";s:4:"name";s:26:"QQ图片20150522164319.jpg";s:4:"type";s:10:"image/jpeg";s:4:"size";i:55133;s:3:"ext";s:3:"jpg";s:3:"md5";s:32:"4c1736d20bccb9d703b69d71a5da2c07";s:4:"sha1";s:40:"306f315290348e31a4776f976d2d687c1ae6d88c";s:8:"savename";s:17:"555ef509e8eee.jpg";s:8:"savepath";s:9:"20150522/";}}
[ 2015-05-22T17:21:14+08:00 ] 127.0.0.1 /tourpal/index.php/Api/Images/uploadImg
INFO: [ app_init ] --START--
INFO: Run Behavior\BuildLiteBehavior [ RunTime:0.000015s ]
INFO: [ app_init ] --END-- [ RunTime:0.000385s ]
INFO: [ app_begin ] --START--
INFO: Run Behavior\ReadHtmlCacheBehavior [ RunTime:0.000572s ]
INFO: [ app_begin ] --END-- [ RunTime:0.000644s ]
SQL: SHOW COLUMNS FROM `post_img` [ RunTime:0.0049s ]

[ 2015-05-22T17:31:08+08:00 ] 127.0.0.1 /tourpal/index.php/Api/Images
INFO: [ app_init ] --START--
INFO: Run Behavior\BuildLiteBehavior [ RunTime:0.000016s ]
INFO: [ app_init ] --END-- [ RunTime:0.000490s ]
INFO: [ app_begin ] --START--
INFO: Run Behavior\ReadHtmlCacheBehavior [ RunTime:0.000579s ]
INFO: [ app_begin ] --END-- [ RunTime:0.000654s ]
INFO: [ view_parse ] --START--
INFO: Run Behavior\ParseTemplateBehavior [ RunTime:0.007613s ]
INFO: [ view_parse ] --END-- [ RunTime:0.007676s ]
INFO: [ view_filter ] --START--
INFO: Run Behavior\WriteHtmlCacheBehavior [ RunTime:0.000257s ]
INFO: [ view_filter ] --END-- [ RunTime:0.000301s ]
INFO: [ app_end ] --START--
INFO: Run Behavior\ShowPageTraceBehavior [ RunTime:0.000687s ]
INFO: [ app_end ] --END-- [ RunTime:0.000733s ]

[ 2015-05-22T17:31:16+08:00 ] 127.0.0.1 /tourpal/index.php/Api/Images/uploadImg
ERR: a:1:{s:4:"file";a:5:{s:4:"name";a:3:{i:0;s:26:"QQ图片20150522164319.jpg";i:1;s:0:"";i:2;s:0:"";}s:4:"type";a:3:{i:0;s:10:"image/jpeg";i:1;s:0:"";i:2;s:0:"";}s:8:"tmp_name";a:3:{i:0;s:24:"E:\xampp\tmp\phpA750.tmp";i:1;s:0:"";i:2;s:0:"";}s:5:"error";a:3:{i:0;i:0;i:1;i:4;i:2;i:4;}s:4:"size";a:3:{i:0;i:55133;i:1;i:0;i:2;i:0;}}}
[ 2015-05-22T17:31:16+08:00 ] 127.0.0.1 /tourpal/index.php/Api/Images/uploadImg
ERR: a:1:{i:0;a:9:{s:3:"key";s:4:"file";s:4:"name";s:26:"QQ图片20150522164319.jpg";s:4:"type";s:10:"image/jpeg";s:4:"size";i:55133;s:3:"ext";s:3:"jpg";s:3:"md5";s:32:"4c1736d20bccb9d703b69d71a5da2c07";s:4:"sha1";s:40:"306f315290348e31a4776f976d2d687c1ae6d88c";s:8:"savename";s:17:"555ef764519c9.jpg";s:8:"savepath";s:9:"20150522/";}}
[ 2015-05-22T17:31:16+08:00 ] 127.0.0.1 /tourpal/index.php/Api/Images/uploadImg
INFO: [ app_init ] --START--
INFO: Run Behavior\BuildLiteBehavior [ RunTime:0.000014s ]
INFO: [ app_init ] --END-- [ RunTime:0.000317s ]
INFO: [ app_begin ] --START--
INFO: Run Behavior\ReadHtmlCacheBehavior [ RunTime:0.000486s ]
INFO: [ app_begin ] --END-- [ RunTime:0.000541s ]
SQL: SHOW COLUMNS FROM `post_img` [ RunTime:0.0047s ]

[ 2015-05-22T17:32:00+08:00 ] 127.0.0.1 /tourpal/index.php/Api/Images/
INFO: [ app_init ] --START--
INFO: Run Behavior\BuildLiteBehavior [ RunTime:0.000014s ]
INFO: [ app_init ] --END-- [ RunTime:0.000338s ]
INFO: [ app_begin ] --START--
INFO: Run Behavior\ReadHtmlCacheBehavior [ RunTime:0.000504s ]
INFO: [ app_begin ] --END-- [ RunTime:0.000557s ]
INFO: [ view_parse ] --START--
INFO: Run Behavior\ParseTemplateBehavior [ RunTime:0.007621s ]
INFO: [ view_parse ] --END-- [ RunTime:0.007680s ]
INFO: [ view_filter ] --START--
INFO: Run Behavior\WriteHtmlCacheBehavior [ RunTime:0.000269s ]
INFO: [ view_filter ] --END-- [ RunTime:0.000314s ]
INFO: [ app_end ] --START--
INFO: Run Behavior\ShowPageTraceBehavior [ RunTime:0.000541s ]
INFO: [ app_end ] --END-- [ RunTime:0.000587s ]

[ 2015-05-22T17:33:11+08:00 ] 127.0.0.1 /tourpal/index.php/Api/Images/uploadImg
ERR: a:1:{s:4:"file";a:5:{s:4:"name";a:3:{i:0;s:26:"QQ图片20150522164319.jpg";i:1;s:0:"";i:2;s:0:"";}s:4:"type";a:3:{i:0;s:10:"image/jpeg";i:1;s:0:"";i:2;s:0:"";}s:8:"tmp_name";a:3:{i:0;s:24:"E:\xampp\tmp\php68CC.tmp";i:1;s:0:"";i:2;s:0:"";}s:5:"error";a:3:{i:0;i:0;i:1;i:4;i:2;i:4;}s:4:"size";a:3:{i:0;i:55133;i:1;i:0;i:2;i:0;}}}
[ 2015-05-22T17:33:11+08:00 ] 127.0.0.1 /tourpal/index.php/Api/Images/uploadImg
ERR: a:1:{i:0;a:9:{s:3:"key";s:4:"file";s:4:"name";s:26:"QQ图片20150522164319.jpg";s:4:"type";s:10:"image/jpeg";s:4:"size";i:55133;s:3:"ext";s:3:"jpg";s:3:"md5";s:32:"4c1736d20bccb9d703b69d71a5da2c07";s:4:"sha1";s:40:"306f315290348e31a4776f976d2d687c1ae6d88c";s:8:"savename";s:17:"555ef7d7604e6.jpg";s:8:"savepath";s:9:"20150522/";}}
[ 2015-05-22T17:33:11+08:00 ] 127.0.0.1 /tourpal/index.php/Api/Images/uploadImg
INFO: [ app_init ] --START--
INFO: Run Behavior\BuildLiteBehavior [ RunTime:0.000012s ]
INFO: [ app_init ] --END-- [ RunTime:0.000310s ]
INFO: [ app_begin ] --START--
INFO: Run Behavior\ReadHtmlCacheBehavior [ RunTime:0.000469s ]
INFO: [ app_begin ] --END-- [ RunTime:0.000521s ]
SQL: SHOW COLUMNS FROM `post_img` [ RunTime:0.0045s ]

[ 2015-05-22T18:04:25+08:00 ] 127.0.0.1 /tourpal/index.php/Api/Liked/getLikedInfoByPostId?post_id=7&perNum=2&offset=21
INFO: [ app_init ] --START--
INFO: Run Behavior\BuildLiteBehavior [ RunTime:0.000013s ]
INFO: [ app_init ] --END-- [ RunTime:0.000322s ]
INFO: [ app_begin ] --START--
INFO: Run Behavior\ReadHtmlCacheBehavior [ RunTime:0.000490s ]
INFO: [ app_begin ] --END-- [ RunTime:0.000540s ]
SQL: SHOW COLUMNS FROM `liked` [ RunTime:0.0024s ]
SQL: SELECT * FROM `liked` WHERE `post_id` IN ('7') AND `id` < 21 GROUP BY uid, post_id ORDER BY id desc LIMIT 3   [ RunTime:0.0005s ]

[ 2015-05-22T18:04:30+08:00 ] 127.0.0.1 /tourpal/index.php/Api/Liked/getLikedInfoByPostId?post_id=1&perNum=2&offset=21
INFO: [ app_init ] --START--
INFO: Run Behavior\BuildLiteBehavior [ RunTime:0.000016s ]
INFO: [ app_init ] --END-- [ RunTime:0.000285s ]
INFO: [ app_begin ] --START--
INFO: Run Behavior\ReadHtmlCacheBehavior [ RunTime:0.000363s ]
INFO: [ app_begin ] --END-- [ RunTime:0.000413s ]
SQL: SHOW COLUMNS FROM `liked` [ RunTime:0.0025s ]
SQL: SELECT * FROM `liked` WHERE `post_id` IN ('1') AND `id` < 21 GROUP BY uid, post_id ORDER BY id desc LIMIT 3   [ RunTime:0.0005s ]

[ 2015-05-22T18:04:34+08:00 ] 127.0.0.1 /tourpal/index.php/Api/Liked/getLikedInfoByPostId?post_id=2&perNum=2&offset=21
INFO: [ app_init ] --START--
INFO: Run Behavior\BuildLiteBehavior [ RunTime:0.000015s ]
INFO: [ app_init ] --END-- [ RunTime:0.000349s ]
INFO: [ app_begin ] --START--
INFO: Run Behavior\ReadHtmlCacheBehavior [ RunTime:0.000412s ]
INFO: [ app_begin ] --END-- [ RunTime:0.000464s ]
SQL: SHOW COLUMNS FROM `liked` [ RunTime:0.0023s ]
SQL: SELECT * FROM `liked` WHERE `post_id` IN ('2') AND `id` < 21 GROUP BY uid, post_id ORDER BY id desc LIMIT 3   [ RunTime:0.0005s ]
SQL: SHOW COLUMNS FROM `user` [ RunTime:0.0026s ]
SQL: SELECT * FROM `user` WHERE `id` IN ('41')  [ RunTime:0.0004s ]
SQL: SHOW COLUMNS FROM `post_dest_v2` [ RunTime:0.0019s ]
SQL: SELECT `post_id`,`dest_id` FROM `post_dest_v2` WHERE `post_id` IN ('2')  [ RunTime:0.0002s ]
SQL: SHOW COLUMNS FROM `dest_v2` [ RunTime:0.0021s ]
SQL: SELECT `id`,`place`,`desc` FROM `dest_v2` WHERE `id` IN ('50')  [ RunTime:0.0002s ]

[ 2015-05-22T18:17:07+08:00 ] 127.0.0.1 /tourpal/index.php/Api/Images/
INFO: [ app_init ] --START--
INFO: Run Behavior\BuildLiteBehavior [ RunTime:0.000014s ]
INFO: [ app_init ] --END-- [ RunTime:0.000343s ]
INFO: [ app_begin ] --START--
INFO: Run Behavior\ReadHtmlCacheBehavior [ RunTime:0.000484s ]
INFO: [ app_begin ] --END-- [ RunTime:0.000538s ]
INFO: [ view_parse ] --START--
INFO: Run Behavior\ParseTemplateBehavior [ RunTime:0.009462s ]
INFO: [ view_parse ] --END-- [ RunTime:0.009530s ]
INFO: [ view_filter ] --START--
INFO: Run Behavior\WriteHtmlCacheBehavior [ RunTime:0.000304s ]
INFO: [ view_filter ] --END-- [ RunTime:0.000349s ]
INFO: [ app_end ] --START--
INFO: Run Behavior\ShowPageTraceBehavior [ RunTime:0.000520s ]
INFO: [ app_end ] --END-- [ RunTime:0.000563s ]

[ 2015-05-22T18:17:26+08:00 ] 127.0.0.1 /tourpal/index.php/Api/Images/uploadImg
ERR: a:1:{s:4:"file";a:5:{s:4:"name";a:3:{i:0;s:26:"QQ图片20150522164319.jpg";i:1;s:0:"";i:2;s:0:"";}s:4:"type";a:3:{i:0;s:10:"image/jpeg";i:1;s:0:"";i:2;s:0:"";}s:8:"tmp_name";a:3:{i:0;s:24:"E:\xampp\tmp\phpED29.tmp";i:1;s:0:"";i:2;s:0:"";}s:5:"error";a:3:{i:0;i:0;i:1;i:4;i:2;i:4;}s:4:"size";a:3:{i:0;i:55133;i:1;i:0;i:2;i:0;}}}
[ 2015-05-22T18:17:26+08:00 ] 127.0.0.1 /tourpal/index.php/Api/Images/uploadImg
ERR: a:1:{i:0;a:9:{s:3:"key";s:4:"file";s:4:"name";s:26:"QQ图片20150522164319.jpg";s:4:"type";s:10:"image/jpeg";s:4:"size";i:55133;s:3:"ext";s:3:"jpg";s:3:"md5";s:32:"4c1736d20bccb9d703b69d71a5da2c07";s:4:"sha1";s:40:"306f315290348e31a4776f976d2d687c1ae6d88c";s:8:"savename";s:17:"555f0236cae9c.jpg";s:8:"savepath";s:9:"20150522/";}}
[ 2015-05-22T18:17:26+08:00 ] 127.0.0.1 /tourpal/index.php/Api/Images/uploadImg
INFO: [ app_init ] --START--
INFO: Run Behavior\BuildLiteBehavior [ RunTime:0.000015s ]
INFO: [ app_init ] --END-- [ RunTime:0.000322s ]
INFO: [ app_begin ] --START--
INFO: Run Behavior\ReadHtmlCacheBehavior [ RunTime:0.000425s ]
INFO: [ app_begin ] --END-- [ RunTime:0.000489s ]
SQL: SHOW COLUMNS FROM `post_img` [ RunTime:0.0038s ]

[ 2015-05-22T20:17:28+08:00 ] 127.0.0.1 /tourpal/index.php/Api/Images/
INFO: [ app_init ] --START--
INFO: Run Behavior\BuildLiteBehavior [ RunTime:0.000014s ]
INFO: [ app_init ] --END-- [ RunTime:0.000458s ]
INFO: [ app_begin ] --START--
INFO: Run Behavior\ReadHtmlCacheBehavior [ RunTime:0.000615s ]
INFO: [ app_begin ] --END-- [ RunTime:0.000667s ]
INFO: [ view_parse ] --START--
INFO: Run Behavior\ParseTemplateBehavior [ RunTime:0.010439s ]
INFO: [ view_parse ] --END-- [ RunTime:0.010500s ]
INFO: [ view_filter ] --START--
INFO: Run Behavior\WriteHtmlCacheBehavior [ RunTime:0.000396s ]
INFO: [ view_filter ] --END-- [ RunTime:0.000440s ]
INFO: [ app_end ] --START--
INFO: Run Behavior\ShowPageTraceBehavior [ RunTime:0.000589s ]
INFO: [ app_end ] --END-- [ RunTime:0.000635s ]

[ 2015-05-22T20:18:04+08:00 ] 127.0.0.1 /tourpal/index.php/Api/Images/uploadImg
ERR: a:1:{s:4:"file";a:5:{s:4:"name";a:3:{i:0;s:22:"icon_tourpal_share.png";i:1;s:0:"";i:2;s:0:"";}s:4:"type";a:3:{i:0;s:9:"image/png";i:1;s:0:"";i:2;s:0:"";}s:8:"tmp_name";a:3:{i:0;s:24:"E:\xampp\tmp\php6087.tmp";i:1;s:0:"";i:2;s:0:"";}s:5:"error";a:3:{i:0;i:0;i:1;i:4;i:2;i:4;}s:4:"size";a:3:{i:0;i:19412;i:1;i:0;i:2;i:0;}}}
[ 2015-05-22T20:18:04+08:00 ] 127.0.0.1 /tourpal/index.php/Api/Images/uploadImg
ERR: a:1:{i:0;a:9:{s:3:"key";s:4:"file";s:4:"name";s:22:"icon_tourpal_share.png";s:4:"type";s:9:"image/png";s:4:"size";i:19412;s:3:"ext";s:3:"png";s:3:"md5";s:32:"6aaadcf713de5c618e29bda830202756";s:4:"sha1";s:40:"afff0d68cade2515a142e05fe9078f82963f6830";s:8:"savename";s:17:"555f1e7c10393.png";s:8:"savepath";s:9:"20150522/";}}
[ 2015-05-22T20:18:04+08:00 ] 127.0.0.1 /tourpal/index.php/Api/Images/uploadImg
INFO: [ app_init ] --START--
INFO: Run Behavior\BuildLiteBehavior [ RunTime:0.000015s ]
INFO: [ app_init ] --END-- [ RunTime:0.000358s ]
INFO: [ app_begin ] --START--
INFO: Run Behavior\ReadHtmlCacheBehavior [ RunTime:0.000645s ]
INFO: [ app_begin ] --END-- [ RunTime:0.000716s ]
SQL: SHOW COLUMNS FROM `post_img` [ RunTime:0.0049s ]

[ 2015-05-22T20:20:40+08:00 ] 127.0.0.1 /tourpal/index.php/Api/Images/
INFO: [ app_init ] --START--
INFO: Run Behavior\BuildLiteBehavior [ RunTime:0.000013s ]
INFO: [ app_init ] --END-- [ RunTime:0.000361s ]
INFO: [ app_begin ] --START--
INFO: Run Behavior\ReadHtmlCacheBehavior [ RunTime:0.000539s ]
INFO: [ app_begin ] --END-- [ RunTime:0.000591s ]
INFO: [ view_parse ] --START--
INFO: Run Behavior\ParseTemplateBehavior [ RunTime:0.007770s ]
INFO: [ view_parse ] --END-- [ RunTime:0.007832s ]
INFO: [ view_filter ] --START--
INFO: Run Behavior\WriteHtmlCacheBehavior [ RunTime:0.000258s ]
INFO: [ view_filter ] --END-- [ RunTime:0.000303s ]
INFO: [ app_end ] --START--
INFO: Run Behavior\ShowPageTraceBehavior [ RunTime:0.000527s ]
INFO: [ app_end ] --END-- [ RunTime:0.000573s ]

[ 2015-05-22T20:20:52+08:00 ] 127.0.0.1 /tourpal/index.php/Api/Images/uploadImg
ERR: a:1:{s:4:"file";a:5:{s:4:"name";a:3:{i:0;s:22:"icon_tourpal_share.png";i:1;s:0:"";i:2;s:0:"";}s:4:"type";a:3:{i:0;s:9:"image/png";i:1;s:0:"";i:2;s:0:"";}s:8:"tmp_name";a:3:{i:0;s:24:"E:\xampp\tmp\phpF21D.tmp";i:1;s:0:"";i:2;s:0:"";}s:5:"error";a:3:{i:0;i:0;i:1;i:4;i:2;i:4;}s:4:"size";a:3:{i:0;i:19412;i:1;i:0;i:2;i:0;}}}
[ 2015-05-22T20:20:52+08:00 ] 127.0.0.1 /tourpal/index.php/Api/Images/uploadImg
ERR: a:1:{i:0;a:9:{s:3:"key";s:4:"file";s:4:"name";s:22:"icon_tourpal_share.png";s:4:"type";s:9:"image/png";s:4:"size";i:19412;s:3:"ext";s:3:"png";s:3:"md5";s:32:"6aaadcf713de5c618e29bda830202756";s:4:"sha1";s:40:"afff0d68cade2515a142e05fe9078f82963f6830";s:8:"savename";s:17:"555f1f245dcfa.png";s:8:"savepath";s:9:"20150522/";}}
[ 2015-05-22T20:20:52+08:00 ] 127.0.0.1 /tourpal/index.php/Api/Images/uploadImg
INFO: [ app_init ] --START--
INFO: Run Behavior\BuildLiteBehavior [ RunTime:0.000038s ]
INFO: [ app_init ] --END-- [ RunTime:0.000354s ]
INFO: [ app_begin ] --START--
INFO: Run Behavior\ReadHtmlCacheBehavior [ RunTime:0.000471s ]
INFO: [ app_begin ] --END-- [ RunTime:0.000529s ]
SQL: SHOW COLUMNS FROM `post_img` [ RunTime:0.0040s ]

[ 2015-05-22T20:30:26+08:00 ] 127.0.0.1 /tourpal/index.php/Api/Images/
INFO: [ app_init ] --START--
INFO: Run Behavior\BuildLiteBehavior [ RunTime:0.000015s ]
INFO: [ app_init ] --END-- [ RunTime:0.000354s ]
INFO: [ app_begin ] --START--
INFO: Run Behavior\ReadHtmlCacheBehavior [ RunTime:0.000495s ]
INFO: [ app_begin ] --END-- [ RunTime:0.000550s ]
INFO: [ view_parse ] --START--
INFO: Run Behavior\ParseTemplateBehavior [ RunTime:0.007484s ]
INFO: [ view_parse ] --END-- [ RunTime:0.007543s ]
INFO: [ view_filter ] --START--
INFO: Run Behavior\WriteHtmlCacheBehavior [ RunTime:0.000313s ]
INFO: [ view_filter ] --END-- [ RunTime:0.000360s ]
INFO: [ app_end ] --START--
INFO: Run Behavior\ShowPageTraceBehavior [ RunTime:0.000583s ]
INFO: [ app_end ] --END-- [ RunTime:0.000647s ]

[ 2015-05-22T20:30:35+08:00 ] 127.0.0.1 /tourpal/index.php/Api/Images/uploadImg
ERR: a:1:{s:4:"file";a:5:{s:4:"name";a:3:{i:0;s:20:"微信驴友icon.png";i:1;s:0:"";i:2;s:0:"";}s:4:"type";a:3:{i:0;s:9:"image/png";i:1;s:0:"";i:2;s:0:"";}s:8:"tmp_name";a:3:{i:0;s:24:"E:\xampp\tmp\phpD6E1.tmp";i:1;s:0:"";i:2;s:0:"";}s:5:"error";a:3:{i:0;i:0;i:1;i:4;i:2;i:4;}s:4:"size";a:3:{i:0;i:14437;i:1;i:0;i:2;i:0;}}}
[ 2015-05-22T20:30:35+08:00 ] 127.0.0.1 /tourpal/index.php/Api/Images/uploadImg
ERR: a:1:{i:0;a:9:{s:3:"key";s:4:"file";s:4:"name";s:20:"微信驴友icon.png";s:4:"type";s:9:"image/png";s:4:"size";i:14437;s:3:"ext";s:3:"png";s:3:"md5";s:32:"cfd86b9fb5665ba6998c1a930dccbfb7";s:4:"sha1";s:40:"137dbefb2b89cd93cada0eb1c7378c865794ea75";s:8:"savename";s:17:"555f216b318eb.png";s:8:"savepath";s:9:"20150522/";}}
[ 2015-05-22T20:30:35+08:00 ] 127.0.0.1 /tourpal/index.php/Api/Images/uploadImg
INFO: [ app_init ] --START--
INFO: Run Behavior\BuildLiteBehavior [ RunTime:0.000016s ]
INFO: [ app_init ] --END-- [ RunTime:0.000364s ]
INFO: [ app_begin ] --START--
INFO: Run Behavior\ReadHtmlCacheBehavior [ RunTime:0.000458s ]
INFO: [ app_begin ] --END-- [ RunTime:0.000530s ]
SQL: SHOW COLUMNS FROM `post_img` [ RunTime:0.0023s ]

