[ 2015-05-15T10:47:55+08:00 ] 127.0.0.1 /tourpal/index.php/Api/Images/
INFO: [ app_init ] --START--
INFO: Run Behavior\BuildLiteBehavior [ RunTime:0.000014s ]
INFO: [ app_init ] --END-- [ RunTime:0.000372s ]
INFO: [ app_begin ] --START--
INFO: Run Behavior\ReadHtmlCacheBehavior [ RunTime:0.000505s ]
INFO: [ app_begin ] --END-- [ RunTime:0.000555s ]
INFO: [ view_parse ] --START--
INFO: Run Behavior\ParseTemplateBehavior [ RunTime:0.224891s ]
INFO: [ view_parse ] --END-- [ RunTime:0.224974s ]
INFO: [ view_filter ] --START--
INFO: Run Behavior\WriteHtmlCacheBehavior [ RunTime:0.022962s ]
INFO: [ view_filter ] --END-- [ RunTime:0.023055s ]
INFO: [ app_end ] --START--
INFO: Run Behavior\ShowPageTraceBehavior [ RunTime:0.010864s ]
INFO: [ app_end ] --END-- [ RunTime:0.010941s ]

[ 2015-05-15T10:48:10+08:00 ] 127.0.0.1 /tourpal/index.php/Api/Images/upload
INFO: [ app_init ] --START--
INFO: Run Behavior\BuildLiteBehavior [ RunTime:0.000015s ]
INFO: [ app_init ] --END-- [ RunTime:0.000346s ]
INFO: [ app_begin ] --START--
INFO: Run Behavior\ReadHtmlCacheBehavior [ RunTime:0.000527s ]
INFO: [ app_begin ] --END-- [ RunTime:0.000584s ]
NOTIC: [8] Undefined index: id E:\xampp\htdocs\tourpal\Application\Api\Controller\ImagesController.class.php 第 31 行.
NOTIC: [2] call_user_func() expects parameter 1 to be a valid callback, no array or string given E:\xampp\htdocs\tourpal\ThinkPHP\Library\Think\Upload.class.php 第 170 行.
NOTIC: [2] call_user_func() expects parameter 1 to be a valid callback, no array or string given E:\xampp\htdocs\tourpal\ThinkPHP\Library\Think\Upload.class.php 第 170 行.
SQL: SHOW COLUMNS FROM `post_img` [ RunTime:0.0046s ]

[ 2015-05-15T14:47:58+08:00 ] 127.0.0.1 /tourpal/index.php/Api/Posts/post?dest=332&start_at=2015-05-20&days=4&weixin=test&qq=&phone=&content=test&post_place=&imgs=&tags=%E5%A5%A2%E4%BE%88%E6%B8%B8%2C%E8%87%AA%E9%A9%BE%E6%B8%B8%2C%E5%8D%95%E8%BA%AB
INFO: [ app_init ] --START--
INFO: Run Behavior\BuildLiteBehavior [ RunTime:0.000012s ]
INFO: [ app_init ] --END-- [ RunTime:0.000306s ]
INFO: [ app_begin ] --START--
INFO: Run Behavior\ReadHtmlCacheBehavior [ RunTime:0.000457s ]
INFO: [ app_begin ] --END-- [ RunTime:0.000506s ]
SQL: SHOW COLUMNS FROM `posts` [ RunTime:0.0024s ]
SQL: SELECT * FROM `posts` WHERE `uid` = 34 ORDER BY id desc LIMIT 1   [ RunTime:0.0005s ]
SQL: INSERT INTO `posts` (`uid`,`start_at`,`days`,`weixin`,`qq`,`phone`,`content`,`created_at`,`is_delete`,`post_place`,`dests`) VALUES ('34','2015-05-20','4','test','','','test','2015-05-15 14:47:57','0','','332') [ RunTime:0.0461s ]
SQL: SHOW COLUMNS FROM `post_dest_v2` [ RunTime:0.0033s ]
SQL: SELECT `id` FROM `post_dest_v2` WHERE `uid` = 34 AND `post_id` = 330 AND `dest_id` = 332 LIMIT 1   [ RunTime:0.0004s ]
SQL: INSERT INTO `post_dest_v2` (`uid`,`post_id`,`dest_id`,`created_at`) VALUES ('34','330','332','2015-05-15 14:47:58') [ RunTime:0.0400s ]
SQL: SHOW COLUMNS FROM `tags` [ RunTime:0.0027s ]
SQL: SELECT `id`,`tag` FROM `tags` WHERE `tag` IN ('奢侈游','自驾游','单身')  [ RunTime:0.0005s ]
SQL: SHOW COLUMNS FROM `post_tag` [ RunTime:0.0027s ]
SQL: SELECT `id` FROM `post_tag` WHERE `uid` = 34 AND `post_id` = 330 AND `tag_id` = 10 LIMIT 1   [ RunTime:0.0003s ]
SQL: INSERT INTO `post_tag` (`uid`,`post_id`,`tag_id`,`created_at`) VALUES ('34','330','10','2015-05-15 14:47:58') [ RunTime:0.1662s ]
SQL: SELECT `id` FROM `post_tag` WHERE `uid` = 34 AND `post_id` = 330 AND `tag_id` = 2 LIMIT 1   [ RunTime:0.0006s ]
SQL: INSERT INTO `post_tag` (`uid`,`post_id`,`tag_id`,`created_at`) VALUES ('34','330','2','2015-05-15 14:47:58') [ RunTime:0.1149s ]
SQL: SELECT `id` FROM `post_tag` WHERE `uid` = 34 AND `post_id` = 330 AND `tag_id` = 6 LIMIT 1   [ RunTime:0.0006s ]
SQL: INSERT INTO `post_tag` (`uid`,`post_id`,`tag_id`,`created_at`) VALUES ('34','330','6','2015-05-15 14:47:58') [ RunTime:0.0734s ]

[ 2015-05-15T14:48:38+08:00 ] 127.0.0.1 /tourpal/index.php/Api/Posts/post?dest=332&start_at=2015-05-20&days=4&weixin=test&qq=&phone=&content=test&post_place=&imgs=&tags=%E5%A5%A2%E4%BE%88%E6%B8%B8%2C%E8%87%AA%E9%A9%BE%E6%B8%B8%2C%E5%8D%95%E8%BA%AB%2C%E8%8D%89%E6%B3%A5%E9%A9%AC
INFO: [ app_init ] --START--
INFO: Run Behavior\BuildLiteBehavior [ RunTime:0.000019s ]
INFO: [ app_init ] --END-- [ RunTime:0.000472s ]
INFO: [ app_begin ] --START--
INFO: Run Behavior\ReadHtmlCacheBehavior [ RunTime:0.000637s ]
INFO: [ app_begin ] --END-- [ RunTime:0.000710s ]
SQL: SHOW COLUMNS FROM `posts` [ RunTime:0.0027s ]
SQL: SELECT * FROM `posts` WHERE `uid` = 34 ORDER BY id desc LIMIT 1   [ RunTime:0.0005s ]
SQL: INSERT INTO `posts` (`uid`,`start_at`,`days`,`weixin`,`qq`,`phone`,`content`,`created_at`,`is_delete`,`post_place`,`dests`) VALUES ('34','2015-05-20','4','test','','','test','2015-05-15 14:48:38','0','','332') [ RunTime:0.0599s ]
SQL: SHOW COLUMNS FROM `post_dest_v2` [ RunTime:0.0026s ]
SQL: SELECT `id` FROM `post_dest_v2` WHERE `uid` = 34 AND `post_id` = 331 AND `dest_id` = 332 LIMIT 1   [ RunTime:0.0004s ]
SQL: INSERT INTO `post_dest_v2` (`uid`,`post_id`,`dest_id`,`created_at`) VALUES ('34','331','332','2015-05-15 14:48:38') [ RunTime:0.0536s ]
SQL: SHOW COLUMNS FROM `tags` [ RunTime:0.0028s ]
SQL: SELECT `id`,`tag` FROM `tags` WHERE `tag` IN ('奢侈游','自驾游','单身','草泥马')  [ RunTime:0.0005s ]
SQL: INSERT INTO `tags` (`tag`,`status`) VALUES ('草泥马','1') [ RunTime:0.0529s ]
SQL: SHOW COLUMNS FROM `post_tag` [ RunTime:0.0030s ]
SQL: SELECT `id` FROM `post_tag` WHERE `uid` = 34 AND `post_id` = 331 AND `tag_id` = 10 LIMIT 1   [ RunTime:0.0004s ]
SQL: INSERT INTO `post_tag` (`uid`,`post_id`,`tag_id`,`created_at`) VALUES ('34','331','10','2015-05-15 14:48:38') [ RunTime:0.0533s ]
SQL: SELECT `id` FROM `post_tag` WHERE `uid` = 34 AND `post_id` = 331 AND `tag_id` = 2 LIMIT 1   [ RunTime:0.0006s ]
SQL: INSERT INTO `post_tag` (`uid`,`post_id`,`tag_id`,`created_at`) VALUES ('34','331','2','2015-05-15 14:48:38') [ RunTime:0.0569s ]
SQL: SELECT `id` FROM `post_tag` WHERE `uid` = 34 AND `post_id` = 331 AND `tag_id` = 6 LIMIT 1   [ RunTime:0.0005s ]
SQL: INSERT INTO `post_tag` (`uid`,`post_id`,`tag_id`,`created_at`) VALUES ('34','331','6','2015-05-15 14:48:38') [ RunTime:0.0285s ]
SQL: SELECT `id` FROM `post_tag` WHERE `uid` = 34 AND `post_id` = 331 AND `tag_id` = 16 LIMIT 1   [ RunTime:0.0005s ]
SQL: INSERT INTO `post_tag` (`uid`,`post_id`,`tag_id`,`created_at`) VALUES ('34','331','16','2015-05-15 14:48:38') [ RunTime:0.0440s ]

[ 2015-05-15T16:42:30+08:00 ] 127.0.0.1 /tourpal/index.php/Api/Posts/myPosts
INFO: [ app_init ] --START--
INFO: Run Behavior\BuildLiteBehavior [ RunTime:0.000013s ]
INFO: [ app_init ] --END-- [ RunTime:0.000389s ]
INFO: [ app_begin ] --START--
INFO: Run Behavior\ReadHtmlCacheBehavior [ RunTime:0.000481s ]
INFO: [ app_begin ] --END-- [ RunTime:0.000534s ]
SQL: SHOW COLUMNS FROM `posts` [ RunTime:0.0031s ]
SQL: SELECT `id` FROM `posts` WHERE `uid` = 34 AND `is_delete` <> 1 ORDER BY id desc LIMIT 21   [ RunTime:0.0004s ]
SQL: SHOW COLUMNS FROM `posts` [ RunTime:0.0023s ]
SQL: SHOW COLUMNS FROM `posts` [ RunTime:0.0022s ]
SQL: SELECT * FROM `posts` WHERE `id` IN ('331','330','329','285','284','214') AND `is_delete` <> 1 ORDER BY id desc  [ RunTime:0.0005s ]
SQL: SHOW COLUMNS FROM `post_img` [ RunTime:0.0020s ]
SQL: SELECT `post_id`,`img` FROM `post_img` WHERE `post_id` IN (331,330,329,285,284,214)  [ RunTime:0.0003s ]
SQL: SELECT DISTINCT  `uid` FROM `posts` WHERE `id` IN ('331','330','329','285','284','214') AND `is_delete` <> 1 ORDER BY uid asc  [ RunTime:0.0003s ]
SQL: SHOW COLUMNS FROM `user` [ RunTime:0.0024s ]
SQL: SELECT * FROM `user` WHERE `id` IN ('34')  [ RunTime:0.0003s ]
SQL: SHOW COLUMNS FROM `liked` [ RunTime:0.0022s ]
SQL: SELECT count(distinct uid) as num,`post_id` FROM `liked` WHERE `post_id` IN ('331','330','329','285','284','214') GROUP BY post_id  [ RunTime:0.0004s ]
SQL: SHOW COLUMNS FROM `post_dest_v2` [ RunTime:0.0021s ]
SQL: SELECT `post_id`,`dest_id` FROM `post_dest_v2` WHERE `post_id` IN ('331','330','329','285','284','214')  [ RunTime:0.0004s ]
SQL: SHOW COLUMNS FROM `dest_v2` [ RunTime:0.0025s ]
SQL: SELECT `id`,`place`,`desc` FROM `dest_v2` WHERE `id` IN ('286','5','332')  [ RunTime:0.0004s ]
SQL: SELECT * FROM `liked` WHERE `uid` = 34 AND `post_id` IN ('331','330','329','285','284','214')  [ RunTime:0.0004s ]
SQL: SHOW COLUMNS FROM `views` [ RunTime:0.0020s ]
SQL: SELECT `post_id`,`cnt` FROM `views` WHERE `post_id` IN ('331','330','329','285','284','214')  [ RunTime:0.0003s ]
SQL: SHOW COLUMNS FROM `post_tag` [ RunTime:0.0021s ]
SQL: SELECT `post_id`,`tag_id` FROM `post_tag` WHERE `post_id` IN ('331','330','329','285','284','214')  [ RunTime:0.0003s ]
SQL: SHOW COLUMNS FROM `tags` [ RunTime:0.0019s ]
SQL: SELECT `id`,`tag` FROM `tags` WHERE `id` IN ('2','1','6','10','16')  [ RunTime:0.0003s ]

