[ 2015-04-09T11:55:59+08:00 ] 127.0.0.1 /tourpal/index.php/Api/Dest/getPostsByPlace?dest=%E5%8C%97%E4%BA%AC
INFO: [ app_init ] --START--
INFO: Run Behavior\BuildLiteBehavior [ RunTime:0.000012s ]
INFO: [ app_init ] --END-- [ RunTime:0.000320s ]
INFO: [ app_begin ] --START--
INFO: Run Behavior\ReadHtmlCacheBehavior [ RunTime:0.000539s ]
INFO: [ app_begin ] --END-- [ RunTime:0.000588s ]
SQL: SHOW COLUMNS FROM `dest` [ RunTime:0.0024s ]
SQL: SELECT `id` FROM `dest` WHERE `place` = '北京' LIMIT 1   [ RunTime:0.0003s ]
SQL: SHOW COLUMNS FROM `post_dest` [ RunTime:0.0021s ]
SQL: SELECT `post_id` FROM `post_dest` WHERE `dest_id` = 2 ORDER BY post_id desc LIMIT 21   [ RunTime:0.0004s ]
SQL: SHOW COLUMNS FROM `posts` [ RunTime:0.0023s ]
SQL: SHOW COLUMNS FROM `posts` [ RunTime:0.0024s ]
SQL: SELECT * FROM `posts` WHERE `id` IN ('121','120','119','118','117','92','69','66','51','46','41','33','25','24','22','21','17','10','9','7') AND `is_delete` = 0 ORDER BY id desc  [ RunTime:0.0007s ]
SQL: SHOW COLUMNS FROM `post_img` [ RunTime:0.0020s ]
SQL: SELECT `post_id`,`img` FROM `post_img` WHERE `post_id` IN (121,120,119,118,117,92,69,66,51,46,41,33,25,24,22,21,17,10,9,7)  [ RunTime:0.0005s ]
SQL: SELECT DISTINCT  `uid` FROM `posts` WHERE `id` IN ('121','120','119','118','117','92','69','66','51','46','41','33','25','24','22','21','17','10','9','7') AND `is_delete` = 0 ORDER BY uid asc  [ RunTime:0.0004s ]
SQL: SHOW COLUMNS FROM `user` [ RunTime:0.0024s ]
SQL: SELECT * FROM `user` WHERE `id` IN ('2','3','4','5','7','10','38')  [ RunTime:0.0004s ]
SQL: SHOW COLUMNS FROM `liked` [ RunTime:0.0021s ]
SQL: SELECT count(distinct uid) as num,`post_id` FROM `liked` WHERE `post_id` IN ('121','120','119','118','117','92','69','66','51','46','41','33','25','24','22','21','17','10','9','7') GROUP BY post_id  [ RunTime:0.0005s ]
SQL: SHOW COLUMNS FROM `post_dest` [ RunTime:0.0021s ]
SQL: SELECT `post_id`,`dest_id` FROM `post_dest` WHERE `post_id` IN ('121','120','119','118','117','92','69','66','51','46','41','33','25','24','22','21','17','10','9','7')  [ RunTime:0.0004s ]
SQL: SHOW COLUMNS FROM `dest` [ RunTime:0.0020s ]
SQL: SELECT `id`,`place`,`desc` FROM `dest` WHERE `id` IN ('2','15','437')  [ RunTime:0.0002s ]
SQL: SELECT * FROM `liked` WHERE `uid` = 39 AND `post_id` IN ('121','120','119','118','117','92','69','66','51','46','41','33','25','24','22','21','17','10','9','7')  [ RunTime:0.0004s ]

[ 2015-04-09T13:14:15+08:00 ] 127.0.0.1 /tourpal/index.php/Api/Dest/getPostsByPlace?dest=%E5%8C%97%E4%BA%AC
INFO: [ app_init ] --START--
INFO: Run Behavior\BuildLiteBehavior [ RunTime:0.000014s ]
INFO: [ app_init ] --END-- [ RunTime:0.000320s ]
INFO: [ app_begin ] --START--
INFO: Run Behavior\ReadHtmlCacheBehavior [ RunTime:0.000541s ]
INFO: [ app_begin ] --END-- [ RunTime:0.000590s ]
SQL: SHOW COLUMNS FROM `dest` [ RunTime:0.0024s ]
SQL: SELECT `id` FROM `dest` WHERE `place` = '北京' LIMIT 1   [ RunTime:0.0003s ]
SQL: SHOW COLUMNS FROM `post_dest` [ RunTime:0.0020s ]
SQL: SELECT `post_id` FROM `post_dest` WHERE `dest_id` = 2 ORDER BY post_id desc LIMIT 21   [ RunTime:0.0004s ]
SQL: SHOW COLUMNS FROM `posts` [ RunTime:0.0021s ]
SQL: SHOW COLUMNS FROM `posts` [ RunTime:0.0021s ]
SQL: SELECT * FROM `posts` WHERE `id` IN ('121','120','119','118','117','92','69','66','51','46','41','33','25','24','22','21','17','10','9','7') AND `is_delete` = 0 ORDER BY id desc  [ RunTime:0.0007s ]
SQL: SHOW COLUMNS FROM `post_img` [ RunTime:0.0018s ]
SQL: SELECT `post_id`,`img` FROM `post_img` WHERE `post_id` IN (121,120,119,118,117,92,69,66,51,46,41,33,25,24,22,21,17,10,9,7)  [ RunTime:0.0004s ]
SQL: SELECT DISTINCT  `uid` FROM `posts` WHERE `id` IN ('121','120','119','118','117','92','69','66','51','46','41','33','25','24','22','21','17','10','9','7') AND `is_delete` = 0 ORDER BY uid asc  [ RunTime:0.0004s ]
SQL: SHOW COLUMNS FROM `user` [ RunTime:0.0021s ]
SQL: SELECT * FROM `user` WHERE `id` IN ('2','3','4','5','7','10','38')  [ RunTime:0.0005s ]
SQL: SHOW COLUMNS FROM `liked` [ RunTime:0.0021s ]
SQL: SELECT count(distinct uid) as num,`post_id` FROM `liked` WHERE `post_id` IN ('121','120','119','118','117','92','69','66','51','46','41','33','25','24','22','21','17','10','9','7') GROUP BY post_id  [ RunTime:0.0005s ]
SQL: SHOW COLUMNS FROM `post_dest` [ RunTime:0.0019s ]
SQL: SELECT `post_id`,`dest_id` FROM `post_dest` WHERE `post_id` IN ('121','120','119','118','117','92','69','66','51','46','41','33','25','24','22','21','17','10','9','7')  [ RunTime:0.0004s ]
SQL: SHOW COLUMNS FROM `dest` [ RunTime:0.0021s ]
SQL: SELECT `id`,`place`,`desc` FROM `dest` WHERE `id` IN ('2','15','437')  [ RunTime:0.0003s ]
SQL: SELECT * FROM `liked` WHERE `uid` = 39 AND `post_id` IN ('121','120','119','118','117','92','69','66','51','46','41','33','25','24','22','21','17','10','9','7')  [ RunTime:0.0005s ]

[ 2015-04-09T15:03:04+08:00 ] 127.0.0.1 /tourpal/index.php/Api/Images/
INFO: [ app_init ] --START--
INFO: Run Behavior\BuildLiteBehavior [ RunTime:0.000013s ]
INFO: [ app_init ] --END-- [ RunTime:0.000325s ]
INFO: [ app_begin ] --START--
INFO: Run Behavior\ReadHtmlCacheBehavior [ RunTime:0.000548s ]
INFO: [ app_begin ] --END-- [ RunTime:0.000596s ]
INFO: [ view_parse ] --START--
INFO: Run Behavior\ParseTemplateBehavior [ RunTime:0.180591s ]
INFO: [ view_parse ] --END-- [ RunTime:0.180723s ]
INFO: [ view_filter ] --START--
INFO: Run Behavior\WriteHtmlCacheBehavior [ RunTime:0.022553s ]
INFO: [ view_filter ] --END-- [ RunTime:0.022626s ]
INFO: [ app_end ] --START--
INFO: Run Behavior\ShowPageTraceBehavior [ RunTime:0.000670s ]
INFO: [ app_end ] --END-- [ RunTime:0.000727s ]

[ 2015-04-09T15:03:20+08:00 ] 127.0.0.1 /tourpal/index.php/Api/Images/upload
INFO: [ app_init ] --START--
INFO: Run Behavior\BuildLiteBehavior [ RunTime:0.000015s ]
INFO: [ app_init ] --END-- [ RunTime:0.000366s ]
INFO: [ app_begin ] --START--
INFO: Run Behavior\ReadHtmlCacheBehavior [ RunTime:0.000501s ]
INFO: [ app_begin ] --END-- [ RunTime:0.000551s ]
NOTIC: [8] Undefined index: id E:\xampp\htdocs\tourpal\Application\Api\Controller\ImagesController.class.php 第 30 行.

[ 2015-04-09T15:03:42+08:00 ] 127.0.0.1 /tourpal/index.php/Api/Images/
INFO: [ app_init ] --START--
INFO: Run Behavior\BuildLiteBehavior [ RunTime:0.000028s ]
INFO: [ app_init ] --END-- [ RunTime:0.000700s ]
INFO: [ app_begin ] --START--
INFO: Run Behavior\ReadHtmlCacheBehavior [ RunTime:0.001062s ]
INFO: [ app_begin ] --END-- [ RunTime:0.001162s ]
INFO: [ view_parse ] --START--
INFO: Run Behavior\ParseTemplateBehavior [ RunTime:0.010888s ]
INFO: [ view_parse ] --END-- [ RunTime:0.010973s ]
INFO: [ view_filter ] --START--
INFO: Run Behavior\WriteHtmlCacheBehavior [ RunTime:0.000383s ]
INFO: [ view_filter ] --END-- [ RunTime:0.000435s ]
INFO: [ app_end ] --START--
INFO: Run Behavior\ShowPageTraceBehavior [ RunTime:0.000597s ]
INFO: [ app_end ] --END-- [ RunTime:0.000645s ]

[ 2015-04-09T15:03:43+08:00 ] 127.0.0.1 /tourpal/index.php/Api/Images/upload
INFO: [ app_init ] --START--
INFO: Run Behavior\BuildLiteBehavior [ RunTime:0.000016s ]
INFO: [ app_init ] --END-- [ RunTime:0.000412s ]
INFO: [ app_begin ] --START--
INFO: Run Behavior\ReadHtmlCacheBehavior [ RunTime:0.000695s ]
INFO: [ app_begin ] --END-- [ RunTime:0.000764s ]
NOTIC: [8] Undefined index: id E:\xampp\htdocs\tourpal\Application\Api\Controller\ImagesController.class.php 第 30 行.

[ 2015-04-09T15:04:50+08:00 ] 127.0.0.1 /tourpal/index.php/Api/Images/
INFO: [ app_init ] --START--
INFO: Run Behavior\BuildLiteBehavior [ RunTime:0.000016s ]
INFO: [ app_init ] --END-- [ RunTime:0.000492s ]
INFO: [ app_begin ] --START--
INFO: Run Behavior\ReadHtmlCacheBehavior [ RunTime:0.000664s ]
INFO: [ app_begin ] --END-- [ RunTime:0.000729s ]
INFO: [ view_parse ] --START--
INFO: Run Behavior\ParseTemplateBehavior [ RunTime:0.012978s ]
INFO: [ view_parse ] --END-- [ RunTime:0.013056s ]
INFO: [ view_filter ] --START--
INFO: Run Behavior\WriteHtmlCacheBehavior [ RunTime:0.000434s ]
INFO: [ view_filter ] --END-- [ RunTime:0.000492s ]
INFO: [ app_end ] --START--
INFO: Run Behavior\ShowPageTraceBehavior [ RunTime:0.000739s ]
INFO: [ app_end ] --END-- [ RunTime:0.000796s ]

[ 2015-04-09T15:04:55+08:00 ] 127.0.0.1 /tourpal/index.php/Api/Images/upload
INFO: [ app_init ] --START--
INFO: Run Behavior\BuildLiteBehavior [ RunTime:0.000014s ]
INFO: [ app_init ] --END-- [ RunTime:0.000281s ]
INFO: [ app_begin ] --START--
INFO: Run Behavior\ReadHtmlCacheBehavior [ RunTime:0.000358s ]
INFO: [ app_begin ] --END-- [ RunTime:0.000407s ]
NOTIC: [8] Undefined index: id E:\xampp\htdocs\tourpal\Application\Api\Controller\ImagesController.class.php 第 30 行.
NOTIC: [2] call_user_func() expects parameter 1 to be a valid callback, no array or string given E:\xampp\htdocs\tourpal\ThinkPHP\Library\Think\Upload.class.php 第 170 行.
SQL: SHOW COLUMNS FROM `post_img` [ RunTime:0.0024s ]

[ 2015-04-09T15:37:52+08:00 ] 127.0.0.1 /tourpal/index.php/Api/Liked/getLikedInfoByPostId?post_id=7&perNum=2&offset=21
INFO: [ app_init ] --START--
INFO: Run Behavior\BuildLiteBehavior [ RunTime:0.000012s ]
INFO: [ app_init ] --END-- [ RunTime:0.000366s ]
INFO: [ app_begin ] --START--
INFO: Run Behavior\ReadHtmlCacheBehavior [ RunTime:0.000461s ]
INFO: [ app_begin ] --END-- [ RunTime:0.000511s ]
SQL: SHOW COLUMNS FROM `liked` [ RunTime:0.0023s ]
SQL: SELECT DISTINCT  `id`,`uid` FROM `liked` WHERE `post_id` = 7 AND `id` < 21 ORDER BY id desc LIMIT 3   [ RunTime:0.0004s ]
NOTIC: [2] Invalid argument supplied for foreach() E:\xampp\htdocs\tourpal\Application\Service\Model\LikedModel.class.php 第 67 行.

[ 2015-04-09T15:38:00+08:00 ] 127.0.0.1 /tourpal/index.php/Api/Liked/getLikedInfoByPostId?post_id=7&perNum=2&offset=0
INFO: [ app_init ] --START--
INFO: Run Behavior\BuildLiteBehavior [ RunTime:0.000019s ]
INFO: [ app_init ] --END-- [ RunTime:0.000375s ]
INFO: [ app_begin ] --START--
INFO: Run Behavior\ReadHtmlCacheBehavior [ RunTime:0.000522s ]
INFO: [ app_begin ] --END-- [ RunTime:0.000587s ]
SQL: SHOW COLUMNS FROM `liked` [ RunTime:0.0022s ]
SQL: SELECT DISTINCT  `id`,`uid` FROM `liked` WHERE `post_id` = 7 ORDER BY id desc LIMIT 3   [ RunTime:0.0004s ]
NOTIC: [2] Invalid argument supplied for foreach() E:\xampp\htdocs\tourpal\Application\Service\Model\LikedModel.class.php 第 67 行.

[ 2015-04-09T15:38:15+08:00 ] 127.0.0.1 /tourpal/index.php/Api/Liked/getLikedInfoByPostId?post_id=46&perNum=2&offset=0
INFO: [ app_init ] --START--
INFO: Run Behavior\BuildLiteBehavior [ RunTime:0.000018s ]
INFO: [ app_init ] --END-- [ RunTime:0.000487s ]
INFO: [ app_begin ] --START--
INFO: Run Behavior\ReadHtmlCacheBehavior [ RunTime:0.000642s ]
INFO: [ app_begin ] --END-- [ RunTime:0.000720s ]
SQL: SHOW COLUMNS FROM `liked` [ RunTime:0.0034s ]
SQL: SELECT DISTINCT  `id`,`uid` FROM `liked` WHERE `post_id` = 46 ORDER BY id desc LIMIT 3   [ RunTime:0.0004s ]
SQL: SHOW COLUMNS FROM `user` [ RunTime:0.0023s ]
SQL: SELECT * FROM `user` WHERE `id` IN ('39')  [ RunTime:0.0004s ]

[ 2015-04-09T15:38:44+08:00 ] 127.0.0.1 /tourpal/index.php/Api/Liked/getLikedInfoByPostId?post_id=46&perNum=2&offset=0
INFO: [ app_init ] --START--
INFO: Run Behavior\BuildLiteBehavior [ RunTime:0.000018s ]
INFO: [ app_init ] --END-- [ RunTime:0.000418s ]
INFO: [ app_begin ] --START--
INFO: Run Behavior\ReadHtmlCacheBehavior [ RunTime:0.000844s ]
INFO: [ app_begin ] --END-- [ RunTime:0.000927s ]
SQL: SHOW COLUMNS FROM `liked` [ RunTime:0.0022s ]
SQL: SELECT DISTINCT  `id`,`uid` FROM `liked` WHERE `post_id` = 46 ORDER BY id desc LIMIT 3   [ RunTime:0.0004s ]
SQL: SHOW COLUMNS FROM `user` [ RunTime:0.0024s ]
SQL: SELECT * FROM `user` WHERE `id` IN ('39','39')  [ RunTime:0.0004s ]

[ 2015-04-09T15:39:47+08:00 ] 127.0.0.1 /tourpal/index.php/Api/Liked/getLikedInfoByPostId?post_id=46&perNum=2&offset=0
INFO: [ app_init ] --START--
INFO: Run Behavior\BuildLiteBehavior [ RunTime:0.000014s ]
INFO: [ app_init ] --END-- [ RunTime:0.000303s ]
INFO: [ app_begin ] --START--
INFO: Run Behavior\ReadHtmlCacheBehavior [ RunTime:0.000387s ]
INFO: [ app_begin ] --END-- [ RunTime:0.000439s ]
SQL: SHOW COLUMNS FROM `liked` [ RunTime:0.0023s ]
SQL: SELECT DISTINCT  `id`,`uid` FROM `liked` WHERE `post_id` = 46 ORDER BY id desc LIMIT 3   [ RunTime:0.0004s ]
SQL: SHOW COLUMNS FROM `user` [ RunTime:0.0028s ]
SQL: SELECT * FROM `user` WHERE `id` IN ('39','39')  [ RunTime:0.0005s ]

[ 2015-04-09T16:02:44+08:00 ] 127.0.0.1 /tourpal/index.php/Api/Liked/getLikedInfoByPostId?post_id=46&perNum=2&offset=0
INFO: [ app_init ] --START--
INFO: Run Behavior\BuildLiteBehavior [ RunTime:0.000014s ]
INFO: [ app_init ] --END-- [ RunTime:0.000344s ]
INFO: [ app_begin ] --START--
INFO: Run Behavior\ReadHtmlCacheBehavior [ RunTime:0.000505s ]
INFO: [ app_begin ] --END-- [ RunTime:0.000557s ]
SQL: SHOW COLUMNS FROM `liked` [ RunTime:0.0024s ]
SQL: SELECT `id`,`uid`,`post_id` FROM `liked` WHERE `post_id` = 46 ORDER BY id desc LIMIT 3   [ RunTime:0.0004s ]
SQL: SHOW COLUMNS FROM `user` [ RunTime:0.0023s ]
SQL: SELECT * FROM `user` WHERE `id` IN ('39','39')  [ RunTime:0.0004s ]

[ 2015-04-09T16:02:45+08:00 ] 127.0.0.1 /tourpal/index.php/Api/Liked/getLikedInfoByPostId?post_id=46&perNum=2&offset=0
INFO: [ app_init ] --START--
INFO: Run Behavior\BuildLiteBehavior [ RunTime:0.000014s ]
INFO: [ app_init ] --END-- [ RunTime:0.000332s ]
INFO: [ app_begin ] --START--
INFO: Run Behavior\ReadHtmlCacheBehavior [ RunTime:0.000447s ]
INFO: [ app_begin ] --END-- [ RunTime:0.000505s ]
SQL: SHOW COLUMNS FROM `liked` [ RunTime:0.0029s ]
SQL: SELECT `id`,`uid`,`post_id` FROM `liked` WHERE `post_id` = 46 ORDER BY id desc LIMIT 3   [ RunTime:0.0004s ]
SQL: SHOW COLUMNS FROM `user` [ RunTime:0.0026s ]
SQL: SELECT * FROM `user` WHERE `id` IN ('39','39')  [ RunTime:0.0004s ]

[ 2015-04-09T16:02:45+08:00 ] 127.0.0.1 /tourpal/index.php/Api/Liked/getLikedInfoByPostId?post_id=46&perNum=2&offset=0
INFO: [ app_init ] --START--
INFO: Run Behavior\BuildLiteBehavior [ RunTime:0.000012s ]
INFO: [ app_init ] --END-- [ RunTime:0.000286s ]
INFO: [ app_begin ] --START--
INFO: Run Behavior\ReadHtmlCacheBehavior [ RunTime:0.000494s ]
INFO: [ app_begin ] --END-- [ RunTime:0.000566s ]
SQL: SHOW COLUMNS FROM `liked` [ RunTime:0.0021s ]
SQL: SELECT `id`,`uid`,`post_id` FROM `liked` WHERE `post_id` = 46 ORDER BY id desc LIMIT 3   [ RunTime:0.0003s ]
SQL: SHOW COLUMNS FROM `user` [ RunTime:0.0021s ]
SQL: SELECT * FROM `user` WHERE `id` IN ('39','39')  [ RunTime:0.0003s ]

[ 2015-04-09T16:02:46+08:00 ] 127.0.0.1 /tourpal/index.php/Api/Liked/getLikedInfoByPostId?post_id=46&perNum=2&offset=0
INFO: [ app_init ] --START--
INFO: Run Behavior\BuildLiteBehavior [ RunTime:0.000012s ]
INFO: [ app_init ] --END-- [ RunTime:0.000291s ]
INFO: [ app_begin ] --START--
INFO: Run Behavior\ReadHtmlCacheBehavior [ RunTime:0.000390s ]
INFO: [ app_begin ] --END-- [ RunTime:0.000440s ]
SQL: SHOW COLUMNS FROM `liked` [ RunTime:0.0023s ]
SQL: SELECT `id`,`uid`,`post_id` FROM `liked` WHERE `post_id` = 46 ORDER BY id desc LIMIT 3   [ RunTime:0.0003s ]
SQL: SHOW COLUMNS FROM `user` [ RunTime:0.0022s ]
SQL: SELECT * FROM `user` WHERE `id` IN ('39','39')  [ RunTime:0.0004s ]

[ 2015-04-09T16:02:46+08:00 ] 127.0.0.1 /tourpal/index.php/Api/Liked/getLikedInfoByPostId?post_id=46&perNum=2&offset=0
INFO: [ app_init ] --START--
INFO: Run Behavior\BuildLiteBehavior [ RunTime:0.000011s ]
INFO: [ app_init ] --END-- [ RunTime:0.000284s ]
INFO: [ app_begin ] --START--
INFO: Run Behavior\ReadHtmlCacheBehavior [ RunTime:0.000451s ]
INFO: [ app_begin ] --END-- [ RunTime:0.000501s ]
SQL: SHOW COLUMNS FROM `liked` [ RunTime:0.0023s ]
SQL: SELECT `id`,`uid`,`post_id` FROM `liked` WHERE `post_id` = 46 ORDER BY id desc LIMIT 3   [ RunTime:0.0004s ]
SQL: SHOW COLUMNS FROM `user` [ RunTime:0.0024s ]
SQL: SELECT * FROM `user` WHERE `id` IN ('39','39')  [ RunTime:0.0003s ]

[ 2015-04-09T16:02:46+08:00 ] 127.0.0.1 /tourpal/index.php/Api/Liked/getLikedInfoByPostId?post_id=46&perNum=2&offset=0
INFO: [ app_init ] --START--
INFO: Run Behavior\BuildLiteBehavior [ RunTime:0.000014s ]
INFO: [ app_init ] --END-- [ RunTime:0.000296s ]
INFO: [ app_begin ] --START--
INFO: Run Behavior\ReadHtmlCacheBehavior [ RunTime:0.000387s ]
INFO: [ app_begin ] --END-- [ RunTime:0.000439s ]
SQL: SHOW COLUMNS FROM `liked` [ RunTime:0.0025s ]
SQL: SELECT `id`,`uid`,`post_id` FROM `liked` WHERE `post_id` = 46 ORDER BY id desc LIMIT 3   [ RunTime:0.0004s ]
SQL: SHOW COLUMNS FROM `user` [ RunTime:0.0022s ]
SQL: SELECT * FROM `user` WHERE `id` IN ('39','39')  [ RunTime:0.0004s ]

[ 2015-04-09T16:02:46+08:00 ] 127.0.0.1 /tourpal/index.php/Api/Liked/getLikedInfoByPostId?post_id=46&perNum=2&offset=0
INFO: [ app_init ] --START--
INFO: Run Behavior\BuildLiteBehavior [ RunTime:0.000011s ]
INFO: [ app_init ] --END-- [ RunTime:0.000271s ]
INFO: [ app_begin ] --START--
INFO: Run Behavior\ReadHtmlCacheBehavior [ RunTime:0.000447s ]
INFO: [ app_begin ] --END-- [ RunTime:0.000493s ]
SQL: SHOW COLUMNS FROM `liked` [ RunTime:0.0024s ]
SQL: SELECT `id`,`uid`,`post_id` FROM `liked` WHERE `post_id` = 46 ORDER BY id desc LIMIT 3   [ RunTime:0.0005s ]
SQL: SHOW COLUMNS FROM `user` [ RunTime:0.0022s ]
SQL: SELECT * FROM `user` WHERE `id` IN ('39','39')  [ RunTime:0.0004s ]

[ 2015-04-09T16:02:46+08:00 ] 127.0.0.1 /tourpal/index.php/Api/Liked/getLikedInfoByPostId?post_id=46&perNum=2&offset=0
INFO: [ app_init ] --START--
INFO: Run Behavior\BuildLiteBehavior [ RunTime:0.000013s ]
INFO: [ app_init ] --END-- [ RunTime:0.000301s ]
INFO: [ app_begin ] --START--
INFO: Run Behavior\ReadHtmlCacheBehavior [ RunTime:0.000372s ]
INFO: [ app_begin ] --END-- [ RunTime:0.000418s ]
SQL: SHOW COLUMNS FROM `liked` [ RunTime:0.0023s ]
SQL: SELECT `id`,`uid`,`post_id` FROM `liked` WHERE `post_id` = 46 ORDER BY id desc LIMIT 3   [ RunTime:0.0004s ]
SQL: SHOW COLUMNS FROM `user` [ RunTime:0.0022s ]
SQL: SELECT * FROM `user` WHERE `id` IN ('39','39')  [ RunTime:0.0005s ]

[ 2015-04-09T16:02:46+08:00 ] 127.0.0.1 /tourpal/index.php/Api/Liked/getLikedInfoByPostId?post_id=46&perNum=2&offset=0
INFO: [ app_init ] --START--
INFO: Run Behavior\BuildLiteBehavior [ RunTime:0.000012s ]
INFO: [ app_init ] --END-- [ RunTime:0.000302s ]
INFO: [ app_begin ] --START--
INFO: Run Behavior\ReadHtmlCacheBehavior [ RunTime:0.000353s ]
INFO: [ app_begin ] --END-- [ RunTime:0.000399s ]
SQL: SHOW COLUMNS FROM `liked` [ RunTime:0.0023s ]
SQL: SELECT `id`,`uid`,`post_id` FROM `liked` WHERE `post_id` = 46 ORDER BY id desc LIMIT 3   [ RunTime:0.0003s ]
SQL: SHOW COLUMNS FROM `user` [ RunTime:0.0022s ]
SQL: SELECT * FROM `user` WHERE `id` IN ('39','39')  [ RunTime:0.0004s ]

[ 2015-04-09T16:02:47+08:00 ] 127.0.0.1 /tourpal/index.php/Api/Liked/getLikedInfoByPostId?post_id=46&perNum=2&offset=0
INFO: [ app_init ] --START--
INFO: Run Behavior\BuildLiteBehavior [ RunTime:0.000016s ]
INFO: [ app_init ] --END-- [ RunTime:0.000383s ]
INFO: [ app_begin ] --START--
INFO: Run Behavior\ReadHtmlCacheBehavior [ RunTime:0.000530s ]
INFO: [ app_begin ] --END-- [ RunTime:0.000598s ]
SQL: SHOW COLUMNS FROM `liked` [ RunTime:0.0030s ]
SQL: SELECT `id`,`uid`,`post_id` FROM `liked` WHERE `post_id` = 46 ORDER BY id desc LIMIT 3   [ RunTime:0.0005s ]
SQL: SHOW COLUMNS FROM `user` [ RunTime:0.0036s ]
SQL: SELECT * FROM `user` WHERE `id` IN ('39','39')  [ RunTime:0.0006s ]

[ 2015-04-09T16:02:47+08:00 ] 127.0.0.1 /tourpal/index.php/Api/Liked/getLikedInfoByPostId?post_id=46&perNum=2&offset=0
INFO: [ app_init ] --START--
INFO: Run Behavior\BuildLiteBehavior [ RunTime:0.000012s ]
INFO: [ app_init ] --END-- [ RunTime:0.000287s ]
INFO: [ app_begin ] --START--
INFO: Run Behavior\ReadHtmlCacheBehavior [ RunTime:0.000378s ]
INFO: [ app_begin ] --END-- [ RunTime:0.000429s ]
SQL: SHOW COLUMNS FROM `liked` [ RunTime:0.0025s ]
SQL: SELECT `id`,`uid`,`post_id` FROM `liked` WHERE `post_id` = 46 ORDER BY id desc LIMIT 3   [ RunTime:0.0005s ]
SQL: SHOW COLUMNS FROM `user` [ RunTime:0.0027s ]
SQL: SELECT * FROM `user` WHERE `id` IN ('39','39')  [ RunTime:0.0004s ]

[ 2015-04-09T16:02:47+08:00 ] 127.0.0.1 /tourpal/index.php/Api/Liked/getLikedInfoByPostId?post_id=46&perNum=2&offset=0
INFO: [ app_init ] --START--
INFO: Run Behavior\BuildLiteBehavior [ RunTime:0.000013s ]
INFO: [ app_init ] --END-- [ RunTime:0.000349s ]
INFO: [ app_begin ] --START--
INFO: Run Behavior\ReadHtmlCacheBehavior [ RunTime:0.000448s ]
INFO: [ app_begin ] --END-- [ RunTime:0.000494s ]
SQL: SHOW COLUMNS FROM `liked` [ RunTime:0.0027s ]
SQL: SELECT `id`,`uid`,`post_id` FROM `liked` WHERE `post_id` = 46 ORDER BY id desc LIMIT 3   [ RunTime:0.0008s ]
SQL: SHOW COLUMNS FROM `user` [ RunTime:0.0041s ]
SQL: SELECT * FROM `user` WHERE `id` IN ('39','39')  [ RunTime:0.0005s ]

[ 2015-04-09T16:02:48+08:00 ] 127.0.0.1 /tourpal/index.php/Api/Liked/getLikedInfoByPostId?post_id=46&perNum=2&offset=0
INFO: [ app_init ] --START--
INFO: Run Behavior\BuildLiteBehavior [ RunTime:0.000013s ]
INFO: [ app_init ] --END-- [ RunTime:0.000288s ]
INFO: [ app_begin ] --START--
INFO: Run Behavior\ReadHtmlCacheBehavior [ RunTime:0.000376s ]
INFO: [ app_begin ] --END-- [ RunTime:0.000423s ]
SQL: SHOW COLUMNS FROM `liked` [ RunTime:0.0021s ]
SQL: SELECT `id`,`uid`,`post_id` FROM `liked` WHERE `post_id` = 46 ORDER BY id desc LIMIT 3   [ RunTime:0.0003s ]
SQL: SHOW COLUMNS FROM `user` [ RunTime:0.0023s ]
SQL: SELECT * FROM `user` WHERE `id` IN ('39','39')  [ RunTime:0.0003s ]

[ 2015-04-09T16:02:48+08:00 ] 127.0.0.1 /tourpal/index.php/Api/Liked/getLikedInfoByPostId?post_id=46&perNum=2&offset=0
INFO: [ app_init ] --START--
INFO: Run Behavior\BuildLiteBehavior [ RunTime:0.000012s ]
INFO: [ app_init ] --END-- [ RunTime:0.000380s ]
INFO: [ app_begin ] --START--
INFO: Run Behavior\ReadHtmlCacheBehavior [ RunTime:0.000392s ]
INFO: [ app_begin ] --END-- [ RunTime:0.000442s ]
SQL: SHOW COLUMNS FROM `liked` [ RunTime:0.0023s ]
SQL: SELECT `id`,`uid`,`post_id` FROM `liked` WHERE `post_id` = 46 ORDER BY id desc LIMIT 3   [ RunTime:0.0003s ]
SQL: SHOW COLUMNS FROM `user` [ RunTime:0.0021s ]
SQL: SELECT * FROM `user` WHERE `id` IN ('39','39')  [ RunTime:0.0003s ]

[ 2015-04-09T16:02:48+08:00 ] 127.0.0.1 /tourpal/index.php/Api/Liked/getLikedInfoByPostId?post_id=46&perNum=2&offset=0
INFO: [ app_init ] --START--
INFO: Run Behavior\BuildLiteBehavior [ RunTime:0.000013s ]
INFO: [ app_init ] --END-- [ RunTime:0.000286s ]
INFO: [ app_begin ] --START--
INFO: Run Behavior\ReadHtmlCacheBehavior [ RunTime:0.000377s ]
INFO: [ app_begin ] --END-- [ RunTime:0.000424s ]
SQL: SHOW COLUMNS FROM `liked` [ RunTime:0.0024s ]
SQL: SELECT `id`,`uid`,`post_id` FROM `liked` WHERE `post_id` = 46 ORDER BY id desc LIMIT 3   [ RunTime:0.0003s ]
SQL: SHOW COLUMNS FROM `user` [ RunTime:0.0022s ]
SQL: SELECT * FROM `user` WHERE `id` IN ('39','39')  [ RunTime:0.0004s ]

[ 2015-04-09T16:03:02+08:00 ] 127.0.0.1 /tourpal/index.php/Api/Liked/getLikedInfoByPostId?post_id=69&perNum=2&offset=0
INFO: [ app_init ] --START--
INFO: Run Behavior\BuildLiteBehavior [ RunTime:0.000013s ]
INFO: [ app_init ] --END-- [ RunTime:0.000275s ]
INFO: [ app_begin ] --START--
INFO: Run Behavior\ReadHtmlCacheBehavior [ RunTime:0.000359s ]
INFO: [ app_begin ] --END-- [ RunTime:0.000421s ]
SQL: SHOW COLUMNS FROM `liked` [ RunTime:0.0023s ]
SQL: SELECT `id`,`uid`,`post_id` FROM `liked` WHERE `post_id` = 69 ORDER BY id desc LIMIT 3   [ RunTime:0.0004s ]
SQL: SHOW COLUMNS FROM `user` [ RunTime:0.0024s ]
SQL: SELECT * FROM `user` WHERE `id` IN ('39')  [ RunTime:0.0004s ]

[ 2015-04-09T16:03:18+08:00 ] 127.0.0.1 /tourpal/index.php/Api/Liked/getLikedInfoByPostId?post_id=120&perNum=2&offset=0
INFO: [ app_init ] --START--
INFO: Run Behavior\BuildLiteBehavior [ RunTime:0.000012s ]
INFO: [ app_init ] --END-- [ RunTime:0.000278s ]
INFO: [ app_begin ] --START--
INFO: Run Behavior\ReadHtmlCacheBehavior [ RunTime:0.000407s ]
INFO: [ app_begin ] --END-- [ RunTime:0.000457s ]
SQL: SHOW COLUMNS FROM `liked` [ RunTime:0.0022s ]
SQL: SELECT `id`,`uid`,`post_id` FROM `liked` WHERE `post_id` = 120 ORDER BY id desc LIMIT 3   [ RunTime:0.0004s ]
SQL: SHOW COLUMNS FROM `user` [ RunTime:0.0022s ]
SQL: SELECT * FROM `user` WHERE `id` IN ('39')  [ RunTime:0.0004s ]

[ 2015-04-09T16:15:32+08:00 ] 127.0.0.1 /tourpal/index.php/Api/Liked/getLikedInfoByPostId?post_id=120&perNum=2&offset=0
INFO: [ app_init ] --START--
INFO: Run Behavior\BuildLiteBehavior [ RunTime:0.000020s ]
INFO: [ app_init ] --END-- [ RunTime:0.000539s ]
INFO: [ app_begin ] --START--
INFO: Run Behavior\ReadHtmlCacheBehavior [ RunTime:0.000769s ]
INFO: [ app_begin ] --END-- [ RunTime:0.000849s ]
SQL: SHOW COLUMNS FROM `liked` [ RunTime:0.0022s ]
SQL: SELECT `id`,`uid`,`post_id` FROM `liked` WHERE `post_id` = 120 ORDER BY id desc LIMIT 3   [ RunTime:0.0004s ]
SQL: SHOW COLUMNS FROM `user` [ RunTime:0.0022s ]
SQL: SELECT * FROM `user` WHERE `id` IN ('39')  [ RunTime:0.0004s ]

[ 2015-04-09T16:27:51+08:00 ] 127.0.0.1 /tourpal/index.php/Api/Liked/getLikedInfoByPostId?post_id=120&perNum=2&offset=0
INFO: [ app_init ] --START--
INFO: Run Behavior\BuildLiteBehavior [ RunTime:0.000013s ]
INFO: [ app_init ] --END-- [ RunTime:0.000388s ]
INFO: [ app_begin ] --START--
INFO: Run Behavior\ReadHtmlCacheBehavior [ RunTime:0.000506s ]
INFO: [ app_begin ] --END-- [ RunTime:0.000555s ]
SQL: SHOW COLUMNS FROM `liked` [ RunTime:0.0023s ]
SQL: SELECT `id`,`uid`,`post_id` FROM `liked` WHERE `post_id` = 120 ORDER BY id desc LIMIT 3   [ RunTime:0.0004s ]
SQL: SHOW COLUMNS FROM `user` [ RunTime:0.0023s ]
SQL: SELECT * FROM `user` WHERE `id` IN ('39')  [ RunTime:0.0004s ]

[ 2015-04-09T16:27:55+08:00 ] 127.0.0.1 /tourpal/index.php/Api/Liked/getLikedInfoByPostId?post_id=120&perNum=2&offset=0
INFO: [ app_init ] --START--
INFO: Run Behavior\BuildLiteBehavior [ RunTime:0.000012s ]
INFO: [ app_init ] --END-- [ RunTime:0.000356s ]
INFO: [ app_begin ] --START--
INFO: Run Behavior\ReadHtmlCacheBehavior [ RunTime:0.000398s ]
INFO: [ app_begin ] --END-- [ RunTime:0.000448s ]
SQL: SHOW COLUMNS FROM `liked` [ RunTime:0.0027s ]
SQL: SELECT `id`,`uid`,`post_id` FROM `liked` WHERE `post_id` = 120 ORDER BY id desc LIMIT 3   [ RunTime:0.0004s ]
SQL: SHOW COLUMNS FROM `user` [ RunTime:0.0023s ]
SQL: SELECT * FROM `user` WHERE `id` IN ('39')  [ RunTime:0.0004s ]

[ 2015-04-09T16:27:55+08:00 ] 127.0.0.1 /tourpal/index.php/Api/Liked/getLikedInfoByPostId?post_id=120&perNum=2&offset=0
INFO: [ app_init ] --START--
INFO: Run Behavior\BuildLiteBehavior [ RunTime:0.000012s ]
INFO: [ app_init ] --END-- [ RunTime:0.000313s ]
INFO: [ app_begin ] --START--
INFO: Run Behavior\ReadHtmlCacheBehavior [ RunTime:0.000472s ]
INFO: [ app_begin ] --END-- [ RunTime:0.000523s ]
SQL: SHOW COLUMNS FROM `liked` [ RunTime:0.0027s ]
SQL: SELECT `id`,`uid`,`post_id` FROM `liked` WHERE `post_id` = 120 ORDER BY id desc LIMIT 3   [ RunTime:0.0004s ]
SQL: SHOW COLUMNS FROM `user` [ RunTime:0.0023s ]
SQL: SELECT * FROM `user` WHERE `id` IN ('39')  [ RunTime:0.0003s ]

[ 2015-04-09T16:27:56+08:00 ] 127.0.0.1 /tourpal/index.php/Api/Liked/getLikedInfoByPostId?post_id=120&perNum=2&offset=0
INFO: [ app_init ] --START--
INFO: Run Behavior\BuildLiteBehavior [ RunTime:0.000012s ]
INFO: [ app_init ] --END-- [ RunTime:0.000286s ]
INFO: [ app_begin ] --START--
INFO: Run Behavior\ReadHtmlCacheBehavior [ RunTime:0.000384s ]
INFO: [ app_begin ] --END-- [ RunTime:0.000433s ]
SQL: SHOW COLUMNS FROM `liked` [ RunTime:0.0025s ]
SQL: SELECT `id`,`uid`,`post_id` FROM `liked` WHERE `post_id` = 120 ORDER BY id desc LIMIT 3   [ RunTime:0.0003s ]
SQL: SHOW COLUMNS FROM `user` [ RunTime:0.0023s ]
SQL: SELECT * FROM `user` WHERE `id` IN ('39')  [ RunTime:0.0004s ]

[ 2015-04-09T16:27:56+08:00 ] 127.0.0.1 /tourpal/index.php/Api/Liked/getLikedInfoByPostId?post_id=120&perNum=2&offset=0
INFO: [ app_init ] --START--
INFO: Run Behavior\BuildLiteBehavior [ RunTime:0.000012s ]
INFO: [ app_init ] --END-- [ RunTime:0.000274s ]
INFO: [ app_begin ] --START--
INFO: Run Behavior\ReadHtmlCacheBehavior [ RunTime:0.000489s ]
INFO: [ app_begin ] --END-- [ RunTime:0.000563s ]
SQL: SHOW COLUMNS FROM `liked` [ RunTime:0.0021s ]
SQL: SELECT `id`,`uid`,`post_id` FROM `liked` WHERE `post_id` = 120 ORDER BY id desc LIMIT 3   [ RunTime:0.0003s ]
SQL: SHOW COLUMNS FROM `user` [ RunTime:0.0022s ]
SQL: SELECT * FROM `user` WHERE `id` IN ('39')  [ RunTime:0.0004s ]

[ 2015-04-09T16:27:56+08:00 ] 127.0.0.1 /tourpal/index.php/Api/Liked/getLikedInfoByPostId?post_id=120&perNum=2&offset=0
INFO: [ app_init ] --START--
INFO: Run Behavior\BuildLiteBehavior [ RunTime:0.000015s ]
INFO: [ app_init ] --END-- [ RunTime:0.000364s ]
INFO: [ app_begin ] --START--
INFO: Run Behavior\ReadHtmlCacheBehavior [ RunTime:0.000429s ]
INFO: [ app_begin ] --END-- [ RunTime:0.000477s ]
SQL: SHOW COLUMNS FROM `liked` [ RunTime:0.0022s ]
SQL: SELECT `id`,`uid`,`post_id` FROM `liked` WHERE `post_id` = 120 ORDER BY id desc LIMIT 3   [ RunTime:0.0004s ]
SQL: SHOW COLUMNS FROM `user` [ RunTime:0.0021s ]
SQL: SELECT * FROM `user` WHERE `id` IN ('39')  [ RunTime:0.0004s ]

[ 2015-04-09T16:27:56+08:00 ] 127.0.0.1 /tourpal/index.php/Api/Liked/getLikedInfoByPostId?post_id=120&perNum=2&offset=0
INFO: [ app_init ] --START--
INFO: Run Behavior\BuildLiteBehavior [ RunTime:0.000012s ]
INFO: [ app_init ] --END-- [ RunTime:0.000277s ]
INFO: [ app_begin ] --START--
INFO: Run Behavior\ReadHtmlCacheBehavior [ RunTime:0.000403s ]
INFO: [ app_begin ] --END-- [ RunTime:0.000451s ]
SQL: SHOW COLUMNS FROM `liked` [ RunTime:0.0023s ]
SQL: SELECT `id`,`uid`,`post_id` FROM `liked` WHERE `post_id` = 120 ORDER BY id desc LIMIT 3   [ RunTime:0.0004s ]
SQL: SHOW COLUMNS FROM `user` [ RunTime:0.0023s ]
SQL: SELECT * FROM `user` WHERE `id` IN ('39')  [ RunTime:0.0004s ]

[ 2015-04-09T16:28:08+08:00 ] 127.0.0.1 /tourpal/index.php/Api/Liked/getLikedInfoByPostId?post_id=120&perNum=2&offset=0
INFO: [ app_init ] --START--
INFO: Run Behavior\BuildLiteBehavior [ RunTime:0.000013s ]
INFO: [ app_init ] --END-- [ RunTime:0.000327s ]
INFO: [ app_begin ] --START--
INFO: Run Behavior\ReadHtmlCacheBehavior [ RunTime:0.000478s ]
INFO: [ app_begin ] --END-- [ RunTime:0.000558s ]
SQL: SHOW COLUMNS FROM `liked` [ RunTime:0.0024s ]
SQL: SELECT `id`,`uid`,`post_id` FROM `liked` WHERE `post_id` = 120 ORDER BY id desc LIMIT 3   [ RunTime:0.0004s ]
SQL: SHOW COLUMNS FROM `user` [ RunTime:0.0025s ]
SQL: SELECT * FROM `user` WHERE `id` IN ('39')  [ RunTime:0.0004s ]

[ 2015-04-09T16:28:56+08:00 ] 127.0.0.1 /tourpal/index.php/Api/Liked/getLikedInfoByPostId?post_id=120&perNum=2&offset=0
INFO: [ app_init ] --START--
INFO: Run Behavior\BuildLiteBehavior [ RunTime:0.000014s ]
INFO: [ app_init ] --END-- [ RunTime:0.000298s ]
INFO: [ app_begin ] --START--
INFO: Run Behavior\ReadHtmlCacheBehavior [ RunTime:0.000635s ]
INFO: [ app_begin ] --END-- [ RunTime:0.000718s ]
SQL: SHOW COLUMNS FROM `liked` [ RunTime:0.0024s ]
SQL: SELECT `id`,`uid`,`post_id` FROM `liked` WHERE `post_id` = 120 ORDER BY id desc LIMIT 3   [ RunTime:0.0004s ]
SQL: SHOW COLUMNS FROM `user` [ RunTime:0.0023s ]
SQL: SELECT * FROM `user` WHERE `id` IN ('39')  [ RunTime:0.0004s ]

[ 2015-04-09T16:30:57+08:00 ] 127.0.0.1 /tourpal/index.php/Api/Liked/getLikedInfoByPostId?post_id=120&perNum=2&offset=0
INFO: [ app_init ] --START--
INFO: Run Behavior\BuildLiteBehavior [ RunTime:0.000017s ]
INFO: [ app_init ] --END-- [ RunTime:0.000455s ]
INFO: [ app_begin ] --START--
INFO: Run Behavior\ReadHtmlCacheBehavior [ RunTime:0.000664s ]
INFO: [ app_begin ] --END-- [ RunTime:0.000731s ]
SQL: SHOW COLUMNS FROM `liked` [ RunTime:0.0023s ]
SQL: SELECT `id`,`uid` FROM `liked` WHERE `post_id` = 120 GROUP BY uid, post_id ORDER BY id desc LIMIT 3   [ RunTime:0.0172s ]
NOTIC: [8] Undefined index: post_id E:\xampp\htdocs\tourpal\Application\Service\Model\LikedModel.class.php 第 72 行.
SQL: SHOW COLUMNS FROM `user` [ RunTime:0.0028s ]
SQL: SELECT * FROM `user` WHERE `id` IN ('39')  [ RunTime:0.0004s ]

[ 2015-04-09T16:30:58+08:00 ] 127.0.0.1 /tourpal/index.php/Api/Liked/getLikedInfoByPostId?post_id=120&perNum=2&offset=0
INFO: [ app_init ] --START--
INFO: Run Behavior\BuildLiteBehavior [ RunTime:0.000018s ]
INFO: [ app_init ] --END-- [ RunTime:0.000431s ]
INFO: [ app_begin ] --START--
INFO: Run Behavior\ReadHtmlCacheBehavior [ RunTime:0.000585s ]
INFO: [ app_begin ] --END-- [ RunTime:0.000664s ]
SQL: SHOW COLUMNS FROM `liked` [ RunTime:0.0023s ]
SQL: SELECT `id`,`uid` FROM `liked` WHERE `post_id` = 120 GROUP BY uid, post_id ORDER BY id desc LIMIT 3   [ RunTime:0.0004s ]
NOTIC: [8] Undefined index: post_id E:\xampp\htdocs\tourpal\Application\Service\Model\LikedModel.class.php 第 72 行.
SQL: SHOW COLUMNS FROM `user` [ RunTime:0.0023s ]
SQL: SELECT * FROM `user` WHERE `id` IN ('39')  [ RunTime:0.0004s ]

[ 2015-04-09T16:30:59+08:00 ] 127.0.0.1 /tourpal/index.php/Api/Liked/getLikedInfoByPostId?post_id=120&perNum=2&offset=0
INFO: [ app_init ] --START--
INFO: Run Behavior\BuildLiteBehavior [ RunTime:0.000015s ]
INFO: [ app_init ] --END-- [ RunTime:0.000317s ]
INFO: [ app_begin ] --START--
INFO: Run Behavior\ReadHtmlCacheBehavior [ RunTime:0.000457s ]
INFO: [ app_begin ] --END-- [ RunTime:0.000525s ]
SQL: SHOW COLUMNS FROM `liked` [ RunTime:0.0025s ]
SQL: SELECT `id`,`uid` FROM `liked` WHERE `post_id` = 120 GROUP BY uid, post_id ORDER BY id desc LIMIT 3   [ RunTime:0.0008s ]
NOTIC: [8] Undefined index: post_id E:\xampp\htdocs\tourpal\Application\Service\Model\LikedModel.class.php 第 72 行.
SQL: SHOW COLUMNS FROM `user` [ RunTime:0.0025s ]
SQL: SELECT * FROM `user` WHERE `id` IN ('39')  [ RunTime:0.0004s ]

[ 2015-04-09T16:30:59+08:00 ] 127.0.0.1 /tourpal/index.php/Api/Liked/getLikedInfoByPostId?post_id=120&perNum=2&offset=0
INFO: [ app_init ] --START--
INFO: Run Behavior\BuildLiteBehavior [ RunTime:0.000012s ]
INFO: [ app_init ] --END-- [ RunTime:0.000289s ]
INFO: [ app_begin ] --START--
INFO: Run Behavior\ReadHtmlCacheBehavior [ RunTime:0.000385s ]
INFO: [ app_begin ] --END-- [ RunTime:0.000436s ]
SQL: SHOW COLUMNS FROM `liked` [ RunTime:0.0024s ]
SQL: SELECT `id`,`uid` FROM `liked` WHERE `post_id` = 120 GROUP BY uid, post_id ORDER BY id desc LIMIT 3   [ RunTime:0.0005s ]
NOTIC: [8] Undefined index: post_id E:\xampp\htdocs\tourpal\Application\Service\Model\LikedModel.class.php 第 72 行.
SQL: SHOW COLUMNS FROM `user` [ RunTime:0.0023s ]
SQL: SELECT * FROM `user` WHERE `id` IN ('39')  [ RunTime:0.0003s ]

[ 2015-04-09T16:30:59+08:00 ] 127.0.0.1 /tourpal/index.php/Api/Liked/getLikedInfoByPostId?post_id=120&perNum=2&offset=0
INFO: [ app_init ] --START--
INFO: Run Behavior\BuildLiteBehavior [ RunTime:0.000014s ]
INFO: [ app_init ] --END-- [ RunTime:0.000307s ]
INFO: [ app_begin ] --START--
INFO: Run Behavior\ReadHtmlCacheBehavior [ RunTime:0.000376s ]
INFO: [ app_begin ] --END-- [ RunTime:0.000424s ]
SQL: SHOW COLUMNS FROM `liked` [ RunTime:0.0024s ]
SQL: SELECT `id`,`uid` FROM `liked` WHERE `post_id` = 120 GROUP BY uid, post_id ORDER BY id desc LIMIT 3   [ RunTime:0.0004s ]
NOTIC: [8] Undefined index: post_id E:\xampp\htdocs\tourpal\Application\Service\Model\LikedModel.class.php 第 72 行.
SQL: SHOW COLUMNS FROM `user` [ RunTime:0.0023s ]
SQL: SELECT * FROM `user` WHERE `id` IN ('39')  [ RunTime:0.0003s ]

[ 2015-04-09T16:31:09+08:00 ] 127.0.0.1 /tourpal/index.php/Api/Liked/getLikedInfoByPostId?post_id=46&perNum=2&offset=0
INFO: [ app_init ] --START--
INFO: Run Behavior\BuildLiteBehavior [ RunTime:0.000013s ]
INFO: [ app_init ] --END-- [ RunTime:0.000322s ]
INFO: [ app_begin ] --START--
INFO: Run Behavior\ReadHtmlCacheBehavior [ RunTime:0.000615s ]
INFO: [ app_begin ] --END-- [ RunTime:0.000673s ]
SQL: SHOW COLUMNS FROM `liked` [ RunTime:0.0023s ]
SQL: SELECT `id`,`uid` FROM `liked` WHERE `post_id` = 46 GROUP BY uid, post_id ORDER BY id desc LIMIT 3   [ RunTime:0.0005s ]
NOTIC: [8] Undefined index: post_id E:\xampp\htdocs\tourpal\Application\Service\Model\LikedModel.class.php 第 72 行.
SQL: SHOW COLUMNS FROM `user` [ RunTime:0.0024s ]
SQL: SELECT * FROM `user` WHERE `id` IN ('39')  [ RunTime:0.0004s ]

[ 2015-04-09T16:32:37+08:00 ] 127.0.0.1 /tourpal/index.php/Api/Liked/getLikedInfoByPostId?post_id=46&perNum=2&offset=0
INFO: [ app_init ] --START--
INFO: Run Behavior\BuildLiteBehavior [ RunTime:0.000015s ]
INFO: [ app_init ] --END-- [ RunTime:0.000376s ]
INFO: [ app_begin ] --START--
INFO: Run Behavior\ReadHtmlCacheBehavior [ RunTime:0.000589s ]
INFO: [ app_begin ] --END-- [ RunTime:0.000650s ]
SQL: SHOW COLUMNS FROM `liked` [ RunTime:0.0024s ]
SQL: SELECT `id`,`uid` FROM `liked` WHERE `post_id` = 46 GROUP BY uid, post_id ORDER BY id desc LIMIT 3   [ RunTime:0.0005s ]
SQL: SHOW COLUMNS FROM `user` [ RunTime:0.0023s ]
SQL: SELECT * FROM `user` WHERE `id` IN ('39')  [ RunTime:0.0004s ]

[ 2015-04-09T16:32:38+08:00 ] 127.0.0.1 /tourpal/index.php/Api/Liked/getLikedInfoByPostId?post_id=46&perNum=2&offset=0
INFO: [ app_init ] --START--
INFO: Run Behavior\BuildLiteBehavior [ RunTime:0.000014s ]
INFO: [ app_init ] --END-- [ RunTime:0.000416s ]
INFO: [ app_begin ] --START--
INFO: Run Behavior\ReadHtmlCacheBehavior [ RunTime:0.000532s ]
INFO: [ app_begin ] --END-- [ RunTime:0.000592s ]
SQL: SHOW COLUMNS FROM `liked` [ RunTime:0.0030s ]
SQL: SELECT `id`,`uid` FROM `liked` WHERE `post_id` = 46 GROUP BY uid, post_id ORDER BY id desc LIMIT 3   [ RunTime:0.0006s ]
SQL: SHOW COLUMNS FROM `user` [ RunTime:0.0032s ]
SQL: SELECT * FROM `user` WHERE `id` IN ('39')  [ RunTime:0.0005s ]

[ 2015-04-09T16:32:38+08:00 ] 127.0.0.1 /tourpal/index.php/Api/Liked/getLikedInfoByPostId?post_id=46&perNum=2&offset=0
INFO: [ app_init ] --START--
INFO: Run Behavior\BuildLiteBehavior [ RunTime:0.000011s ]
INFO: [ app_init ] --END-- [ RunTime:0.000283s ]
INFO: [ app_begin ] --START--
INFO: Run Behavior\ReadHtmlCacheBehavior [ RunTime:0.000470s ]
INFO: [ app_begin ] --END-- [ RunTime:0.000521s ]
SQL: SHOW COLUMNS FROM `liked` [ RunTime:0.0025s ]
SQL: SELECT `id`,`uid` FROM `liked` WHERE `post_id` = 46 GROUP BY uid, post_id ORDER BY id desc LIMIT 3   [ RunTime:0.0004s ]
SQL: SHOW COLUMNS FROM `user` [ RunTime:0.0022s ]
SQL: SELECT * FROM `user` WHERE `id` IN ('39')  [ RunTime:0.0003s ]

[ 2015-04-09T16:32:38+08:00 ] 127.0.0.1 /tourpal/index.php/Api/Liked/getLikedInfoByPostId?post_id=46&perNum=2&offset=0
INFO: [ app_init ] --START--
INFO: Run Behavior\BuildLiteBehavior [ RunTime:0.000011s ]
INFO: [ app_init ] --END-- [ RunTime:0.000282s ]
INFO: [ app_begin ] --START--
INFO: Run Behavior\ReadHtmlCacheBehavior [ RunTime:0.000378s ]
INFO: [ app_begin ] --END-- [ RunTime:0.000427s ]
SQL: SHOW COLUMNS FROM `liked` [ RunTime:0.0022s ]
SQL: SELECT `id`,`uid` FROM `liked` WHERE `post_id` = 46 GROUP BY uid, post_id ORDER BY id desc LIMIT 3   [ RunTime:0.0004s ]
SQL: SHOW COLUMNS FROM `user` [ RunTime:0.0022s ]
SQL: SELECT * FROM `user` WHERE `id` IN ('39')  [ RunTime:0.0003s ]

[ 2015-04-09T16:32:39+08:00 ] 127.0.0.1 /tourpal/index.php/Api/Liked/getLikedInfoByPostId?post_id=46&perNum=2&offset=0
INFO: [ app_init ] --START--
INFO: Run Behavior\BuildLiteBehavior [ RunTime:0.000014s ]
INFO: [ app_init ] --END-- [ RunTime:0.000316s ]
INFO: [ app_begin ] --START--
INFO: Run Behavior\ReadHtmlCacheBehavior [ RunTime:0.000458s ]
INFO: [ app_begin ] --END-- [ RunTime:0.000509s ]
SQL: SHOW COLUMNS FROM `liked` [ RunTime:0.0022s ]
SQL: SELECT `id`,`uid` FROM `liked` WHERE `post_id` = 46 GROUP BY uid, post_id ORDER BY id desc LIMIT 3   [ RunTime:0.0004s ]
SQL: SHOW COLUMNS FROM `user` [ RunTime:0.0023s ]
SQL: SELECT * FROM `user` WHERE `id` IN ('39')  [ RunTime:0.0003s ]

[ 2015-04-09T16:32:39+08:00 ] 127.0.0.1 /tourpal/index.php/Api/Liked/getLikedInfoByPostId?post_id=46&perNum=2&offset=0
INFO: [ app_init ] --START--
INFO: Run Behavior\BuildLiteBehavior [ RunTime:0.000011s ]
INFO: [ app_init ] --END-- [ RunTime:0.000285s ]
INFO: [ app_begin ] --START--
INFO: Run Behavior\ReadHtmlCacheBehavior [ RunTime:0.000409s ]
INFO: [ app_begin ] --END-- [ RunTime:0.000479s ]
SQL: SHOW COLUMNS FROM `liked` [ RunTime:0.0023s ]
SQL: SELECT `id`,`uid` FROM `liked` WHERE `post_id` = 46 GROUP BY uid, post_id ORDER BY id desc LIMIT 3   [ RunTime:0.0003s ]
SQL: SHOW COLUMNS FROM `user` [ RunTime:0.0022s ]
SQL: SELECT * FROM `user` WHERE `id` IN ('39')  [ RunTime:0.0003s ]

[ 2015-04-09T16:32:39+08:00 ] 127.0.0.1 /tourpal/index.php/Api/Liked/getLikedInfoByPostId?post_id=46&perNum=2&offset=0
INFO: [ app_init ] --START--
INFO: Run Behavior\BuildLiteBehavior [ RunTime:0.000044s ]
INFO: [ app_init ] --END-- [ RunTime:0.000342s ]
INFO: [ app_begin ] --START--
INFO: Run Behavior\ReadHtmlCacheBehavior [ RunTime:0.000392s ]
INFO: [ app_begin ] --END-- [ RunTime:0.000441s ]
SQL: SHOW COLUMNS FROM `liked` [ RunTime:0.0022s ]
SQL: SELECT `id`,`uid` FROM `liked` WHERE `post_id` = 46 GROUP BY uid, post_id ORDER BY id desc LIMIT 3   [ RunTime:0.0004s ]
SQL: SHOW COLUMNS FROM `user` [ RunTime:0.0023s ]
SQL: SELECT * FROM `user` WHERE `id` IN ('39')  [ RunTime:0.0003s ]

[ 2015-04-09T16:32:39+08:00 ] 127.0.0.1 /tourpal/index.php/Api/Liked/getLikedInfoByPostId?post_id=46&perNum=2&offset=0
INFO: [ app_init ] --START--
INFO: Run Behavior\BuildLiteBehavior [ RunTime:0.000012s ]
INFO: [ app_init ] --END-- [ RunTime:0.000276s ]
INFO: [ app_begin ] --START--
INFO: Run Behavior\ReadHtmlCacheBehavior [ RunTime:0.000365s ]
INFO: [ app_begin ] --END-- [ RunTime:0.000428s ]
SQL: SHOW COLUMNS FROM `liked` [ RunTime:0.0022s ]
SQL: SELECT `id`,`uid` FROM `liked` WHERE `post_id` = 46 GROUP BY uid, post_id ORDER BY id desc LIMIT 3   [ RunTime:0.0004s ]
SQL: SHOW COLUMNS FROM `user` [ RunTime:0.0022s ]
SQL: SELECT * FROM `user` WHERE `id` IN ('39')  [ RunTime:0.0003s ]

[ 2015-04-09T16:33:34+08:00 ] 127.0.0.1 /tourpal/index.php/Api/Liked/getLikedInfoByPostId?post_id=46&perNum=2&offset=0
INFO: [ app_init ] --START--
INFO: Run Behavior\BuildLiteBehavior [ RunTime:0.000014s ]
INFO: [ app_init ] --END-- [ RunTime:0.000412s ]
INFO: [ app_begin ] --START--
INFO: Run Behavior\ReadHtmlCacheBehavior [ RunTime:0.000581s ]
INFO: [ app_begin ] --END-- [ RunTime:0.000671s ]
SQL: SHOW COLUMNS FROM `liked` [ RunTime:0.0022s ]
SQL: SELECT `id`,`uid` FROM `liked` WHERE `post_id` = 46 GROUP BY uid, post_id ORDER BY id desc LIMIT 3   [ RunTime:0.0004s ]
SQL: SHOW COLUMNS FROM `user` [ RunTime:0.0028s ]
SQL: SELECT * FROM `user` WHERE `id` IN ('39')  [ RunTime:0.0004s ]

[ 2015-04-09T17:03:15+08:00 ] 127.0.0.1 /tourpal/index.php/Api/Liked/getLikedInfoByPostId?post_id=46&perNum=2&offset=0
INFO: [ app_init ] --START--
INFO: Run Behavior\BuildLiteBehavior [ RunTime:0.000017s ]
INFO: [ app_init ] --END-- [ RunTime:0.000432s ]
INFO: [ app_begin ] --START--
INFO: Run Behavior\ReadHtmlCacheBehavior [ RunTime:0.000638s ]
INFO: [ app_begin ] --END-- [ RunTime:0.000705s ]
SQL: SHOW COLUMNS FROM `liked` [ RunTime:0.0024s ]
SQL: SELECT * FROM `liked` WHERE `post_id` IN ('46') GROUP BY uid, post_id ORDER BY id desc LIMIT 3   [ RunTime:0.0005s ]
SQL: SHOW COLUMNS FROM `user` [ RunTime:0.0024s ]
SQL: SELECT * FROM `user` WHERE `id` IN ('39')  [ RunTime:0.0004s ]

[ 2015-04-09T17:03:16+08:00 ] 127.0.0.1 /tourpal/index.php/Api/Liked/getLikedInfoByPostId?post_id=46&perNum=2&offset=0
INFO: [ app_init ] --START--
INFO: Run Behavior\BuildLiteBehavior [ RunTime:0.000016s ]
INFO: [ app_init ] --END-- [ RunTime:0.000419s ]
INFO: [ app_begin ] --START--
INFO: Run Behavior\ReadHtmlCacheBehavior [ RunTime:0.000635s ]
INFO: [ app_begin ] --END-- [ RunTime:0.000717s ]
SQL: SHOW COLUMNS FROM `liked` [ RunTime:0.0025s ]
SQL: SELECT * FROM `liked` WHERE `post_id` IN ('46') GROUP BY uid, post_id ORDER BY id desc LIMIT 3   [ RunTime:0.0005s ]
SQL: SHOW COLUMNS FROM `user` [ RunTime:0.0024s ]
SQL: SELECT * FROM `user` WHERE `id` IN ('39')  [ RunTime:0.0004s ]

[ 2015-04-09T17:03:17+08:00 ] 127.0.0.1 /tourpal/index.php/Api/Liked/getLikedInfoByPostId?post_id=46&perNum=2&offset=0
INFO: [ app_init ] --START--
INFO: Run Behavior\BuildLiteBehavior [ RunTime:0.000013s ]
INFO: [ app_init ] --END-- [ RunTime:0.000281s ]
INFO: [ app_begin ] --START--
INFO: Run Behavior\ReadHtmlCacheBehavior [ RunTime:0.000397s ]
INFO: [ app_begin ] --END-- [ RunTime:0.000444s ]
SQL: SHOW COLUMNS FROM `liked` [ RunTime:0.0026s ]
SQL: SELECT * FROM `liked` WHERE `post_id` IN ('46') GROUP BY uid, post_id ORDER BY id desc LIMIT 3   [ RunTime:0.0005s ]
SQL: SHOW COLUMNS FROM `user` [ RunTime:0.0026s ]
SQL: SELECT * FROM `user` WHERE `id` IN ('39')  [ RunTime:0.0003s ]

[ 2015-04-09T17:03:17+08:00 ] 127.0.0.1 /tourpal/index.php/Api/Liked/getLikedInfoByPostId?post_id=46&perNum=2&offset=0
INFO: [ app_init ] --START--
INFO: Run Behavior\BuildLiteBehavior [ RunTime:0.000013s ]
INFO: [ app_init ] --END-- [ RunTime:0.000280s ]
INFO: [ app_begin ] --START--
INFO: Run Behavior\ReadHtmlCacheBehavior [ RunTime:0.000423s ]
INFO: [ app_begin ] --END-- [ RunTime:0.000480s ]
SQL: SHOW COLUMNS FROM `liked` [ RunTime:0.0022s ]
SQL: SELECT * FROM `liked` WHERE `post_id` IN ('46') GROUP BY uid, post_id ORDER BY id desc LIMIT 3   [ RunTime:0.0004s ]
SQL: SHOW COLUMNS FROM `user` [ RunTime:0.0021s ]
SQL: SELECT * FROM `user` WHERE `id` IN ('39')  [ RunTime:0.0003s ]

[ 2015-04-09T17:03:22+08:00 ] 127.0.0.1 /tourpal/index.php/Api/Liked/getLikedInfoByPostId?post_id=46&perNum=2&offset=0
INFO: [ app_init ] --START--
INFO: Run Behavior\BuildLiteBehavior [ RunTime:0.000022s ]
INFO: [ app_init ] --END-- [ RunTime:0.000620s ]
INFO: [ app_begin ] --START--
INFO: Run Behavior\ReadHtmlCacheBehavior [ RunTime:0.000777s ]
INFO: [ app_begin ] --END-- [ RunTime:0.000869s ]
SQL: SHOW COLUMNS FROM `liked` [ RunTime:0.0026s ]
SQL: SELECT * FROM `liked` WHERE `post_id` IN ('46') GROUP BY uid, post_id ORDER BY id desc LIMIT 3   [ RunTime:0.0006s ]
SQL: SHOW COLUMNS FROM `user` [ RunTime:0.0024s ]
SQL: SELECT * FROM `user` WHERE `id` IN ('39')  [ RunTime:0.0003s ]

[ 2015-04-09T17:03:22+08:00 ] 127.0.0.1 /tourpal/index.php/Api/Liked/getLikedInfoByPostId?post_id=46&perNum=2&offset=0
INFO: [ app_init ] --START--
INFO: Run Behavior\BuildLiteBehavior [ RunTime:0.000012s ]
INFO: [ app_init ] --END-- [ RunTime:0.000286s ]
INFO: [ app_begin ] --START--
INFO: Run Behavior\ReadHtmlCacheBehavior [ RunTime:0.000379s ]
INFO: [ app_begin ] --END-- [ RunTime:0.000430s ]
SQL: SHOW COLUMNS FROM `liked` [ RunTime:0.0022s ]
SQL: SELECT * FROM `liked` WHERE `post_id` IN ('46') GROUP BY uid, post_id ORDER BY id desc LIMIT 3   [ RunTime:0.0005s ]
SQL: SHOW COLUMNS FROM `user` [ RunTime:0.0024s ]
SQL: SELECT * FROM `user` WHERE `id` IN ('39')  [ RunTime:0.0004s ]

[ 2015-04-09T17:03:23+08:00 ] 127.0.0.1 /tourpal/index.php/Api/Liked/getLikedInfoByPostId?post_id=46&perNum=2&offset=0
INFO: [ app_init ] --START--
INFO: Run Behavior\BuildLiteBehavior [ RunTime:0.000014s ]
INFO: [ app_init ] --END-- [ RunTime:0.000357s ]
INFO: [ app_begin ] --START--
INFO: Run Behavior\ReadHtmlCacheBehavior [ RunTime:0.000517s ]
INFO: [ app_begin ] --END-- [ RunTime:0.000595s ]
SQL: SHOW COLUMNS FROM `liked` [ RunTime:0.0029s ]
SQL: SELECT * FROM `liked` WHERE `post_id` IN ('46') GROUP BY uid, post_id ORDER BY id desc LIMIT 3   [ RunTime:0.0007s ]
SQL: SHOW COLUMNS FROM `user` [ RunTime:0.0031s ]
SQL: SELECT * FROM `user` WHERE `id` IN ('39')  [ RunTime:0.0004s ]

[ 2015-04-09T17:05:16+08:00 ] 127.0.0.1 /tourpal/index.php/Api/Liked/getLikedInfoByPostId?post_id=46&perNum=2&offset=0
INFO: [ app_init ] --START--
INFO: Run Behavior\BuildLiteBehavior [ RunTime:0.000017s ]
INFO: [ app_init ] --END-- [ RunTime:0.000425s ]
INFO: [ app_begin ] --START--
INFO: Run Behavior\ReadHtmlCacheBehavior [ RunTime:0.000835s ]
INFO: [ app_begin ] --END-- [ RunTime:0.000908s ]
SQL: SHOW COLUMNS FROM `liked` [ RunTime:0.0022s ]
SQL: SELECT * FROM `liked` WHERE `post_id` IN ('46') GROUP BY uid, post_id ORDER BY id desc LIMIT 3   [ RunTime:0.0006s ]
SQL: SHOW COLUMNS FROM `user` [ RunTime:0.0024s ]
SQL: SELECT * FROM `user` WHERE `id` IN ('39')  [ RunTime:0.0004s ]

