[ 2015-05-19T10:19:37+08:00 ] 127.0.0.1 /tourpal/index.php/Api/Liked/getLikedInfoByPostIdV2?post_id=117&perNum=2&offset=21
INFO: [ app_init ] --START--
INFO: Run Behavior\BuildLiteBehavior [ RunTime:0.000012s ]
INFO: [ app_init ] --END-- [ RunTime:0.000386s ]
INFO: [ app_begin ] --START--
INFO: Run Behavior\ReadHtmlCacheBehavior [ RunTime:0.000565s ]
INFO: [ app_begin ] --END-- [ RunTime:0.000643s ]
SQL: SHOW COLUMNS FROM `liked` [ RunTime:0.0027s ]
SQL: SELECT * FROM `liked` WHERE `post_id` IN ('117') AND `id` < 21 GROUP BY uid, post_id ORDER BY id desc LIMIT 3   [ RunTime:0.0006s ]
SQL: SHOW COLUMNS FROM `user` [ RunTime:0.0023s ]
SQL: SELECT * FROM `user` WHERE `id` IN ('41')  [ RunTime:0.0004s ]
SQL: SHOW COLUMNS FROM `post_dest_v2` [ RunTime:0.0020s ]
SQL: SELECT `post_id`,`dest_id` FROM `post_dest_v2` WHERE `post_id` IN ('117')  [ RunTime:0.0003s ]
SQL: SHOW COLUMNS FROM `dest_v2` [ RunTime:0.0021s ]
NOTIC: [8] Undefined index: 117 E:\xampp\htdocs\tourpal\Application\Service\Model\LikedModel.class.php 第 228 行.

[ 2015-05-19T10:50:28+08:00 ] 127.0.0.1 /tourpal/index.php/Api/Report/addReport?post_id=2&uid=3
INFO: [ app_init ] --START--
INFO: Run Behavior\BuildLiteBehavior [ RunTime:0.000014s ]
INFO: [ app_init ] --END-- [ RunTime:0.000320s ]
INFO: [ app_begin ] --START--
INFO: Run Behavior\ReadHtmlCacheBehavior [ RunTime:0.000462s ]
INFO: [ app_begin ] --END-- [ RunTime:0.000512s ]
SQL: SHOW COLUMNS FROM `report` [ RunTime:0.0224s ]
SQL: INSERT INTO `report` (`uid`,`post_id`) VALUES ('34','2') [ RunTime:0.0961s ]

[ 2015-05-19T10:50:30+08:00 ] 127.0.0.1 /tourpal/index.php/Api/Report/addReport?post_id=2&uid=3
INFO: [ app_init ] --START--
INFO: Run Behavior\BuildLiteBehavior [ RunTime:0.000015s ]
INFO: [ app_init ] --END-- [ RunTime:0.000306s ]
INFO: [ app_begin ] --START--
INFO: Run Behavior\ReadHtmlCacheBehavior [ RunTime:0.000643s ]
INFO: [ app_begin ] --END-- [ RunTime:0.000723s ]
SQL: SHOW COLUMNS FROM `report` [ RunTime:0.0022s ]
ERR: SQLSTATE[23000]: Integrity constraint violation: 1062 Duplicate entry '2-34' for key 'PRIMARY'

[ 2015-05-19T10:50:36+08:00 ] 127.0.0.1 /tourpal/index.php/Api/Report/addReport?post_id=2&uid=3
INFO: [ app_init ] --START--
INFO: Run Behavior\BuildLiteBehavior [ RunTime:0.000015s ]
INFO: [ app_init ] --END-- [ RunTime:0.000374s ]
INFO: [ app_begin ] --START--
INFO: Run Behavior\ReadHtmlCacheBehavior [ RunTime:0.000585s ]
INFO: [ app_begin ] --END-- [ RunTime:0.000649s ]
SQL: SHOW COLUMNS FROM `report` [ RunTime:0.0022s ]
ERR: SQLSTATE[23000]: Integrity constraint violation: 1062 Duplicate entry '2-34' for key 'PRIMARY'

[ 2015-05-19T10:50:54+08:00 ] 127.0.0.1 /tourpal/index.php/Api/Report/addReport?post_id=2
INFO: [ app_init ] --START--
INFO: Run Behavior\BuildLiteBehavior [ RunTime:0.000013s ]
INFO: [ app_init ] --END-- [ RunTime:0.000284s ]
INFO: [ app_begin ] --START--
INFO: Run Behavior\ReadHtmlCacheBehavior [ RunTime:0.000373s ]
INFO: [ app_begin ] --END-- [ RunTime:0.000420s ]
SQL: SHOW COLUMNS FROM `report` [ RunTime:0.0020s ]
ERR: SQLSTATE[23000]: Integrity constraint violation: 1062 Duplicate entry '2-34' for key 'PRIMARY'

[ 2015-05-19T11:00:35+08:00 ] 127.0.0.1 /tourpal/index.php/Api/Report/addReport?post_id=2
INFO: [ app_init ] --START--
INFO: Run Behavior\BuildLiteBehavior [ RunTime:0.000015s ]
INFO: [ app_init ] --END-- [ RunTime:0.000374s ]
INFO: [ app_begin ] --START--
INFO: Run Behavior\ReadHtmlCacheBehavior [ RunTime:0.000475s ]
INFO: [ app_begin ] --END-- [ RunTime:0.000526s ]
SQL: SHOW COLUMNS FROM `report` [ RunTime:0.0021s ]
SQL: REPLACE INTO `report` (`uid`,`post_id`) VALUES ('34','2') [ RunTime:0.0546s ]

[ 2015-05-19T11:00:36+08:00 ] 127.0.0.1 /tourpal/index.php/Api/Report/addReport?post_id=2
INFO: [ app_init ] --START--
INFO: Run Behavior\BuildLiteBehavior [ RunTime:0.000015s ]
INFO: [ app_init ] --END-- [ RunTime:0.000382s ]
INFO: [ app_begin ] --START--
INFO: Run Behavior\ReadHtmlCacheBehavior [ RunTime:0.000453s ]
INFO: [ app_begin ] --END-- [ RunTime:0.000516s ]
SQL: SHOW COLUMNS FROM `report` [ RunTime:0.0023s ]
SQL: REPLACE INTO `report` (`uid`,`post_id`) VALUES ('34','2') [ RunTime:0.0601s ]

[ 2015-05-19T11:00:36+08:00 ] 127.0.0.1 /tourpal/index.php/Api/Report/addReport?post_id=2
INFO: [ app_init ] --START--
INFO: Run Behavior\BuildLiteBehavior [ RunTime:0.000015s ]
INFO: [ app_init ] --END-- [ RunTime:0.000359s ]
INFO: [ app_begin ] --START--
INFO: Run Behavior\ReadHtmlCacheBehavior [ RunTime:0.000599s ]
INFO: [ app_begin ] --END-- [ RunTime:0.000668s ]
SQL: SHOW COLUMNS FROM `report` [ RunTime:0.0020s ]
SQL: REPLACE INTO `report` (`uid`,`post_id`) VALUES ('34','2') [ RunTime:0.0368s ]

[ 2015-05-19T11:00:36+08:00 ] 127.0.0.1 /tourpal/index.php/Api/Report/addReport?post_id=2
INFO: [ app_init ] --START--
INFO: Run Behavior\BuildLiteBehavior [ RunTime:0.000015s ]
INFO: [ app_init ] --END-- [ RunTime:0.000347s ]
INFO: [ app_begin ] --START--
INFO: Run Behavior\ReadHtmlCacheBehavior [ RunTime:0.000446s ]
INFO: [ app_begin ] --END-- [ RunTime:0.000505s ]
SQL: SHOW COLUMNS FROM `report` [ RunTime:0.0020s ]
SQL: REPLACE INTO `report` (`uid`,`post_id`) VALUES ('34','2') [ RunTime:0.0439s ]

[ 2015-05-19T11:00:37+08:00 ] 127.0.0.1 /tourpal/index.php/Api/Report/addReport?post_id=2
INFO: [ app_init ] --START--
INFO: Run Behavior\BuildLiteBehavior [ RunTime:0.000016s ]
INFO: [ app_init ] --END-- [ RunTime:0.000322s ]
INFO: [ app_begin ] --START--
INFO: Run Behavior\ReadHtmlCacheBehavior [ RunTime:0.000481s ]
INFO: [ app_begin ] --END-- [ RunTime:0.000531s ]
SQL: SHOW COLUMNS FROM `report` [ RunTime:0.0022s ]
SQL: REPLACE INTO `report` (`uid`,`post_id`) VALUES ('34','2') [ RunTime:0.0356s ]

[ 2015-05-19T11:00:37+08:00 ] 127.0.0.1 /tourpal/index.php/Api/Report/addReport?post_id=2
INFO: [ app_init ] --START--
INFO: Run Behavior\BuildLiteBehavior [ RunTime:0.000013s ]
INFO: [ app_init ] --END-- [ RunTime:0.000262s ]
INFO: [ app_begin ] --START--
INFO: Run Behavior\ReadHtmlCacheBehavior [ RunTime:0.000349s ]
INFO: [ app_begin ] --END-- [ RunTime:0.000395s ]
SQL: SHOW COLUMNS FROM `report` [ RunTime:0.0026s ]
SQL: REPLACE INTO `report` (`uid`,`post_id`) VALUES ('34','2') [ RunTime:0.0417s ]

[ 2015-05-19T11:00:37+08:00 ] 127.0.0.1 /tourpal/index.php/Api/Report/addReport?post_id=2
INFO: [ app_init ] --START--
INFO: Run Behavior\BuildLiteBehavior [ RunTime:0.000014s ]
INFO: [ app_init ] --END-- [ RunTime:0.000282s ]
INFO: [ app_begin ] --START--
INFO: Run Behavior\ReadHtmlCacheBehavior [ RunTime:0.000354s ]
INFO: [ app_begin ] --END-- [ RunTime:0.000403s ]
SQL: SHOW COLUMNS FROM `report` [ RunTime:0.0023s ]
SQL: REPLACE INTO `report` (`uid`,`post_id`) VALUES ('34','2') [ RunTime:0.0386s ]

[ 2015-05-19T11:00:37+08:00 ] 127.0.0.1 /tourpal/index.php/Api/Report/addReport?post_id=2
INFO: [ app_init ] --START--
INFO: Run Behavior\BuildLiteBehavior [ RunTime:0.000014s ]
INFO: [ app_init ] --END-- [ RunTime:0.000267s ]
INFO: [ app_begin ] --START--
INFO: Run Behavior\ReadHtmlCacheBehavior [ RunTime:0.000353s ]
INFO: [ app_begin ] --END-- [ RunTime:0.000399s ]
SQL: SHOW COLUMNS FROM `report` [ RunTime:0.0021s ]
SQL: REPLACE INTO `report` (`uid`,`post_id`) VALUES ('34','2') [ RunTime:0.0426s ]

[ 2015-05-19T11:00:37+08:00 ] 127.0.0.1 /tourpal/index.php/Api/Report/addReport?post_id=2
INFO: [ app_init ] --START--
INFO: Run Behavior\BuildLiteBehavior [ RunTime:0.000022s ]
INFO: [ app_init ] --END-- [ RunTime:0.000322s ]
INFO: [ app_begin ] --START--
INFO: Run Behavior\ReadHtmlCacheBehavior [ RunTime:0.000405s ]
INFO: [ app_begin ] --END-- [ RunTime:0.000476s ]
SQL: SHOW COLUMNS FROM `report` [ RunTime:0.0022s ]
SQL: REPLACE INTO `report` (`uid`,`post_id`) VALUES ('34','2') [ RunTime:0.0386s ]

[ 2015-05-19T11:00:37+08:00 ] 127.0.0.1 /tourpal/index.php/Api/Report/addReport?post_id=2
INFO: [ app_init ] --START--
INFO: Run Behavior\BuildLiteBehavior [ RunTime:0.000012s ]
INFO: [ app_init ] --END-- [ RunTime:0.000274s ]
INFO: [ app_begin ] --START--
INFO: Run Behavior\ReadHtmlCacheBehavior [ RunTime:0.000357s ]
INFO: [ app_begin ] --END-- [ RunTime:0.000405s ]
SQL: SHOW COLUMNS FROM `report` [ RunTime:0.0021s ]
SQL: REPLACE INTO `report` (`uid`,`post_id`) VALUES ('34','2') [ RunTime:0.0713s ]

[ 2015-05-19T11:00:37+08:00 ] 127.0.0.1 /tourpal/index.php/Api/Report/addReport?post_id=2
INFO: [ app_init ] --START--
INFO: Run Behavior\BuildLiteBehavior [ RunTime:0.000017s ]
INFO: [ app_init ] --END-- [ RunTime:0.000378s ]
INFO: [ app_begin ] --START--
INFO: Run Behavior\ReadHtmlCacheBehavior [ RunTime:0.000427s ]
INFO: [ app_begin ] --END-- [ RunTime:0.000484s ]
SQL: SHOW COLUMNS FROM `report` [ RunTime:0.0022s ]
SQL: REPLACE INTO `report` (`uid`,`post_id`) VALUES ('34','2') [ RunTime:0.0393s ]

[ 2015-05-19T11:02:23+08:00 ] 127.0.0.1 /tourpal/index.php/Api/Report/addReport?post_id=2
INFO: [ app_init ] --START--
INFO: Run Behavior\BuildLiteBehavior [ RunTime:0.000015s ]
INFO: [ app_init ] --END-- [ RunTime:0.000522s ]
INFO: [ app_begin ] --START--
INFO: Run Behavior\ReadHtmlCacheBehavior [ RunTime:0.000598s ]
INFO: [ app_begin ] --END-- [ RunTime:0.000667s ]
SQL: SHOW COLUMNS FROM `report` [ RunTime:0.0022s ]
SQL: REPLACE INTO `report` (`uid`,`post_id`) VALUES ('34','2') [ RunTime:0.0546s ]

[ 2015-05-19T11:02:23+08:00 ] 127.0.0.1 /tourpal/index.php/Api/Report/addReport?post_id=2
INFO: [ app_init ] --START--
INFO: Run Behavior\BuildLiteBehavior [ RunTime:0.000012s ]
INFO: [ app_init ] --END-- [ RunTime:0.000266s ]
INFO: [ app_begin ] --START--
INFO: Run Behavior\ReadHtmlCacheBehavior [ RunTime:0.000444s ]
INFO: [ app_begin ] --END-- [ RunTime:0.000518s ]
SQL: SHOW COLUMNS FROM `report` [ RunTime:0.0021s ]
SQL: REPLACE INTO `report` (`uid`,`post_id`) VALUES ('34','2') [ RunTime:0.0623s ]

[ 2015-05-19T11:02:23+08:00 ] 127.0.0.1 /tourpal/index.php/Api/Report/addReport?post_id=2
INFO: [ app_init ] --START--
INFO: Run Behavior\BuildLiteBehavior [ RunTime:0.000015s ]
INFO: [ app_init ] --END-- [ RunTime:0.000381s ]
INFO: [ app_begin ] --START--
INFO: Run Behavior\ReadHtmlCacheBehavior [ RunTime:0.000370s ]
INFO: [ app_begin ] --END-- [ RunTime:0.000419s ]
SQL: SHOW COLUMNS FROM `report` [ RunTime:0.0022s ]
SQL: REPLACE INTO `report` (`uid`,`post_id`) VALUES ('34','2') [ RunTime:0.0539s ]

[ 2015-05-19T11:02:23+08:00 ] 127.0.0.1 /tourpal/index.php/Api/Report/addReport?post_id=2
INFO: [ app_init ] --START--
INFO: Run Behavior\BuildLiteBehavior [ RunTime:0.000014s ]
INFO: [ app_init ] --END-- [ RunTime:0.000304s ]
INFO: [ app_begin ] --START--
INFO: Run Behavior\ReadHtmlCacheBehavior [ RunTime:0.000399s ]
INFO: [ app_begin ] --END-- [ RunTime:0.000450s ]
SQL: SHOW COLUMNS FROM `report` [ RunTime:0.0021s ]
SQL: REPLACE INTO `report` (`uid`,`post_id`) VALUES ('34','2') [ RunTime:0.0964s ]

[ 2015-05-19T11:02:24+08:00 ] 127.0.0.1 /tourpal/index.php/Api/Report/addReport?post_id=2
INFO: [ app_init ] --START--
INFO: Run Behavior\BuildLiteBehavior [ RunTime:0.000014s ]
INFO: [ app_init ] --END-- [ RunTime:0.000299s ]
INFO: [ app_begin ] --START--
INFO: Run Behavior\ReadHtmlCacheBehavior [ RunTime:0.000438s ]
INFO: [ app_begin ] --END-- [ RunTime:0.000516s ]
SQL: SHOW COLUMNS FROM `report` [ RunTime:0.0020s ]
SQL: REPLACE INTO `report` (`uid`,`post_id`) VALUES ('34','2') [ RunTime:0.0557s ]

[ 2015-05-19T11:02:24+08:00 ] 127.0.0.1 /tourpal/index.php/Api/Report/addReport?post_id=2
INFO: [ app_init ] --START--
INFO: Run Behavior\BuildLiteBehavior [ RunTime:0.000015s ]
INFO: [ app_init ] --END-- [ RunTime:0.000324s ]
INFO: [ app_begin ] --START--
INFO: Run Behavior\ReadHtmlCacheBehavior [ RunTime:0.000433s ]
INFO: [ app_begin ] --END-- [ RunTime:0.000488s ]
SQL: SHOW COLUMNS FROM `report` [ RunTime:0.0025s ]
SQL: REPLACE INTO `report` (`uid`,`post_id`) VALUES ('34','2') [ RunTime:0.0515s ]

[ 2015-05-19T11:02:24+08:00 ] 127.0.0.1 /tourpal/index.php/Api/Report/addReport?post_id=2
INFO: [ app_init ] --START--
INFO: Run Behavior\BuildLiteBehavior [ RunTime:0.000014s ]
INFO: [ app_init ] --END-- [ RunTime:0.000311s ]
INFO: [ app_begin ] --START--
INFO: Run Behavior\ReadHtmlCacheBehavior [ RunTime:0.000441s ]
INFO: [ app_begin ] --END-- [ RunTime:0.000523s ]
SQL: SHOW COLUMNS FROM `report` [ RunTime:0.0033s ]
SQL: REPLACE INTO `report` (`uid`,`post_id`) VALUES ('34','2') [ RunTime:0.0480s ]

[ 2015-05-19T11:02:24+08:00 ] 127.0.0.1 /tourpal/index.php/Api/Report/addReport?post_id=2
INFO: [ app_init ] --START--
INFO: Run Behavior\BuildLiteBehavior [ RunTime:0.000014s ]
INFO: [ app_init ] --END-- [ RunTime:0.000285s ]
INFO: [ app_begin ] --START--
INFO: Run Behavior\ReadHtmlCacheBehavior [ RunTime:0.000367s ]
INFO: [ app_begin ] --END-- [ RunTime:0.000418s ]
SQL: SHOW COLUMNS FROM `report` [ RunTime:0.0021s ]
SQL: REPLACE INTO `report` (`uid`,`post_id`) VALUES ('34','2') [ RunTime:0.0489s ]

[ 2015-05-19T11:02:24+08:00 ] 127.0.0.1 /tourpal/index.php/Api/Report/addReport?post_id=2
INFO: [ app_init ] --START--
INFO: Run Behavior\BuildLiteBehavior [ RunTime:0.000015s ]
INFO: [ app_init ] --END-- [ RunTime:0.000295s ]
INFO: [ app_begin ] --START--
INFO: Run Behavior\ReadHtmlCacheBehavior [ RunTime:0.000388s ]
INFO: [ app_begin ] --END-- [ RunTime:0.000452s ]
SQL: SHOW COLUMNS FROM `report` [ RunTime:0.0024s ]
SQL: REPLACE INTO `report` (`uid`,`post_id`) VALUES ('34','2') [ RunTime:0.0527s ]

[ 2015-05-19T11:02:25+08:00 ] 127.0.0.1 /tourpal/index.php/Api/Report/addReport?post_id=2
INFO: [ app_init ] --START--
INFO: Run Behavior\BuildLiteBehavior [ RunTime:0.000023s ]
INFO: [ app_init ] --END-- [ RunTime:0.000526s ]
INFO: [ app_begin ] --START--
INFO: Run Behavior\ReadHtmlCacheBehavior [ RunTime:0.000713s ]
INFO: [ app_begin ] --END-- [ RunTime:0.000809s ]
SQL: SHOW COLUMNS FROM `report` [ RunTime:0.0022s ]
SQL: REPLACE INTO `report` (`uid`,`post_id`) VALUES ('34','2') [ RunTime:0.0323s ]

[ 2015-05-19T11:02:25+08:00 ] 127.0.0.1 /tourpal/index.php/Api/Report/addReport?post_id=2
INFO: [ app_init ] --START--
INFO: Run Behavior\BuildLiteBehavior [ RunTime:0.000014s ]
INFO: [ app_init ] --END-- [ RunTime:0.000312s ]
INFO: [ app_begin ] --START--
INFO: Run Behavior\ReadHtmlCacheBehavior [ RunTime:0.000418s ]
INFO: [ app_begin ] --END-- [ RunTime:0.000475s ]
SQL: SHOW COLUMNS FROM `report` [ RunTime:0.0023s ]
SQL: REPLACE INTO `report` (`uid`,`post_id`) VALUES ('34','2') [ RunTime:0.0428s ]

[ 2015-05-19T11:02:25+08:00 ] 127.0.0.1 /tourpal/index.php/Api/Report/addReport?post_id=2
INFO: [ app_init ] --START--
INFO: Run Behavior\BuildLiteBehavior [ RunTime:0.000011s ]
INFO: [ app_init ] --END-- [ RunTime:0.000261s ]
INFO: [ app_begin ] --START--
INFO: Run Behavior\ReadHtmlCacheBehavior [ RunTime:0.000341s ]
INFO: [ app_begin ] --END-- [ RunTime:0.000387s ]
SQL: SHOW COLUMNS FROM `report` [ RunTime:0.0020s ]
SQL: REPLACE INTO `report` (`uid`,`post_id`) VALUES ('34','2') [ RunTime:0.0337s ]

[ 2015-05-19T11:02:25+08:00 ] 127.0.0.1 /tourpal/index.php/Api/Report/addReport?post_id=2
INFO: [ app_init ] --START--
INFO: Run Behavior\BuildLiteBehavior [ RunTime:0.000012s ]
INFO: [ app_init ] --END-- [ RunTime:0.000260s ]
INFO: [ app_begin ] --START--
INFO: Run Behavior\ReadHtmlCacheBehavior [ RunTime:0.000349s ]
INFO: [ app_begin ] --END-- [ RunTime:0.000396s ]
SQL: SHOW COLUMNS FROM `report` [ RunTime:0.0021s ]
SQL: REPLACE INTO `report` (`uid`,`post_id`) VALUES ('34','2') [ RunTime:0.1015s ]

[ 2015-05-19T11:02:26+08:00 ] 127.0.0.1 /tourpal/index.php/Api/Report/addReport?post_id=2
INFO: [ app_init ] --START--
INFO: Run Behavior\BuildLiteBehavior [ RunTime:0.000014s ]
INFO: [ app_init ] --END-- [ RunTime:0.000287s ]
INFO: [ app_begin ] --START--
INFO: Run Behavior\ReadHtmlCacheBehavior [ RunTime:0.000379s ]
INFO: [ app_begin ] --END-- [ RunTime:0.000434s ]
SQL: SHOW COLUMNS FROM `report` [ RunTime:0.0026s ]
SQL: REPLACE INTO `report` (`uid`,`post_id`) VALUES ('34','2') [ RunTime:0.0660s ]

[ 2015-05-19T11:02:26+08:00 ] 127.0.0.1 /tourpal/index.php/Api/Report/addReport?post_id=2
INFO: [ app_init ] --START--
INFO: Run Behavior\BuildLiteBehavior [ RunTime:0.000014s ]
INFO: [ app_init ] --END-- [ RunTime:0.000289s ]
INFO: [ app_begin ] --START--
INFO: Run Behavior\ReadHtmlCacheBehavior [ RunTime:0.000379s ]
INFO: [ app_begin ] --END-- [ RunTime:0.000432s ]
SQL: SHOW COLUMNS FROM `report` [ RunTime:0.0023s ]
SQL: REPLACE INTO `report` (`uid`,`post_id`) VALUES ('34','2') [ RunTime:0.0636s ]

[ 2015-05-19T11:02:26+08:00 ] 127.0.0.1 /tourpal/index.php/Api/Report/addReport?post_id=2
INFO: [ app_init ] --START--
INFO: Run Behavior\BuildLiteBehavior [ RunTime:0.000015s ]
INFO: [ app_init ] --END-- [ RunTime:0.000299s ]
INFO: [ app_begin ] --START--
INFO: Run Behavior\ReadHtmlCacheBehavior [ RunTime:0.000524s ]
INFO: [ app_begin ] --END-- [ RunTime:0.000578s ]
SQL: SHOW COLUMNS FROM `report` [ RunTime:0.0026s ]
SQL: REPLACE INTO `report` (`uid`,`post_id`) VALUES ('34','2') [ RunTime:0.0340s ]

[ 2015-05-19T11:04:25+08:00 ] 127.0.0.1 /tourpal/index.php/Api/Report/addReport?post_id=2
INFO: [ app_init ] --START--
INFO: Run Behavior\BuildLiteBehavior [ RunTime:0.000013s ]
INFO: [ app_init ] --END-- [ RunTime:0.000322s ]
INFO: [ app_begin ] --START--
INFO: Run Behavior\ReadHtmlCacheBehavior [ RunTime:0.000445s ]
INFO: [ app_begin ] --END-- [ RunTime:0.000494s ]
SQL: SHOW COLUMNS FROM `report` [ RunTime:0.0021s ]
SQL: REPLACE INTO `report` (`uid`,`post_id`) VALUES ('34','2') [ RunTime:0.0607s ]

[ 2015-05-19T11:04:26+08:00 ] 127.0.0.1 /tourpal/index.php/Api/Report/addReport?post_id=2
INFO: [ app_init ] --START--
INFO: Run Behavior\BuildLiteBehavior [ RunTime:0.000017s ]
INFO: [ app_init ] --END-- [ RunTime:0.000485s ]
INFO: [ app_begin ] --START--
INFO: Run Behavior\ReadHtmlCacheBehavior [ RunTime:0.000607s ]
INFO: [ app_begin ] --END-- [ RunTime:0.000690s ]
SQL: SHOW COLUMNS FROM `report` [ RunTime:0.0027s ]
SQL: REPLACE INTO `report` (`uid`,`post_id`) VALUES ('34','2') [ RunTime:0.0371s ]

[ 2015-05-19T11:04:26+08:00 ] 127.0.0.1 /tourpal/index.php/Api/Report/addReport?post_id=2
INFO: [ app_init ] --START--
INFO: Run Behavior\BuildLiteBehavior [ RunTime:0.000013s ]
INFO: [ app_init ] --END-- [ RunTime:0.000277s ]
INFO: [ app_begin ] --START--
INFO: Run Behavior\ReadHtmlCacheBehavior [ RunTime:0.000372s ]
INFO: [ app_begin ] --END-- [ RunTime:0.000420s ]
SQL: SHOW COLUMNS FROM `report` [ RunTime:0.0021s ]
SQL: REPLACE INTO `report` (`uid`,`post_id`) VALUES ('34','2') [ RunTime:0.0308s ]

[ 2015-05-19T11:04:26+08:00 ] 127.0.0.1 /tourpal/index.php/Api/Report/addReport?post_id=2
INFO: [ app_init ] --START--
INFO: Run Behavior\BuildLiteBehavior [ RunTime:0.000013s ]
INFO: [ app_init ] --END-- [ RunTime:0.000295s ]
INFO: [ app_begin ] --START--
INFO: Run Behavior\ReadHtmlCacheBehavior [ RunTime:0.000372s ]
INFO: [ app_begin ] --END-- [ RunTime:0.000426s ]
SQL: SHOW COLUMNS FROM `report` [ RunTime:0.0022s ]
SQL: REPLACE INTO `report` (`uid`,`post_id`) VALUES ('34','2') [ RunTime:0.0314s ]

[ 2015-05-19T11:04:26+08:00 ] 127.0.0.1 /tourpal/index.php/Api/Report/addReport?post_id=2
INFO: [ app_init ] --START--
INFO: Run Behavior\BuildLiteBehavior [ RunTime:0.000013s ]
INFO: [ app_init ] --END-- [ RunTime:0.000270s ]
INFO: [ app_begin ] --START--
INFO: Run Behavior\ReadHtmlCacheBehavior [ RunTime:0.000353s ]
INFO: [ app_begin ] --END-- [ RunTime:0.000398s ]
SQL: SHOW COLUMNS FROM `report` [ RunTime:0.0021s ]
SQL: REPLACE INTO `report` (`uid`,`post_id`) VALUES ('34','2') [ RunTime:0.0360s ]

[ 2015-05-19T11:10:25+08:00 ] 127.0.0.1 /tourpal/index.php/Api/Posts/postDetail?post_id=117
INFO: [ app_init ] --START--
INFO: Run Behavior\BuildLiteBehavior [ RunTime:0.000013s ]
INFO: [ app_init ] --END-- [ RunTime:0.000320s ]
INFO: [ app_begin ] --START--
INFO: Run Behavior\ReadHtmlCacheBehavior [ RunTime:0.000474s ]
INFO: [ app_begin ] --END-- [ RunTime:0.000524s ]
SQL: SHOW COLUMNS FROM `posts` [ RunTime:0.0024s ]
SQL: SELECT * FROM `posts` WHERE `id` = 117 AND `is_delete` <> 1 LIMIT 1   [ RunTime:0.0004s ]
SQL: SHOW COLUMNS FROM `post_img` [ RunTime:0.0019s ]
SQL: SELECT `img` FROM `post_img` WHERE `post_id` = 117  [ RunTime:0.0002s ]
SQL: SHOW COLUMNS FROM `post_dest_v2` [ RunTime:0.0019s ]
SQL: SELECT `dest_id` FROM `post_dest_v2` WHERE `post_id` = 117  [ RunTime:0.0002s ]
SQL: SHOW COLUMNS FROM `user` [ RunTime:0.0023s ]
SQL: SELECT * FROM `user` WHERE `id` = 3 LIMIT 1   [ RunTime:0.0003s ]
SQL: SHOW COLUMNS FROM `liked` [ RunTime:0.0020s ]
SQL: SELECT * FROM `liked` WHERE `uid` = 34 AND `post_id` IN ('117')  [ RunTime:0.0003s ]
SQL: SELECT COUNT(*) AS tp_count FROM `liked` WHERE `post_id` = 117 LIMIT 1   [ RunTime:0.0003s ]
SQL: SHOW COLUMNS FROM `views` [ RunTime:0.0018s ]
SQL: SELECT `cnt` FROM `views` WHERE `post_id` = 117 LIMIT 1   [ RunTime:0.0002s ]
SQL: SHOW COLUMNS FROM `post_tag` [ RunTime:0.0019s ]
SQL: SELECT `tag_id` FROM `post_tag` WHERE `post_id` = 117  [ RunTime:0.0003s ]
SQL: SHOW COLUMNS FROM `tags` [ RunTime:0.0021s ]
SQL: SHOW COLUMNS FROM `views` [ RunTime:0.0017s ]
SQL: insert into `views` (post_id, cnt) values (117, 1) on duplicate key update cnt = cnt + 1 [ RunTime:0.0552s ]
SQL: SHOW COLUMNS FROM `liked` [ RunTime:0.0041s ]
SQL: SELECT * FROM `liked` WHERE `post_id` = 117 GROUP BY uid, post_id ORDER BY id desc  [ RunTime:0.0007s ]
SQL: SHOW COLUMNS FROM `user` [ RunTime:0.0040s ]
SQL: SELECT * FROM `user` WHERE `id` IN ('44','41')  [ RunTime:0.0007s ]
SQL: SHOW COLUMNS FROM `post_dest_v2` [ RunTime:0.0033s ]
SQL: SELECT `post_id`,`dest_id` FROM `post_dest_v2` WHERE `post_id` IN ('117','117')  [ RunTime:0.0004s ]
SQL: SHOW COLUMNS FROM `dest_v2` [ RunTime:0.0031s ]
NOTIC: [8] Undefined index: 117 E:\xampp\htdocs\tourpal\Application\Service\Model\LikedModel.class.php 第 228 行.
NOTIC: [8] Undefined index: 117 E:\xampp\htdocs\tourpal\Application\Service\Model\LikedModel.class.php 第 228 行.

[ 2015-05-19T11:10:27+08:00 ] 127.0.0.1 /tourpal/index.php/Api/Posts/postDetail?post_id=117
INFO: [ app_init ] --START--
INFO: Run Behavior\BuildLiteBehavior [ RunTime:0.000011s ]
INFO: [ app_init ] --END-- [ RunTime:0.000271s ]
INFO: [ app_begin ] --START--
INFO: Run Behavior\ReadHtmlCacheBehavior [ RunTime:0.000392s ]
INFO: [ app_begin ] --END-- [ RunTime:0.000442s ]
SQL: SHOW COLUMNS FROM `posts` [ RunTime:0.0024s ]
SQL: SELECT * FROM `posts` WHERE `id` = 117 AND `is_delete` <> 1 LIMIT 1   [ RunTime:0.0005s ]
SQL: SHOW COLUMNS FROM `post_img` [ RunTime:0.0019s ]
SQL: SELECT `img` FROM `post_img` WHERE `post_id` = 117  [ RunTime:0.0003s ]
SQL: SHOW COLUMNS FROM `post_dest_v2` [ RunTime:0.0019s ]
SQL: SELECT `dest_id` FROM `post_dest_v2` WHERE `post_id` = 117  [ RunTime:0.0003s ]
SQL: SHOW COLUMNS FROM `user` [ RunTime:0.0022s ]
SQL: SELECT * FROM `user` WHERE `id` = 3 LIMIT 1   [ RunTime:0.0004s ]
SQL: SHOW COLUMNS FROM `liked` [ RunTime:0.0022s ]
SQL: SELECT * FROM `liked` WHERE `uid` = 34 AND `post_id` IN ('117')  [ RunTime:0.0004s ]
SQL: SELECT COUNT(*) AS tp_count FROM `liked` WHERE `post_id` = 117 LIMIT 1   [ RunTime:0.0003s ]
SQL: SHOW COLUMNS FROM `views` [ RunTime:0.0019s ]
SQL: SELECT `cnt` FROM `views` WHERE `post_id` = 117 LIMIT 1   [ RunTime:0.0002s ]
SQL: SHOW COLUMNS FROM `post_tag` [ RunTime:0.0019s ]
SQL: SELECT `tag_id` FROM `post_tag` WHERE `post_id` = 117  [ RunTime:0.0003s ]
SQL: SHOW COLUMNS FROM `tags` [ RunTime:0.0018s ]
SQL: SHOW COLUMNS FROM `views` [ RunTime:0.0018s ]
SQL: insert into `views` (post_id, cnt) values (117, 1) on duplicate key update cnt = cnt + 1 [ RunTime:0.0631s ]
SQL: SHOW COLUMNS FROM `liked` [ RunTime:0.0023s ]
SQL: SELECT * FROM `liked` WHERE `post_id` = 117 GROUP BY uid, post_id ORDER BY id desc  [ RunTime:0.0005s ]
SQL: SHOW COLUMNS FROM `user` [ RunTime:0.0023s ]
SQL: SELECT * FROM `user` WHERE `id` IN ('44','41')  [ RunTime:0.0004s ]
SQL: SHOW COLUMNS FROM `post_dest_v2` [ RunTime:0.0021s ]
SQL: SELECT `post_id`,`dest_id` FROM `post_dest_v2` WHERE `post_id` IN ('117','117')  [ RunTime:0.0004s ]
SQL: SHOW COLUMNS FROM `dest_v2` [ RunTime:0.0022s ]
NOTIC: [8] Undefined index: 117 E:\xampp\htdocs\tourpal\Application\Service\Model\LikedModel.class.php 第 228 行.
NOTIC: [8] Undefined index: 117 E:\xampp\htdocs\tourpal\Application\Service\Model\LikedModel.class.php 第 228 行.

[ 2015-05-19T11:10:29+08:00 ] 127.0.0.1 /tourpal/index.php/Api/Posts/postDetail?post_id=117
INFO: [ app_init ] --START--
INFO: Run Behavior\BuildLiteBehavior [ RunTime:0.000013s ]
INFO: [ app_init ] --END-- [ RunTime:0.000274s ]
INFO: [ app_begin ] --START--
INFO: Run Behavior\ReadHtmlCacheBehavior [ RunTime:0.000369s ]
INFO: [ app_begin ] --END-- [ RunTime:0.000417s ]
SQL: SHOW COLUMNS FROM `posts` [ RunTime:0.0024s ]
SQL: SELECT * FROM `posts` WHERE `id` = 117 AND `is_delete` <> 1 LIMIT 1   [ RunTime:0.0004s ]
SQL: SHOW COLUMNS FROM `post_img` [ RunTime:0.0019s ]
SQL: SELECT `img` FROM `post_img` WHERE `post_id` = 117  [ RunTime:0.0003s ]
SQL: SHOW COLUMNS FROM `post_dest_v2` [ RunTime:0.0019s ]
SQL: SELECT `dest_id` FROM `post_dest_v2` WHERE `post_id` = 117  [ RunTime:0.0002s ]
SQL: SHOW COLUMNS FROM `user` [ RunTime:0.0021s ]
SQL: SELECT * FROM `user` WHERE `id` = 3 LIMIT 1   [ RunTime:0.0004s ]
SQL: SHOW COLUMNS FROM `liked` [ RunTime:0.0021s ]
SQL: SELECT * FROM `liked` WHERE `uid` = 34 AND `post_id` IN ('117')  [ RunTime:0.0003s ]
SQL: SELECT COUNT(*) AS tp_count FROM `liked` WHERE `post_id` = 117 LIMIT 1   [ RunTime:0.0002s ]
SQL: SHOW COLUMNS FROM `views` [ RunTime:0.0019s ]
SQL: SELECT `cnt` FROM `views` WHERE `post_id` = 117 LIMIT 1   [ RunTime:0.0002s ]
SQL: SHOW COLUMNS FROM `post_tag` [ RunTime:0.0020s ]
SQL: SELECT `tag_id` FROM `post_tag` WHERE `post_id` = 117  [ RunTime:0.0003s ]
SQL: SHOW COLUMNS FROM `tags` [ RunTime:0.0019s ]
SQL: SHOW COLUMNS FROM `views` [ RunTime:0.0018s ]
SQL: insert into `views` (post_id, cnt) values (117, 1) on duplicate key update cnt = cnt + 1 [ RunTime:0.0445s ]
SQL: SHOW COLUMNS FROM `liked` [ RunTime:0.0027s ]
SQL: SELECT * FROM `liked` WHERE `post_id` = 117 GROUP BY uid, post_id ORDER BY id desc  [ RunTime:0.0007s ]
SQL: SHOW COLUMNS FROM `user` [ RunTime:0.0025s ]
SQL: SELECT * FROM `user` WHERE `id` IN ('44','41')  [ RunTime:0.0005s ]
SQL: SHOW COLUMNS FROM `post_dest_v2` [ RunTime:0.0026s ]
SQL: SELECT `post_id`,`dest_id` FROM `post_dest_v2` WHERE `post_id` IN ('117','117')  [ RunTime:0.0003s ]
SQL: SHOW COLUMNS FROM `dest_v2` [ RunTime:0.0022s ]
NOTIC: [8] Undefined index: 117 E:\xampp\htdocs\tourpal\Application\Service\Model\LikedModel.class.php 第 228 行.
NOTIC: [8] Undefined index: 117 E:\xampp\htdocs\tourpal\Application\Service\Model\LikedModel.class.php 第 228 行.

[ 2015-05-19T11:10:30+08:00 ] 127.0.0.1 /tourpal/index.php/Api/Posts/postDetail?post_id=117
INFO: [ app_init ] --START--
INFO: Run Behavior\BuildLiteBehavior [ RunTime:0.000012s ]
INFO: [ app_init ] --END-- [ RunTime:0.000278s ]
INFO: [ app_begin ] --START--
INFO: Run Behavior\ReadHtmlCacheBehavior [ RunTime:0.000369s ]
INFO: [ app_begin ] --END-- [ RunTime:0.000415s ]
SQL: SHOW COLUMNS FROM `posts` [ RunTime:0.0027s ]
SQL: SELECT * FROM `posts` WHERE `id` = 117 AND `is_delete` <> 1 LIMIT 1   [ RunTime:0.0004s ]
SQL: SHOW COLUMNS FROM `post_img` [ RunTime:0.0020s ]
SQL: SELECT `img` FROM `post_img` WHERE `post_id` = 117  [ RunTime:0.0003s ]
SQL: SHOW COLUMNS FROM `post_dest_v2` [ RunTime:0.0022s ]
SQL: SELECT `dest_id` FROM `post_dest_v2` WHERE `post_id` = 117  [ RunTime:0.0003s ]
SQL: SHOW COLUMNS FROM `user` [ RunTime:0.0023s ]
SQL: SELECT * FROM `user` WHERE `id` = 3 LIMIT 1   [ RunTime:0.0003s ]
SQL: SHOW COLUMNS FROM `liked` [ RunTime:0.0024s ]
SQL: SELECT * FROM `liked` WHERE `uid` = 34 AND `post_id` IN ('117')  [ RunTime:0.0003s ]
SQL: SELECT COUNT(*) AS tp_count FROM `liked` WHERE `post_id` = 117 LIMIT 1   [ RunTime:0.0002s ]
SQL: SHOW COLUMNS FROM `views` [ RunTime:0.0018s ]
SQL: SELECT `cnt` FROM `views` WHERE `post_id` = 117 LIMIT 1   [ RunTime:0.0002s ]
SQL: SHOW COLUMNS FROM `post_tag` [ RunTime:0.0018s ]
SQL: SELECT `tag_id` FROM `post_tag` WHERE `post_id` = 117  [ RunTime:0.0002s ]
SQL: SHOW COLUMNS FROM `tags` [ RunTime:0.0020s ]
SQL: SHOW COLUMNS FROM `views` [ RunTime:0.0018s ]
SQL: insert into `views` (post_id, cnt) values (117, 1) on duplicate key update cnt = cnt + 1 [ RunTime:0.0496s ]
SQL: SHOW COLUMNS FROM `liked` [ RunTime:0.0023s ]
SQL: SELECT * FROM `liked` WHERE `post_id` = 117 GROUP BY uid, post_id ORDER BY id desc  [ RunTime:0.0005s ]
SQL: SHOW COLUMNS FROM `user` [ RunTime:0.0025s ]
SQL: SELECT * FROM `user` WHERE `id` IN ('44','41')  [ RunTime:0.0005s ]
SQL: SHOW COLUMNS FROM `post_dest_v2` [ RunTime:0.0023s ]
SQL: SELECT `post_id`,`dest_id` FROM `post_dest_v2` WHERE `post_id` IN ('117','117')  [ RunTime:0.0003s ]
SQL: SHOW COLUMNS FROM `dest_v2` [ RunTime:0.0020s ]
NOTIC: [8] Undefined index: 117 E:\xampp\htdocs\tourpal\Application\Service\Model\LikedModel.class.php 第 228 行.
NOTIC: [8] Undefined index: 117 E:\xampp\htdocs\tourpal\Application\Service\Model\LikedModel.class.php 第 228 行.

[ 2015-05-19T11:11:23+08:00 ] 127.0.0.1 /tourpal/index.php/Api/Posts/postDetail?post_id=296
INFO: [ app_init ] --START--
INFO: Run Behavior\BuildLiteBehavior [ RunTime:0.000018s ]
INFO: [ app_init ] --END-- [ RunTime:0.000376s ]
INFO: [ app_begin ] --START--
INFO: Run Behavior\ReadHtmlCacheBehavior [ RunTime:0.000477s ]
INFO: [ app_begin ] --END-- [ RunTime:0.000540s ]
SQL: SHOW COLUMNS FROM `posts` [ RunTime:0.0024s ]
SQL: SELECT * FROM `posts` WHERE `id` = 296 AND `is_delete` <> 1 LIMIT 1   [ RunTime:0.0005s ]
SQL: SHOW COLUMNS FROM `post_img` [ RunTime:0.0019s ]
SQL: SELECT `img` FROM `post_img` WHERE `post_id` = 296  [ RunTime:0.0003s ]
SQL: SHOW COLUMNS FROM `post_dest_v2` [ RunTime:0.0019s ]
SQL: SELECT `dest_id` FROM `post_dest_v2` WHERE `post_id` = 296  [ RunTime:0.0003s ]
SQL: SHOW COLUMNS FROM `dest_v2` [ RunTime:0.0021s ]
SQL: SELECT `id`,`place`,`desc` FROM `dest_v2` WHERE `id` IN ('286','50')  [ RunTime:0.0003s ]
SQL: SHOW COLUMNS FROM `user` [ RunTime:0.0021s ]
SQL: SELECT * FROM `user` WHERE `id` = 35 LIMIT 1   [ RunTime:0.0004s ]
SQL: SHOW COLUMNS FROM `liked` [ RunTime:0.0021s ]
SQL: SELECT * FROM `liked` WHERE `uid` = 34 AND `post_id` IN ('296')  [ RunTime:0.0003s ]
SQL: SELECT COUNT(*) AS tp_count FROM `liked` WHERE `post_id` = 296 LIMIT 1   [ RunTime:0.0002s ]
SQL: SHOW COLUMNS FROM `views` [ RunTime:0.0017s ]
SQL: SELECT `cnt` FROM `views` WHERE `post_id` = 296 LIMIT 1   [ RunTime:0.0002s ]
SQL: SHOW COLUMNS FROM `post_tag` [ RunTime:0.0018s ]
SQL: SELECT `tag_id` FROM `post_tag` WHERE `post_id` = 296  [ RunTime:0.0002s ]
SQL: SHOW COLUMNS FROM `tags` [ RunTime:0.0018s ]
SQL: SHOW COLUMNS FROM `views` [ RunTime:0.0018s ]
SQL: insert into `views` (post_id, cnt) values (296, 1) on duplicate key update cnt = cnt + 1 [ RunTime:0.0791s ]
SQL: SHOW COLUMNS FROM `liked` [ RunTime:0.0045s ]
SQL: SELECT * FROM `liked` WHERE `post_id` = 296 GROUP BY uid, post_id ORDER BY id desc  [ RunTime:0.0007s ]

[ 2015-05-19T11:11:27+08:00 ] 127.0.0.1 /tourpal/index.php/Api/Posts/postDetail?post_id=296
INFO: [ app_init ] --START--
INFO: Run Behavior\BuildLiteBehavior [ RunTime:0.000019s ]
INFO: [ app_init ] --END-- [ RunTime:0.000409s ]
INFO: [ app_begin ] --START--
INFO: Run Behavior\ReadHtmlCacheBehavior [ RunTime:0.000565s ]
INFO: [ app_begin ] --END-- [ RunTime:0.000660s ]
SQL: SHOW COLUMNS FROM `posts` [ RunTime:0.0025s ]
SQL: SELECT * FROM `posts` WHERE `id` = 296 AND `is_delete` <> 1 LIMIT 1   [ RunTime:0.0004s ]
SQL: SHOW COLUMNS FROM `post_img` [ RunTime:0.0020s ]
SQL: SELECT `img` FROM `post_img` WHERE `post_id` = 296  [ RunTime:0.0003s ]
SQL: SHOW COLUMNS FROM `post_dest_v2` [ RunTime:0.0021s ]
SQL: SELECT `dest_id` FROM `post_dest_v2` WHERE `post_id` = 296  [ RunTime:0.0002s ]
SQL: SHOW COLUMNS FROM `dest_v2` [ RunTime:0.0024s ]
SQL: SELECT `id`,`place`,`desc` FROM `dest_v2` WHERE `id` IN ('286','50')  [ RunTime:0.0003s ]
SQL: SHOW COLUMNS FROM `user` [ RunTime:0.0023s ]
SQL: SELECT * FROM `user` WHERE `id` = 35 LIMIT 1   [ RunTime:0.0003s ]
SQL: SHOW COLUMNS FROM `liked` [ RunTime:0.0019s ]
SQL: SELECT * FROM `liked` WHERE `uid` = 34 AND `post_id` IN ('296')  [ RunTime:0.0003s ]
SQL: SELECT COUNT(*) AS tp_count FROM `liked` WHERE `post_id` = 296 LIMIT 1   [ RunTime:0.0002s ]
SQL: SHOW COLUMNS FROM `views` [ RunTime:0.0020s ]
SQL: SELECT `cnt` FROM `views` WHERE `post_id` = 296 LIMIT 1   [ RunTime:0.0003s ]
SQL: SHOW COLUMNS FROM `post_tag` [ RunTime:0.0021s ]
SQL: SELECT `tag_id` FROM `post_tag` WHERE `post_id` = 296  [ RunTime:0.0002s ]
SQL: SHOW COLUMNS FROM `tags` [ RunTime:0.0018s ]
SQL: SHOW COLUMNS FROM `views` [ RunTime:0.0017s ]
SQL: insert into `views` (post_id, cnt) values (296, 1) on duplicate key update cnt = cnt + 1 [ RunTime:0.0358s ]
SQL: SHOW COLUMNS FROM `liked` [ RunTime:0.0025s ]
SQL: SELECT * FROM `liked` WHERE `post_id` = 296 GROUP BY uid, post_id ORDER BY id desc  [ RunTime:0.0004s ]

[ 2015-05-19T11:11:28+08:00 ] 127.0.0.1 /tourpal/index.php/Api/Posts/postDetail?post_id=296
INFO: [ app_init ] --START--
INFO: Run Behavior\BuildLiteBehavior [ RunTime:0.000020s ]
INFO: [ app_init ] --END-- [ RunTime:0.000449s ]
INFO: [ app_begin ] --START--
INFO: Run Behavior\ReadHtmlCacheBehavior [ RunTime:0.000592s ]
INFO: [ app_begin ] --END-- [ RunTime:0.000673s ]
SQL: SHOW COLUMNS FROM `posts` [ RunTime:0.0025s ]
SQL: SELECT * FROM `posts` WHERE `id` = 296 AND `is_delete` <> 1 LIMIT 1   [ RunTime:0.0005s ]
SQL: SHOW COLUMNS FROM `post_img` [ RunTime:0.0019s ]
SQL: SELECT `img` FROM `post_img` WHERE `post_id` = 296  [ RunTime:0.0003s ]
SQL: SHOW COLUMNS FROM `post_dest_v2` [ RunTime:0.0021s ]
SQL: SELECT `dest_id` FROM `post_dest_v2` WHERE `post_id` = 296  [ RunTime:0.0003s ]
SQL: SHOW COLUMNS FROM `dest_v2` [ RunTime:0.0025s ]
SQL: SELECT `id`,`place`,`desc` FROM `dest_v2` WHERE `id` IN ('286','50')  [ RunTime:0.0004s ]
SQL: SHOW COLUMNS FROM `user` [ RunTime:0.0023s ]
SQL: SELECT * FROM `user` WHERE `id` = 35 LIMIT 1   [ RunTime:0.0004s ]
SQL: SHOW COLUMNS FROM `liked` [ RunTime:0.0021s ]
SQL: SELECT * FROM `liked` WHERE `uid` = 34 AND `post_id` IN ('296')  [ RunTime:0.0003s ]
SQL: SELECT COUNT(*) AS tp_count FROM `liked` WHERE `post_id` = 296 LIMIT 1   [ RunTime:0.0002s ]
SQL: SHOW COLUMNS FROM `views` [ RunTime:0.0019s ]
SQL: SELECT `cnt` FROM `views` WHERE `post_id` = 296 LIMIT 1   [ RunTime:0.0002s ]
SQL: SHOW COLUMNS FROM `post_tag` [ RunTime:0.0019s ]
SQL: SELECT `tag_id` FROM `post_tag` WHERE `post_id` = 296  [ RunTime:0.0002s ]
SQL: SHOW COLUMNS FROM `tags` [ RunTime:0.0022s ]
SQL: SHOW COLUMNS FROM `views` [ RunTime:0.0019s ]
SQL: insert into `views` (post_id, cnt) values (296, 1) on duplicate key update cnt = cnt + 1 [ RunTime:0.0510s ]
SQL: SHOW COLUMNS FROM `liked` [ RunTime:0.0023s ]
SQL: SELECT * FROM `liked` WHERE `post_id` = 296 GROUP BY uid, post_id ORDER BY id desc  [ RunTime:0.0004s ]

[ 2015-05-19T11:11:28+08:00 ] 127.0.0.1 /tourpal/index.php/Api/Posts/postDetail?post_id=296
INFO: [ app_init ] --START--
INFO: Run Behavior\BuildLiteBehavior [ RunTime:0.000014s ]
INFO: [ app_init ] --END-- [ RunTime:0.000295s ]
INFO: [ app_begin ] --START--
INFO: Run Behavior\ReadHtmlCacheBehavior [ RunTime:0.000413s ]
INFO: [ app_begin ] --END-- [ RunTime:0.000485s ]
SQL: SHOW COLUMNS FROM `posts` [ RunTime:0.0025s ]
SQL: SELECT * FROM `posts` WHERE `id` = 296 AND `is_delete` <> 1 LIMIT 1   [ RunTime:0.0005s ]
SQL: SHOW COLUMNS FROM `post_img` [ RunTime:0.0022s ]
SQL: SELECT `img` FROM `post_img` WHERE `post_id` = 296  [ RunTime:0.0004s ]
SQL: SHOW COLUMNS FROM `post_dest_v2` [ RunTime:0.0021s ]
SQL: SELECT `dest_id` FROM `post_dest_v2` WHERE `post_id` = 296  [ RunTime:0.0003s ]
SQL: SHOW COLUMNS FROM `dest_v2` [ RunTime:0.0029s ]
SQL: SELECT `id`,`place`,`desc` FROM `dest_v2` WHERE `id` IN ('286','50')  [ RunTime:0.0004s ]
SQL: SHOW COLUMNS FROM `user` [ RunTime:0.0024s ]
SQL: SELECT * FROM `user` WHERE `id` = 35 LIMIT 1   [ RunTime:0.0004s ]
SQL: SHOW COLUMNS FROM `liked` [ RunTime:0.0022s ]
SQL: SELECT * FROM `liked` WHERE `uid` = 34 AND `post_id` IN ('296')  [ RunTime:0.0004s ]
SQL: SELECT COUNT(*) AS tp_count FROM `liked` WHERE `post_id` = 296 LIMIT 1   [ RunTime:0.0002s ]
SQL: SHOW COLUMNS FROM `views` [ RunTime:0.0018s ]
SQL: SELECT `cnt` FROM `views` WHERE `post_id` = 296 LIMIT 1   [ RunTime:0.0002s ]
SQL: SHOW COLUMNS FROM `post_tag` [ RunTime:0.0020s ]
SQL: SELECT `tag_id` FROM `post_tag` WHERE `post_id` = 296  [ RunTime:0.0002s ]
SQL: SHOW COLUMNS FROM `tags` [ RunTime:0.0018s ]
SQL: SHOW COLUMNS FROM `views` [ RunTime:0.0017s ]
SQL: insert into `views` (post_id, cnt) values (296, 1) on duplicate key update cnt = cnt + 1 [ RunTime:0.0376s ]
SQL: SHOW COLUMNS FROM `liked` [ RunTime:0.0023s ]
SQL: SELECT * FROM `liked` WHERE `post_id` = 296 GROUP BY uid, post_id ORDER BY id desc  [ RunTime:0.0004s ]

[ 2015-05-19T16:57:19+08:00 ] 127.0.0.1 /tourpal/index.php/Api/Posts/postDetail?post_id=296
INFO: [ app_init ] --START--
INFO: Run Behavior\BuildLiteBehavior [ RunTime:0.000013s ]
INFO: [ app_init ] --END-- [ RunTime:0.000332s ]
INFO: [ app_begin ] --START--
INFO: Run Behavior\ReadHtmlCacheBehavior [ RunTime:0.000465s ]
INFO: [ app_begin ] --END-- [ RunTime:0.000514s ]
SQL: SHOW COLUMNS FROM `posts` [ RunTime:0.0238s ]
SQL: SELECT * FROM `posts` WHERE `id` = 296 AND `is_delete` <> 1 LIMIT 1   [ RunTime:0.0005s ]
SQL: SHOW COLUMNS FROM `post_img` [ RunTime:0.0019s ]
SQL: SELECT `img` FROM `post_img` WHERE `post_id` = 296  [ RunTime:0.0003s ]
SQL: SHOW COLUMNS FROM `post_dest_v2` [ RunTime:0.0019s ]
SQL: SELECT `dest_id` FROM `post_dest_v2` WHERE `post_id` = 296  [ RunTime:0.0002s ]
SQL: SHOW COLUMNS FROM `dest_v2` [ RunTime:0.0022s ]
SQL: SELECT `id`,`place`,`desc` FROM `dest_v2` WHERE `id` IN ('286','50')  [ RunTime:0.0003s ]
SQL: SHOW COLUMNS FROM `user` [ RunTime:0.0024s ]
SQL: SELECT * FROM `user` WHERE `id` = 35 LIMIT 1   [ RunTime:0.0003s ]
SQL: SHOW COLUMNS FROM `liked` [ RunTime:0.0019s ]
SQL: SELECT * FROM `liked` WHERE `uid` = 34 AND `post_id` IN ('296')  [ RunTime:0.0003s ]
SQL: SELECT COUNT(*) AS tp_count FROM `liked` WHERE `post_id` = 296 LIMIT 1   [ RunTime:0.0002s ]
SQL: SHOW COLUMNS FROM `views` [ RunTime:0.0017s ]
SQL: SELECT `cnt` FROM `views` WHERE `post_id` = 296 LIMIT 1   [ RunTime:0.0002s ]
SQL: SHOW COLUMNS FROM `post_tag` [ RunTime:0.0019s ]
SQL: SELECT `tag_id` FROM `post_tag` WHERE `post_id` = 296  [ RunTime:0.0002s ]
SQL: SHOW COLUMNS FROM `tags` [ RunTime:0.0017s ]
SQL: SHOW COLUMNS FROM `views` [ RunTime:0.0017s ]
SQL: insert into `views` (post_id, cnt) values (296, 1) on duplicate key update cnt = cnt + 1 [ RunTime:0.0481s ]
SQL: SHOW COLUMNS FROM `liked` [ RunTime:0.0044s ]
SQL: SELECT * FROM `liked` WHERE `post_id` = 296 GROUP BY uid, post_id ORDER BY id desc  [ RunTime:0.0007s ]

[ 2015-05-19T16:59:03+08:00 ] 127.0.0.1 /tourpal/index.php/Api/Images/
INFO: [ app_init ] --START--
INFO: Run Behavior\BuildLiteBehavior [ RunTime:0.000012s ]
INFO: [ app_init ] --END-- [ RunTime:0.000334s ]
INFO: [ app_begin ] --START--
INFO: Run Behavior\ReadHtmlCacheBehavior [ RunTime:0.000449s ]
INFO: [ app_begin ] --END-- [ RunTime:0.000498s ]
INFO: [ view_parse ] --START--
INFO: Run Behavior\ParseTemplateBehavior [ RunTime:0.035093s ]
INFO: [ view_parse ] --END-- [ RunTime:0.035164s ]
INFO: [ view_filter ] --START--
INFO: Run Behavior\WriteHtmlCacheBehavior [ RunTime:0.000356s ]
INFO: [ view_filter ] --END-- [ RunTime:0.000399s ]
INFO: [ app_end ] --START--
INFO: Run Behavior\ShowPageTraceBehavior [ RunTime:0.000459s ]
INFO: [ app_end ] --END-- [ RunTime:0.000503s ]

[ 2015-05-19T16:59:18+08:00 ] 127.0.0.1 /tourpal/index.php/Api/Images/upload
INFO: [ app_init ] --START--
INFO: Run Behavior\BuildLiteBehavior [ RunTime:0.000025s ]
INFO: [ app_init ] --END-- [ RunTime:0.000618s ]
INFO: [ app_begin ] --START--
INFO: Run Behavior\ReadHtmlCacheBehavior [ RunTime:0.000823s ]
INFO: [ app_begin ] --END-- [ RunTime:0.000936s ]
NOTIC: [8] Undefined index: id E:\xampp\htdocs\tourpal\Application\Api\Controller\ImagesController.class.php 第 31 行.
NOTIC: [2] call_user_func() expects parameter 1 to be a valid callback, no array or string given E:\xampp\htdocs\tourpal\ThinkPHP\Library\Think\Upload.class.php 第 170 行.
SQL: SHOW COLUMNS FROM `post_img` [ RunTime:0.0234s ]

[ 2015-05-19T17:27:19+08:00 ] 127.0.0.1 /tourpal/index.php/Api/Posts/postDetail?post_id=296
INFO: [ app_init ] --START--
INFO: Run Behavior\BuildLiteBehavior [ RunTime:0.000022s ]
INFO: [ app_init ] --END-- [ RunTime:0.000585s ]
INFO: [ app_begin ] --START--
INFO: Run Behavior\ReadHtmlCacheBehavior [ RunTime:0.000795s ]
INFO: [ app_begin ] --END-- [ RunTime:0.000868s ]
SQL: SHOW COLUMNS FROM `posts` [ RunTime:0.0029s ]
SQL: SELECT * FROM `posts` WHERE `id` = 296 AND `is_delete` <> 1 LIMIT 1   [ RunTime:0.0006s ]
SQL: SHOW COLUMNS FROM `post_img` [ RunTime:0.0023s ]
SQL: SELECT `img` FROM `post_img` WHERE `post_id` = 296  [ RunTime:0.0004s ]
SQL: SHOW COLUMNS FROM `post_dest_v2` [ RunTime:0.0022s ]
SQL: SELECT `dest_id` FROM `post_dest_v2` WHERE `post_id` = 296  [ RunTime:0.0002s ]
SQL: SHOW COLUMNS FROM `dest_v2` [ RunTime:0.0022s ]
SQL: SELECT `id`,`place`,`desc` FROM `dest_v2` WHERE `id` IN ('286','50')  [ RunTime:0.0003s ]
SQL: SHOW COLUMNS FROM `user` [ RunTime:0.0025s ]
SQL: SELECT * FROM `user` WHERE `id` = 35 LIMIT 1   [ RunTime:0.0005s ]
SQL: SHOW COLUMNS FROM `liked` [ RunTime:0.0023s ]
SQL: SELECT * FROM `liked` WHERE `uid` = 34 AND `post_id` IN ('296')  [ RunTime:0.0004s ]
SQL: SELECT COUNT(*) AS tp_count FROM `liked` WHERE `post_id` = 296 LIMIT 1   [ RunTime:0.0003s ]
SQL: SHOW COLUMNS FROM `views` [ RunTime:0.0022s ]
SQL: SELECT `cnt` FROM `views` WHERE `post_id` = 296 LIMIT 1   [ RunTime:0.0003s ]
SQL: SHOW COLUMNS FROM `post_tag` [ RunTime:0.0023s ]
SQL: SELECT `tag_id` FROM `post_tag` WHERE `post_id` = 296  [ RunTime:0.0003s ]
SQL: SHOW COLUMNS FROM `tags` [ RunTime:0.0021s ]
SQL: SHOW COLUMNS FROM `views` [ RunTime:0.0021s ]
SQL: insert into `views` (post_id, cnt) values (296, 1) on duplicate key update cnt = cnt + 1 [ RunTime:0.0470s ]
SQL: SHOW COLUMNS FROM `liked` [ RunTime:0.0049s ]
SQL: SELECT * FROM `liked` WHERE `post_id` = 296 GROUP BY uid, post_id ORDER BY id desc  [ RunTime:0.0009s ]

[ 2015-05-19T17:36:56+08:00 ] 127.0.0.1 /tourpal/index.php/Api/Posts/postDetail?post_id=117
INFO: [ app_init ] --START--
INFO: Run Behavior\BuildLiteBehavior [ RunTime:0.000011s ]
INFO: [ app_init ] --END-- [ RunTime:0.000332s ]
INFO: [ app_begin ] --START--
INFO: Run Behavior\ReadHtmlCacheBehavior [ RunTime:0.000481s ]
INFO: [ app_begin ] --END-- [ RunTime:0.000530s ]
SQL: SHOW COLUMNS FROM `posts` [ RunTime:0.0023s ]
SQL: SELECT * FROM `posts` WHERE `id` = 117 AND `is_delete` <> 1 LIMIT 1   [ RunTime:0.0005s ]
SQL: SHOW COLUMNS FROM `post_img` [ RunTime:0.0021s ]
SQL: SELECT `img` FROM `post_img` WHERE `post_id` = 117  [ RunTime:0.0003s ]
SQL: SHOW COLUMNS FROM `post_dest_v2` [ RunTime:0.0019s ]
SQL: SELECT `dest_id` FROM `post_dest_v2` WHERE `post_id` = 117  [ RunTime:0.0002s ]
SQL: SHOW COLUMNS FROM `user` [ RunTime:0.0022s ]
SQL: SELECT * FROM `user` WHERE `id` = 3 LIMIT 1   [ RunTime:0.0003s ]
SQL: SHOW COLUMNS FROM `liked` [ RunTime:0.0019s ]
SQL: SELECT * FROM `liked` WHERE `uid` = 34 AND `post_id` IN ('117')  [ RunTime:0.0003s ]
SQL: SELECT COUNT(*) AS tp_count FROM `liked` WHERE `post_id` = 117 LIMIT 1   [ RunTime:0.0003s ]
SQL: SHOW COLUMNS FROM `views` [ RunTime:0.0020s ]
SQL: SELECT `cnt` FROM `views` WHERE `post_id` = 117 LIMIT 1   [ RunTime:0.0002s ]
SQL: SHOW COLUMNS FROM `post_tag` [ RunTime:0.0019s ]
SQL: SELECT `tag_id` FROM `post_tag` WHERE `post_id` = 117  [ RunTime:0.0003s ]
SQL: SHOW COLUMNS FROM `tags` [ RunTime:0.0018s ]
SQL: SHOW COLUMNS FROM `views` [ RunTime:0.0017s ]
SQL: insert into `views` (post_id, cnt) values (117, 1) on duplicate key update cnt = cnt + 1 [ RunTime:0.0504s ]
SQL: SHOW COLUMNS FROM `liked` [ RunTime:0.0043s ]
SQL: SELECT * FROM `liked` WHERE `post_id` = 117 GROUP BY uid, post_id ORDER BY id desc  [ RunTime:0.0009s ]
SQL: SHOW COLUMNS FROM `user` [ RunTime:0.0046s ]
SQL: SELECT * FROM `user` WHERE `id` IN ('44','41')  [ RunTime:0.0008s ]
SQL: SHOW COLUMNS FROM `post_dest_v2` [ RunTime:0.0041s ]
SQL: SELECT `post_id`,`dest_id` FROM `post_dest_v2` WHERE `post_id` IN ('117','117')  [ RunTime:0.0005s ]
SQL: SHOW COLUMNS FROM `dest_v2` [ RunTime:0.0044s ]

[ 2015-05-19T17:52:27+08:00 ] 127.0.0.1 /tourpal/index.php/Api/Posts/postDetail?post_id=117
INFO: [ app_init ] --START--
INFO: Run Behavior\BuildLiteBehavior [ RunTime:0.000015s ]
INFO: [ app_init ] --END-- [ RunTime:0.000323s ]
INFO: [ app_begin ] --START--
INFO: Run Behavior\ReadHtmlCacheBehavior [ RunTime:0.000473s ]
INFO: [ app_begin ] --END-- [ RunTime:0.000523s ]
SQL: SHOW COLUMNS FROM `posts` [ RunTime:0.0027s ]
SQL: SELECT * FROM `posts` WHERE `id` = 117 AND `is_delete` <> 1 LIMIT 1   [ RunTime:0.0005s ]
SQL: SHOW COLUMNS FROM `post_img` [ RunTime:0.0020s ]
SQL: SELECT `img` FROM `post_img` WHERE `post_id` = 117  [ RunTime:0.0003s ]
SQL: SHOW COLUMNS FROM `post_dest_v2` [ RunTime:0.0024s ]
SQL: SELECT `dest_id` FROM `post_dest_v2` WHERE `post_id` = 117  [ RunTime:0.0003s ]
SQL: SHOW COLUMNS FROM `user` [ RunTime:0.0023s ]
SQL: SELECT * FROM `user` WHERE `id` = 3 LIMIT 1   [ RunTime:0.0005s ]
SQL: SHOW COLUMNS FROM `liked` [ RunTime:0.0021s ]
SQL: SELECT * FROM `liked` WHERE `uid` = 34 AND `post_id` IN ('117')  [ RunTime:0.0003s ]
SQL: SELECT COUNT(*) AS tp_count FROM `liked` WHERE `post_id` = 117 LIMIT 1   [ RunTime:0.0002s ]
SQL: SHOW COLUMNS FROM `views` [ RunTime:0.0018s ]
SQL: SELECT `cnt` FROM `views` WHERE `post_id` = 117 LIMIT 1   [ RunTime:0.0003s ]
SQL: SHOW COLUMNS FROM `post_tag` [ RunTime:0.0020s ]
SQL: SELECT `tag_id` FROM `post_tag` WHERE `post_id` = 117  [ RunTime:0.0004s ]
SQL: SHOW COLUMNS FROM `tags` [ RunTime:0.0023s ]
SQL: SHOW COLUMNS FROM `views` [ RunTime:0.0022s ]
ERR: SQLSTATE[42000]: Syntax error or access violation: 1064 You have an error in your SQL syntax; check the manual that corresponds to your MySQL server version for the right syntax to use near '(post_id, cnt) values (117, 1) on duplicate key update cnt = cnt + 1' at line 1

[ 2015-05-19T17:52:43+08:00 ] 127.0.0.1 /tourpal/index.php/Api/Posts/postDetail?post_id=117
INFO: [ app_init ] --START--
INFO: Run Behavior\BuildLiteBehavior [ RunTime:0.000012s ]
INFO: [ app_init ] --END-- [ RunTime:0.000504s ]
INFO: [ app_begin ] --START--
INFO: Run Behavior\ReadHtmlCacheBehavior [ RunTime:0.000566s ]
INFO: [ app_begin ] --END-- [ RunTime:0.000616s ]
SQL: SHOW COLUMNS FROM `posts` [ RunTime:0.0211s ]
SQL: SELECT * FROM `posts` WHERE `id` = 117 AND `is_delete` <> 1 LIMIT 1   [ RunTime:0.0004s ]
SQL: SHOW COLUMNS FROM `post_img` [ RunTime:0.0020s ]
SQL: SELECT `img` FROM `post_img` WHERE `post_id` = 117  [ RunTime:0.0003s ]
SQL: SHOW COLUMNS FROM `post_dest_v2` [ RunTime:0.0019s ]
SQL: SELECT `dest_id` FROM `post_dest_v2` WHERE `post_id` = 117  [ RunTime:0.0002s ]
SQL: SHOW COLUMNS FROM `user` [ RunTime:0.0022s ]
SQL: SELECT * FROM `user` WHERE `id` = 3 LIMIT 1   [ RunTime:0.0004s ]
SQL: SHOW COLUMNS FROM `liked` [ RunTime:0.0023s ]
SQL: SELECT * FROM `liked` WHERE `uid` = 34 AND `post_id` IN ('117')  [ RunTime:0.0004s ]
SQL: SELECT COUNT(*) AS tp_count FROM `liked` WHERE `post_id` = 117 LIMIT 1   [ RunTime:0.0003s ]
SQL: SHOW COLUMNS FROM `views` [ RunTime:0.0020s ]
SQL: SELECT `cnt` FROM `views` WHERE `post_id` = 117 LIMIT 1   [ RunTime:0.0003s ]
SQL: SHOW COLUMNS FROM `post_tag` [ RunTime:0.0022s ]
SQL: SELECT `tag_id` FROM `post_tag` WHERE `post_id` = 117  [ RunTime:0.0003s ]
SQL: SHOW COLUMNS FROM `tags` [ RunTime:0.0019s ]
SQL: SHOW COLUMNS FROM `views` [ RunTime:0.0018s ]

[ 2015-05-19T17:53:30+08:00 ] 127.0.0.1 /tourpal/index.php/Api/Posts/postDetail?post_id=117
INFO: [ app_init ] --START--
INFO: Run Behavior\BuildLiteBehavior [ RunTime:0.000023s ]
INFO: [ app_init ] --END-- [ RunTime:0.000541s ]
INFO: [ app_begin ] --START--
INFO: Run Behavior\ReadHtmlCacheBehavior [ RunTime:0.000748s ]
INFO: [ app_begin ] --END-- [ RunTime:0.000848s ]
SQL: SHOW COLUMNS FROM `posts` [ RunTime:0.0025s ]
SQL: SELECT * FROM `posts` WHERE `id` = 117 AND `is_delete` <> 1 LIMIT 1   [ RunTime:0.0005s ]
SQL: SHOW COLUMNS FROM `post_img` [ RunTime:0.0021s ]
SQL: SELECT `img` FROM `post_img` WHERE `post_id` = 117  [ RunTime:0.0003s ]
SQL: SHOW COLUMNS FROM `post_dest_v2` [ RunTime:0.0020s ]
SQL: SELECT `dest_id` FROM `post_dest_v2` WHERE `post_id` = 117  [ RunTime:0.0003s ]
SQL: SHOW COLUMNS FROM `user` [ RunTime:0.0022s ]
SQL: SELECT * FROM `user` WHERE `id` = 3 LIMIT 1   [ RunTime:0.0003s ]
SQL: SHOW COLUMNS FROM `liked` [ RunTime:0.0020s ]
SQL: SELECT * FROM `liked` WHERE `uid` = 34 AND `post_id` IN ('117')  [ RunTime:0.0003s ]
SQL: SELECT COUNT(*) AS tp_count FROM `liked` WHERE `post_id` = 117 LIMIT 1   [ RunTime:0.0002s ]
SQL: SHOW COLUMNS FROM `views` [ RunTime:0.0018s ]
SQL: SELECT `cnt` FROM `views` WHERE `post_id` = 117 LIMIT 1   [ RunTime:0.0002s ]
SQL: SHOW COLUMNS FROM `post_tag` [ RunTime:0.0020s ]
SQL: SELECT `tag_id` FROM `post_tag` WHERE `post_id` = 117  [ RunTime:0.0003s ]
SQL: SHOW COLUMNS FROM `tags` [ RunTime:0.0018s ]
SQL: SHOW COLUMNS FROM `views` [ RunTime:0.0017s ]

[ 2015-05-19T17:54:09+08:00 ] 127.0.0.1 /tourpal/index.php/Api/Posts/postDetail?post_id=117
INFO: [ app_init ] --START--
INFO: Run Behavior\BuildLiteBehavior [ RunTime:0.000013s ]
INFO: [ app_init ] --END-- [ RunTime:0.000310s ]
INFO: [ app_begin ] --START--
INFO: Run Behavior\ReadHtmlCacheBehavior [ RunTime:0.000464s ]
INFO: [ app_begin ] --END-- [ RunTime:0.000525s ]
SQL: SHOW COLUMNS FROM `posts` [ RunTime:0.0025s ]
SQL: SELECT * FROM `posts` WHERE `id` = 117 AND `is_delete` <> 1 LIMIT 1   [ RunTime:0.0004s ]
SQL: SHOW COLUMNS FROM `post_img` [ RunTime:0.0022s ]
SQL: SELECT `img` FROM `post_img` WHERE `post_id` = 117  [ RunTime:0.0003s ]
SQL: SHOW COLUMNS FROM `post_dest_v2` [ RunTime:0.0022s ]
SQL: SELECT `dest_id` FROM `post_dest_v2` WHERE `post_id` = 117  [ RunTime:0.0003s ]
SQL: SHOW COLUMNS FROM `user` [ RunTime:0.0026s ]
SQL: SELECT * FROM `user` WHERE `id` = 3 LIMIT 1   [ RunTime:0.0004s ]
SQL: SHOW COLUMNS FROM `liked` [ RunTime:0.0023s ]
SQL: SELECT * FROM `liked` WHERE `uid` = 34 AND `post_id` IN ('117')  [ RunTime:0.0003s ]
SQL: SELECT COUNT(*) AS tp_count FROM `liked` WHERE `post_id` = 117 LIMIT 1   [ RunTime:0.0002s ]
SQL: SHOW COLUMNS FROM `views` [ RunTime:0.0022s ]
SQL: SELECT `cnt` FROM `views` WHERE `post_id` = 117 LIMIT 1   [ RunTime:0.0002s ]
SQL: SHOW COLUMNS FROM `post_tag` [ RunTime:0.0021s ]
SQL: SELECT `tag_id` FROM `post_tag` WHERE `post_id` = 117  [ RunTime:0.0002s ]
SQL: SHOW COLUMNS FROM `tags` [ RunTime:0.0019s ]
SQL: SHOW COLUMNS FROM `views` [ RunTime:0.0019s ]

[ 2015-05-19T17:54:11+08:00 ] 127.0.0.1 /tourpal/index.php/Api/Posts/postDetail?post_id=117
INFO: [ app_init ] --START--
INFO: Run Behavior\BuildLiteBehavior [ RunTime:0.000025s ]
INFO: [ app_init ] --END-- [ RunTime:0.000547s ]
INFO: [ app_begin ] --START--
INFO: Run Behavior\ReadHtmlCacheBehavior [ RunTime:0.000367s ]
INFO: [ app_begin ] --END-- [ RunTime:0.000415s ]
SQL: SHOW COLUMNS FROM `posts` [ RunTime:0.0025s ]
SQL: SELECT * FROM `posts` WHERE `id` = 117 AND `is_delete` <> 1 LIMIT 1   [ RunTime:0.0005s ]
SQL: SHOW COLUMNS FROM `post_img` [ RunTime:0.0021s ]
SQL: SELECT `img` FROM `post_img` WHERE `post_id` = 117  [ RunTime:0.0002s ]
SQL: SHOW COLUMNS FROM `post_dest_v2` [ RunTime:0.0020s ]
SQL: SELECT `dest_id` FROM `post_dest_v2` WHERE `post_id` = 117  [ RunTime:0.0003s ]
SQL: SHOW COLUMNS FROM `user` [ RunTime:0.0022s ]
SQL: SELECT * FROM `user` WHERE `id` = 3 LIMIT 1   [ RunTime:0.0003s ]
SQL: SHOW COLUMNS FROM `liked` [ RunTime:0.0020s ]
SQL: SELECT * FROM `liked` WHERE `uid` = 34 AND `post_id` IN ('117')  [ RunTime:0.0003s ]
SQL: SELECT COUNT(*) AS tp_count FROM `liked` WHERE `post_id` = 117 LIMIT 1   [ RunTime:0.0003s ]
SQL: SHOW COLUMNS FROM `views` [ RunTime:0.0020s ]
SQL: SELECT `cnt` FROM `views` WHERE `post_id` = 117 LIMIT 1   [ RunTime:0.0003s ]
SQL: SHOW COLUMNS FROM `post_tag` [ RunTime:0.0019s ]
SQL: SELECT `tag_id` FROM `post_tag` WHERE `post_id` = 117  [ RunTime:0.0003s ]
SQL: SHOW COLUMNS FROM `tags` [ RunTime:0.0018s ]
SQL: SHOW COLUMNS FROM `views` [ RunTime:0.0018s ]

[ 2015-05-19T17:54:29+08:00 ] 127.0.0.1 /tourpal/index.php/Api/Posts/postDetail?post_id=117
INFO: [ app_init ] --START--
INFO: Run Behavior\BuildLiteBehavior [ RunTime:0.000018s ]
INFO: [ app_init ] --END-- [ RunTime:0.000345s ]
INFO: [ app_begin ] --START--
INFO: Run Behavior\ReadHtmlCacheBehavior [ RunTime:0.000534s ]
INFO: [ app_begin ] --END-- [ RunTime:0.000610s ]
SQL: SHOW COLUMNS FROM `posts` [ RunTime:0.0025s ]
SQL: SELECT * FROM `posts` WHERE `id` = 117 AND `is_delete` <> 1 LIMIT 1   [ RunTime:0.0005s ]
SQL: SHOW COLUMNS FROM `post_img` [ RunTime:0.0020s ]
SQL: SELECT `img` FROM `post_img` WHERE `post_id` = 117  [ RunTime:0.0003s ]
SQL: SHOW COLUMNS FROM `post_dest_v2` [ RunTime:0.0022s ]
SQL: SELECT `dest_id` FROM `post_dest_v2` WHERE `post_id` = 117  [ RunTime:0.0003s ]
SQL: SHOW COLUMNS FROM `user` [ RunTime:0.0023s ]
SQL: SELECT * FROM `user` WHERE `id` = 3 LIMIT 1   [ RunTime:0.0003s ]
SQL: SHOW COLUMNS FROM `liked` [ RunTime:0.0020s ]
SQL: SELECT * FROM `liked` WHERE `uid` = 34 AND `post_id` IN ('117')  [ RunTime:0.0003s ]
SQL: SELECT COUNT(*) AS tp_count FROM `liked` WHERE `post_id` = 117 LIMIT 1   [ RunTime:0.0003s ]
SQL: SHOW COLUMNS FROM `views` [ RunTime:0.0019s ]
SQL: SELECT `cnt` FROM `views` WHERE `post_id` = 117 LIMIT 1   [ RunTime:0.0002s ]
SQL: SHOW COLUMNS FROM `post_tag` [ RunTime:0.0020s ]
SQL: SELECT `tag_id` FROM `post_tag` WHERE `post_id` = 117  [ RunTime:0.0003s ]
SQL: SHOW COLUMNS FROM `tags` [ RunTime:0.0020s ]
SQL: SHOW COLUMNS FROM `views` [ RunTime:0.0019s ]

[ 2015-05-19T17:55:11+08:00 ] 127.0.0.1 /tourpal/index.php/Api/Posts/postDetail?post_id=117
INFO: [ app_init ] --START--
INFO: Run Behavior\BuildLiteBehavior [ RunTime:0.000013s ]
INFO: [ app_init ] --END-- [ RunTime:0.000351s ]
INFO: [ app_begin ] --START--
INFO: Run Behavior\ReadHtmlCacheBehavior [ RunTime:0.000521s ]
INFO: [ app_begin ] --END-- [ RunTime:0.000578s ]
SQL: SHOW COLUMNS FROM `posts` [ RunTime:0.0183s ]
SQL: SELECT * FROM `posts` WHERE `id` = 117 AND `is_delete` <> 1 LIMIT 1   [ RunTime:0.0005s ]
SQL: SHOW COLUMNS FROM `post_img` [ RunTime:0.0020s ]
SQL: SELECT `img` FROM `post_img` WHERE `post_id` = 117  [ RunTime:0.0003s ]
SQL: SHOW COLUMNS FROM `post_dest_v2` [ RunTime:0.0020s ]
SQL: SELECT `dest_id` FROM `post_dest_v2` WHERE `post_id` = 117  [ RunTime:0.0003s ]
SQL: SHOW COLUMNS FROM `user` [ RunTime:0.0024s ]
SQL: SELECT * FROM `user` WHERE `id` = 3 LIMIT 1   [ RunTime:0.0003s ]
SQL: SHOW COLUMNS FROM `liked` [ RunTime:0.0020s ]
SQL: SELECT * FROM `liked` WHERE `uid` = 34 AND `post_id` IN ('117')  [ RunTime:0.0003s ]
SQL: SELECT COUNT(*) AS tp_count FROM `liked` WHERE `post_id` = 117 LIMIT 1   [ RunTime:0.0003s ]
SQL: SHOW COLUMNS FROM `views` [ RunTime:0.0019s ]
SQL: SELECT `cnt` FROM `views` WHERE `post_id` = 117 LIMIT 1   [ RunTime:0.0002s ]
SQL: SHOW COLUMNS FROM `post_tag` [ RunTime:0.0021s ]
SQL: SELECT `tag_id` FROM `post_tag` WHERE `post_id` = 117  [ RunTime:0.0002s ]
SQL: SHOW COLUMNS FROM `tags` [ RunTime:0.0019s ]
SQL: SHOW COLUMNS FROM `views` [ RunTime:0.0017s ]

[ 2015-05-19T17:55:12+08:00 ] 127.0.0.1 /tourpal/index.php/Api/Posts/postDetail?post_id=117
INFO: [ app_init ] --START--
INFO: Run Behavior\BuildLiteBehavior [ RunTime:0.000014s ]
INFO: [ app_init ] --END-- [ RunTime:0.000437s ]
INFO: [ app_begin ] --START--
INFO: Run Behavior\ReadHtmlCacheBehavior [ RunTime:0.000458s ]
INFO: [ app_begin ] --END-- [ RunTime:0.000517s ]
SQL: SHOW COLUMNS FROM `posts` [ RunTime:0.0027s ]
SQL: SELECT * FROM `posts` WHERE `id` = 117 AND `is_delete` <> 1 LIMIT 1   [ RunTime:0.0005s ]
SQL: SHOW COLUMNS FROM `post_img` [ RunTime:0.0024s ]
SQL: SELECT `img` FROM `post_img` WHERE `post_id` = 117  [ RunTime:0.0003s ]
SQL: SHOW COLUMNS FROM `post_dest_v2` [ RunTime:0.0023s ]
SQL: SELECT `dest_id` FROM `post_dest_v2` WHERE `post_id` = 117  [ RunTime:0.0003s ]
SQL: SHOW COLUMNS FROM `user` [ RunTime:0.0027s ]
SQL: SELECT * FROM `user` WHERE `id` = 3 LIMIT 1   [ RunTime:0.0004s ]
SQL: SHOW COLUMNS FROM `liked` [ RunTime:0.0023s ]
SQL: SELECT * FROM `liked` WHERE `uid` = 34 AND `post_id` IN ('117')  [ RunTime:0.0003s ]
SQL: SELECT COUNT(*) AS tp_count FROM `liked` WHERE `post_id` = 117 LIMIT 1   [ RunTime:0.0003s ]
SQL: SHOW COLUMNS FROM `views` [ RunTime:0.0022s ]
SQL: SELECT `cnt` FROM `views` WHERE `post_id` = 117 LIMIT 1   [ RunTime:0.0003s ]
SQL: SHOW COLUMNS FROM `post_tag` [ RunTime:0.0023s ]
SQL: SELECT `tag_id` FROM `post_tag` WHERE `post_id` = 117  [ RunTime:0.0003s ]
SQL: SHOW COLUMNS FROM `tags` [ RunTime:0.0023s ]
SQL: SHOW COLUMNS FROM `views` [ RunTime:0.0021s ]

[ 2015-05-19T17:55:12+08:00 ] 127.0.0.1 /tourpal/index.php/Api/Posts/postDetail?post_id=117
INFO: [ app_init ] --START--
INFO: Run Behavior\BuildLiteBehavior [ RunTime:0.000022s ]
INFO: [ app_init ] --END-- [ RunTime:0.000558s ]
INFO: [ app_begin ] --START--
INFO: Run Behavior\ReadHtmlCacheBehavior [ RunTime:0.000365s ]
INFO: [ app_begin ] --END-- [ RunTime:0.000415s ]
SQL: SHOW COLUMNS FROM `posts` [ RunTime:0.0025s ]
SQL: SELECT * FROM `posts` WHERE `id` = 117 AND `is_delete` <> 1 LIMIT 1   [ RunTime:0.0004s ]
SQL: SHOW COLUMNS FROM `post_img` [ RunTime:0.0018s ]
SQL: SELECT `img` FROM `post_img` WHERE `post_id` = 117  [ RunTime:0.0002s ]
SQL: SHOW COLUMNS FROM `post_dest_v2` [ RunTime:0.0021s ]
SQL: SELECT `dest_id` FROM `post_dest_v2` WHERE `post_id` = 117  [ RunTime:0.0003s ]
SQL: SHOW COLUMNS FROM `user` [ RunTime:0.0023s ]
SQL: SELECT * FROM `user` WHERE `id` = 3 LIMIT 1   [ RunTime:0.0004s ]
SQL: SHOW COLUMNS FROM `liked` [ RunTime:0.0019s ]
SQL: SELECT * FROM `liked` WHERE `uid` = 34 AND `post_id` IN ('117')  [ RunTime:0.0003s ]
SQL: SELECT COUNT(*) AS tp_count FROM `liked` WHERE `post_id` = 117 LIMIT 1   [ RunTime:0.0003s ]
SQL: SHOW COLUMNS FROM `views` [ RunTime:0.0018s ]
SQL: SELECT `cnt` FROM `views` WHERE `post_id` = 117 LIMIT 1   [ RunTime:0.0003s ]
SQL: SHOW COLUMNS FROM `post_tag` [ RunTime:0.0020s ]
SQL: SELECT `tag_id` FROM `post_tag` WHERE `post_id` = 117  [ RunTime:0.0003s ]
SQL: SHOW COLUMNS FROM `tags` [ RunTime:0.0018s ]
SQL: SHOW COLUMNS FROM `views` [ RunTime:0.0018s ]

[ 2015-05-19T17:55:13+08:00 ] 127.0.0.1 /tourpal/index.php/Api/Posts/postDetail?post_id=117
INFO: [ app_init ] --START--
INFO: Run Behavior\BuildLiteBehavior [ RunTime:0.000013s ]
INFO: [ app_init ] --END-- [ RunTime:0.000330s ]
INFO: [ app_begin ] --START--
INFO: Run Behavior\ReadHtmlCacheBehavior [ RunTime:0.000544s ]
INFO: [ app_begin ] --END-- [ RunTime:0.000626s ]
SQL: SHOW COLUMNS FROM `posts` [ RunTime:0.0026s ]
SQL: SELECT * FROM `posts` WHERE `id` = 117 AND `is_delete` <> 1 LIMIT 1   [ RunTime:0.0004s ]
SQL: SHOW COLUMNS FROM `post_img` [ RunTime:0.0021s ]
SQL: SELECT `img` FROM `post_img` WHERE `post_id` = 117  [ RunTime:0.0002s ]
SQL: SHOW COLUMNS FROM `post_dest_v2` [ RunTime:0.0022s ]
SQL: SELECT `dest_id` FROM `post_dest_v2` WHERE `post_id` = 117  [ RunTime:0.0003s ]
SQL: SHOW COLUMNS FROM `user` [ RunTime:0.0024s ]
SQL: SELECT * FROM `user` WHERE `id` = 3 LIMIT 1   [ RunTime:0.0003s ]
SQL: SHOW COLUMNS FROM `liked` [ RunTime:0.0023s ]
SQL: SELECT * FROM `liked` WHERE `uid` = 34 AND `post_id` IN ('117')  [ RunTime:0.0003s ]
SQL: SELECT COUNT(*) AS tp_count FROM `liked` WHERE `post_id` = 117 LIMIT 1   [ RunTime:0.0003s ]
SQL: SHOW COLUMNS FROM `views` [ RunTime:0.0020s ]
SQL: SELECT `cnt` FROM `views` WHERE `post_id` = 117 LIMIT 1   [ RunTime:0.0003s ]
SQL: SHOW COLUMNS FROM `post_tag` [ RunTime:0.0024s ]
SQL: SELECT `tag_id` FROM `post_tag` WHERE `post_id` = 117  [ RunTime:0.0003s ]
SQL: SHOW COLUMNS FROM `tags` [ RunTime:0.0022s ]
SQL: SHOW COLUMNS FROM `views` [ RunTime:0.0021s ]

[ 2015-05-19T17:55:13+08:00 ] 127.0.0.1 /tourpal/index.php/Api/Posts/postDetail?post_id=117
INFO: [ app_init ] --START--
INFO: Run Behavior\BuildLiteBehavior [ RunTime:0.000021s ]
INFO: [ app_init ] --END-- [ RunTime:0.000489s ]
INFO: [ app_begin ] --START--
INFO: Run Behavior\ReadHtmlCacheBehavior [ RunTime:0.000647s ]
INFO: [ app_begin ] --END-- [ RunTime:0.000727s ]
SQL: SHOW COLUMNS FROM `posts` [ RunTime:0.0025s ]
SQL: SELECT * FROM `posts` WHERE `id` = 117 AND `is_delete` <> 1 LIMIT 1   [ RunTime:0.0005s ]
SQL: SHOW COLUMNS FROM `post_img` [ RunTime:0.0022s ]
SQL: SELECT `img` FROM `post_img` WHERE `post_id` = 117  [ RunTime:0.0003s ]
SQL: SHOW COLUMNS FROM `post_dest_v2` [ RunTime:0.0020s ]
SQL: SELECT `dest_id` FROM `post_dest_v2` WHERE `post_id` = 117  [ RunTime:0.0003s ]
SQL: SHOW COLUMNS FROM `user` [ RunTime:0.0022s ]
SQL: SELECT * FROM `user` WHERE `id` = 3 LIMIT 1   [ RunTime:0.0003s ]
SQL: SHOW COLUMNS FROM `liked` [ RunTime:0.0020s ]
SQL: SELECT * FROM `liked` WHERE `uid` = 34 AND `post_id` IN ('117')  [ RunTime:0.0003s ]
SQL: SELECT COUNT(*) AS tp_count FROM `liked` WHERE `post_id` = 117 LIMIT 1   [ RunTime:0.0003s ]
SQL: SHOW COLUMNS FROM `views` [ RunTime:0.0020s ]
SQL: SELECT `cnt` FROM `views` WHERE `post_id` = 117 LIMIT 1   [ RunTime:0.0003s ]
SQL: SHOW COLUMNS FROM `post_tag` [ RunTime:0.0019s ]
SQL: SELECT `tag_id` FROM `post_tag` WHERE `post_id` = 117  [ RunTime:0.0003s ]
SQL: SHOW COLUMNS FROM `tags` [ RunTime:0.0018s ]
SQL: SHOW COLUMNS FROM `views` [ RunTime:0.0017s ]

[ 2015-05-19T17:55:13+08:00 ] 127.0.0.1 /tourpal/index.php/Api/Posts/postDetail?post_id=117
INFO: [ app_init ] --START--
INFO: Run Behavior\BuildLiteBehavior [ RunTime:0.000012s ]
INFO: [ app_init ] --END-- [ RunTime:0.000281s ]
INFO: [ app_begin ] --START--
INFO: Run Behavior\ReadHtmlCacheBehavior [ RunTime:0.000406s ]
INFO: [ app_begin ] --END-- [ RunTime:0.000457s ]
SQL: SHOW COLUMNS FROM `posts` [ RunTime:0.0025s ]
SQL: SELECT * FROM `posts` WHERE `id` = 117 AND `is_delete` <> 1 LIMIT 1   [ RunTime:0.0004s ]
SQL: SHOW COLUMNS FROM `post_img` [ RunTime:0.0020s ]
SQL: SELECT `img` FROM `post_img` WHERE `post_id` = 117  [ RunTime:0.0002s ]
SQL: SHOW COLUMNS FROM `post_dest_v2` [ RunTime:0.0019s ]
SQL: SELECT `dest_id` FROM `post_dest_v2` WHERE `post_id` = 117  [ RunTime:0.0003s ]
SQL: SHOW COLUMNS FROM `user` [ RunTime:0.0024s ]
SQL: SELECT * FROM `user` WHERE `id` = 3 LIMIT 1   [ RunTime:0.0004s ]
SQL: SHOW COLUMNS FROM `liked` [ RunTime:0.0021s ]
SQL: SELECT * FROM `liked` WHERE `uid` = 34 AND `post_id` IN ('117')  [ RunTime:0.0005s ]
SQL: SELECT COUNT(*) AS tp_count FROM `liked` WHERE `post_id` = 117 LIMIT 1   [ RunTime:0.0003s ]
SQL: SHOW COLUMNS FROM `views` [ RunTime:0.0020s ]
SQL: SELECT `cnt` FROM `views` WHERE `post_id` = 117 LIMIT 1   [ RunTime:0.0003s ]
SQL: SHOW COLUMNS FROM `post_tag` [ RunTime:0.0019s ]
SQL: SELECT `tag_id` FROM `post_tag` WHERE `post_id` = 117  [ RunTime:0.0003s ]
SQL: SHOW COLUMNS FROM `tags` [ RunTime:0.0018s ]
SQL: SHOW COLUMNS FROM `views` [ RunTime:0.0020s ]

[ 2015-05-19T17:55:13+08:00 ] 127.0.0.1 /tourpal/index.php/Api/Posts/postDetail?post_id=117
INFO: [ app_init ] --START--
INFO: Run Behavior\BuildLiteBehavior [ RunTime:0.000011s ]
INFO: [ app_init ] --END-- [ RunTime:0.000262s ]
INFO: [ app_begin ] --START--
INFO: Run Behavior\ReadHtmlCacheBehavior [ RunTime:0.000399s ]
INFO: [ app_begin ] --END-- [ RunTime:0.000454s ]
SQL: SHOW COLUMNS FROM `posts` [ RunTime:0.0024s ]
SQL: SELECT * FROM `posts` WHERE `id` = 117 AND `is_delete` <> 1 LIMIT 1   [ RunTime:0.0004s ]
SQL: SHOW COLUMNS FROM `post_img` [ RunTime:0.0020s ]
SQL: SELECT `img` FROM `post_img` WHERE `post_id` = 117  [ RunTime:0.0003s ]
SQL: SHOW COLUMNS FROM `post_dest_v2` [ RunTime:0.0025s ]
SQL: SELECT `dest_id` FROM `post_dest_v2` WHERE `post_id` = 117  [ RunTime:0.0004s ]
SQL: SHOW COLUMNS FROM `user` [ RunTime:0.0026s ]
SQL: SELECT * FROM `user` WHERE `id` = 3 LIMIT 1   [ RunTime:0.0004s ]
SQL: SHOW COLUMNS FROM `liked` [ RunTime:0.0020s ]
SQL: SELECT * FROM `liked` WHERE `uid` = 34 AND `post_id` IN ('117')  [ RunTime:0.0003s ]
SQL: SELECT COUNT(*) AS tp_count FROM `liked` WHERE `post_id` = 117 LIMIT 1   [ RunTime:0.0003s ]
SQL: SHOW COLUMNS FROM `views` [ RunTime:0.0018s ]
SQL: SELECT `cnt` FROM `views` WHERE `post_id` = 117 LIMIT 1   [ RunTime:0.0002s ]
SQL: SHOW COLUMNS FROM `post_tag` [ RunTime:0.0021s ]
SQL: SELECT `tag_id` FROM `post_tag` WHERE `post_id` = 117  [ RunTime:0.0003s ]
SQL: SHOW COLUMNS FROM `tags` [ RunTime:0.0019s ]
SQL: SHOW COLUMNS FROM `views` [ RunTime:0.0022s ]

[ 2015-05-19T17:55:23+08:00 ] 127.0.0.1 /tourpal/index.php/Api/Posts/postDetail?post_id=117
INFO: [ app_init ] --START--
INFO: Run Behavior\BuildLiteBehavior [ RunTime:0.000015s ]
INFO: [ app_init ] --END-- [ RunTime:0.000307s ]
INFO: [ app_begin ] --START--
INFO: Run Behavior\ReadHtmlCacheBehavior [ RunTime:0.000410s ]
INFO: [ app_begin ] --END-- [ RunTime:0.000465s ]
SQL: SHOW COLUMNS FROM `posts` [ RunTime:0.0027s ]
SQL: SELECT * FROM `posts` WHERE `id` = 117 AND `is_delete` <> 1 LIMIT 1   [ RunTime:0.0004s ]
SQL: SHOW COLUMNS FROM `post_img` [ RunTime:0.0023s ]
SQL: SELECT `img` FROM `post_img` WHERE `post_id` = 117  [ RunTime:0.0003s ]
SQL: SHOW COLUMNS FROM `post_dest_v2` [ RunTime:0.0019s ]
SQL: SELECT `dest_id` FROM `post_dest_v2` WHERE `post_id` = 117  [ RunTime:0.0002s ]
SQL: SHOW COLUMNS FROM `user` [ RunTime:0.0025s ]
SQL: SELECT * FROM `user` WHERE `id` = 3 LIMIT 1   [ RunTime:0.0003s ]
SQL: SHOW COLUMNS FROM `liked` [ RunTime:0.0020s ]
SQL: SELECT * FROM `liked` WHERE `uid` = 34 AND `post_id` IN ('117')  [ RunTime:0.0002s ]
SQL: SELECT COUNT(*) AS tp_count FROM `liked` WHERE `post_id` = 117 LIMIT 1   [ RunTime:0.0002s ]
SQL: SHOW COLUMNS FROM `views` [ RunTime:0.0018s ]
SQL: SELECT `cnt` FROM `views` WHERE `post_id` = 117 LIMIT 1   [ RunTime:0.0002s ]
SQL: SHOW COLUMNS FROM `post_tag` [ RunTime:0.0020s ]
SQL: SELECT `tag_id` FROM `post_tag` WHERE `post_id` = 117  [ RunTime:0.0002s ]
SQL: SHOW COLUMNS FROM `tags` [ RunTime:0.0022s ]
SQL: SHOW COLUMNS FROM `views` [ RunTime:0.0019s ]
SQL: insert into views (post_id, cnt) values (117, 1) on duplicate key update cnt = cnt + 1 [ RunTime:0.0539s ]
SQL: SHOW COLUMNS FROM `liked` [ RunTime:0.0043s ]
SQL: SELECT * FROM `liked` WHERE `post_id` = 117 GROUP BY uid, post_id ORDER BY id desc  [ RunTime:0.0008s ]
SQL: SHOW COLUMNS FROM `user` [ RunTime:0.0051s ]
SQL: SELECT * FROM `user` WHERE `id` IN ('44','41')  [ RunTime:0.0008s ]
SQL: SHOW COLUMNS FROM `post_dest_v2` [ RunTime:0.0036s ]
SQL: SELECT `post_id`,`dest_id` FROM `post_dest_v2` WHERE `post_id` IN ('117','117')  [ RunTime:0.0004s ]
SQL: SHOW COLUMNS FROM `dest_v2` [ RunTime:0.0032s ]

