[ 2015-04-03T10:41:10+08:00 ] 127.0.0.1 /tourpal/index.php/Api/Posts/myPosts
INFO: [ app_init ] --START--
INFO: Run Behavior\BuildLiteBehavior [ RunTime:0.000011s ]
INFO: [ app_init ] --END-- [ RunTime:0.000338s ]
INFO: [ app_begin ] --START--
INFO: Run Behavior\ReadHtmlCacheBehavior [ RunTime:0.000524s ]
INFO: [ app_begin ] --END-- [ RunTime:0.000574s ]
SQL: SHOW COLUMNS FROM `posts` [ RunTime:0.0023s ]
SQL: SELECT `id` FROM `posts` WHERE `uid` = 3 AND `is_delete` = 0 ORDER BY id desc LIMIT 21   [ RunTime:0.0004s ]
SQL: SHOW COLUMNS FROM `posts` [ RunTime:0.0022s ]
SQL: SHOW COLUMNS FROM `posts` [ RunTime:0.0021s ]
SQL: SELECT * FROM `posts` WHERE `id` IN ('27','22','17','14','11','9','7','4','3','2') AND `is_delete` = 0 ORDER BY id desc  [ RunTime:0.0005s ]
SQL: SHOW COLUMNS FROM `post_img` [ RunTime:0.0019s ]
SQL: SELECT `post_id`,`img` FROM `post_img` WHERE `post_id` IN (27,22,17,14,11,9,7,4,3,2)  [ RunTime:0.0003s ]
SQL: SELECT DISTINCT  `uid` FROM `posts` WHERE `id` IN ('27','22','17','14','11','9','7','4','3','2') AND `is_delete` = 0 ORDER BY uid asc  [ RunTime:0.0003s ]
SQL: SHOW COLUMNS FROM `user` [ RunTime:0.0020s ]
SQL: SELECT * FROM `user` WHERE `id` IN ('3')  [ RunTime:0.0002s ]
SQL: SHOW COLUMNS FROM `liked` [ RunTime:0.0019s ]
SQL: SELECT count(distinct uid) as num,`post_id` FROM `liked` WHERE `post_id` IN ('27','22','17','14','11','9','7','4','3','2') GROUP BY post_id  [ RunTime:0.0006s ]
SQL: SHOW COLUMNS FROM `post_dest` [ RunTime:0.0018s ]
SQL: SELECT `post_id`,`dest_id` FROM `post_dest` WHERE `post_id` IN ('27','22','17','14','11','9','7','4','3','2')  [ RunTime:0.0003s ]
SQL: SHOW COLUMNS FROM `dest` [ RunTime:0.0019s ]
SQL: SELECT `id`,`place`,`desc` FROM `dest` WHERE `id` IN ('0','2','264','67')  [ RunTime:0.0002s ]
SQL: SELECT * FROM `liked` WHERE `uid` = 3 AND `post_id` IN ('27','22','17','14','11','9','7','4','3','2')  [ RunTime:0.0003s ]
NOTIC: [4096] Argument 1 passed to Service\Model\BaseModel::getArrFieldVals() must be an array, null given, called in E:\xampp\htdocs\tourpal\Application\Service\Model\LikedModel.class.php on line 102 and defined E:\xampp\htdocs\tourpal\Application\Service\Model\BaseModel.class.php 第 12 行.

[ 2015-04-03T11:29:27+08:00 ] 127.0.0.1 /tourpal/index.php/Api/Images/
INFO: [ app_init ] --START--
INFO: Run Behavior\BuildLiteBehavior [ RunTime:0.000013s ]
INFO: [ app_init ] --END-- [ RunTime:0.000374s ]
INFO: [ app_begin ] --START--
INFO: Run Behavior\ReadHtmlCacheBehavior [ RunTime:0.000471s ]
INFO: [ app_begin ] --END-- [ RunTime:0.000519s ]
INFO: [ view_parse ] --START--
INFO: Run Behavior\ParseTemplateBehavior [ RunTime:0.010015s ]
INFO: [ view_parse ] --END-- [ RunTime:0.010116s ]
INFO: [ view_filter ] --START--
INFO: Run Behavior\WriteHtmlCacheBehavior [ RunTime:0.000502s ]
INFO: [ view_filter ] --END-- [ RunTime:0.000549s ]
INFO: [ app_end ] --START--
INFO: Run Behavior\ShowPageTraceBehavior [ RunTime:0.000520s ]
INFO: [ app_end ] --END-- [ RunTime:0.000583s ]

[ 2015-04-03T11:29:47+08:00 ] 127.0.0.1 /tourpal/index.php/Api/Images/upload
INFO: [ app_init ] --START--
INFO: Run Behavior\BuildLiteBehavior [ RunTime:0.000013s ]
INFO: [ app_init ] --END-- [ RunTime:0.000337s ]
INFO: [ app_begin ] --START--
INFO: Run Behavior\ReadHtmlCacheBehavior [ RunTime:0.000563s ]
INFO: [ app_begin ] --END-- [ RunTime:0.000623s ]
NOTIC: [8] Undefined index: id E:\xampp\htdocs\tourpal\Application\Api\Controller\ImagesController.class.php 第 30 行.
NOTIC: [2] call_user_func() expects parameter 1 to be a valid callback, no array or string given E:\xampp\htdocs\tourpal\ThinkPHP\Library\Think\Upload.class.php 第 170 行.
SQL: SHOW COLUMNS FROM `post_img` [ RunTime:0.0048s ]

[ 2015-04-03T11:29:52+08:00 ] 127.0.0.1 /tourpal/index.php/Api/Images/
INFO: [ app_init ] --START--
INFO: Run Behavior\BuildLiteBehavior [ RunTime:0.000014s ]
INFO: [ app_init ] --END-- [ RunTime:0.000342s ]
INFO: [ app_begin ] --START--
INFO: Run Behavior\ReadHtmlCacheBehavior [ RunTime:0.000575s ]
INFO: [ app_begin ] --END-- [ RunTime:0.000628s ]
INFO: [ view_parse ] --START--
INFO: Run Behavior\ParseTemplateBehavior [ RunTime:0.010146s ]
INFO: [ view_parse ] --END-- [ RunTime:0.010207s ]
INFO: [ view_filter ] --START--
INFO: Run Behavior\WriteHtmlCacheBehavior [ RunTime:0.000369s ]
INFO: [ view_filter ] --END-- [ RunTime:0.000442s ]
INFO: [ app_end ] --START--
INFO: Run Behavior\ShowPageTraceBehavior [ RunTime:0.000586s ]
INFO: [ app_end ] --END-- [ RunTime:0.000634s ]

[ 2015-04-03T11:29:54+08:00 ] 127.0.0.1 /tourpal/index.php/Api/Images/upload
INFO: [ app_init ] --START--
INFO: Run Behavior\BuildLiteBehavior [ RunTime:0.000014s ]
INFO: [ app_init ] --END-- [ RunTime:0.000347s ]
INFO: [ app_begin ] --START--
INFO: Run Behavior\ReadHtmlCacheBehavior [ RunTime:0.000639s ]
INFO: [ app_begin ] --END-- [ RunTime:0.000715s ]
NOTIC: [8] Undefined index: id E:\xampp\htdocs\tourpal\Application\Api\Controller\ImagesController.class.php 第 30 行.
NOTIC: [2] call_user_func() expects parameter 1 to be a valid callback, no array or string given E:\xampp\htdocs\tourpal\ThinkPHP\Library\Think\Upload.class.php 第 170 行.
SQL: SHOW COLUMNS FROM `post_img` [ RunTime:0.0041s ]

[ 2015-04-03T14:38:04+08:00 ] 127.0.0.1 /tourpal/index.php/Api/Images/
INFO: [ app_init ] --START--
INFO: Run Behavior\BuildLiteBehavior [ RunTime:0.000015s ]
INFO: [ app_init ] --END-- [ RunTime:0.000355s ]
INFO: [ app_begin ] --START--
INFO: Run Behavior\ReadHtmlCacheBehavior [ RunTime:0.000477s ]
INFO: [ app_begin ] --END-- [ RunTime:0.000527s ]
INFO: [ view_parse ] --START--
INFO: Run Behavior\ParseTemplateBehavior [ RunTime:0.009472s ]
INFO: [ view_parse ] --END-- [ RunTime:0.009541s ]
INFO: [ view_filter ] --START--
INFO: Run Behavior\WriteHtmlCacheBehavior [ RunTime:0.000355s ]
INFO: [ view_filter ] --END-- [ RunTime:0.000396s ]
INFO: [ app_end ] --START--
INFO: Run Behavior\ShowPageTraceBehavior [ RunTime:0.000498s ]
INFO: [ app_end ] --END-- [ RunTime:0.000542s ]

[ 2015-04-03T14:38:24+08:00 ] 127.0.0.1 /tourpal/index.php/Api/Images/upload
INFO: [ app_init ] --START--
INFO: Run Behavior\BuildLiteBehavior [ RunTime:0.000012s ]
INFO: [ app_init ] --END-- [ RunTime:0.000327s ]
INFO: [ app_begin ] --START--
INFO: Run Behavior\ReadHtmlCacheBehavior [ RunTime:0.000570s ]
INFO: [ app_begin ] --END-- [ RunTime:0.000624s ]
NOTIC: [8] Undefined index: id E:\xampp\htdocs\tourpal\Application\Api\Controller\ImagesController.class.php 第 30 行.
NOTIC: [2] call_user_func() expects parameter 1 to be a valid callback, no array or string given E:\xampp\htdocs\tourpal\ThinkPHP\Library\Think\Upload.class.php 第 170 行.
SQL: SHOW COLUMNS FROM `post_img` [ RunTime:0.0049s ]

[ 2015-04-03T14:42:13+08:00 ] 127.0.0.1 /tourpal/index.php/Api/Images/
INFO: [ app_init ] --START--
INFO: Run Behavior\BuildLiteBehavior [ RunTime:0.000012s ]
INFO: [ app_init ] --END-- [ RunTime:0.000321s ]
INFO: [ app_begin ] --START--
INFO: Run Behavior\ReadHtmlCacheBehavior [ RunTime:0.000530s ]
INFO: [ app_begin ] --END-- [ RunTime:0.000577s ]
INFO: [ view_parse ] --START--
INFO: Run Behavior\ParseTemplateBehavior [ RunTime:0.009604s ]
INFO: [ view_parse ] --END-- [ RunTime:0.009657s ]
INFO: [ view_filter ] --START--
INFO: Run Behavior\WriteHtmlCacheBehavior [ RunTime:0.000333s ]
INFO: [ view_filter ] --END-- [ RunTime:0.000375s ]
INFO: [ app_end ] --START--
INFO: Run Behavior\ShowPageTraceBehavior [ RunTime:0.000532s ]
INFO: [ app_end ] --END-- [ RunTime:0.000587s ]

[ 2015-04-03T14:42:20+08:00 ] 127.0.0.1 /tourpal/index.php/Api/Images/upload
INFO: [ app_init ] --START--
INFO: Run Behavior\BuildLiteBehavior [ RunTime:0.000015s ]
INFO: [ app_init ] --END-- [ RunTime:0.000383s ]
INFO: [ app_begin ] --START--
INFO: Run Behavior\ReadHtmlCacheBehavior [ RunTime:0.000598s ]
INFO: [ app_begin ] --END-- [ RunTime:0.000662s ]
NOTIC: [8] Undefined index: id E:\xampp\htdocs\tourpal\Application\Api\Controller\ImagesController.class.php 第 30 行.
NOTIC: [2] call_user_func() expects parameter 1 to be a valid callback, no array or string given E:\xampp\htdocs\tourpal\ThinkPHP\Library\Think\Upload.class.php 第 170 行.
SQL: SHOW COLUMNS FROM `post_img` [ RunTime:0.0226s ]

[ 2015-04-03T16:04:02+08:00 ] 127.0.0.1 /tourpal/index.php/Api/Dest/getHotCity
INFO: [ app_init ] --START--
INFO: Run Behavior\BuildLiteBehavior [ RunTime:0.000014s ]
INFO: [ app_init ] --END-- [ RunTime:0.000325s ]
INFO: [ app_begin ] --START--
INFO: Run Behavior\ReadHtmlCacheBehavior [ RunTime:0.000590s ]
INFO: [ app_begin ] --END-- [ RunTime:0.000642s ]

[ 2015-04-03T16:04:35+08:00 ] 127.0.0.1 /tourpal/index.php/Api/Dest/getHotCity
INFO: [ app_init ] --START--
INFO: Run Behavior\BuildLiteBehavior [ RunTime:0.000015s ]
INFO: [ app_init ] --END-- [ RunTime:0.000389s ]
INFO: [ app_begin ] --START--
INFO: Run Behavior\ReadHtmlCacheBehavior [ RunTime:0.000631s ]
INFO: [ app_begin ] --END-- [ RunTime:0.000684s ]
ERR: 非法操作:getHotCity

[ 2015-04-03T16:04:48+08:00 ] 127.0.0.1 /tourpal/index.php/Api/Dest/getHotCity
INFO: [ app_init ] --START--
INFO: Run Behavior\BuildLiteBehavior [ RunTime:0.000015s ]
INFO: [ app_init ] --END-- [ RunTime:0.000486s ]
INFO: [ app_begin ] --START--
INFO: Run Behavior\ReadHtmlCacheBehavior [ RunTime:0.000747s ]
INFO: [ app_begin ] --END-- [ RunTime:0.000820s ]

[ 2015-04-03T16:28:27+08:00 ] 127.0.0.1 /tourpal/index.php/Api/Images/
INFO: [ app_init ] --START--
INFO: Run Behavior\BuildLiteBehavior [ RunTime:0.000013s ]
INFO: [ app_init ] --END-- [ RunTime:0.000334s ]
INFO: [ app_begin ] --START--
INFO: Run Behavior\ReadHtmlCacheBehavior [ RunTime:0.000617s ]
INFO: [ app_begin ] --END-- [ RunTime:0.000667s ]
INFO: [ view_parse ] --START--
INFO: Run Behavior\ParseTemplateBehavior [ RunTime:0.011611s ]
INFO: [ view_parse ] --END-- [ RunTime:0.011688s ]
INFO: [ view_filter ] --START--
INFO: Run Behavior\WriteHtmlCacheBehavior [ RunTime:0.000378s ]
INFO: [ view_filter ] --END-- [ RunTime:0.000422s ]
INFO: [ app_end ] --START--
INFO: Run Behavior\ShowPageTraceBehavior [ RunTime:0.000463s ]
INFO: [ app_end ] --END-- [ RunTime:0.000508s ]

[ 2015-04-03T16:31:27+08:00 ] 127.0.0.1 /tourpal/index.php/Api/Images/upload
INFO: [ app_init ] --START--
INFO: Run Behavior\BuildLiteBehavior [ RunTime:0.000014s ]
INFO: [ app_init ] --END-- [ RunTime:0.000318s ]
INFO: [ app_begin ] --START--
INFO: Run Behavior\ReadHtmlCacheBehavior [ RunTime:0.000520s ]
INFO: [ app_begin ] --END-- [ RunTime:0.000573s ]
NOTIC: [8] Undefined index: id E:\xampp\htdocs\tourpal\Application\Api\Controller\ImagesController.class.php 第 30 行.
NOTIC: [2] call_user_func() expects parameter 1 to be a valid callback, no array or string given E:\xampp\htdocs\tourpal\ThinkPHP\Library\Think\Upload.class.php 第 170 行.
SQL: SHOW COLUMNS FROM `post_img` [ RunTime:0.0029s ]

