[ 2015-04-27T10:32:57+08:00 ] 127.0.0.1 /tourpal/index.php/Api/Dest/getPostsByPlace?dest=%E5%8C%97%E4%BA%AC
INFO: [ app_init ] --START--
INFO: Run Behavior\BuildLiteBehavior [ RunTime:0.000046s ]
INFO: [ app_init ] --END-- [ RunTime:0.000431s ]
INFO: [ app_begin ] --START--
INFO: Run Behavior\ReadHtmlCacheBehavior [ RunTime:0.000534s ]
INFO: [ app_begin ] --END-- [ RunTime:0.000593s ]
SQL: SHOW COLUMNS FROM `dest_v2` [ RunTime:0.0029s ]
SQL: SELECT `id` FROM `dest_v2` WHERE `place` = '北京' LIMIT 1   [ RunTime:0.0004s ]
SQL: SELECT `path` FROM `dest_v2` WHERE ( id = 50 ) LIMIT 1   [ RunTime:0.0002s ]
SQL: SELECT `id`,`level`,`p_id`,`place`,`path` FROM `dest_v2` WHERE `path` LIKE '0_50%'  [ RunTime:0.0068s ]
SQL: SHOW COLUMNS FROM `post_dest` [ RunTime:0.0023s ]
SQL: SELECT `post_id` FROM `post_dest` WHERE `dest_id` IN ('50','500','501','502','503','504','505','506','507','508','509','510','511','512','513','514','515','516','517','7000','7001','7002','7003','7004','7005','7006','7007','7008','7009','7010','7011','7012','7013','7014','7015','7016','7017','7018','7019') ORDER BY post_id desc LIMIT 21   [ RunTime:0.0008s ]
SQL: SHOW COLUMNS FROM `posts` [ RunTime:0.0022s ]
SQL: SHOW COLUMNS FROM `posts` [ RunTime:0.0024s ]
SQL: SELECT * FROM `posts` WHERE `id` IN ('206','205','202','200','195','194','193','190','189','184','183','182','176','175','174','172','171','169','167','165') AND `is_delete` = 0 ORDER BY id desc  [ RunTime:0.0006s ]
SQL: SHOW COLUMNS FROM `post_img` [ RunTime:0.0020s ]
SQL: SELECT `post_id`,`img` FROM `post_img` WHERE `post_id` IN (206,205,202,200,195,194,193,190,189,184,183,182,176,175,174,172,171,169,167,165)  [ RunTime:0.0004s ]
SQL: SELECT DISTINCT  `uid` FROM `posts` WHERE `id` IN ('206','205','202','200','195','194','193','190','189','184','183','182','176','175','174','172','171','169','167','165') AND `is_delete` = 0 ORDER BY uid asc  [ RunTime:0.0004s ]
SQL: SHOW COLUMNS FROM `user` [ RunTime:0.0023s ]
SQL: SELECT * FROM `user` WHERE `id` IN ('35','38','41','44','48')  [ RunTime:0.0004s ]
SQL: SHOW COLUMNS FROM `liked` [ RunTime:0.0023s ]
SQL: SELECT count(distinct uid) as num,`post_id` FROM `liked` WHERE `post_id` IN ('206','205','202','200','195','194','193','190','189','184','183','182','176','175','174','172','171','169','167','165') GROUP BY post_id  [ RunTime:0.0007s ]
SQL: SHOW COLUMNS FROM `post_dest` [ RunTime:0.0021s ]
SQL: SELECT `post_id`,`dest_id` FROM `post_dest` WHERE `post_id` IN ('206','205','202','200','195','194','193','190','189','184','183','182','176','175','174','172','171','169','167','165')  [ RunTime:0.0005s ]
SQL: SHOW COLUMNS FROM `dest_v2` [ RunTime:0.0020s ]
SQL: SELECT `id`,`place`,`desc` FROM `dest_v2` WHERE `id` IN ('2095','50','537','1769')  [ RunTime:0.0003s ]

[ 2015-04-27T10:33:03+08:00 ] 127.0.0.1 /tourpal/index.php/Api/Dest/getPostsByPlace?dest=%E6%9D%AD%E5%B7%9E
INFO: [ app_init ] --START--
INFO: Run Behavior\BuildLiteBehavior [ RunTime:0.000023s ]
INFO: [ app_init ] --END-- [ RunTime:0.000589s ]
INFO: [ app_begin ] --START--
INFO: Run Behavior\ReadHtmlCacheBehavior [ RunTime:0.000716s ]
INFO: [ app_begin ] --END-- [ RunTime:0.000813s ]
SQL: SHOW COLUMNS FROM `dest_v2` [ RunTime:0.0043s ]
SQL: SELECT `id` FROM `dest_v2` WHERE `place` = '杭州' LIMIT 1   [ RunTime:0.0006s ]
SQL: SELECT `path` FROM `dest_v2` WHERE ( id = 136 ) LIMIT 1   [ RunTime:0.0005s ]
SQL: SELECT `id`,`level`,`p_id`,`place`,`path` FROM `dest_v2` WHERE `path` LIKE '0_11_136%'  [ RunTime:0.0120s ]
SQL: SHOW COLUMNS FROM `post_dest` [ RunTime:0.0043s ]
SQL: SELECT `post_id` FROM `post_dest` WHERE `dest_id` IN ('136','1377','1378','1379','1380','1381','1382','1383','1384','1385','1386','1387','1388','1389','8700','8701','8702','8703','8704','8705','8706','8707','8708','8709','8710','8711','8712','8713','8714','8715','8716','8717','8718','8719') ORDER BY post_id desc LIMIT 21   [ RunTime:0.0014s ]
SQL: SHOW COLUMNS FROM `posts` [ RunTime:0.0037s ]
SQL: SHOW COLUMNS FROM `posts` [ RunTime:0.0024s ]
SQL: SELECT * FROM `posts` WHERE `id` IN ('208','5') AND `is_delete` = 0 ORDER BY id desc  [ RunTime:0.0004s ]
SQL: SHOW COLUMNS FROM `post_img` [ RunTime:0.0023s ]
SQL: SELECT `post_id`,`img` FROM `post_img` WHERE `post_id` IN (208,5)  [ RunTime:0.0003s ]
SQL: SELECT DISTINCT  `uid` FROM `posts` WHERE `id` IN ('208','5') AND `is_delete` = 0 ORDER BY uid asc  [ RunTime:0.0003s ]
SQL: SHOW COLUMNS FROM `user` [ RunTime:0.0024s ]
SQL: SELECT * FROM `user` WHERE `id` IN ('2','35')  [ RunTime:0.0004s ]
SQL: SHOW COLUMNS FROM `liked` [ RunTime:0.0024s ]
SQL: SELECT count(distinct uid) as num,`post_id` FROM `liked` WHERE `post_id` IN ('208','5') GROUP BY post_id  [ RunTime:0.0004s ]
SQL: SHOW COLUMNS FROM `post_dest` [ RunTime:0.0022s ]
SQL: SELECT `post_id`,`dest_id` FROM `post_dest` WHERE `post_id` IN ('208','5')  [ RunTime:0.0003s ]
SQL: SHOW COLUMNS FROM `dest_v2` [ RunTime:0.0025s ]
SQL: SELECT `id`,`place`,`desc` FROM `dest_v2` WHERE `id` IN ('136')  [ RunTime:0.0003s ]

[ 2015-04-27T10:33:22+08:00 ] 127.0.0.1 /tourpal/index.php/Api/Dest/getPostsByPlace?dest=%E6%9D%AD%E5%B7%9E
INFO: [ app_init ] --START--
INFO: Run Behavior\BuildLiteBehavior [ RunTime:0.000015s ]
INFO: [ app_init ] --END-- [ RunTime:0.000432s ]
INFO: [ app_begin ] --START--
INFO: Run Behavior\ReadHtmlCacheBehavior [ RunTime:0.000400s ]
INFO: [ app_begin ] --END-- [ RunTime:0.000459s ]
SQL: SHOW COLUMNS FROM `dest_v2` [ RunTime:0.0028s ]
SQL: SELECT `id` FROM `dest_v2` WHERE `place` = '杭州' LIMIT 1   [ RunTime:0.0003s ]
SQL: SELECT `path` FROM `dest_v2` WHERE ( id = 136 ) LIMIT 1   [ RunTime:0.0002s ]
SQL: SELECT `id`,`level`,`p_id`,`place`,`path` FROM `dest_v2` WHERE `path` LIKE '0_11_136%'  [ RunTime:0.0064s ]
SQL: SHOW COLUMNS FROM `post_dest` [ RunTime:0.0025s ]
SQL: SELECT `post_id` FROM `post_dest` WHERE `dest_id` IN ('136','1377','1378','1379','1380','1381','1382','1383','1384','1385','1386','1387','1388','1389','8700','8701','8702','8703','8704','8705','8706','8707','8708','8709','8710','8711','8712','8713','8714','8715','8716','8717','8718','8719') ORDER BY post_id desc LIMIT 21   [ RunTime:0.0008s ]
SQL: SHOW COLUMNS FROM `posts` [ RunTime:0.0026s ]
SQL: SHOW COLUMNS FROM `posts` [ RunTime:0.0025s ]
SQL: SELECT * FROM `posts` WHERE `id` IN ('208','5') AND `is_delete` = 0 ORDER BY id desc  [ RunTime:0.0006s ]
SQL: SHOW COLUMNS FROM `post_img` [ RunTime:0.0021s ]
SQL: SELECT `post_id`,`img` FROM `post_img` WHERE `post_id` IN (208,5)  [ RunTime:0.0004s ]
SQL: SELECT DISTINCT  `uid` FROM `posts` WHERE `id` IN ('208','5') AND `is_delete` = 0 ORDER BY uid asc  [ RunTime:0.0003s ]
SQL: SHOW COLUMNS FROM `user` [ RunTime:0.0026s ]
SQL: SELECT * FROM `user` WHERE `id` IN ('2','35')  [ RunTime:0.0004s ]
SQL: SHOW COLUMNS FROM `liked` [ RunTime:0.0022s ]
SQL: SELECT count(distinct uid) as num,`post_id` FROM `liked` WHERE `post_id` IN ('208','5') GROUP BY post_id  [ RunTime:0.0003s ]
SQL: SHOW COLUMNS FROM `post_dest` [ RunTime:0.0021s ]
SQL: SELECT `post_id`,`dest_id` FROM `post_dest` WHERE `post_id` IN ('208','5')  [ RunTime:0.0003s ]
SQL: SHOW COLUMNS FROM `dest_v2` [ RunTime:0.0020s ]
SQL: SELECT `id`,`place`,`desc` FROM `dest_v2` WHERE `id` IN ('136')  [ RunTime:0.0002s ]

[ 2015-04-27T10:33:24+08:00 ] 127.0.0.1 /tourpal/index.php/Api/Dest/getPostsByPlace?dest=%E6%9D%AD%E5%B7%9E
INFO: [ app_init ] --START--
INFO: Run Behavior\BuildLiteBehavior [ RunTime:0.000024s ]
INFO: [ app_init ] --END-- [ RunTime:0.000610s ]
INFO: [ app_begin ] --START--
INFO: Run Behavior\ReadHtmlCacheBehavior [ RunTime:0.000871s ]
INFO: [ app_begin ] --END-- [ RunTime:0.000981s ]
SQL: SHOW COLUMNS FROM `dest_v2` [ RunTime:0.0026s ]
SQL: SELECT `id` FROM `dest_v2` WHERE `place` = '杭州' LIMIT 1   [ RunTime:0.0003s ]
SQL: SELECT `path` FROM `dest_v2` WHERE ( id = 136 ) LIMIT 1   [ RunTime:0.0002s ]
SQL: SELECT `id`,`level`,`p_id`,`place`,`path` FROM `dest_v2` WHERE `path` LIKE '0_11_136%'  [ RunTime:0.0071s ]
SQL: SHOW COLUMNS FROM `post_dest` [ RunTime:0.0025s ]
SQL: SELECT `post_id` FROM `post_dest` WHERE `dest_id` IN ('136','1377','1378','1379','1380','1381','1382','1383','1384','1385','1386','1387','1388','1389','8700','8701','8702','8703','8704','8705','8706','8707','8708','8709','8710','8711','8712','8713','8714','8715','8716','8717','8718','8719') ORDER BY post_id desc LIMIT 21   [ RunTime:0.0008s ]
SQL: SHOW COLUMNS FROM `posts` [ RunTime:0.0026s ]
SQL: SHOW COLUMNS FROM `posts` [ RunTime:0.0026s ]
SQL: SELECT * FROM `posts` WHERE `id` IN ('208','5') AND `is_delete` = 0 ORDER BY id desc  [ RunTime:0.0005s ]
SQL: SHOW COLUMNS FROM `post_img` [ RunTime:0.0023s ]
SQL: SELECT `post_id`,`img` FROM `post_img` WHERE `post_id` IN (208,5)  [ RunTime:0.0003s ]
SQL: SELECT DISTINCT  `uid` FROM `posts` WHERE `id` IN ('208','5') AND `is_delete` = 0 ORDER BY uid asc  [ RunTime:0.0003s ]
SQL: SHOW COLUMNS FROM `user` [ RunTime:0.0023s ]
SQL: SELECT * FROM `user` WHERE `id` IN ('2','35')  [ RunTime:0.0003s ]
SQL: SHOW COLUMNS FROM `liked` [ RunTime:0.0019s ]
SQL: SELECT count(distinct uid) as num,`post_id` FROM `liked` WHERE `post_id` IN ('208','5') GROUP BY post_id  [ RunTime:0.0003s ]
SQL: SHOW COLUMNS FROM `post_dest` [ RunTime:0.0019s ]
SQL: SELECT `post_id`,`dest_id` FROM `post_dest` WHERE `post_id` IN ('208','5')  [ RunTime:0.0003s ]
SQL: SHOW COLUMNS FROM `dest_v2` [ RunTime:0.0020s ]
SQL: SELECT `id`,`place`,`desc` FROM `dest_v2` WHERE `id` IN ('136')  [ RunTime:0.0002s ]

[ 2015-04-27T10:34:30+08:00 ] 127.0.0.1 /tourpal/index.php/Api/Dest/getPostsByPlace?dest=%E6%9D%AD%E5%B7%9E
INFO: [ app_init ] --START--
INFO: Run Behavior\BuildLiteBehavior [ RunTime:0.000027s ]
INFO: [ app_init ] --END-- [ RunTime:0.000648s ]
INFO: [ app_begin ] --START--
INFO: Run Behavior\ReadHtmlCacheBehavior [ RunTime:0.000462s ]
INFO: [ app_begin ] --END-- [ RunTime:0.000536s ]
SQL: SHOW COLUMNS FROM `dest_v2` [ RunTime:0.0024s ]
SQL: SELECT `id` FROM `dest_v2` WHERE `place` = '杭州' LIMIT 1   [ RunTime:0.0003s ]
SQL: SELECT `path` FROM `dest_v2` WHERE ( id = 136 ) LIMIT 1   [ RunTime:0.0002s ]
SQL: SELECT `id`,`level`,`p_id`,`place`,`path` FROM `dest_v2` WHERE `path` LIKE '0_11_136%'  [ RunTime:0.0067s ]
SQL: SHOW COLUMNS FROM `post_dest` [ RunTime:0.0023s ]
SQL: SELECT `post_id` FROM `post_dest` WHERE `dest_id` IN ('136','1377','1378','1379','1380','1381','1382','1383','1384','1385','1386','1387','1388','1389','8700','8701','8702','8703','8704','8705','8706','8707','8708','8709','8710','8711','8712','8713','8714','8715','8716','8717','8718','8719') ORDER BY post_id desc LIMIT 21   [ RunTime:0.0009s ]
SQL: SHOW COLUMNS FROM `posts` [ RunTime:0.0025s ]
SQL: SHOW COLUMNS FROM `posts` [ RunTime:0.0023s ]
SQL: SELECT * FROM `posts` WHERE `id` IN ('208','5') AND `is_delete` = 0 ORDER BY id desc  [ RunTime:0.0005s ]
SQL: SHOW COLUMNS FROM `post_img` [ RunTime:0.0021s ]
SQL: SELECT `post_id`,`img` FROM `post_img` WHERE `post_id` IN (208,5)  [ RunTime:0.0003s ]
SQL: SELECT DISTINCT  `uid` FROM `posts` WHERE `id` IN ('208','5') AND `is_delete` = 0 ORDER BY uid asc  [ RunTime:0.0003s ]
SQL: SHOW COLUMNS FROM `user` [ RunTime:0.0022s ]
SQL: SELECT * FROM `user` WHERE `id` IN ('2','35')  [ RunTime:0.0004s ]
SQL: SHOW COLUMNS FROM `liked` [ RunTime:0.0021s ]
SQL: SELECT count(distinct uid) as num,`post_id` FROM `liked` WHERE `post_id` IN ('208','5') GROUP BY post_id  [ RunTime:0.0003s ]
SQL: SHOW COLUMNS FROM `post_dest` [ RunTime:0.0020s ]
SQL: SELECT `post_id`,`dest_id` FROM `post_dest` WHERE `post_id` IN ('208','5')  [ RunTime:0.0002s ]
SQL: SHOW COLUMNS FROM `dest_v2` [ RunTime:0.0021s ]
SQL: SELECT `id`,`place`,`desc` FROM `dest_v2` WHERE `id` IN ('136')  [ RunTime:0.0002s ]

[ 2015-04-27T10:34:39+08:00 ] 127.0.0.1 /tourpal/index.php/Api/Dest/getPostsByPlace?dest=%E6%9D%AD%E5%B7%9E
INFO: [ app_init ] --START--
INFO: Run Behavior\BuildLiteBehavior [ RunTime:0.000027s ]
INFO: [ app_init ] --END-- [ RunTime:0.000673s ]
INFO: [ app_begin ] --START--
INFO: Run Behavior\ReadHtmlCacheBehavior [ RunTime:0.000827s ]
INFO: [ app_begin ] --END-- [ RunTime:0.000961s ]
SQL: SHOW COLUMNS FROM `dest_v2` [ RunTime:0.0022s ]
SQL: SELECT `id` FROM `dest_v2` WHERE `place` = '杭州' LIMIT 1   [ RunTime:0.0003s ]
SQL: SELECT `path` FROM `dest_v2` WHERE ( id = 136 ) LIMIT 1   [ RunTime:0.0002s ]
SQL: SELECT `id`,`level`,`p_id`,`place`,`path` FROM `dest_v2` WHERE `path` LIKE '0_11_136%'  [ RunTime:0.0064s ]
SQL: SHOW COLUMNS FROM `post_dest` [ RunTime:0.0022s ]
SQL: SELECT `post_id` FROM `post_dest` WHERE `dest_id` IN ('136','1377','1378','1379','1380','1381','1382','1383','1384','1385','1386','1387','1388','1389','8700','8701','8702','8703','8704','8705','8706','8707','8708','8709','8710','8711','8712','8713','8714','8715','8716','8717','8718','8719') ORDER BY post_id desc LIMIT 21   [ RunTime:0.0007s ]
SQL: SHOW COLUMNS FROM `posts` [ RunTime:0.0024s ]
SQL: SHOW COLUMNS FROM `posts` [ RunTime:0.0023s ]
SQL: SELECT * FROM `posts` WHERE `id` IN ('208','5') AND `is_delete` = 0 ORDER BY id desc  [ RunTime:0.0004s ]
SQL: SHOW COLUMNS FROM `post_img` [ RunTime:0.0021s ]
SQL: SELECT `post_id`,`img` FROM `post_img` WHERE `post_id` IN (208,5)  [ RunTime:0.0003s ]
SQL: SELECT DISTINCT  `uid` FROM `posts` WHERE `id` IN ('208','5') AND `is_delete` = 0 ORDER BY uid asc  [ RunTime:0.0003s ]
SQL: SHOW COLUMNS FROM `user` [ RunTime:0.0022s ]
SQL: SELECT * FROM `user` WHERE `id` IN ('2','35')  [ RunTime:0.0004s ]
SQL: SHOW COLUMNS FROM `liked` [ RunTime:0.0020s ]
SQL: SELECT count(distinct uid) as num,`post_id` FROM `liked` WHERE `post_id` IN ('208','5') GROUP BY post_id  [ RunTime:0.0003s ]
SQL: SHOW COLUMNS FROM `post_dest` [ RunTime:0.0021s ]
SQL: SELECT `post_id`,`dest_id` FROM `post_dest` WHERE `post_id` IN ('208','5')  [ RunTime:0.0003s ]
SQL: SHOW COLUMNS FROM `dest_v2` [ RunTime:0.0020s ]
SQL: SELECT `id`,`place`,`desc` FROM `dest_v2` WHERE `id` IN ('136')  [ RunTime:0.0003s ]

[ 2015-04-27T10:36:59+08:00 ] 127.0.0.1 /tourpal/index.php/Api/Dest/getPostsByPlace?dest=%E6%9D%AD%E5%B7%9E
INFO: [ app_init ] --START--
INFO: Run Behavior\BuildLiteBehavior [ RunTime:0.000021s ]
INFO: [ app_init ] --END-- [ RunTime:0.000639s ]
INFO: [ app_begin ] --START--
INFO: Run Behavior\ReadHtmlCacheBehavior [ RunTime:0.000856s ]
INFO: [ app_begin ] --END-- [ RunTime:0.000954s ]
SQL: SHOW COLUMNS FROM `dest_v2` [ RunTime:0.0026s ]
SQL: SELECT `id` FROM `dest_v2` WHERE `place` = '杭州' LIMIT 1   [ RunTime:0.0003s ]
SQL: SELECT `path` FROM `dest_v2` WHERE ( id = 136 ) LIMIT 1   [ RunTime:0.0003s ]
SQL: SELECT `id`,`level`,`p_id`,`place`,`path` FROM `dest_v2` WHERE `path` LIKE '0_11_136%'  [ RunTime:0.0065s ]
SQL: SHOW COLUMNS FROM `post_dest` [ RunTime:0.0024s ]
SQL: SELECT `post_id` FROM `post_dest` WHERE `dest_id` IN ('136','1377','1378','1379','1380','1381','1382','1383','1384','1385','1386','1387','1388','1389','8700','8701','8702','8703','8704','8705','8706','8707','8708','8709','8710','8711','8712','8713','8714','8715','8716','8717','8718','8719') ORDER BY post_id desc LIMIT 21   [ RunTime:0.0008s ]
SQL: SHOW COLUMNS FROM `posts` [ RunTime:0.0025s ]
SQL: SHOW COLUMNS FROM `posts` [ RunTime:0.0023s ]
SQL: SELECT * FROM `posts` WHERE `id` IN ('208','5') AND `is_delete` = 0 ORDER BY id desc  [ RunTime:0.0004s ]
SQL: SHOW COLUMNS FROM `post_img` [ RunTime:0.0021s ]
SQL: SELECT `post_id`,`img` FROM `post_img` WHERE `post_id` IN (208,5)  [ RunTime:0.0003s ]
SQL: SELECT DISTINCT  `uid` FROM `posts` WHERE `id` IN ('208','5') AND `is_delete` = 0 ORDER BY uid asc  [ RunTime:0.0003s ]
SQL: SHOW COLUMNS FROM `user` [ RunTime:0.0022s ]
SQL: SELECT * FROM `user` WHERE `id` IN ('2','35')  [ RunTime:0.0003s ]
SQL: SHOW COLUMNS FROM `liked` [ RunTime:0.0023s ]
SQL: SELECT count(distinct uid) as num,`post_id` FROM `liked` WHERE `post_id` IN ('208','5') GROUP BY post_id  [ RunTime:0.0003s ]
SQL: SHOW COLUMNS FROM `post_dest` [ RunTime:0.0021s ]
SQL: SELECT `post_id`,`dest_id` FROM `post_dest` WHERE `post_id` IN ('208','5')  [ RunTime:0.0003s ]
SQL: SHOW COLUMNS FROM `dest_v2` [ RunTime:0.0022s ]
SQL: SELECT `id`,`place`,`desc` FROM `dest_v2` WHERE `id` IN ('136')  [ RunTime:0.0003s ]

