[ 2015-03-26T15:12:19+08:00 ] 127.0.0.1 /tourpal/index.php/Api/Dest/getPostsByPlace?dest=%E5%8C%97%E4%BA%AC&currentPage=0&perNum=2
INFO: [ app_init ] --START--
INFO: Run Behavior\BuildLiteBehavior [ RunTime:0.000019s ]
INFO: [ app_init ] --END-- [ RunTime:0.008128s ]
INFO: [ app_begin ] --START--
INFO: Run Behavior\ReadHtmlCacheBehavior [ RunTime:0.007542s ]
INFO: [ app_begin ] --END-- [ RunTime:0.007604s ]
NOTIC: [8] Undefined index: H5SessionId E:\xampp\htdocs\tourpal\Application\Service\Controller\CommonController.class.php 第 32 行.
NOTIC: [8] Undefined index: SessionToken E:\xampp\htdocs\tourpal\Application\Service\Controller\CommonController.class.php 第 33 行.
NOTIC: [8] Use of undefined constant JSON_BIGINT_AS_STRING - assumed 'JSON_BIGINT_AS_STRING' E:\xampp\htdocs\tourpal\Application\Service\Controller\AuthController.class.php 第 46 行.
NOTIC: [2] json_decode() expects at most 3 parameters, 4 given E:\xampp\htdocs\tourpal\Application\Service\Controller\AuthController.class.php 第 46 行.

[ 2015-03-26T15:12:23+08:00 ] 127.0.0.1 /tourpal/index.php/Api/Dest/getPostsByPlace?dest=%E5%8C%97%E4%BA%AC&currentPage=0&perNum=2
INFO: [ app_init ] --START--
INFO: Run Behavior\BuildLiteBehavior [ RunTime:0.000015s ]
INFO: [ app_init ] --END-- [ RunTime:0.000369s ]
INFO: [ app_begin ] --START--
INFO: Run Behavior\ReadHtmlCacheBehavior [ RunTime:0.000491s ]
INFO: [ app_begin ] --END-- [ RunTime:0.000560s ]
NOTIC: [8] Undefined index: H5SessionId E:\xampp\htdocs\tourpal\Application\Service\Controller\CommonController.class.php 第 32 行.
NOTIC: [8] Undefined index: SessionToken E:\xampp\htdocs\tourpal\Application\Service\Controller\CommonController.class.php 第 33 行.
NOTIC: [8] Use of undefined constant JSON_BIGINT_AS_STRING - assumed 'JSON_BIGINT_AS_STRING' E:\xampp\htdocs\tourpal\Application\Service\Controller\AuthController.class.php 第 46 行.
NOTIC: [2] json_decode() expects at most 3 parameters, 4 given E:\xampp\htdocs\tourpal\Application\Service\Controller\AuthController.class.php 第 46 行.

[ 2015-03-26T15:12:23+08:00 ] 127.0.0.1 /tourpal/index.php/Api/Dest/getPostsByPlace?dest=%E5%8C%97%E4%BA%AC&currentPage=0&perNum=2
INFO: [ app_init ] --START--
INFO: Run Behavior\BuildLiteBehavior [ RunTime:0.000014s ]
INFO: [ app_init ] --END-- [ RunTime:0.000472s ]
INFO: [ app_begin ] --START--
INFO: Run Behavior\ReadHtmlCacheBehavior [ RunTime:0.000489s ]
INFO: [ app_begin ] --END-- [ RunTime:0.000538s ]
NOTIC: [8] Undefined index: H5SessionId E:\xampp\htdocs\tourpal\Application\Service\Controller\CommonController.class.php 第 32 行.
NOTIC: [8] Undefined index: SessionToken E:\xampp\htdocs\tourpal\Application\Service\Controller\CommonController.class.php 第 33 行.
NOTIC: [8] Use of undefined constant JSON_BIGINT_AS_STRING - assumed 'JSON_BIGINT_AS_STRING' E:\xampp\htdocs\tourpal\Application\Service\Controller\AuthController.class.php 第 46 行.
NOTIC: [2] json_decode() expects at most 3 parameters, 4 given E:\xampp\htdocs\tourpal\Application\Service\Controller\AuthController.class.php 第 46 行.

[ 2015-03-26T15:12:23+08:00 ] 127.0.0.1 /tourpal/index.php/Api/Dest/getPostsByPlace?dest=%E5%8C%97%E4%BA%AC&currentPage=0&perNum=2
INFO: [ app_init ] --START--
INFO: Run Behavior\BuildLiteBehavior [ RunTime:0.000012s ]
INFO: [ app_init ] --END-- [ RunTime:0.000267s ]
INFO: [ app_begin ] --START--
INFO: Run Behavior\ReadHtmlCacheBehavior [ RunTime:0.000395s ]
INFO: [ app_begin ] --END-- [ RunTime:0.000490s ]
NOTIC: [8] Undefined index: H5SessionId E:\xampp\htdocs\tourpal\Application\Service\Controller\CommonController.class.php 第 32 行.
NOTIC: [8] Undefined index: SessionToken E:\xampp\htdocs\tourpal\Application\Service\Controller\CommonController.class.php 第 33 行.
NOTIC: [8] Use of undefined constant JSON_BIGINT_AS_STRING - assumed 'JSON_BIGINT_AS_STRING' E:\xampp\htdocs\tourpal\Application\Service\Controller\AuthController.class.php 第 46 行.
NOTIC: [2] json_decode() expects at most 3 parameters, 4 given E:\xampp\htdocs\tourpal\Application\Service\Controller\AuthController.class.php 第 46 行.

[ 2015-03-26T15:12:23+08:00 ] 127.0.0.1 /tourpal/index.php/Api/Dest/getPostsByPlace?dest=%E5%8C%97%E4%BA%AC&currentPage=0&perNum=2
INFO: [ app_init ] --START--
INFO: Run Behavior\BuildLiteBehavior [ RunTime:0.000013s ]
INFO: [ app_init ] --END-- [ RunTime:0.000265s ]
INFO: [ app_begin ] --START--
INFO: Run Behavior\ReadHtmlCacheBehavior [ RunTime:0.000354s ]
INFO: [ app_begin ] --END-- [ RunTime:0.000403s ]
NOTIC: [8] Undefined index: H5SessionId E:\xampp\htdocs\tourpal\Application\Service\Controller\CommonController.class.php 第 32 行.
NOTIC: [8] Undefined index: SessionToken E:\xampp\htdocs\tourpal\Application\Service\Controller\CommonController.class.php 第 33 行.
NOTIC: [8] Use of undefined constant JSON_BIGINT_AS_STRING - assumed 'JSON_BIGINT_AS_STRING' E:\xampp\htdocs\tourpal\Application\Service\Controller\AuthController.class.php 第 46 行.
NOTIC: [2] json_decode() expects at most 3 parameters, 4 given E:\xampp\htdocs\tourpal\Application\Service\Controller\AuthController.class.php 第 46 行.

[ 2015-03-26T15:13:04+08:00 ] 127.0.0.1 /tourpal/index.php/Api/Dest/getPostsByPlace?dest=%E5%8C%97%E4%BA%AC&currentPage=0&perNum=2
INFO: [ app_init ] --START--
INFO: Run Behavior\BuildLiteBehavior [ RunTime:0.000016s ]
INFO: [ app_init ] --END-- [ RunTime:0.000409s ]
INFO: [ app_begin ] --START--
INFO: Run Behavior\ReadHtmlCacheBehavior [ RunTime:0.000569s ]
INFO: [ app_begin ] --END-- [ RunTime:0.000629s ]
NOTIC: [8] Undefined index: H5SessionId E:\xampp\htdocs\tourpal\Application\Service\Controller\CommonController.class.php 第 32 行.
NOTIC: [8] Undefined index: SessionToken E:\xampp\htdocs\tourpal\Application\Service\Controller\CommonController.class.php 第 33 行.
NOTIC: [8] Use of undefined constant JSON_BIGINT_AS_STRING - assumed 'JSON_BIGINT_AS_STRING' E:\xampp\htdocs\tourpal\Application\Service\Controller\AuthController.class.php 第 46 行.
NOTIC: [2] json_decode() expects at most 3 parameters, 4 given E:\xampp\htdocs\tourpal\Application\Service\Controller\AuthController.class.php 第 46 行.

[ 2015-03-26T15:13:05+08:00 ] 127.0.0.1 /tourpal/index.php/Api/Dest/getPostsByPlace?dest=%E5%8C%97%E4%BA%AC&currentPage=0&perNum=2
INFO: [ app_init ] --START--
INFO: Run Behavior\BuildLiteBehavior [ RunTime:0.000015s ]
INFO: [ app_init ] --END-- [ RunTime:0.000433s ]
INFO: [ app_begin ] --START--
INFO: Run Behavior\ReadHtmlCacheBehavior [ RunTime:0.000479s ]
INFO: [ app_begin ] --END-- [ RunTime:0.000540s ]
NOTIC: [8] Undefined index: H5SessionId E:\xampp\htdocs\tourpal\Application\Service\Controller\CommonController.class.php 第 32 行.
NOTIC: [8] Undefined index: SessionToken E:\xampp\htdocs\tourpal\Application\Service\Controller\CommonController.class.php 第 33 行.
NOTIC: [8] Use of undefined constant JSON_BIGINT_AS_STRING - assumed 'JSON_BIGINT_AS_STRING' E:\xampp\htdocs\tourpal\Application\Service\Controller\AuthController.class.php 第 46 行.
NOTIC: [2] json_decode() expects at most 3 parameters, 4 given E:\xampp\htdocs\tourpal\Application\Service\Controller\AuthController.class.php 第 46 行.

[ 2015-03-26T15:13:05+08:00 ] 127.0.0.1 /tourpal/index.php/Api/Dest/getPostsByPlace?dest=%E5%8C%97%E4%BA%AC&currentPage=0&perNum=2
INFO: [ app_init ] --START--
INFO: Run Behavior\BuildLiteBehavior [ RunTime:0.000024s ]
INFO: [ app_init ] --END-- [ RunTime:0.000535s ]
INFO: [ app_begin ] --START--
INFO: Run Behavior\ReadHtmlCacheBehavior [ RunTime:0.000764s ]
INFO: [ app_begin ] --END-- [ RunTime:0.000861s ]
NOTIC: [8] Undefined index: H5SessionId E:\xampp\htdocs\tourpal\Application\Service\Controller\CommonController.class.php 第 32 行.
NOTIC: [8] Undefined index: SessionToken E:\xampp\htdocs\tourpal\Application\Service\Controller\CommonController.class.php 第 33 行.
NOTIC: [8] Use of undefined constant JSON_BIGINT_AS_STRING - assumed 'JSON_BIGINT_AS_STRING' E:\xampp\htdocs\tourpal\Application\Service\Controller\AuthController.class.php 第 46 行.
NOTIC: [2] json_decode() expects at most 3 parameters, 4 given E:\xampp\htdocs\tourpal\Application\Service\Controller\AuthController.class.php 第 46 行.

[ 2015-03-26T15:13:05+08:00 ] 127.0.0.1 /tourpal/index.php/Api/Dest/getPostsByPlace?dest=%E5%8C%97%E4%BA%AC&currentPage=0&perNum=2
INFO: [ app_init ] --START--
INFO: Run Behavior\BuildLiteBehavior [ RunTime:0.000011s ]
INFO: [ app_init ] --END-- [ RunTime:0.000282s ]
INFO: [ app_begin ] --START--
INFO: Run Behavior\ReadHtmlCacheBehavior [ RunTime:0.000383s ]
INFO: [ app_begin ] --END-- [ RunTime:0.000433s ]
NOTIC: [8] Undefined index: H5SessionId E:\xampp\htdocs\tourpal\Application\Service\Controller\CommonController.class.php 第 32 行.
NOTIC: [8] Undefined index: SessionToken E:\xampp\htdocs\tourpal\Application\Service\Controller\CommonController.class.php 第 33 行.
NOTIC: [8] Use of undefined constant JSON_BIGINT_AS_STRING - assumed 'JSON_BIGINT_AS_STRING' E:\xampp\htdocs\tourpal\Application\Service\Controller\AuthController.class.php 第 46 行.
NOTIC: [2] json_decode() expects at most 3 parameters, 4 given E:\xampp\htdocs\tourpal\Application\Service\Controller\AuthController.class.php 第 46 行.

[ 2015-03-26T15:13:06+08:00 ] 127.0.0.1 /tourpal/index.php/Api/Dest/getPostsByPlace?dest=%E5%8C%97%E4%BA%AC&currentPage=0&perNum=2
INFO: [ app_init ] --START--
INFO: Run Behavior\BuildLiteBehavior [ RunTime:0.000011s ]
INFO: [ app_init ] --END-- [ RunTime:0.000260s ]
INFO: [ app_begin ] --START--
INFO: Run Behavior\ReadHtmlCacheBehavior [ RunTime:0.000355s ]
INFO: [ app_begin ] --END-- [ RunTime:0.000401s ]
NOTIC: [8] Undefined index: H5SessionId E:\xampp\htdocs\tourpal\Application\Service\Controller\CommonController.class.php 第 32 行.
NOTIC: [8] Undefined index: SessionToken E:\xampp\htdocs\tourpal\Application\Service\Controller\CommonController.class.php 第 33 行.
NOTIC: [8] Use of undefined constant JSON_BIGINT_AS_STRING - assumed 'JSON_BIGINT_AS_STRING' E:\xampp\htdocs\tourpal\Application\Service\Controller\AuthController.class.php 第 46 行.
NOTIC: [2] json_decode() expects at most 3 parameters, 4 given E:\xampp\htdocs\tourpal\Application\Service\Controller\AuthController.class.php 第 46 行.

[ 2015-03-26T15:13:06+08:00 ] 127.0.0.1 /tourpal/index.php/Api/Dest/getPostsByPlace?dest=%E5%8C%97%E4%BA%AC&currentPage=0&perNum=2
INFO: [ app_init ] --START--
INFO: Run Behavior\BuildLiteBehavior [ RunTime:0.000013s ]
INFO: [ app_init ] --END-- [ RunTime:0.000287s ]
INFO: [ app_begin ] --START--
INFO: Run Behavior\ReadHtmlCacheBehavior [ RunTime:0.000385s ]
INFO: [ app_begin ] --END-- [ RunTime:0.000436s ]
NOTIC: [8] Undefined index: H5SessionId E:\xampp\htdocs\tourpal\Application\Service\Controller\CommonController.class.php 第 32 行.
NOTIC: [8] Undefined index: SessionToken E:\xampp\htdocs\tourpal\Application\Service\Controller\CommonController.class.php 第 33 行.
NOTIC: [8] Use of undefined constant JSON_BIGINT_AS_STRING - assumed 'JSON_BIGINT_AS_STRING' E:\xampp\htdocs\tourpal\Application\Service\Controller\AuthController.class.php 第 46 行.
NOTIC: [2] json_decode() expects at most 3 parameters, 4 given E:\xampp\htdocs\tourpal\Application\Service\Controller\AuthController.class.php 第 46 行.

[ 2015-03-26T15:13:06+08:00 ] 127.0.0.1 /tourpal/index.php/Api/Dest/getPostsByPlace?dest=%E5%8C%97%E4%BA%AC&currentPage=0&perNum=2
INFO: [ app_init ] --START--
INFO: Run Behavior\BuildLiteBehavior [ RunTime:0.000011s ]
INFO: [ app_init ] --END-- [ RunTime:0.000260s ]
INFO: [ app_begin ] --START--
INFO: Run Behavior\ReadHtmlCacheBehavior [ RunTime:0.000349s ]
INFO: [ app_begin ] --END-- [ RunTime:0.000394s ]
NOTIC: [8] Undefined index: H5SessionId E:\xampp\htdocs\tourpal\Application\Service\Controller\CommonController.class.php 第 32 行.
NOTIC: [8] Undefined index: SessionToken E:\xampp\htdocs\tourpal\Application\Service\Controller\CommonController.class.php 第 33 行.
NOTIC: [8] Use of undefined constant JSON_BIGINT_AS_STRING - assumed 'JSON_BIGINT_AS_STRING' E:\xampp\htdocs\tourpal\Application\Service\Controller\AuthController.class.php 第 46 行.
NOTIC: [2] json_decode() expects at most 3 parameters, 4 given E:\xampp\htdocs\tourpal\Application\Service\Controller\AuthController.class.php 第 46 行.

[ 2015-03-26T15:13:06+08:00 ] 127.0.0.1 /tourpal/index.php/Api/Dest/getPostsByPlace?dest=%E5%8C%97%E4%BA%AC&currentPage=0&perNum=2
INFO: [ app_init ] --START--
INFO: Run Behavior\BuildLiteBehavior [ RunTime:0.000013s ]
INFO: [ app_init ] --END-- [ RunTime:0.000277s ]
INFO: [ app_begin ] --START--
INFO: Run Behavior\ReadHtmlCacheBehavior [ RunTime:0.000369s ]
INFO: [ app_begin ] --END-- [ RunTime:0.000417s ]
NOTIC: [8] Undefined index: H5SessionId E:\xampp\htdocs\tourpal\Application\Service\Controller\CommonController.class.php 第 32 行.
NOTIC: [8] Undefined index: SessionToken E:\xampp\htdocs\tourpal\Application\Service\Controller\CommonController.class.php 第 33 行.
NOTIC: [8] Use of undefined constant JSON_BIGINT_AS_STRING - assumed 'JSON_BIGINT_AS_STRING' E:\xampp\htdocs\tourpal\Application\Service\Controller\AuthController.class.php 第 46 行.
NOTIC: [2] json_decode() expects at most 3 parameters, 4 given E:\xampp\htdocs\tourpal\Application\Service\Controller\AuthController.class.php 第 46 行.

[ 2015-03-26T15:13:06+08:00 ] 127.0.0.1 /tourpal/index.php/Api/Dest/getPostsByPlace?dest=%E5%8C%97%E4%BA%AC&currentPage=0&perNum=2
INFO: [ app_init ] --START--
INFO: Run Behavior\BuildLiteBehavior [ RunTime:0.000012s ]
INFO: [ app_init ] --END-- [ RunTime:0.000286s ]
INFO: [ app_begin ] --START--
INFO: Run Behavior\ReadHtmlCacheBehavior [ RunTime:0.000377s ]
INFO: [ app_begin ] --END-- [ RunTime:0.000424s ]
NOTIC: [8] Undefined index: H5SessionId E:\xampp\htdocs\tourpal\Application\Service\Controller\CommonController.class.php 第 32 行.
NOTIC: [8] Undefined index: SessionToken E:\xampp\htdocs\tourpal\Application\Service\Controller\CommonController.class.php 第 33 行.
NOTIC: [8] Use of undefined constant JSON_BIGINT_AS_STRING - assumed 'JSON_BIGINT_AS_STRING' E:\xampp\htdocs\tourpal\Application\Service\Controller\AuthController.class.php 第 46 行.
NOTIC: [2] json_decode() expects at most 3 parameters, 4 given E:\xampp\htdocs\tourpal\Application\Service\Controller\AuthController.class.php 第 46 行.

[ 2015-03-26T15:13:06+08:00 ] 127.0.0.1 /tourpal/index.php/Api/Dest/getPostsByPlace?dest=%E5%8C%97%E4%BA%AC&currentPage=0&perNum=2
INFO: [ app_init ] --START--
INFO: Run Behavior\BuildLiteBehavior [ RunTime:0.000013s ]
INFO: [ app_init ] --END-- [ RunTime:0.000277s ]
INFO: [ app_begin ] --START--
INFO: Run Behavior\ReadHtmlCacheBehavior [ RunTime:0.000342s ]
INFO: [ app_begin ] --END-- [ RunTime:0.000389s ]
NOTIC: [8] Undefined index: H5SessionId E:\xampp\htdocs\tourpal\Application\Service\Controller\CommonController.class.php 第 32 行.
NOTIC: [8] Undefined index: SessionToken E:\xampp\htdocs\tourpal\Application\Service\Controller\CommonController.class.php 第 33 行.
NOTIC: [8] Use of undefined constant JSON_BIGINT_AS_STRING - assumed 'JSON_BIGINT_AS_STRING' E:\xampp\htdocs\tourpal\Application\Service\Controller\AuthController.class.php 第 46 行.
NOTIC: [2] json_decode() expects at most 3 parameters, 4 given E:\xampp\htdocs\tourpal\Application\Service\Controller\AuthController.class.php 第 46 行.

[ 2015-03-26T15:13:14+08:00 ] 127.0.0.1 /tourpal/index.php/Api/Dest/getPostsByPlace?dest=%E5%8C%97%E4%BA%AC&currentPage=0&perNum=2
INFO: [ app_init ] --START--
INFO: Run Behavior\BuildLiteBehavior [ RunTime:0.000014s ]
INFO: [ app_init ] --END-- [ RunTime:0.000339s ]
INFO: [ app_begin ] --START--
INFO: Run Behavior\ReadHtmlCacheBehavior [ RunTime:0.000622s ]
INFO: [ app_begin ] --END-- [ RunTime:0.000687s ]
NOTIC: [8] Undefined index: H5SessionId E:\xampp\htdocs\tourpal\Application\Service\Controller\CommonController.class.php 第 32 行.
NOTIC: [8] Undefined index: SessionToken E:\xampp\htdocs\tourpal\Application\Service\Controller\CommonController.class.php 第 33 行.
NOTIC: [8] Use of undefined constant JSON_BIGINT_AS_STRING - assumed 'JSON_BIGINT_AS_STRING' E:\xampp\htdocs\tourpal\Application\Service\Controller\AuthController.class.php 第 46 行.
NOTIC: [2] json_decode() expects at most 3 parameters, 4 given E:\xampp\htdocs\tourpal\Application\Service\Controller\AuthController.class.php 第 46 行.

[ 2015-03-26T15:13:15+08:00 ] 127.0.0.1 /tourpal/index.php/Api/Dest/getPostsByPlace?dest=%E5%8C%97%E4%BA%AC&currentPage=0&perNum=2
INFO: [ app_init ] --START--
INFO: Run Behavior\BuildLiteBehavior [ RunTime:0.000017s ]
INFO: [ app_init ] --END-- [ RunTime:0.000390s ]
INFO: [ app_begin ] --START--
INFO: Run Behavior\ReadHtmlCacheBehavior [ RunTime:0.000499s ]
INFO: [ app_begin ] --END-- [ RunTime:0.000571s ]
NOTIC: [8] Undefined index: H5SessionId E:\xampp\htdocs\tourpal\Application\Service\Controller\CommonController.class.php 第 32 行.
NOTIC: [8] Undefined index: SessionToken E:\xampp\htdocs\tourpal\Application\Service\Controller\CommonController.class.php 第 33 行.
NOTIC: [8] Use of undefined constant JSON_BIGINT_AS_STRING - assumed 'JSON_BIGINT_AS_STRING' E:\xampp\htdocs\tourpal\Application\Service\Controller\AuthController.class.php 第 46 行.
NOTIC: [2] json_decode() expects at most 3 parameters, 4 given E:\xampp\htdocs\tourpal\Application\Service\Controller\AuthController.class.php 第 46 行.

[ 2015-03-26T15:13:15+08:00 ] 127.0.0.1 /tourpal/index.php/Api/Dest/getPostsByPlace?dest=%E5%8C%97%E4%BA%AC&currentPage=0&perNum=2
INFO: [ app_init ] --START--
INFO: Run Behavior\BuildLiteBehavior [ RunTime:0.000012s ]
INFO: [ app_init ] --END-- [ RunTime:0.000273s ]
INFO: [ app_begin ] --START--
INFO: Run Behavior\ReadHtmlCacheBehavior [ RunTime:0.000371s ]
INFO: [ app_begin ] --END-- [ RunTime:0.000417s ]
NOTIC: [8] Undefined index: H5SessionId E:\xampp\htdocs\tourpal\Application\Service\Controller\CommonController.class.php 第 32 行.
NOTIC: [8] Undefined index: SessionToken E:\xampp\htdocs\tourpal\Application\Service\Controller\CommonController.class.php 第 33 行.
NOTIC: [8] Use of undefined constant JSON_BIGINT_AS_STRING - assumed 'JSON_BIGINT_AS_STRING' E:\xampp\htdocs\tourpal\Application\Service\Controller\AuthController.class.php 第 46 行.
NOTIC: [2] json_decode() expects at most 3 parameters, 4 given E:\xampp\htdocs\tourpal\Application\Service\Controller\AuthController.class.php 第 46 行.

[ 2015-03-26T15:13:15+08:00 ] 127.0.0.1 /tourpal/index.php/Api/Dest/getPostsByPlace?dest=%E5%8C%97%E4%BA%AC&currentPage=0&perNum=2
INFO: [ app_init ] --START--
INFO: Run Behavior\BuildLiteBehavior [ RunTime:0.000012s ]
INFO: [ app_init ] --END-- [ RunTime:0.000271s ]
INFO: [ app_begin ] --START--
INFO: Run Behavior\ReadHtmlCacheBehavior [ RunTime:0.000367s ]
INFO: [ app_begin ] --END-- [ RunTime:0.000420s ]
NOTIC: [8] Undefined index: H5SessionId E:\xampp\htdocs\tourpal\Application\Service\Controller\CommonController.class.php 第 32 行.
NOTIC: [8] Undefined index: SessionToken E:\xampp\htdocs\tourpal\Application\Service\Controller\CommonController.class.php 第 33 行.
NOTIC: [8] Use of undefined constant JSON_BIGINT_AS_STRING - assumed 'JSON_BIGINT_AS_STRING' E:\xampp\htdocs\tourpal\Application\Service\Controller\AuthController.class.php 第 46 行.
NOTIC: [2] json_decode() expects at most 3 parameters, 4 given E:\xampp\htdocs\tourpal\Application\Service\Controller\AuthController.class.php 第 46 行.

[ 2015-03-26T15:13:15+08:00 ] 127.0.0.1 /tourpal/index.php/Api/Dest/getPostsByPlace?dest=%E5%8C%97%E4%BA%AC&currentPage=0&perNum=2
INFO: [ app_init ] --START--
INFO: Run Behavior\BuildLiteBehavior [ RunTime:0.000014s ]
INFO: [ app_init ] --END-- [ RunTime:0.000281s ]
INFO: [ app_begin ] --START--
INFO: Run Behavior\ReadHtmlCacheBehavior [ RunTime:0.000487s ]
INFO: [ app_begin ] --END-- [ RunTime:0.000540s ]
NOTIC: [8] Undefined index: H5SessionId E:\xampp\htdocs\tourpal\Application\Service\Controller\CommonController.class.php 第 32 行.
NOTIC: [8] Undefined index: SessionToken E:\xampp\htdocs\tourpal\Application\Service\Controller\CommonController.class.php 第 33 行.
NOTIC: [8] Use of undefined constant JSON_BIGINT_AS_STRING - assumed 'JSON_BIGINT_AS_STRING' E:\xampp\htdocs\tourpal\Application\Service\Controller\AuthController.class.php 第 46 行.
NOTIC: [2] json_decode() expects at most 3 parameters, 4 given E:\xampp\htdocs\tourpal\Application\Service\Controller\AuthController.class.php 第 46 行.

[ 2015-03-26T15:13:15+08:00 ] 127.0.0.1 /tourpal/index.php/Api/Dest/getPostsByPlace?dest=%E5%8C%97%E4%BA%AC&currentPage=0&perNum=2
INFO: [ app_init ] --START--
INFO: Run Behavior\BuildLiteBehavior [ RunTime:0.000017s ]
INFO: [ app_init ] --END-- [ RunTime:0.000388s ]
INFO: [ app_begin ] --START--
INFO: Run Behavior\ReadHtmlCacheBehavior [ RunTime:0.000406s ]
INFO: [ app_begin ] --END-- [ RunTime:0.000457s ]
NOTIC: [8] Undefined index: H5SessionId E:\xampp\htdocs\tourpal\Application\Service\Controller\CommonController.class.php 第 32 行.
NOTIC: [8] Undefined index: SessionToken E:\xampp\htdocs\tourpal\Application\Service\Controller\CommonController.class.php 第 33 行.
NOTIC: [8] Use of undefined constant JSON_BIGINT_AS_STRING - assumed 'JSON_BIGINT_AS_STRING' E:\xampp\htdocs\tourpal\Application\Service\Controller\AuthController.class.php 第 46 行.
NOTIC: [2] json_decode() expects at most 3 parameters, 4 given E:\xampp\htdocs\tourpal\Application\Service\Controller\AuthController.class.php 第 46 行.

[ 2015-03-26T15:14:12+08:00 ] 127.0.0.1 /tourpal/index.php/Api/Dest/getPostsByPlace?dest=%E5%8C%97%E4%BA%AC&currentPage=0&perNum=2
INFO: [ app_init ] --START--
INFO: Run Behavior\BuildLiteBehavior [ RunTime:0.000012s ]
INFO: [ app_init ] --END-- [ RunTime:0.000255s ]
INFO: [ app_begin ] --START--
INFO: Run Behavior\ReadHtmlCacheBehavior [ RunTime:0.000351s ]
INFO: [ app_begin ] --END-- [ RunTime:0.000398s ]
NOTIC: [8] Undefined index: H5SessionId E:\xampp\htdocs\tourpal\Application\Service\Controller\CommonController.class.php 第 32 行.
NOTIC: [8] Undefined index: SessionToken E:\xampp\htdocs\tourpal\Application\Service\Controller\CommonController.class.php 第 33 行.
SQL: SHOW COLUMNS FROM `dest` [ RunTime:0.0025s ]
SQL: SELECT `id` FROM `dest` WHERE `place` = '北京' LIMIT 1   [ RunTime:0.0003s ]
SQL: SHOW COLUMNS FROM `post_dest` [ RunTime:0.0024s ]
SQL: SELECT `post_id` FROM `post_dest` WHERE `dest_id` = 2  [ RunTime:0.0004s ]
SQL: SHOW COLUMNS FROM `posts` [ RunTime:0.0024s ]
SQL: SHOW COLUMNS FROM `posts` [ RunTime:0.0022s ]
SQL: SELECT * FROM `posts` WHERE `id` IN ('6','7','9','10','17','21','22','24','25','33','34','41','46','51','58','61','62','63','64','65','66','69','74','75','88','89','92','94','95','100','101','104','105','106','107','111','112') AND `is_delete` = 0 ORDER BY id desc LIMIT 0,2   [ RunTime:0.0005s ]
SQL: SHOW COLUMNS FROM `post_img` [ RunTime:0.0020s ]
SQL: SELECT `post_id`,`img` FROM `post_img` WHERE `post_id` IN (112,92)  [ RunTime:0.0003s ]
SQL: SELECT DISTINCT  `uid` FROM `posts` WHERE `id` IN ('112','92') AND `is_delete` = 0 ORDER BY uid asc  [ RunTime:0.0003s ]
SQL: SHOW COLUMNS FROM `user` [ RunTime:0.0023s ]
SQL: SELECT * FROM `user` WHERE `id` IN ('34','38')  [ RunTime:0.0004s ]
SQL: SHOW COLUMNS FROM `liked` [ RunTime:0.0022s ]
SQL: SELECT count(distinct uid) as num,`post_id` FROM `liked` WHERE `post_id` IN ('112','92') GROUP BY post_id  [ RunTime:0.0003s ]
SQL: SHOW COLUMNS FROM `post_dest` [ RunTime:0.0018s ]
SQL: SELECT `post_id`,`dest_id` FROM `post_dest` WHERE `post_id` IN ('112','92')  [ RunTime:0.0002s ]
SQL: SHOW COLUMNS FROM `dest` [ RunTime:0.0020s ]
SQL: SELECT `id`,`place`,`desc` FROM `dest` WHERE `id` IN ('2')  [ RunTime:0.0002s ]
SQL: SELECT * FROM `liked` WHERE `uid` = 34 AND `post_id` IN ('112','92')  [ RunTime:0.0004s ]

