[ 2015-05-26T11:07:59+08:00 ] 127.0.0.1 /tourpal/index.php/Api/Posts/postDetail?post_id=20
ERR: Redis connect host:192.168.9.130 port:6379 no:0
[ 2015-05-26T11:08:00+08:00 ] 127.0.0.1 /tourpal/index.php/Api/Posts/postDetail?post_id=20
ERR: Redis connect host:192.168.9.130 port:6379 no:0
[ 2015-05-26T11:08:01+08:00 ] 127.0.0.1 /tourpal/index.php/Api/Posts/postDetail?post_id=20
INFO: [ app_init ] --START--
INFO: Run Behavior\BuildLiteBehavior [ RunTime:0.000012s ]
INFO: [ app_init ] --END-- [ RunTime:0.000319s ]
INFO: [ app_begin ] --START--
INFO: Run Behavior\ReadHtmlCacheBehavior [ RunTime:0.000489s ]
INFO: [ app_begin ] --END-- [ RunTime:0.000545s ]
SQL: SHOW COLUMNS FROM `posts` [ RunTime:0.0025s ]
SQL: SELECT * FROM `posts` WHERE `id` = 20 AND `is_delete` <> 1 LIMIT 1   [ RunTime:0.0004s ]
SQL: SHOW COLUMNS FROM `post_img` [ RunTime:0.0019s ]
SQL: SELECT `img` FROM `post_img` WHERE `post_id` = 20  [ RunTime:0.0002s ]
SQL: SHOW COLUMNS FROM `post_dest_v2` [ RunTime:0.0020s ]
SQL: SELECT `dest_id` FROM `post_dest_v2` WHERE `post_id` = 20  [ RunTime:0.0002s ]
SQL: SHOW COLUMNS FROM `dest_v2` [ RunTime:0.0019s ]
SQL: SELECT `id`,`place`,`desc` FROM `dest_v2` WHERE `id` IN ('50','16','183','17')  [ RunTime:0.0003s ]
SQL: SHOW COLUMNS FROM `user` [ RunTime:0.0020s ]
SQL: SELECT * FROM `user` WHERE `id` = 44 LIMIT 1   [ RunTime:0.0003s ]
SQL: SHOW COLUMNS FROM `liked` [ RunTime:0.0019s ]
SQL: SELECT * FROM `liked` WHERE `uid` = 34 AND `post_id` IN ('20')  [ RunTime:0.0003s ]
SQL: SELECT COUNT(*) AS tp_count FROM `liked` WHERE `post_id` = 20 LIMIT 1   [ RunTime:0.0002s ]
SQL: SHOW COLUMNS FROM `views` [ RunTime:0.0017s ]
SQL: SELECT `cnt` FROM `views` WHERE `post_id` = 20 LIMIT 1   [ RunTime:0.0002s ]
SQL: SHOW COLUMNS FROM `post_tag` [ RunTime:0.0018s ]
SQL: SELECT `tag_id` FROM `post_tag` WHERE `post_id` = 20  [ RunTime:0.0002s ]
SQL: SHOW COLUMNS FROM `tags` [ RunTime:0.0019s ]
SQL: SELECT `id`,`tag` FROM `tags` WHERE `id` IN ('18','17','6','19')  [ RunTime:0.0003s ]
SQL: SHOW COLUMNS FROM `views` [ RunTime:0.0019s ]
SQL: insert into views (post_id, cnt) values (20, 1) on duplicate key update cnt = cnt + 1 [ RunTime:0.0593s ]
SQL: SHOW COLUMNS FROM `liked` [ RunTime:0.0041s ]
SQL: SELECT * FROM `liked` WHERE `post_id` = 20 GROUP BY uid, post_id ORDER BY id desc  [ RunTime:0.0008s ]
SQL: SHOW COLUMNS FROM `user` [ RunTime:0.0045s ]
SQL: SELECT * FROM `user` WHERE `id` IN ('35','38','39')  [ RunTime:0.0006s ]
SQL: SHOW COLUMNS FROM `post_dest_v2` [ RunTime:0.0038s ]
SQL: SELECT `post_id`,`dest_id` FROM `post_dest_v2` WHERE `post_id` IN ('20','20','20')  [ RunTime:0.0006s ]
SQL: SHOW COLUMNS FROM `dest_v2` [ RunTime:0.0040s ]
SQL: SELECT `id`,`place`,`desc` FROM `dest_v2` WHERE `id` IN ('50','16','183','17')  [ RunTime:0.0005s ]

[ 2015-05-26T11:08:06+08:00 ] 127.0.0.1 /tourpal/index.php/Api/Posts/postDetail?post_id=20
ERR: Redis connect host:192.168.9.130 port:6379 no:0
[ 2015-05-26T11:08:06+08:00 ] 127.0.0.1 /tourpal/index.php/Api/Posts/postDetail?post_id=20
INFO: [ app_init ] --START--
INFO: Run Behavior\BuildLiteBehavior [ RunTime:0.000018s ]
INFO: [ app_init ] --END-- [ RunTime:0.000440s ]
INFO: [ app_begin ] --START--
INFO: Run Behavior\ReadHtmlCacheBehavior [ RunTime:0.000600s ]
INFO: [ app_begin ] --END-- [ RunTime:0.000671s ]
SQL: SHOW COLUMNS FROM `posts` [ RunTime:0.0024s ]
SQL: SELECT * FROM `posts` WHERE `id` = 20 AND `is_delete` <> 1 LIMIT 1   [ RunTime:0.0004s ]
SQL: SHOW COLUMNS FROM `post_img` [ RunTime:0.0020s ]
SQL: SELECT `img` FROM `post_img` WHERE `post_id` = 20  [ RunTime:0.0003s ]
SQL: SHOW COLUMNS FROM `post_dest_v2` [ RunTime:0.0019s ]
SQL: SELECT `dest_id` FROM `post_dest_v2` WHERE `post_id` = 20  [ RunTime:0.0002s ]
SQL: SHOW COLUMNS FROM `dest_v2` [ RunTime:0.0020s ]
SQL: SELECT `id`,`place`,`desc` FROM `dest_v2` WHERE `id` IN ('50','16','183','17')  [ RunTime:0.0003s ]
SQL: SHOW COLUMNS FROM `user` [ RunTime:0.0022s ]
SQL: SELECT * FROM `user` WHERE `id` = 44 LIMIT 1   [ RunTime:0.0003s ]
SQL: SHOW COLUMNS FROM `liked` [ RunTime:0.0019s ]
SQL: SELECT * FROM `liked` WHERE `uid` = 34 AND `post_id` IN ('20')  [ RunTime:0.0003s ]
SQL: SELECT COUNT(*) AS tp_count FROM `liked` WHERE `post_id` = 20 LIMIT 1   [ RunTime:0.0002s ]
SQL: SHOW COLUMNS FROM `views` [ RunTime:0.0018s ]
SQL: SELECT `cnt` FROM `views` WHERE `post_id` = 20 LIMIT 1   [ RunTime:0.0002s ]
SQL: SHOW COLUMNS FROM `post_tag` [ RunTime:0.0020s ]
SQL: SELECT `tag_id` FROM `post_tag` WHERE `post_id` = 20  [ RunTime:0.0003s ]
SQL: SHOW COLUMNS FROM `tags` [ RunTime:0.0019s ]
SQL: SELECT `id`,`tag` FROM `tags` WHERE `id` IN ('18','17','6','19')  [ RunTime:0.0003s ]
SQL: SHOW COLUMNS FROM `views` [ RunTime:0.0018s ]
SQL: SHOW COLUMNS FROM `liked` [ RunTime:0.0045s ]
SQL: SELECT * FROM `liked` WHERE `post_id` = 20 GROUP BY uid, post_id ORDER BY id desc  [ RunTime:0.0008s ]
SQL: SHOW COLUMNS FROM `user` [ RunTime:0.0049s ]
SQL: SELECT * FROM `user` WHERE `id` IN ('35','38','39')  [ RunTime:0.0008s ]
SQL: SHOW COLUMNS FROM `post_dest_v2` [ RunTime:0.0040s ]
SQL: SELECT `post_id`,`dest_id` FROM `post_dest_v2` WHERE `post_id` IN ('20','20','20')  [ RunTime:0.0006s ]
SQL: SHOW COLUMNS FROM `dest_v2` [ RunTime:0.0038s ]
SQL: SELECT `id`,`place`,`desc` FROM `dest_v2` WHERE `id` IN ('50','16','183','17')  [ RunTime:0.0005s ]

[ 2015-05-26T11:08:08+08:00 ] 127.0.0.1 /tourpal/index.php/Api/Posts/postDetail?post_id=20
ERR: Redis connect host:192.168.9.130 port:6379 no:0
[ 2015-05-26T11:08:08+08:00 ] 127.0.0.1 /tourpal/index.php/Api/Posts/postDetail?post_id=20
INFO: [ app_init ] --START--
INFO: Run Behavior\BuildLiteBehavior [ RunTime:0.000023s ]
INFO: [ app_init ] --END-- [ RunTime:0.000553s ]
INFO: [ app_begin ] --START--
INFO: Run Behavior\ReadHtmlCacheBehavior [ RunTime:0.000724s ]
INFO: [ app_begin ] --END-- [ RunTime:0.000825s ]
SQL: SHOW COLUMNS FROM `posts` [ RunTime:0.0026s ]
SQL: SELECT * FROM `posts` WHERE `id` = 20 AND `is_delete` <> 1 LIMIT 1   [ RunTime:0.0005s ]
SQL: SHOW COLUMNS FROM `post_img` [ RunTime:0.0020s ]
SQL: SELECT `img` FROM `post_img` WHERE `post_id` = 20  [ RunTime:0.0003s ]
SQL: SHOW COLUMNS FROM `post_dest_v2` [ RunTime:0.0020s ]
SQL: SELECT `dest_id` FROM `post_dest_v2` WHERE `post_id` = 20  [ RunTime:0.0003s ]
SQL: SHOW COLUMNS FROM `dest_v2` [ RunTime:0.0024s ]
SQL: SELECT `id`,`place`,`desc` FROM `dest_v2` WHERE `id` IN ('50','16','183','17')  [ RunTime:0.0003s ]
SQL: SHOW COLUMNS FROM `user` [ RunTime:0.0023s ]
SQL: SELECT * FROM `user` WHERE `id` = 44 LIMIT 1   [ RunTime:0.0003s ]
SQL: SHOW COLUMNS FROM `liked` [ RunTime:0.0020s ]
SQL: SELECT * FROM `liked` WHERE `uid` = 34 AND `post_id` IN ('20')  [ RunTime:0.0003s ]
SQL: SELECT COUNT(*) AS tp_count FROM `liked` WHERE `post_id` = 20 LIMIT 1   [ RunTime:0.0002s ]
SQL: SHOW COLUMNS FROM `views` [ RunTime:0.0018s ]
SQL: SELECT `cnt` FROM `views` WHERE `post_id` = 20 LIMIT 1   [ RunTime:0.0002s ]
SQL: SHOW COLUMNS FROM `post_tag` [ RunTime:0.0020s ]
SQL: SELECT `tag_id` FROM `post_tag` WHERE `post_id` = 20  [ RunTime:0.0003s ]
SQL: SHOW COLUMNS FROM `tags` [ RunTime:0.0020s ]
SQL: SELECT `id`,`tag` FROM `tags` WHERE `id` IN ('18','17','6','19')  [ RunTime:0.0003s ]
SQL: SHOW COLUMNS FROM `views` [ RunTime:0.0018s ]
SQL: SHOW COLUMNS FROM `liked` [ RunTime:0.0027s ]
SQL: SELECT * FROM `liked` WHERE `post_id` = 20 GROUP BY uid, post_id ORDER BY id desc  [ RunTime:0.0005s ]
SQL: SHOW COLUMNS FROM `user` [ RunTime:0.0026s ]
SQL: SELECT * FROM `user` WHERE `id` IN ('35','38','39')  [ RunTime:0.0004s ]
SQL: SHOW COLUMNS FROM `post_dest_v2` [ RunTime:0.0021s ]
SQL: SELECT `post_id`,`dest_id` FROM `post_dest_v2` WHERE `post_id` IN ('20','20','20')  [ RunTime:0.0003s ]
SQL: SHOW COLUMNS FROM `dest_v2` [ RunTime:0.0022s ]
SQL: SELECT `id`,`place`,`desc` FROM `dest_v2` WHERE `id` IN ('50','16','183','17')  [ RunTime:0.0003s ]

[ 2015-05-26T11:10:00+08:00 ] 127.0.0.1 /tourpal/index.php/Api/Posts/postDetail?post_id=20
ERR: Redis connect host:192.168.9.130 port:6379 no:0
[ 2015-05-26T11:10:00+08:00 ] 127.0.0.1 /tourpal/index.php/Api/Posts/postDetail?post_id=20
INFO: [ app_init ] --START--
INFO: Run Behavior\BuildLiteBehavior [ RunTime:0.000016s ]
INFO: [ app_init ] --END-- [ RunTime:0.000411s ]
INFO: [ app_begin ] --START--
INFO: Run Behavior\ReadHtmlCacheBehavior [ RunTime:0.000557s ]
INFO: [ app_begin ] --END-- [ RunTime:0.000621s ]
SQL: SHOW COLUMNS FROM `posts` [ RunTime:0.0024s ]
SQL: SELECT * FROM `posts` WHERE `id` = 20 AND `is_delete` <> 1 LIMIT 1   [ RunTime:0.0004s ]
SQL: SHOW COLUMNS FROM `post_img` [ RunTime:0.0019s ]
SQL: SELECT `img` FROM `post_img` WHERE `post_id` = 20  [ RunTime:0.0002s ]
SQL: SHOW COLUMNS FROM `post_dest_v2` [ RunTime:0.0022s ]
SQL: SELECT `dest_id` FROM `post_dest_v2` WHERE `post_id` = 20  [ RunTime:0.0003s ]
SQL: SHOW COLUMNS FROM `dest_v2` [ RunTime:0.0023s ]
SQL: SELECT `id`,`place`,`desc` FROM `dest_v2` WHERE `id` IN ('50','16','183','17')  [ RunTime:0.0003s ]
SQL: SHOW COLUMNS FROM `user` [ RunTime:0.0023s ]
SQL: SELECT * FROM `user` WHERE `id` = 44 LIMIT 1   [ RunTime:0.0003s ]
SQL: SHOW COLUMNS FROM `liked` [ RunTime:0.0020s ]
SQL: SELECT * FROM `liked` WHERE `uid` = 34 AND `post_id` IN ('20')  [ RunTime:0.0003s ]
SQL: SELECT COUNT(*) AS tp_count FROM `liked` WHERE `post_id` = 20 LIMIT 1   [ RunTime:0.0002s ]
SQL: SHOW COLUMNS FROM `views` [ RunTime:0.0018s ]
SQL: SELECT `cnt` FROM `views` WHERE `post_id` = 20 LIMIT 1   [ RunTime:0.0002s ]
SQL: SHOW COLUMNS FROM `post_tag` [ RunTime:0.0020s ]
SQL: SELECT `tag_id` FROM `post_tag` WHERE `post_id` = 20  [ RunTime:0.0002s ]
SQL: SHOW COLUMNS FROM `tags` [ RunTime:0.0018s ]
SQL: SELECT `id`,`tag` FROM `tags` WHERE `id` IN ('18','17','6','19')  [ RunTime:0.0003s ]
SQL: SHOW COLUMNS FROM `views` [ RunTime:0.0018s ]
SQL: SHOW COLUMNS FROM `liked` [ RunTime:0.0022s ]
SQL: SELECT * FROM `liked` WHERE `post_id` = 20 GROUP BY uid, post_id ORDER BY id desc  [ RunTime:0.0004s ]
SQL: SHOW COLUMNS FROM `user` [ RunTime:0.0022s ]
SQL: SELECT * FROM `user` WHERE `id` IN ('35','38','39')  [ RunTime:0.0004s ]
SQL: SHOW COLUMNS FROM `post_dest_v2` [ RunTime:0.0019s ]
SQL: SELECT `post_id`,`dest_id` FROM `post_dest_v2` WHERE `post_id` IN ('20','20','20')  [ RunTime:0.0003s ]
SQL: SHOW COLUMNS FROM `dest_v2` [ RunTime:0.0020s ]
SQL: SELECT `id`,`place`,`desc` FROM `dest_v2` WHERE `id` IN ('50','16','183','17')  [ RunTime:0.0003s ]

[ 2015-05-26T11:21:48+08:00 ] 127.0.0.1 /tourpal/index.php/Api/Posts/postDetail?post_id=20
ERR: Redis connect host:192.168.9.130 port:6379 no:0
[ 2015-05-26T11:21:48+08:00 ] 127.0.0.1 /tourpal/index.php/Api/Posts/postDetail?post_id=20
INFO: [ app_init ] --START--
INFO: Run Behavior\BuildLiteBehavior [ RunTime:0.000014s ]
INFO: [ app_init ] --END-- [ RunTime:0.000355s ]
INFO: [ app_begin ] --START--
INFO: Run Behavior\ReadHtmlCacheBehavior [ RunTime:0.000513s ]
INFO: [ app_begin ] --END-- [ RunTime:0.000569s ]
SQL: SHOW COLUMNS FROM `posts` [ RunTime:0.0027s ]
SQL: SELECT * FROM `posts` WHERE `id` = 20 AND `is_delete` <> 1 LIMIT 1   [ RunTime:0.0004s ]
SQL: SHOW COLUMNS FROM `post_img` [ RunTime:0.0021s ]
SQL: SELECT `img` FROM `post_img` WHERE `post_id` = 20  [ RunTime:0.0002s ]
SQL: SHOW COLUMNS FROM `post_dest_v2` [ RunTime:0.0019s ]
SQL: SELECT `dest_id` FROM `post_dest_v2` WHERE `post_id` = 20  [ RunTime:0.0003s ]
SQL: SHOW COLUMNS FROM `dest_v2` [ RunTime:0.0021s ]
SQL: SELECT `id`,`place`,`desc` FROM `dest_v2` WHERE `id` IN ('50','16','183','17') ORDER BY id desc  [ RunTime:0.0003s ]
SQL: SHOW COLUMNS FROM `user` [ RunTime:0.0023s ]
SQL: SELECT * FROM `user` WHERE `id` = 44 LIMIT 1   [ RunTime:0.0003s ]
SQL: SHOW COLUMNS FROM `liked` [ RunTime:0.0019s ]
SQL: SELECT * FROM `liked` WHERE `uid` = 34 AND `post_id` IN ('20')  [ RunTime:0.0002s ]
SQL: SELECT COUNT(*) AS tp_count FROM `liked` WHERE `post_id` = 20 LIMIT 1   [ RunTime:0.0002s ]
SQL: SHOW COLUMNS FROM `views` [ RunTime:0.0017s ]
SQL: SELECT `cnt` FROM `views` WHERE `post_id` = 20 LIMIT 1   [ RunTime:0.0002s ]
SQL: SHOW COLUMNS FROM `post_tag` [ RunTime:0.0018s ]
SQL: SELECT `tag_id` FROM `post_tag` WHERE `post_id` = 20  [ RunTime:0.0002s ]
SQL: SHOW COLUMNS FROM `tags` [ RunTime:0.0018s ]
SQL: SELECT `id`,`tag` FROM `tags` WHERE `id` IN ('18','17','6','19')  [ RunTime:0.0002s ]
SQL: SHOW COLUMNS FROM `views` [ RunTime:0.0020s ]
SQL: SHOW COLUMNS FROM `liked` [ RunTime:0.0046s ]
SQL: SELECT * FROM `liked` WHERE `post_id` = 20 GROUP BY uid, post_id ORDER BY id desc  [ RunTime:0.0009s ]
SQL: SHOW COLUMNS FROM `user` [ RunTime:0.0045s ]
SQL: SELECT * FROM `user` WHERE `id` IN ('35','38','39')  [ RunTime:0.0007s ]
SQL: SHOW COLUMNS FROM `post_dest_v2` [ RunTime:0.0038s ]
SQL: SELECT `post_id`,`dest_id` FROM `post_dest_v2` WHERE `post_id` IN ('20','20','20')  [ RunTime:0.0005s ]
SQL: SHOW COLUMNS FROM `dest_v2` [ RunTime:0.0042s ]
SQL: SELECT `id`,`place`,`desc` FROM `dest_v2` WHERE `id` IN ('50','16','183','17') ORDER BY id desc  [ RunTime:0.0006s ]

[ 2015-05-26T11:21:50+08:00 ] 127.0.0.1 /tourpal/index.php/Api/Posts/postDetail?post_id=20
ERR: Redis connect host:192.168.9.130 port:6379 no:0
[ 2015-05-26T11:21:50+08:00 ] 127.0.0.1 /tourpal/index.php/Api/Posts/postDetail?post_id=20
INFO: [ app_init ] --START--
INFO: Run Behavior\BuildLiteBehavior [ RunTime:0.000013s ]
INFO: [ app_init ] --END-- [ RunTime:0.000297s ]
INFO: [ app_begin ] --START--
INFO: Run Behavior\ReadHtmlCacheBehavior [ RunTime:0.000366s ]
INFO: [ app_begin ] --END-- [ RunTime:0.000415s ]
SQL: SHOW COLUMNS FROM `posts` [ RunTime:0.0024s ]
SQL: SELECT * FROM `posts` WHERE `id` = 20 AND `is_delete` <> 1 LIMIT 1   [ RunTime:0.0005s ]
SQL: SHOW COLUMNS FROM `post_img` [ RunTime:0.0019s ]
SQL: SELECT `img` FROM `post_img` WHERE `post_id` = 20  [ RunTime:0.0002s ]
SQL: SHOW COLUMNS FROM `post_dest_v2` [ RunTime:0.0018s ]
SQL: SELECT `dest_id` FROM `post_dest_v2` WHERE `post_id` = 20  [ RunTime:0.0003s ]
SQL: SHOW COLUMNS FROM `dest_v2` [ RunTime:0.0020s ]
SQL: SELECT `id`,`place`,`desc` FROM `dest_v2` WHERE `id` IN ('50','16','183','17') ORDER BY id desc  [ RunTime:0.0003s ]
SQL: SHOW COLUMNS FROM `user` [ RunTime:0.0022s ]
SQL: SELECT * FROM `user` WHERE `id` = 44 LIMIT 1   [ RunTime:0.0003s ]
SQL: SHOW COLUMNS FROM `liked` [ RunTime:0.0019s ]
SQL: SELECT * FROM `liked` WHERE `uid` = 34 AND `post_id` IN ('20')  [ RunTime:0.0003s ]
SQL: SELECT COUNT(*) AS tp_count FROM `liked` WHERE `post_id` = 20 LIMIT 1   [ RunTime:0.0003s ]
SQL: SHOW COLUMNS FROM `views` [ RunTime:0.0019s ]
SQL: SELECT `cnt` FROM `views` WHERE `post_id` = 20 LIMIT 1   [ RunTime:0.0002s ]
SQL: SHOW COLUMNS FROM `post_tag` [ RunTime:0.0019s ]
SQL: SELECT `tag_id` FROM `post_tag` WHERE `post_id` = 20  [ RunTime:0.0002s ]
SQL: SHOW COLUMNS FROM `tags` [ RunTime:0.0018s ]
SQL: SELECT `id`,`tag` FROM `tags` WHERE `id` IN ('18','17','6','19')  [ RunTime:0.0003s ]
SQL: SHOW COLUMNS FROM `views` [ RunTime:0.0018s ]
SQL: SHOW COLUMNS FROM `liked` [ RunTime:0.0047s ]
SQL: SELECT * FROM `liked` WHERE `post_id` = 20 GROUP BY uid, post_id ORDER BY id desc  [ RunTime:0.0008s ]
SQL: SHOW COLUMNS FROM `user` [ RunTime:0.0045s ]
SQL: SELECT * FROM `user` WHERE `id` IN ('35','38','39')  [ RunTime:0.0007s ]
SQL: SHOW COLUMNS FROM `post_dest_v2` [ RunTime:0.0041s ]
SQL: SELECT `post_id`,`dest_id` FROM `post_dest_v2` WHERE `post_id` IN ('20','20','20')  [ RunTime:0.0006s ]
SQL: SHOW COLUMNS FROM `dest_v2` [ RunTime:0.0041s ]
SQL: SELECT `id`,`place`,`desc` FROM `dest_v2` WHERE `id` IN ('50','16','183','17') ORDER BY id desc  [ RunTime:0.0005s ]

[ 2015-05-26T11:27:47+08:00 ] 127.0.0.1 /tourpal/index.php/Api/Posts/postDetail?post_id=20
INFO: [ app_init ] --START--
INFO: Run Behavior\BuildLiteBehavior [ RunTime:0.000013s ]
INFO: [ app_init ] --END-- [ RunTime:0.000339s ]
INFO: [ app_begin ] --START--
INFO: Run Behavior\ReadHtmlCacheBehavior [ RunTime:0.000491s ]
INFO: [ app_begin ] --END-- [ RunTime:0.000547s ]
SQL: SHOW COLUMNS FROM `posts` [ RunTime:0.0029s ]
SQL: SELECT * FROM `posts` WHERE `id` = 20 AND `is_delete` <> 1 LIMIT 1   [ RunTime:0.0006s ]
SQL: SHOW COLUMNS FROM `post_img` [ RunTime:0.0023s ]
SQL: SELECT `img` FROM `post_img` WHERE `post_id` = 20  [ RunTime:0.0003s ]
SQL: SHOW COLUMNS FROM `post_dest_v2` [ RunTime:0.0021s ]
SQL: SELECT `dest_id` FROM `post_dest_v2` WHERE `post_id` = 20  [ RunTime:0.0002s ]
SQL: SHOW COLUMNS FROM `dest_v2` [ RunTime:0.0021s ]
SQL: SELECT `id`,`place`,`desc` FROM `dest_v2` WHERE `id` IN ('50','16','183','17')  [ RunTime:0.0003s ]

[ 2015-05-26T11:27:52+08:00 ] 127.0.0.1 /tourpal/index.php/Api/Posts/postDetail?post_id=20
INFO: [ app_init ] --START--
INFO: Run Behavior\BuildLiteBehavior [ RunTime:0.000025s ]
INFO: [ app_init ] --END-- [ RunTime:0.000535s ]
INFO: [ app_begin ] --START--
INFO: Run Behavior\ReadHtmlCacheBehavior [ RunTime:0.000717s ]
INFO: [ app_begin ] --END-- [ RunTime:0.000820s ]
SQL: SHOW COLUMNS FROM `posts` [ RunTime:0.0023s ]
SQL: SELECT * FROM `posts` WHERE `id` = 20 AND `is_delete` <> 1 LIMIT 1   [ RunTime:0.0004s ]
SQL: SHOW COLUMNS FROM `post_img` [ RunTime:0.0020s ]
SQL: SELECT `img` FROM `post_img` WHERE `post_id` = 20  [ RunTime:0.0002s ]
SQL: SHOW COLUMNS FROM `post_dest_v2` [ RunTime:0.0019s ]
SQL: SELECT `dest_id` FROM `post_dest_v2` WHERE `post_id` = 20  [ RunTime:0.0003s ]
SQL: SHOW COLUMNS FROM `dest_v2` [ RunTime:0.0019s ]
SQL: SELECT `id`,`place`,`desc` FROM `dest_v2` WHERE `id` IN ('50','16','183','17')  [ RunTime:0.0003s ]

[ 2015-05-26T11:28:18+08:00 ] 127.0.0.1 /tourpal/index.php/Api/Posts/postDetail?post_id=20
ERR: Redis connect host:192.168.9.130 port:6379 no:0
[ 2015-05-26T11:28:18+08:00 ] 127.0.0.1 /tourpal/index.php/Api/Posts/postDetail?post_id=20
INFO: [ app_init ] --START--
INFO: Run Behavior\BuildLiteBehavior [ RunTime:0.000027s ]
INFO: [ app_init ] --END-- [ RunTime:0.000739s ]
INFO: [ app_begin ] --START--
INFO: Run Behavior\ReadHtmlCacheBehavior [ RunTime:0.000848s ]
INFO: [ app_begin ] --END-- [ RunTime:0.000980s ]
SQL: SHOW COLUMNS FROM `posts` [ RunTime:0.0034s ]
SQL: SELECT * FROM `posts` WHERE `id` = 20 AND `is_delete` <> 1 LIMIT 1   [ RunTime:0.0004s ]
SQL: SHOW COLUMNS FROM `post_img` [ RunTime:0.0020s ]
SQL: SELECT `img` FROM `post_img` WHERE `post_id` = 20  [ RunTime:0.0002s ]
SQL: SHOW COLUMNS FROM `post_dest_v2` [ RunTime:0.0018s ]
SQL: SELECT `dest_id` FROM `post_dest_v2` WHERE `post_id` = 20  [ RunTime:0.0002s ]
SQL: SHOW COLUMNS FROM `dest_v2` [ RunTime:0.0020s ]
SQL: SELECT `id`,`place`,`desc` FROM `dest_v2` WHERE `id` IN ('50','16','183','17')  [ RunTime:0.0002s ]
SQL: SHOW COLUMNS FROM `user` [ RunTime:0.0021s ]
SQL: SELECT * FROM `user` WHERE `id` = 44 LIMIT 1   [ RunTime:0.0002s ]
SQL: SHOW COLUMNS FROM `liked` [ RunTime:0.0021s ]
SQL: SELECT * FROM `liked` WHERE `uid` = 34 AND `post_id` IN ('20')  [ RunTime:0.0005s ]
SQL: SELECT COUNT(*) AS tp_count FROM `liked` WHERE `post_id` = 20 LIMIT 1   [ RunTime:0.0003s ]
SQL: SHOW COLUMNS FROM `views` [ RunTime:0.0019s ]
SQL: SELECT `cnt` FROM `views` WHERE `post_id` = 20 LIMIT 1   [ RunTime:0.0003s ]
SQL: SHOW COLUMNS FROM `post_tag` [ RunTime:0.0021s ]
SQL: SELECT `tag_id` FROM `post_tag` WHERE `post_id` = 20  [ RunTime:0.0002s ]
SQL: SHOW COLUMNS FROM `tags` [ RunTime:0.0019s ]
SQL: SELECT `id`,`tag` FROM `tags` WHERE `id` IN ('18','17','6','19')  [ RunTime:0.0002s ]
SQL: SHOW COLUMNS FROM `views` [ RunTime:0.0017s ]
SQL: SHOW COLUMNS FROM `liked` [ RunTime:0.0035s ]
SQL: SELECT * FROM `liked` WHERE `post_id` = 20 GROUP BY uid, post_id ORDER BY id desc  [ RunTime:0.0007s ]
SQL: SHOW COLUMNS FROM `user` [ RunTime:0.0038s ]
SQL: SELECT * FROM `user` WHERE `id` IN ('40','38','39','34','36','44','41','35')  [ RunTime:0.0007s ]
SQL: SHOW COLUMNS FROM `post_dest_v2` [ RunTime:0.0034s ]
SQL: SELECT `post_id`,`dest_id` FROM `post_dest_v2` WHERE `post_id` IN ('20','20','20','20','20','20','20','20')  [ RunTime:0.0004s ]
SQL: SHOW COLUMNS FROM `dest_v2` [ RunTime:0.0033s ]
SQL: SELECT `id`,`place`,`desc` FROM `dest_v2` WHERE `id` IN ('50','16','183','17')  [ RunTime:0.0004s ]

[ 2015-05-26T11:32:47+08:00 ] 127.0.0.1 /tourpal/index.php/Api/Posts/postDetail?post_id=20
ERR: Redis connect host:192.168.9.130 port:6379 no:0
[ 2015-05-26T11:32:48+08:00 ] 127.0.0.1 /tourpal/index.php/Api/Posts/postDetail?post_id=20
INFO: [ app_init ] --START--
INFO: Run Behavior\BuildLiteBehavior [ RunTime:0.000021s ]
INFO: [ app_init ] --END-- [ RunTime:0.000569s ]
INFO: [ app_begin ] --START--
INFO: Run Behavior\ReadHtmlCacheBehavior [ RunTime:0.000804s ]
INFO: [ app_begin ] --END-- [ RunTime:0.000899s ]
SQL: SHOW COLUMNS FROM `posts` [ RunTime:0.0024s ]
SQL: SELECT * FROM `posts` WHERE `id` = 20 AND `is_delete` <> 1 LIMIT 1   [ RunTime:0.0004s ]
SQL: SHOW COLUMNS FROM `post_img` [ RunTime:0.0020s ]
SQL: SELECT `img` FROM `post_img` WHERE `post_id` = 20  [ RunTime:0.0002s ]
SQL: SHOW COLUMNS FROM `post_dest_v2` [ RunTime:0.0020s ]
SQL: SELECT `dest_id` FROM `post_dest_v2` WHERE `post_id` = 20  [ RunTime:0.0003s ]
SQL: SHOW COLUMNS FROM `dest_v2` [ RunTime:0.0021s ]
SQL: SELECT `id`,`place`,`desc` FROM `dest_v2` WHERE `id` IN ('50','16','183','17')  [ RunTime:0.0003s ]
SQL: SHOW COLUMNS FROM `user` [ RunTime:0.0022s ]
SQL: SELECT * FROM `user` WHERE `id` = 44 LIMIT 1   [ RunTime:0.0003s ]
SQL: SHOW COLUMNS FROM `liked` [ RunTime:0.0021s ]
SQL: SELECT * FROM `liked` WHERE `uid` = 34 AND `post_id` IN ('20')  [ RunTime:0.0004s ]
SQL: SELECT COUNT(*) AS tp_count FROM `liked` WHERE `post_id` = 20 LIMIT 1   [ RunTime:0.0003s ]
SQL: SHOW COLUMNS FROM `views` [ RunTime:0.0020s ]
SQL: SELECT `cnt` FROM `views` WHERE `post_id` = 20 LIMIT 1   [ RunTime:0.0003s ]
SQL: SHOW COLUMNS FROM `post_tag` [ RunTime:0.0019s ]
SQL: SELECT `tag_id` FROM `post_tag` WHERE `post_id` = 20  [ RunTime:0.0003s ]
SQL: SHOW COLUMNS FROM `tags` [ RunTime:0.0019s ]
SQL: SELECT `id`,`tag` FROM `tags` WHERE `id` IN ('18','17','6','19')  [ RunTime:0.0003s ]
SQL: SHOW COLUMNS FROM `views` [ RunTime:0.0018s ]
SQL: SHOW COLUMNS FROM `liked` [ RunTime:0.0021s ]
SQL: SELECT * FROM `liked` WHERE `post_id` = 20 GROUP BY uid, post_id ORDER BY id desc  [ RunTime:0.0005s ]
SQL: SHOW COLUMNS FROM `user` [ RunTime:0.0021s ]
SQL: SELECT * FROM `user` WHERE `id` IN ('40','38','39','34','36','44','41','35')  [ RunTime:0.0006s ]
SQL: SHOW COLUMNS FROM `post_dest_v2` [ RunTime:0.0019s ]
SQL: SELECT `post_id`,`dest_id` FROM `post_dest_v2` WHERE `post_id` IN ('20','20','20','20','20','20','20','20')  [ RunTime:0.0003s ]
SQL: SHOW COLUMNS FROM `dest_v2` [ RunTime:0.0019s ]
SQL: SELECT `id`,`place`,`desc` FROM `dest_v2` WHERE `id` IN ('50','16','183','17')  [ RunTime:0.0003s ]

[ 2015-05-26T11:33:47+08:00 ] 127.0.0.1 /tourpal/index.php/Api/Posts/postDetail?post_id=20
ERR: Redis connect host:192.168.9.130 port:6379 no:0
[ 2015-05-26T11:33:50+08:00 ] 127.0.0.1 /tourpal/index.php/Api/Posts/postDetail?post_id=20
INFO: [ app_init ] --START--
INFO: Run Behavior\BuildLiteBehavior [ RunTime:0.000024s ]
INFO: [ app_init ] --END-- [ RunTime:0.000715s ]
INFO: [ app_begin ] --START--
INFO: Run Behavior\ReadHtmlCacheBehavior [ RunTime:0.001087s ]
INFO: [ app_begin ] --END-- [ RunTime:0.001192s ]
SQL: SHOW COLUMNS FROM `posts` [ RunTime:0.0025s ]
SQL: SELECT * FROM `posts` WHERE `id` = 20 AND `is_delete` <> 1 LIMIT 1   [ RunTime:0.0004s ]
SQL: SHOW COLUMNS FROM `post_img` [ RunTime:0.0021s ]
SQL: SELECT `img` FROM `post_img` WHERE `post_id` = 20  [ RunTime:0.0003s ]
SQL: SHOW COLUMNS FROM `post_dest_v2` [ RunTime:0.0019s ]
SQL: SELECT `dest_id` FROM `post_dest_v2` WHERE `post_id` = 20  [ RunTime:0.0002s ]
SQL: SHOW COLUMNS FROM `dest_v2` [ RunTime:0.0020s ]
SQL: SELECT `id`,`place`,`desc` FROM `dest_v2` WHERE `id` IN ('50','16','183','17')  [ RunTime:0.0003s ]
SQL: SHOW COLUMNS FROM `user` [ RunTime:0.0022s ]
SQL: SELECT * FROM `user` WHERE `id` = 44 LIMIT 1   [ RunTime:0.0003s ]
SQL: SHOW COLUMNS FROM `liked` [ RunTime:0.0021s ]
SQL: SELECT * FROM `liked` WHERE `uid` = 34 AND `post_id` IN ('20')  [ RunTime:0.0003s ]
SQL: SELECT COUNT(*) AS tp_count FROM `liked` WHERE `post_id` = 20 LIMIT 1   [ RunTime:0.0002s ]
SQL: SHOW COLUMNS FROM `views` [ RunTime:0.0017s ]
SQL: SELECT `cnt` FROM `views` WHERE `post_id` = 20 LIMIT 1   [ RunTime:0.0002s ]
SQL: SHOW COLUMNS FROM `post_tag` [ RunTime:0.0020s ]
SQL: SELECT `tag_id` FROM `post_tag` WHERE `post_id` = 20  [ RunTime:0.0002s ]
SQL: SHOW COLUMNS FROM `tags` [ RunTime:0.0019s ]
SQL: SELECT `id`,`tag` FROM `tags` WHERE `id` IN ('18','17','6','19')  [ RunTime:0.0002s ]
SQL: SHOW COLUMNS FROM `views` [ RunTime:0.0019s ]
SQL: SHOW COLUMNS FROM `liked` [ RunTime:0.0045s ]
SQL: SELECT * FROM `liked` WHERE `post_id` = 20 GROUP BY uid, post_id ORDER BY id desc  [ RunTime:0.0011s ]
SQL: SHOW COLUMNS FROM `user` [ RunTime:0.0050s ]
SQL: SELECT * FROM `user` WHERE `id` IN ('40','38','39','34','36','44','41','35')  [ RunTime:0.0009s ]
SQL: SHOW COLUMNS FROM `post_dest_v2` [ RunTime:0.0037s ]
SQL: SELECT `post_id`,`dest_id` FROM `post_dest_v2` WHERE `post_id` IN ('20','20','20','20','20','20','20','20')  [ RunTime:0.0005s ]
SQL: SHOW COLUMNS FROM `dest_v2` [ RunTime:0.0042s ]
SQL: SELECT `id`,`place`,`desc` FROM `dest_v2` WHERE `id` IN ('50','16','183','17')  [ RunTime:0.0005s ]

[ 2015-05-26T11:39:10+08:00 ] 127.0.0.1 /tourpal/index.php/Api/Posts/postDetail?post_id=20
ERR: Redis connect host:192.168.9.130 port:6379 no:0
[ 2015-05-26T11:39:10+08:00 ] 127.0.0.1 /tourpal/index.php/Api/Posts/postDetail?post_id=20
INFO: [ app_init ] --START--
INFO: Run Behavior\BuildLiteBehavior [ RunTime:0.000013s ]
INFO: [ app_init ] --END-- [ RunTime:0.000402s ]
INFO: [ app_begin ] --START--
INFO: Run Behavior\ReadHtmlCacheBehavior [ RunTime:0.000520s ]
INFO: [ app_begin ] --END-- [ RunTime:0.000575s ]
SQL: SHOW COLUMNS FROM `posts` [ RunTime:0.0026s ]
SQL: SELECT * FROM `posts` WHERE `id` = 20 AND `is_delete` <> 1 LIMIT 1   [ RunTime:0.0005s ]
SQL: SHOW COLUMNS FROM `post_img` [ RunTime:0.0021s ]
SQL: SELECT `img` FROM `post_img` WHERE `post_id` = 20  [ RunTime:0.0002s ]
SQL: SHOW COLUMNS FROM `post_dest_v2` [ RunTime:0.0021s ]
SQL: SELECT `dest_id` FROM `post_dest_v2` WHERE `post_id` = 20  [ RunTime:0.0002s ]
SQL: SHOW COLUMNS FROM `dest_v2` [ RunTime:0.0019s ]
SQL: SELECT `id`,`place`,`desc` FROM `dest_v2` WHERE `id` IN ('50','16','183','17')  [ RunTime:0.0002s ]
SQL: SELECT `dest_id` FROM `post_dest_v2` WHERE `post_id` = 20  [ RunTime:0.0003s ]
SQL: SHOW COLUMNS FROM `user` [ RunTime:0.0023s ]
SQL: SELECT * FROM `user` WHERE `id` = 44 LIMIT 1   [ RunTime:0.0004s ]
SQL: SHOW COLUMNS FROM `liked` [ RunTime:0.0023s ]
SQL: SELECT * FROM `liked` WHERE `uid` = 34 AND `post_id` IN ('20')  [ RunTime:0.0003s ]
SQL: SELECT COUNT(*) AS tp_count FROM `liked` WHERE `post_id` = 20 LIMIT 1   [ RunTime:0.0002s ]
SQL: SHOW COLUMNS FROM `views` [ RunTime:0.0019s ]
SQL: SELECT `cnt` FROM `views` WHERE `post_id` = 20 LIMIT 1   [ RunTime:0.0002s ]
SQL: SHOW COLUMNS FROM `post_tag` [ RunTime:0.0019s ]
SQL: SELECT `tag_id` FROM `post_tag` WHERE `post_id` = 20  [ RunTime:0.0002s ]
SQL: SHOW COLUMNS FROM `tags` [ RunTime:0.0019s ]
SQL: SELECT `id`,`tag` FROM `tags` WHERE `id` IN ('18','17','6','19')  [ RunTime:0.0003s ]
SQL: SHOW COLUMNS FROM `views` [ RunTime:0.0020s ]
SQL: SHOW COLUMNS FROM `liked` [ RunTime:0.0044s ]
SQL: SELECT * FROM `liked` WHERE `post_id` = 20 GROUP BY uid, post_id ORDER BY id desc  [ RunTime:0.0010s ]
SQL: SHOW COLUMNS FROM `user` [ RunTime:0.0045s ]
SQL: SELECT * FROM `user` WHERE `id` IN ('40','38','39','34','36','44','41','35')  [ RunTime:0.0009s ]
SQL: SHOW COLUMNS FROM `post_dest_v2` [ RunTime:0.0043s ]
SQL: SELECT `post_id`,`dest_id` FROM `post_dest_v2` WHERE `post_id` IN ('20','20','20','20','20','20','20','20')  [ RunTime:0.0006s ]
SQL: SHOW COLUMNS FROM `dest_v2` [ RunTime:0.0042s ]
SQL: SELECT `id`,`place`,`desc` FROM `dest_v2` WHERE `id` IN ('50','16','183','17')  [ RunTime:0.0005s ]

[ 2015-05-26T11:39:50+08:00 ] 127.0.0.1 /tourpal/index.php/Api/Posts/postDetail?post_id=20
ERR: Redis connect host:192.168.9.130 port:6379 no:0
[ 2015-05-26T11:39:50+08:00 ] 127.0.0.1 /tourpal/index.php/Api/Posts/postDetail?post_id=20
INFO: [ app_init ] --START--
INFO: Run Behavior\BuildLiteBehavior [ RunTime:0.000013s ]
INFO: [ app_init ] --END-- [ RunTime:0.000422s ]
INFO: [ app_begin ] --START--
INFO: Run Behavior\ReadHtmlCacheBehavior [ RunTime:0.000511s ]
INFO: [ app_begin ] --END-- [ RunTime:0.000583s ]
SQL: SHOW COLUMNS FROM `posts` [ RunTime:0.0025s ]
SQL: SELECT * FROM `posts` WHERE `id` = 20 AND `is_delete` <> 1 LIMIT 1   [ RunTime:0.0004s ]
SQL: SHOW COLUMNS FROM `post_img` [ RunTime:0.0021s ]
SQL: SELECT `img` FROM `post_img` WHERE `post_id` = 20  [ RunTime:0.0003s ]
SQL: SHOW COLUMNS FROM `post_dest_v2` [ RunTime:0.0024s ]
SQL: SELECT `dest_id` FROM `post_dest_v2` WHERE `post_id` = 20  [ RunTime:0.0003s ]
SQL: SHOW COLUMNS FROM `dest_v2` [ RunTime:0.0021s ]
SQL: SELECT `id`,`place`,`desc` FROM `dest_v2` WHERE `id` IN ('50','16','183','17')  [ RunTime:0.0002s ]
SQL: SELECT `dest_id` FROM `post_dest_v2` WHERE `post_id` = 20  [ RunTime:0.0002s ]
SQL: SHOW COLUMNS FROM `user` [ RunTime:0.0021s ]
SQL: SELECT * FROM `user` WHERE `id` = 44 LIMIT 1   [ RunTime:0.0003s ]
SQL: SHOW COLUMNS FROM `liked` [ RunTime:0.0020s ]
SQL: SELECT * FROM `liked` WHERE `uid` = 34 AND `post_id` IN ('20')  [ RunTime:0.0003s ]
SQL: SELECT COUNT(*) AS tp_count FROM `liked` WHERE `post_id` = 20 LIMIT 1   [ RunTime:0.0002s ]
SQL: SHOW COLUMNS FROM `views` [ RunTime:0.0018s ]
SQL: SELECT `cnt` FROM `views` WHERE `post_id` = 20 LIMIT 1   [ RunTime:0.0002s ]
SQL: SHOW COLUMNS FROM `post_tag` [ RunTime:0.0022s ]
SQL: SELECT `tag_id` FROM `post_tag` WHERE `post_id` = 20  [ RunTime:0.0002s ]
SQL: SHOW COLUMNS FROM `tags` [ RunTime:0.0019s ]
SQL: SELECT `id`,`tag` FROM `tags` WHERE `id` IN ('18','17','6','19')  [ RunTime:0.0003s ]
SQL: SHOW COLUMNS FROM `views` [ RunTime:0.0018s ]
SQL: SHOW COLUMNS FROM `liked` [ RunTime:0.0045s ]
SQL: SELECT * FROM `liked` WHERE `post_id` = 20 GROUP BY uid, post_id ORDER BY id desc  [ RunTime:0.0010s ]
SQL: SHOW COLUMNS FROM `user` [ RunTime:0.0048s ]
SQL: SELECT * FROM `user` WHERE `id` IN ('40','38','39','34','36','44','41','35')  [ RunTime:0.0009s ]
SQL: SHOW COLUMNS FROM `post_dest_v2` [ RunTime:0.0042s ]
SQL: SELECT `post_id`,`dest_id` FROM `post_dest_v2` WHERE `post_id` IN ('20','20','20','20','20','20','20','20')  [ RunTime:0.0006s ]
SQL: SHOW COLUMNS FROM `dest_v2` [ RunTime:0.0025s ]
SQL: SELECT `id`,`place`,`desc` FROM `dest_v2` WHERE `id` IN ('50','16','183','17')  [ RunTime:0.0003s ]

[ 2015-05-26T11:43:53+08:00 ] 127.0.0.1 /tourpal/index.php/Api/Posts/postDetail?post_id=20
ERR: Redis connect host:192.168.9.130 port:6379 no:0
[ 2015-05-26T11:43:53+08:00 ] 127.0.0.1 /tourpal/index.php/Api/Posts/postDetail?post_id=20
INFO: [ app_init ] --START--
INFO: Run Behavior\BuildLiteBehavior [ RunTime:0.000014s ]
INFO: [ app_init ] --END-- [ RunTime:0.000343s ]
INFO: [ app_begin ] --START--
INFO: Run Behavior\ReadHtmlCacheBehavior [ RunTime:0.000634s ]
INFO: [ app_begin ] --END-- [ RunTime:0.000692s ]
SQL: SHOW COLUMNS FROM `posts` [ RunTime:0.0031s ]
SQL: SELECT * FROM `posts` WHERE `id` = 20 AND `is_delete` <> 1 LIMIT 1   [ RunTime:0.0005s ]
SQL: SHOW COLUMNS FROM `post_img` [ RunTime:0.0021s ]
SQL: SELECT `img` FROM `post_img` WHERE `post_id` = 20  [ RunTime:0.0003s ]
SQL: SHOW COLUMNS FROM `post_dest_v2` [ RunTime:0.0022s ]
SQL: SELECT `dest_id` FROM `post_dest_v2` WHERE `post_id` = 20  [ RunTime:0.0003s ]
SQL: SHOW COLUMNS FROM `dest_v2` [ RunTime:0.0021s ]
SQL: SELECT `id`,`place`,`desc` FROM `dest_v2` WHERE `id` IN ('50','16','183','17')  [ RunTime:0.0002s ]
SQL: SHOW COLUMNS FROM `user` [ RunTime:0.0025s ]
SQL: SELECT * FROM `user` WHERE `id` = 44 LIMIT 1   [ RunTime:0.0004s ]
SQL: SHOW COLUMNS FROM `liked` [ RunTime:0.0020s ]
SQL: SELECT * FROM `liked` WHERE `uid` = 34 AND `post_id` IN ('20')  [ RunTime:0.0003s ]
SQL: SELECT COUNT(*) AS tp_count FROM `liked` WHERE `post_id` = 20 LIMIT 1   [ RunTime:0.0002s ]
SQL: SHOW COLUMNS FROM `views` [ RunTime:0.0019s ]
SQL: SELECT `cnt` FROM `views` WHERE `post_id` = 20 LIMIT 1   [ RunTime:0.0002s ]
SQL: SHOW COLUMNS FROM `post_tag` [ RunTime:0.0019s ]
SQL: SELECT `tag_id` FROM `post_tag` WHERE `post_id` = 20  [ RunTime:0.0002s ]
SQL: SHOW COLUMNS FROM `tags` [ RunTime:0.0018s ]
SQL: SELECT `id`,`tag` FROM `tags` WHERE `id` IN ('18','17','6','19')  [ RunTime:0.0003s ]
SQL: SHOW COLUMNS FROM `views` [ RunTime:0.0021s ]
SQL: SHOW COLUMNS FROM `liked` [ RunTime:0.0044s ]
SQL: SELECT * FROM `liked` WHERE `post_id` = 20 GROUP BY uid, post_id ORDER BY id desc  [ RunTime:0.0010s ]
SQL: SHOW COLUMNS FROM `user` [ RunTime:0.0045s ]
SQL: SELECT * FROM `user` WHERE `id` IN ('40','38','39','34','36','44','41','35')  [ RunTime:0.0009s ]
SQL: SHOW COLUMNS FROM `post_dest_v2` [ RunTime:0.0042s ]
SQL: SELECT `post_id`,`dest_id` FROM `post_dest_v2` WHERE `post_id` IN ('20','20','20','20','20','20','20','20')  [ RunTime:0.0006s ]
SQL: SHOW COLUMNS FROM `dest_v2` [ RunTime:0.0043s ]
SQL: SELECT `id`,`place`,`desc` FROM `dest_v2` WHERE `id` IN ('50','16','183','17')  [ RunTime:0.0005s ]

[ 2015-05-26T11:44:14+08:00 ] 127.0.0.1 /tourpal/index.php/Api/Posts/postDetail?post_id=20
ERR: Redis connect host:192.168.9.130 port:6379 no:0
[ 2015-05-26T11:44:14+08:00 ] 127.0.0.1 /tourpal/index.php/Api/Posts/postDetail?post_id=20
INFO: [ app_init ] --START--
INFO: Run Behavior\BuildLiteBehavior [ RunTime:0.000022s ]
INFO: [ app_init ] --END-- [ RunTime:0.000559s ]
INFO: [ app_begin ] --START--
INFO: Run Behavior\ReadHtmlCacheBehavior [ RunTime:0.000479s ]
INFO: [ app_begin ] --END-- [ RunTime:0.000532s ]
SQL: SHOW COLUMNS FROM `posts` [ RunTime:0.0029s ]
SQL: SELECT * FROM `posts` WHERE `id` = 20 AND `is_delete` <> 1 LIMIT 1   [ RunTime:0.0004s ]
SQL: SHOW COLUMNS FROM `post_img` [ RunTime:0.0020s ]
SQL: SELECT `img` FROM `post_img` WHERE `post_id` = 20  [ RunTime:0.0002s ]
SQL: SHOW COLUMNS FROM `post_dest_v2` [ RunTime:0.0019s ]
SQL: SELECT `dest_id` FROM `post_dest_v2` WHERE `post_id` = 20  [ RunTime:0.0002s ]
SQL: SHOW COLUMNS FROM `dest_v2` [ RunTime:0.0019s ]
SQL: SELECT `id`,`place`,`desc` FROM `dest_v2` WHERE `id` IN ('50','16','183','17')  [ RunTime:0.0002s ]
SQL: SHOW COLUMNS FROM `user` [ RunTime:0.0021s ]
SQL: SELECT * FROM `user` WHERE `id` = 44 LIMIT 1   [ RunTime:0.0002s ]
SQL: SHOW COLUMNS FROM `liked` [ RunTime:0.0019s ]
SQL: SELECT * FROM `liked` WHERE `uid` = 34 AND `post_id` IN ('20')  [ RunTime:0.0003s ]
SQL: SELECT COUNT(*) AS tp_count FROM `liked` WHERE `post_id` = 20 LIMIT 1   [ RunTime:0.0002s ]
SQL: SHOW COLUMNS FROM `views` [ RunTime:0.0020s ]
SQL: SELECT `cnt` FROM `views` WHERE `post_id` = 20 LIMIT 1   [ RunTime:0.0002s ]
SQL: SHOW COLUMNS FROM `post_tag` [ RunTime:0.0019s ]
SQL: SELECT `tag_id` FROM `post_tag` WHERE `post_id` = 20  [ RunTime:0.0002s ]
SQL: SHOW COLUMNS FROM `tags` [ RunTime:0.0017s ]
SQL: SELECT `id`,`tag` FROM `tags` WHERE `id` IN ('18','17','6','19')  [ RunTime:0.0003s ]
SQL: SHOW COLUMNS FROM `views` [ RunTime:0.0019s ]
SQL: SHOW COLUMNS FROM `liked` [ RunTime:0.0044s ]
SQL: SELECT * FROM `liked` WHERE `post_id` = 20 GROUP BY uid, post_id ORDER BY id desc  [ RunTime:0.0010s ]
SQL: SHOW COLUMNS FROM `user` [ RunTime:0.0045s ]
SQL: SELECT * FROM `user` WHERE `id` IN ('40','38','39','34','36','44','41','35')  [ RunTime:0.0006s ]
SQL: SHOW COLUMNS FROM `post_dest_v2` [ RunTime:0.0030s ]
SQL: SELECT `post_id`,`dest_id` FROM `post_dest_v2` WHERE `post_id` IN ('20','20','20','20','20','20','20','20')  [ RunTime:0.0004s ]
SQL: SHOW COLUMNS FROM `dest_v2` [ RunTime:0.0030s ]
SQL: SELECT `id`,`place`,`desc` FROM `dest_v2` WHERE `id` IN ('50','16','183','17')  [ RunTime:0.0004s ]

[ 2015-05-26T11:44:20+08:00 ] 127.0.0.1 /tourpal/index.php/Api/Posts/postDetail?post_id=20
ERR: Redis connect host:192.168.9.130 port:6379 no:0
[ 2015-05-26T11:44:21+08:00 ] 127.0.0.1 /tourpal/index.php/Api/Posts/postDetail?post_id=20
INFO: [ app_init ] --START--
INFO: Run Behavior\BuildLiteBehavior [ RunTime:0.000016s ]
INFO: [ app_init ] --END-- [ RunTime:0.000342s ]
INFO: [ app_begin ] --START--
INFO: Run Behavior\ReadHtmlCacheBehavior [ RunTime:0.000434s ]
INFO: [ app_begin ] --END-- [ RunTime:0.000494s ]
SQL: SHOW COLUMNS FROM `posts` [ RunTime:0.0028s ]
SQL: SELECT * FROM `posts` WHERE `id` = 20 AND `is_delete` <> 1 LIMIT 1   [ RunTime:0.0005s ]
SQL: SHOW COLUMNS FROM `post_img` [ RunTime:0.0024s ]
SQL: SELECT `img` FROM `post_img` WHERE `post_id` = 20  [ RunTime:0.0003s ]
SQL: SHOW COLUMNS FROM `post_dest_v2` [ RunTime:0.0019s ]
SQL: SELECT `dest_id` FROM `post_dest_v2` WHERE `post_id` = 20  [ RunTime:0.0003s ]
SQL: SHOW COLUMNS FROM `dest_v2` [ RunTime:0.0022s ]
SQL: SELECT `id`,`place`,`desc` FROM `dest_v2` WHERE `id` IN ('50','16','183','17')  [ RunTime:0.0003s ]
SQL: SHOW COLUMNS FROM `user` [ RunTime:0.0022s ]
SQL: SELECT * FROM `user` WHERE `id` = 44 LIMIT 1   [ RunTime:0.0003s ]
SQL: SHOW COLUMNS FROM `liked` [ RunTime:0.0025s ]
SQL: SELECT * FROM `liked` WHERE `uid` = 34 AND `post_id` IN ('20')  [ RunTime:0.0004s ]
SQL: SELECT COUNT(*) AS tp_count FROM `liked` WHERE `post_id` = 20 LIMIT 1   [ RunTime:0.0003s ]
SQL: SHOW COLUMNS FROM `views` [ RunTime:0.0019s ]
SQL: SELECT `cnt` FROM `views` WHERE `post_id` = 20 LIMIT 1   [ RunTime:0.0002s ]
SQL: SHOW COLUMNS FROM `post_tag` [ RunTime:0.0018s ]
SQL: SELECT `tag_id` FROM `post_tag` WHERE `post_id` = 20  [ RunTime:0.0002s ]
SQL: SHOW COLUMNS FROM `tags` [ RunTime:0.0019s ]
SQL: SELECT `id`,`tag` FROM `tags` WHERE `id` IN ('18','17','6','19')  [ RunTime:0.0003s ]
SQL: SHOW COLUMNS FROM `views` [ RunTime:0.0020s ]
SQL: SHOW COLUMNS FROM `liked` [ RunTime:0.0026s ]
SQL: SELECT * FROM `liked` WHERE `post_id` = 20 GROUP BY uid, post_id ORDER BY id desc  [ RunTime:0.0006s ]
SQL: SHOW COLUMNS FROM `user` [ RunTime:0.0029s ]
SQL: SELECT * FROM `user` WHERE `id` IN ('40','38','39','34','36','44','41','35')  [ RunTime:0.0006s ]
SQL: SHOW COLUMNS FROM `post_dest_v2` [ RunTime:0.0023s ]
SQL: SELECT `post_id`,`dest_id` FROM `post_dest_v2` WHERE `post_id` IN ('20','20','20','20','20','20','20','20')  [ RunTime:0.0004s ]
SQL: SHOW COLUMNS FROM `dest_v2` [ RunTime:0.0023s ]
SQL: SELECT `id`,`place`,`desc` FROM `dest_v2` WHERE `id` IN ('50','16','183','17')  [ RunTime:0.0003s ]

[ 2015-05-26T13:59:50+08:00 ] 127.0.0.1 /tourpal/index.php/Api/Posts/postDetail?post_id=20
ERR: Redis connect host:192.168.9.130 port:6379 no:0
[ 2015-05-26T13:59:50+08:00 ] 127.0.0.1 /tourpal/index.php/Api/Posts/postDetail?post_id=20
ERR: Redis connect host:192.168.9.130 port:6379 no:0
[ 2015-05-26T13:59:50+08:00 ] 127.0.0.1 /tourpal/index.php/Api/Posts/postDetail?post_id=20
INFO: [ app_init ] --START--
INFO: Run Behavior\BuildLiteBehavior [ RunTime:0.000014s ]
INFO: [ app_init ] --END-- [ RunTime:0.000333s ]
INFO: [ app_begin ] --START--
INFO: Run Behavior\ReadHtmlCacheBehavior [ RunTime:0.000498s ]
INFO: [ app_begin ] --END-- [ RunTime:0.000557s ]
SQL: SHOW COLUMNS FROM `posts` [ RunTime:0.0029s ]
SQL: SELECT * FROM `posts` WHERE `id` = 20 AND `is_delete` <> 1 LIMIT 1   [ RunTime:0.0005s ]
SQL: SHOW COLUMNS FROM `post_img` [ RunTime:0.0020s ]
SQL: SELECT `img` FROM `post_img` WHERE `post_id` = 20  [ RunTime:0.0004s ]
SQL: SHOW COLUMNS FROM `post_dest_v2` [ RunTime:0.0025s ]
SQL: SELECT `dest_id` FROM `post_dest_v2` WHERE `post_id` = 20  [ RunTime:0.0004s ]
SQL: SHOW COLUMNS FROM `dest_v2` [ RunTime:0.0022s ]
SQL: SELECT `id`,`place`,`desc` FROM `dest_v2` WHERE `id` IN ('50','16','183','17')  [ RunTime:0.0003s ]
SQL: SHOW COLUMNS FROM `user` [ RunTime:0.0026s ]
SQL: SELECT * FROM `user` WHERE `id` = 44 LIMIT 1   [ RunTime:0.0005s ]
SQL: SHOW COLUMNS FROM `liked` [ RunTime:0.0025s ]
SQL: SELECT * FROM `liked` WHERE `uid` = 34 AND `post_id` IN ('20')  [ RunTime:0.0004s ]
SQL: SELECT COUNT(*) AS tp_count FROM `liked` WHERE `post_id` = 20 LIMIT 1   [ RunTime:0.0003s ]
SQL: SHOW COLUMNS FROM `views` [ RunTime:0.0022s ]
SQL: SELECT `cnt` FROM `views` WHERE `post_id` = 20 LIMIT 1   [ RunTime:0.0004s ]
SQL: SHOW COLUMNS FROM `post_tag` [ RunTime:0.0020s ]
SQL: SELECT `tag_id` FROM `post_tag` WHERE `post_id` = 20  [ RunTime:0.0003s ]
SQL: SHOW COLUMNS FROM `tags` [ RunTime:0.0020s ]
SQL: SELECT `id`,`tag` FROM `tags` WHERE `id` IN ('18','17','6','19')  [ RunTime:0.0003s ]
SQL: SHOW COLUMNS FROM `views` [ RunTime:0.0021s ]
SQL: insert into views (post_id, cnt) values (20, 1) on duplicate key update cnt = cnt + 1 [ RunTime:0.0470s ]
SQL: SHOW COLUMNS FROM `liked` [ RunTime:0.0023s ]
SQL: SELECT * FROM `liked` WHERE `post_id` = 20 GROUP BY uid, post_id ORDER BY id desc  [ RunTime:0.0005s ]
SQL: SHOW COLUMNS FROM `user` [ RunTime:0.0022s ]
SQL: SELECT * FROM `user` WHERE `id` IN ('40','38','39','34','36','44','41','35')  [ RunTime:0.0004s ]
SQL: SHOW COLUMNS FROM `post_dest_v2` [ RunTime:0.0019s ]
SQL: SELECT `post_id`,`dest_id` FROM `post_dest_v2` WHERE `post_id` IN ('20','20','20','20','20','20','20','20')  [ RunTime:0.0003s ]
SQL: SHOW COLUMNS FROM `dest_v2` [ RunTime:0.0021s ]
SQL: SELECT `id`,`place`,`desc` FROM `dest_v2` WHERE `id` IN ('50','16','183','17')  [ RunTime:0.0003s ]

[ 2015-05-26T14:04:35+08:00 ] 127.0.0.1 /tourpal/index.php/Api/Posts/postDetail?post_id=20
ERR: Redis connect host:192.168.9.130 port:6379 no:0
[ 2015-05-26T14:04:35+08:00 ] 127.0.0.1 /tourpal/index.php/Api/Posts/postDetail?post_id=20
INFO: [ app_init ] --START--
INFO: Run Behavior\BuildLiteBehavior [ RunTime:0.000013s ]
INFO: [ app_init ] --END-- [ RunTime:0.000340s ]
INFO: [ app_begin ] --START--
INFO: Run Behavior\ReadHtmlCacheBehavior [ RunTime:0.000469s ]
INFO: [ app_begin ] --END-- [ RunTime:0.000520s ]
SQL: SHOW COLUMNS FROM `posts` [ RunTime:0.0030s ]
SQL: SELECT * FROM `posts` WHERE `id` = 20 AND `is_delete` <> 1 LIMIT 1   [ RunTime:0.0005s ]
SQL: SHOW COLUMNS FROM `post_img` [ RunTime:0.0021s ]
SQL: SELECT `img` FROM `post_img` WHERE `post_id` = 20  [ RunTime:0.0003s ]
SQL: SHOW COLUMNS FROM `post_dest_v2` [ RunTime:0.0020s ]
SQL: SELECT `dest_id` FROM `post_dest_v2` WHERE `post_id` = 20  [ RunTime:0.0003s ]
SQL: SHOW COLUMNS FROM `dest_v2` [ RunTime:0.0020s ]
SQL: SELECT `id`,`place`,`desc` FROM `dest_v2` WHERE `id` IN ('50','16','183','17')  [ RunTime:0.0003s ]
SQL: SHOW COLUMNS FROM `user` [ RunTime:0.0024s ]
SQL: SELECT * FROM `user` WHERE `id` = 44 LIMIT 1   [ RunTime:0.0003s ]
SQL: SHOW COLUMNS FROM `liked` [ RunTime:0.0019s ]
SQL: SELECT * FROM `liked` WHERE `uid` = 34 AND `post_id` IN ('20')  [ RunTime:0.0004s ]
SQL: SELECT COUNT(*) AS tp_count FROM `liked` WHERE `post_id` = 20 LIMIT 1   [ RunTime:0.0003s ]
SQL: SHOW COLUMNS FROM `views` [ RunTime:0.0018s ]
SQL: SELECT `cnt` FROM `views` WHERE `post_id` = 20 LIMIT 1   [ RunTime:0.0002s ]
SQL: SHOW COLUMNS FROM `post_tag` [ RunTime:0.0019s ]
SQL: SELECT `tag_id` FROM `post_tag` WHERE `post_id` = 20  [ RunTime:0.0002s ]
SQL: SHOW COLUMNS FROM `tags` [ RunTime:0.0018s ]
SQL: SELECT `id`,`tag` FROM `tags` WHERE `id` IN ('18','17','6','19')  [ RunTime:0.0002s ]
SQL: SHOW COLUMNS FROM `views` [ RunTime:0.0020s ]
SQL: SHOW COLUMNS FROM `liked` [ RunTime:0.0045s ]
SQL: SELECT * FROM `liked` WHERE `post_id` = 20 GROUP BY uid, post_id ORDER BY id desc  [ RunTime:0.0010s ]
SQL: SHOW COLUMNS FROM `user` [ RunTime:0.0047s ]
SQL: SELECT * FROM `user` WHERE `id` IN ('40','38','39','34','36','44','41','35')  [ RunTime:0.0009s ]
SQL: SHOW COLUMNS FROM `post_dest_v2` [ RunTime:0.0031s ]
SQL: SELECT `post_id`,`dest_id` FROM `post_dest_v2` WHERE `post_id` IN ('20','20','20','20','20','20','20','20')  [ RunTime:0.0005s ]
SQL: SHOW COLUMNS FROM `dest_v2` [ RunTime:0.0031s ]
SQL: SELECT `id`,`place`,`desc` FROM `dest_v2` WHERE `id` IN ('50','16','183','17')  [ RunTime:0.0004s ]

[ 2015-05-26T14:17:55+08:00 ] 127.0.0.1 /tourpal/index.php/Api/Posts/postDetail?post_id=20
ERR: Redis connect host:192.168.9.130 port:6379 no:0
[ 2015-05-26T14:17:55+08:00 ] 127.0.0.1 /tourpal/index.php/Api/Posts/postDetail?post_id=20
INFO: [ app_init ] --START--
INFO: Run Behavior\BuildLiteBehavior [ RunTime:0.000014s ]
INFO: [ app_init ] --END-- [ RunTime:0.000313s ]
INFO: [ app_begin ] --START--
INFO: Run Behavior\ReadHtmlCacheBehavior [ RunTime:0.000478s ]
INFO: [ app_begin ] --END-- [ RunTime:0.000533s ]
SQL: SHOW COLUMNS FROM `posts` [ RunTime:0.0025s ]
SQL: SELECT * FROM `posts` WHERE `id` = 20 AND `is_delete` <> 1 LIMIT 1   [ RunTime:0.0005s ]
SQL: SHOW COLUMNS FROM `post_img` [ RunTime:0.0019s ]
SQL: SELECT `img` FROM `post_img` WHERE `post_id` = 20  [ RunTime:0.0003s ]
SQL: SHOW COLUMNS FROM `post_dest_v2` [ RunTime:0.0020s ]
SQL: SELECT `dest_id` FROM `post_dest_v2` WHERE `post_id` = 20  [ RunTime:0.0003s ]
SQL: SHOW COLUMNS FROM `dest_v2` [ RunTime:0.0019s ]
SQL: SELECT `id`,`place`,`desc` FROM `dest_v2` WHERE `id` IN ('50','16','183','17')  [ RunTime:0.0003s ]
SQL: SHOW COLUMNS FROM `user` [ RunTime:0.0023s ]
SQL: SELECT * FROM `user` WHERE `id` = 44 LIMIT 1   [ RunTime:0.0003s ]
SQL: SHOW COLUMNS FROM `liked` [ RunTime:0.0019s ]
SQL: SELECT * FROM `liked` WHERE `uid` = 34 AND `post_id` IN ('20')  [ RunTime:0.0003s ]
SQL: SELECT COUNT(*) AS tp_count FROM `liked` WHERE `post_id` = 20 LIMIT 1   [ RunTime:0.0002s ]
SQL: SHOW COLUMNS FROM `views` [ RunTime:0.0017s ]
SQL: SELECT `cnt` FROM `views` WHERE `post_id` = 20 LIMIT 1   [ RunTime:0.0002s ]
SQL: SHOW COLUMNS FROM `post_tag` [ RunTime:0.0022s ]
SQL: SELECT `tag_id` FROM `post_tag` WHERE `post_id` = 20  [ RunTime:0.0003s ]
SQL: SHOW COLUMNS FROM `tags` [ RunTime:0.0019s ]
SQL: SELECT `id`,`tag` FROM `tags` WHERE `id` IN ('18','17','6','19')  [ RunTime:0.0003s ]
SQL: SHOW COLUMNS FROM `views` [ RunTime:0.0018s ]
SQL: SHOW COLUMNS FROM `liked` [ RunTime:0.0043s ]
SQL: SELECT * FROM `liked` WHERE `post_id` = 20 GROUP BY uid, post_id ORDER BY id desc  [ RunTime:0.0011s ]
SQL: SHOW COLUMNS FROM `user` [ RunTime:0.0046s ]
SQL: SELECT * FROM `user` WHERE `id` IN ('40','38','39','34','36','44','41','35')  [ RunTime:0.0010s ]
SQL: SHOW COLUMNS FROM `post_dest_v2` [ RunTime:0.0044s ]
SQL: SELECT `post_id`,`dest_id` FROM `post_dest_v2` WHERE `post_id` IN ('20','20','20','20','20','20','20','20')  [ RunTime:0.0006s ]
SQL: SHOW COLUMNS FROM `dest_v2` [ RunTime:0.0043s ]
SQL: SELECT `id`,`place`,`desc` FROM `dest_v2` WHERE `id` IN ('50','16','183','17')  [ RunTime:0.0005s ]

[ 2015-05-26T14:53:00+08:00 ] 127.0.0.1 /tourpal/index.php/Api/Posts/postDetail?post_id=20
ERR: Redis connect host:192.168.9.130 port:6379 no:0
[ 2015-05-26T14:53:03+08:00 ] 127.0.0.1 /tourpal/index.php/Api/Posts/postDetail?post_id=20
INFO: [ app_init ] --START--
INFO: Run Behavior\BuildLiteBehavior [ RunTime:0.000012s ]
INFO: [ app_init ] --END-- [ RunTime:0.000313s ]
INFO: [ app_begin ] --START--
INFO: Run Behavior\ReadHtmlCacheBehavior [ RunTime:0.000474s ]
INFO: [ app_begin ] --END-- [ RunTime:0.000525s ]
SQL: SHOW COLUMNS FROM `posts` [ RunTime:0.0028s ]
SQL: SELECT * FROM `posts` WHERE `id` = 20 AND `is_delete` <> 1 LIMIT 1   [ RunTime:0.0004s ]
SQL: SHOW COLUMNS FROM `post_img` [ RunTime:0.0019s ]
SQL: SELECT `img` FROM `post_img` WHERE `post_id` = 20  [ RunTime:0.0003s ]
SQL: SHOW COLUMNS FROM `post_dest_v2` [ RunTime:0.0019s ]
SQL: SELECT `dest_id` FROM `post_dest_v2` WHERE `post_id` = 20  [ RunTime:0.0003s ]
SQL: SHOW COLUMNS FROM `dest_v2` [ RunTime:0.0020s ]
SQL: SELECT `id`,`place`,`desc` FROM `dest_v2` WHERE `id` IN ('50','16','183','17')  [ RunTime:0.0003s ]
SQL: SHOW COLUMNS FROM `user` [ RunTime:0.0026s ]
SQL: SELECT * FROM `user` WHERE `id` = 44 LIMIT 1   [ RunTime:0.0004s ]
SQL: SHOW COLUMNS FROM `liked` [ RunTime:0.0019s ]
SQL: SELECT * FROM `liked` WHERE `uid` = 34 AND `post_id` IN ('20')  [ RunTime:0.0003s ]
SQL: SELECT COUNT(*) AS tp_count FROM `liked` WHERE `post_id` = 20 LIMIT 1   [ RunTime:0.0002s ]
SQL: SHOW COLUMNS FROM `views` [ RunTime:0.0018s ]
SQL: SELECT `cnt` FROM `views` WHERE `post_id` = 20 LIMIT 1   [ RunTime:0.0002s ]
SQL: SHOW COLUMNS FROM `post_tag` [ RunTime:0.0018s ]
SQL: SELECT `tag_id` FROM `post_tag` WHERE `post_id` = 20  [ RunTime:0.0002s ]
SQL: SHOW COLUMNS FROM `tags` [ RunTime:0.0018s ]
SQL: SELECT `id`,`tag` FROM `tags` WHERE `id` IN ('18','17','6','19')  [ RunTime:0.0002s ]
SQL: SHOW COLUMNS FROM `views` [ RunTime:0.0019s ]
SQL: SHOW COLUMNS FROM `liked` [ RunTime:0.0046s ]
SQL: SELECT * FROM `liked` WHERE `post_id` = 20 GROUP BY uid, post_id ORDER BY id desc  [ RunTime:0.0009s ]
SQL: SHOW COLUMNS FROM `user` [ RunTime:0.0042s ]
SQL: SELECT * FROM `user` WHERE `id` IN ('40','38','39','34','36','44','41','35')  [ RunTime:0.0009s ]
SQL: SHOW COLUMNS FROM `post_dest_v2` [ RunTime:0.0037s ]
SQL: SELECT `post_id`,`dest_id` FROM `post_dest_v2` WHERE `post_id` IN ('20','20','20','20','20','20','20','20')  [ RunTime:0.0005s ]
SQL: SHOW COLUMNS FROM `dest_v2` [ RunTime:0.0038s ]
SQL: SELECT `id`,`place`,`desc` FROM `dest_v2` WHERE `id` IN ('50','16','183','17')  [ RunTime:0.0005s ]

[ 2015-05-26T14:58:14+08:00 ] 127.0.0.1 /tourpal/index.php/Api/Posts/postDetail?post_id=20
ERR: Redis connect host:192.168.9.130 port:6379 no:0
[ 2015-05-26T14:58:14+08:00 ] 127.0.0.1 /tourpal/index.php/Api/Posts/postDetail?post_id=20
INFO: [ app_init ] --START--
INFO: Run Behavior\BuildLiteBehavior [ RunTime:0.000023s ]
INFO: [ app_init ] --END-- [ RunTime:0.000512s ]
INFO: [ app_begin ] --START--
INFO: Run Behavior\ReadHtmlCacheBehavior [ RunTime:0.000579s ]
INFO: [ app_begin ] --END-- [ RunTime:0.000653s ]
SQL: SHOW COLUMNS FROM `posts` [ RunTime:0.0027s ]
SQL: SELECT * FROM `posts` WHERE `id` = 20 AND `is_delete` <> 1 LIMIT 1   [ RunTime:0.0004s ]
SQL: SHOW COLUMNS FROM `post_img` [ RunTime:0.0022s ]
SQL: SELECT `img` FROM `post_img` WHERE `post_id` = 20  [ RunTime:0.0003s ]
SQL: SHOW COLUMNS FROM `post_dest_v2` [ RunTime:0.0019s ]
SQL: SELECT `dest_id` FROM `post_dest_v2` WHERE `post_id` = 20  [ RunTime:0.0003s ]
SQL: SHOW COLUMNS FROM `dest_v2` [ RunTime:0.0019s ]
SQL: SELECT `id`,`place`,`desc` FROM `dest_v2` WHERE `id` IN ('50','16','183','17')  [ RunTime:0.0003s ]
SQL: SHOW COLUMNS FROM `user` [ RunTime:0.0022s ]
SQL: SELECT * FROM `user` WHERE `id` = 44 LIMIT 1   [ RunTime:0.0003s ]
SQL: SHOW COLUMNS FROM `liked` [ RunTime:0.0021s ]
SQL: SELECT * FROM `liked` WHERE `uid` = 34 AND `post_id` IN ('20')  [ RunTime:0.0004s ]
SQL: SELECT COUNT(*) AS tp_count FROM `liked` WHERE `post_id` = 20 LIMIT 1   [ RunTime:0.0003s ]
SQL: SHOW COLUMNS FROM `views` [ RunTime:0.0020s ]
SQL: SELECT `cnt` FROM `views` WHERE `post_id` = 20 LIMIT 1   [ RunTime:0.0002s ]
SQL: SHOW COLUMNS FROM `post_tag` [ RunTime:0.0019s ]
SQL: SELECT `tag_id` FROM `post_tag` WHERE `post_id` = 20  [ RunTime:0.0003s ]
SQL: SHOW COLUMNS FROM `tags` [ RunTime:0.0020s ]
SQL: SELECT `id`,`tag` FROM `tags` WHERE `id` IN ('18','17','6','19')  [ RunTime:0.0003s ]
SQL: SHOW COLUMNS FROM `views` [ RunTime:0.0018s ]
SQL: SHOW COLUMNS FROM `liked` [ RunTime:0.0047s ]
SQL: SELECT * FROM `liked` WHERE `post_id` = 20 GROUP BY uid, post_id ORDER BY id desc  [ RunTime:0.0007s ]
SQL: SHOW COLUMNS FROM `user` [ RunTime:0.0032s ]
SQL: SELECT * FROM `user` WHERE `id` IN ('40','38','39','34','36','44','41','35')  [ RunTime:0.0007s ]
SQL: SHOW COLUMNS FROM `post_dest_v2` [ RunTime:0.0028s ]
SQL: SELECT `post_id`,`dest_id` FROM `post_dest_v2` WHERE `post_id` IN ('20','20','20','20','20','20','20','20')  [ RunTime:0.0004s ]
SQL: SHOW COLUMNS FROM `dest_v2` [ RunTime:0.0030s ]
SQL: SELECT `id`,`place`,`desc` FROM `dest_v2` WHERE `id` IN ('50','16','183','17')  [ RunTime:0.0004s ]

[ 2015-05-26T14:58:16+08:00 ] 127.0.0.1 /tourpal/index.php/Api/Posts/postDetail?post_id=20
ERR: Redis connect host:192.168.9.130 port:6379 no:0
[ 2015-05-26T14:58:16+08:00 ] 127.0.0.1 /tourpal/index.php/Api/Posts/postDetail?post_id=20
INFO: [ app_init ] --START--
INFO: Run Behavior\BuildLiteBehavior [ RunTime:0.000011s ]
INFO: [ app_init ] --END-- [ RunTime:0.000276s ]
INFO: [ app_begin ] --START--
INFO: Run Behavior\ReadHtmlCacheBehavior [ RunTime:0.000428s ]
INFO: [ app_begin ] --END-- [ RunTime:0.000480s ]
SQL: SHOW COLUMNS FROM `posts` [ RunTime:0.0026s ]
SQL: SELECT * FROM `posts` WHERE `id` = 20 AND `is_delete` <> 1 LIMIT 1   [ RunTime:0.0005s ]
SQL: SHOW COLUMNS FROM `post_img` [ RunTime:0.0019s ]
SQL: SELECT `img` FROM `post_img` WHERE `post_id` = 20  [ RunTime:0.0002s ]
SQL: SHOW COLUMNS FROM `post_dest_v2` [ RunTime:0.0018s ]
SQL: SELECT `dest_id` FROM `post_dest_v2` WHERE `post_id` = 20  [ RunTime:0.0002s ]
SQL: SHOW COLUMNS FROM `dest_v2` [ RunTime:0.0020s ]
SQL: SELECT `id`,`place`,`desc` FROM `dest_v2` WHERE `id` IN ('50','16','183','17')  [ RunTime:0.0003s ]
SQL: SHOW COLUMNS FROM `user` [ RunTime:0.0021s ]
SQL: SELECT * FROM `user` WHERE `id` = 44 LIMIT 1   [ RunTime:0.0003s ]
SQL: SHOW COLUMNS FROM `liked` [ RunTime:0.0023s ]
SQL: SELECT * FROM `liked` WHERE `uid` = 34 AND `post_id` IN ('20')  [ RunTime:0.0004s ]
SQL: SELECT COUNT(*) AS tp_count FROM `liked` WHERE `post_id` = 20 LIMIT 1   [ RunTime:0.0003s ]
SQL: SHOW COLUMNS FROM `views` [ RunTime:0.0019s ]
SQL: SELECT `cnt` FROM `views` WHERE `post_id` = 20 LIMIT 1   [ RunTime:0.0002s ]
SQL: SHOW COLUMNS FROM `post_tag` [ RunTime:0.0019s ]
SQL: SELECT `tag_id` FROM `post_tag` WHERE `post_id` = 20  [ RunTime:0.0002s ]
SQL: SHOW COLUMNS FROM `tags` [ RunTime:0.0019s ]
SQL: SELECT `id`,`tag` FROM `tags` WHERE `id` IN ('18','17','6','19')  [ RunTime:0.0003s ]
SQL: SHOW COLUMNS FROM `views` [ RunTime:0.0018s ]
SQL: SHOW COLUMNS FROM `liked` [ RunTime:0.0023s ]
SQL: SELECT * FROM `liked` WHERE `post_id` = 20 GROUP BY uid, post_id ORDER BY id desc  [ RunTime:0.0005s ]
SQL: SHOW COLUMNS FROM `user` [ RunTime:0.0021s ]
SQL: SELECT * FROM `user` WHERE `id` IN ('40','38','39','34','36','44','41','35')  [ RunTime:0.0005s ]
SQL: SHOW COLUMNS FROM `post_dest_v2` [ RunTime:0.0022s ]
SQL: SELECT `post_id`,`dest_id` FROM `post_dest_v2` WHERE `post_id` IN ('20','20','20','20','20','20','20','20')  [ RunTime:0.0003s ]
SQL: SHOW COLUMNS FROM `dest_v2` [ RunTime:0.0020s ]
SQL: SELECT `id`,`place`,`desc` FROM `dest_v2` WHERE `id` IN ('50','16','183','17')  [ RunTime:0.0002s ]

[ 2015-05-26T14:58:18+08:00 ] 127.0.0.1 /tourpal/index.php/Api/Posts/postDetail?post_id=20
ERR: Redis connect host:192.168.9.130 port:6379 no:0
[ 2015-05-26T14:58:19+08:00 ] 127.0.0.1 /tourpal/index.php/Api/Posts/postDetail?post_id=20
INFO: [ app_init ] --START--
INFO: Run Behavior\BuildLiteBehavior [ RunTime:0.000014s ]
INFO: [ app_init ] --END-- [ RunTime:0.000310s ]
INFO: [ app_begin ] --START--
INFO: Run Behavior\ReadHtmlCacheBehavior [ RunTime:0.000452s ]
INFO: [ app_begin ] --END-- [ RunTime:0.000542s ]
SQL: SHOW COLUMNS FROM `posts` [ RunTime:0.0024s ]
SQL: SELECT * FROM `posts` WHERE `id` = 20 AND `is_delete` <> 1 LIMIT 1   [ RunTime:0.0005s ]
SQL: SHOW COLUMNS FROM `post_img` [ RunTime:0.0022s ]
SQL: SELECT `img` FROM `post_img` WHERE `post_id` = 20  [ RunTime:0.0003s ]
SQL: SHOW COLUMNS FROM `post_dest_v2` [ RunTime:0.0022s ]
SQL: SELECT `dest_id` FROM `post_dest_v2` WHERE `post_id` = 20  [ RunTime:0.0003s ]
SQL: SHOW COLUMNS FROM `dest_v2` [ RunTime:0.0022s ]
SQL: SELECT `id`,`place`,`desc` FROM `dest_v2` WHERE `id` IN ('50','16','183','17')  [ RunTime:0.0003s ]
SQL: SHOW COLUMNS FROM `user` [ RunTime:0.0022s ]
SQL: SELECT * FROM `user` WHERE `id` = 44 LIMIT 1   [ RunTime:0.0003s ]
SQL: SHOW COLUMNS FROM `liked` [ RunTime:0.0021s ]
SQL: SELECT * FROM `liked` WHERE `uid` = 34 AND `post_id` IN ('20')  [ RunTime:0.0004s ]
SQL: SELECT COUNT(*) AS tp_count FROM `liked` WHERE `post_id` = 20 LIMIT 1   [ RunTime:0.0003s ]
SQL: SHOW COLUMNS FROM `views` [ RunTime:0.0020s ]
SQL: SELECT `cnt` FROM `views` WHERE `post_id` = 20 LIMIT 1   [ RunTime:0.0003s ]
SQL: SHOW COLUMNS FROM `post_tag` [ RunTime:0.0022s ]
SQL: SELECT `tag_id` FROM `post_tag` WHERE `post_id` = 20  [ RunTime:0.0003s ]
SQL: SHOW COLUMNS FROM `tags` [ RunTime:0.0019s ]
SQL: SELECT `id`,`tag` FROM `tags` WHERE `id` IN ('18','17','6','19')  [ RunTime:0.0002s ]
SQL: SHOW COLUMNS FROM `views` [ RunTime:0.0018s ]
SQL: SHOW COLUMNS FROM `liked` [ RunTime:0.0050s ]
SQL: SELECT * FROM `liked` WHERE `post_id` = 20 GROUP BY uid, post_id ORDER BY id desc  [ RunTime:0.0009s ]
SQL: SHOW COLUMNS FROM `user` [ RunTime:0.0042s ]
SQL: SELECT * FROM `user` WHERE `id` IN ('40','38','39','34','36','44','41','35')  [ RunTime:0.0009s ]
SQL: SHOW COLUMNS FROM `post_dest_v2` [ RunTime:0.0035s ]
SQL: SELECT `post_id`,`dest_id` FROM `post_dest_v2` WHERE `post_id` IN ('20','20','20','20','20','20','20','20')  [ RunTime:0.0005s ]
SQL: SHOW COLUMNS FROM `dest_v2` [ RunTime:0.0038s ]
SQL: SELECT `id`,`place`,`desc` FROM `dest_v2` WHERE `id` IN ('50','16','183','17')  [ RunTime:0.0005s ]

[ 2015-05-26T14:58:22+08:00 ] 127.0.0.1 /tourpal/index.php/Api/Posts/postDetail?post_id=20
ERR: Redis connect host:192.168.9.130 port:6379 no:0
[ 2015-05-26T14:58:22+08:00 ] 127.0.0.1 /tourpal/index.php/Api/Posts/postDetail?post_id=20
INFO: [ app_init ] --START--
INFO: Run Behavior\BuildLiteBehavior [ RunTime:0.000014s ]
INFO: [ app_init ] --END-- [ RunTime:0.000345s ]
INFO: [ app_begin ] --START--
INFO: Run Behavior\ReadHtmlCacheBehavior [ RunTime:0.000473s ]
INFO: [ app_begin ] --END-- [ RunTime:0.000538s ]
SQL: SHOW COLUMNS FROM `posts` [ RunTime:0.0025s ]
SQL: SELECT * FROM `posts` WHERE `id` = 20 AND `is_delete` <> 1 LIMIT 1   [ RunTime:0.0004s ]
SQL: SHOW COLUMNS FROM `post_img` [ RunTime:0.0019s ]
SQL: SELECT `img` FROM `post_img` WHERE `post_id` = 20  [ RunTime:0.0002s ]
SQL: SHOW COLUMNS FROM `post_dest_v2` [ RunTime:0.0019s ]
SQL: SELECT `dest_id` FROM `post_dest_v2` WHERE `post_id` = 20  [ RunTime:0.0003s ]
SQL: SHOW COLUMNS FROM `dest_v2` [ RunTime:0.0023s ]
SQL: SELECT `id`,`place`,`desc` FROM `dest_v2` WHERE `id` IN ('50','16','183','17')  [ RunTime:0.0003s ]
SQL: SHOW COLUMNS FROM `user` [ RunTime:0.0023s ]
SQL: SELECT * FROM `user` WHERE `id` = 44 LIMIT 1   [ RunTime:0.0004s ]
SQL: SHOW COLUMNS FROM `liked` [ RunTime:0.0019s ]
SQL: SELECT * FROM `liked` WHERE `uid` = 34 AND `post_id` IN ('20')  [ RunTime:0.0004s ]
SQL: SELECT COUNT(*) AS tp_count FROM `liked` WHERE `post_id` = 20 LIMIT 1   [ RunTime:0.0003s ]
SQL: SHOW COLUMNS FROM `views` [ RunTime:0.0018s ]
SQL: SELECT `cnt` FROM `views` WHERE `post_id` = 20 LIMIT 1   [ RunTime:0.0002s ]
SQL: SHOW COLUMNS FROM `post_tag` [ RunTime:0.0019s ]
SQL: SELECT `tag_id` FROM `post_tag` WHERE `post_id` = 20  [ RunTime:0.0002s ]
SQL: SHOW COLUMNS FROM `tags` [ RunTime:0.0019s ]
SQL: SELECT `id`,`tag` FROM `tags` WHERE `id` IN ('18','17','6','19')  [ RunTime:0.0003s ]
SQL: SHOW COLUMNS FROM `views` [ RunTime:0.0017s ]
SQL: SHOW COLUMNS FROM `liked` [ RunTime:0.0022s ]
SQL: SELECT * FROM `liked` WHERE `post_id` = 20 GROUP BY uid, post_id ORDER BY id desc  [ RunTime:0.0005s ]
SQL: SHOW COLUMNS FROM `user` [ RunTime:0.0022s ]
SQL: SELECT * FROM `user` WHERE `id` IN ('40','38','39','34','36','44','41','35')  [ RunTime:0.0005s ]
SQL: SHOW COLUMNS FROM `post_dest_v2` [ RunTime:0.0019s ]
SQL: SELECT `post_id`,`dest_id` FROM `post_dest_v2` WHERE `post_id` IN ('20','20','20','20','20','20','20','20')  [ RunTime:0.0003s ]
SQL: SHOW COLUMNS FROM `dest_v2` [ RunTime:0.0019s ]
SQL: SELECT `id`,`place`,`desc` FROM `dest_v2` WHERE `id` IN ('50','16','183','17')  [ RunTime:0.0003s ]

[ 2015-05-26T14:58:25+08:00 ] 127.0.0.1 /tourpal/index.php/Api/Posts/postDetail?post_id=20
ERR: Redis connect host:192.168.9.130 port:6379 no:0
[ 2015-05-26T14:58:25+08:00 ] 127.0.0.1 /tourpal/index.php/Api/Posts/postDetail?post_id=20
INFO: [ app_init ] --START--
INFO: Run Behavior\BuildLiteBehavior [ RunTime:0.000013s ]
INFO: [ app_init ] --END-- [ RunTime:0.000304s ]
INFO: [ app_begin ] --START--
INFO: Run Behavior\ReadHtmlCacheBehavior [ RunTime:0.000428s ]
INFO: [ app_begin ] --END-- [ RunTime:0.000481s ]
SQL: SHOW COLUMNS FROM `posts` [ RunTime:0.0024s ]
SQL: SELECT * FROM `posts` WHERE `id` = 20 AND `is_delete` <> 1 LIMIT 1   [ RunTime:0.0004s ]
SQL: SHOW COLUMNS FROM `post_img` [ RunTime:0.0024s ]
SQL: SELECT `img` FROM `post_img` WHERE `post_id` = 20  [ RunTime:0.0003s ]
SQL: SHOW COLUMNS FROM `post_dest_v2` [ RunTime:0.0020s ]
SQL: SELECT `dest_id` FROM `post_dest_v2` WHERE `post_id` = 20  [ RunTime:0.0003s ]
SQL: SHOW COLUMNS FROM `dest_v2` [ RunTime:0.0021s ]
SQL: SELECT `id`,`place`,`desc` FROM `dest_v2` WHERE `id` IN ('50','16','183','17')  [ RunTime:0.0003s ]
SQL: SHOW COLUMNS FROM `user` [ RunTime:0.0022s ]
SQL: SELECT * FROM `user` WHERE `id` = 44 LIMIT 1   [ RunTime:0.0003s ]
SQL: SHOW COLUMNS FROM `liked` [ RunTime:0.0020s ]
SQL: SELECT * FROM `liked` WHERE `uid` = 34 AND `post_id` IN ('20')  [ RunTime:0.0003s ]
SQL: SELECT COUNT(*) AS tp_count FROM `liked` WHERE `post_id` = 20 LIMIT 1   [ RunTime:0.0003s ]
SQL: SHOW COLUMNS FROM `views` [ RunTime:0.0020s ]
SQL: SELECT `cnt` FROM `views` WHERE `post_id` = 20 LIMIT 1   [ RunTime:0.0003s ]
SQL: SHOW COLUMNS FROM `post_tag` [ RunTime:0.0020s ]
SQL: SELECT `tag_id` FROM `post_tag` WHERE `post_id` = 20  [ RunTime:0.0003s ]
SQL: SHOW COLUMNS FROM `tags` [ RunTime:0.0019s ]
SQL: SELECT `id`,`tag` FROM `tags` WHERE `id` IN ('18','17','6','19')  [ RunTime:0.0003s ]
SQL: SHOW COLUMNS FROM `views` [ RunTime:0.0019s ]
SQL: SHOW COLUMNS FROM `liked` [ RunTime:0.0024s ]
SQL: SELECT * FROM `liked` WHERE `post_id` = 20 GROUP BY uid, post_id ORDER BY id desc  [ RunTime:0.0005s ]
SQL: SHOW COLUMNS FROM `user` [ RunTime:0.0022s ]
SQL: SELECT * FROM `user` WHERE `id` IN ('40','38','39','34','36','44','41','35')  [ RunTime:0.0005s ]
SQL: SHOW COLUMNS FROM `post_dest_v2` [ RunTime:0.0020s ]
SQL: SELECT `post_id`,`dest_id` FROM `post_dest_v2` WHERE `post_id` IN ('20','20','20','20','20','20','20','20')  [ RunTime:0.0003s ]
SQL: SHOW COLUMNS FROM `dest_v2` [ RunTime:0.0020s ]
SQL: SELECT `id`,`place`,`desc` FROM `dest_v2` WHERE `id` IN ('50','16','183','17')  [ RunTime:0.0002s ]

[ 2015-05-26T14:59:24+08:00 ] 127.0.0.1 /tourpal/index.php/Api/Posts/postDetail?post_id=20
ERR: Redis connect host:192.168.9.130 port:6379 no:0
[ 2015-05-26T14:59:24+08:00 ] 127.0.0.1 /tourpal/index.php/Api/Posts/postDetail?post_id=20
INFO: [ app_init ] --START--
INFO: Run Behavior\BuildLiteBehavior [ RunTime:0.000015s ]
INFO: [ app_init ] --END-- [ RunTime:0.000335s ]
INFO: [ app_begin ] --START--
INFO: Run Behavior\ReadHtmlCacheBehavior [ RunTime:0.000535s ]
INFO: [ app_begin ] --END-- [ RunTime:0.000602s ]
SQL: SHOW COLUMNS FROM `posts` [ RunTime:0.0028s ]
SQL: SELECT * FROM `posts` WHERE `id` = 20 AND `is_delete` <> 1 LIMIT 1   [ RunTime:0.0005s ]
SQL: SHOW COLUMNS FROM `post_img` [ RunTime:0.0020s ]
SQL: SELECT `img` FROM `post_img` WHERE `post_id` = 20  [ RunTime:0.0003s ]
SQL: SHOW COLUMNS FROM `post_dest_v2` [ RunTime:0.0019s ]
SQL: SELECT `dest_id` FROM `post_dest_v2` WHERE `post_id` = 20  [ RunTime:0.0003s ]
SQL: SHOW COLUMNS FROM `dest_v2` [ RunTime:0.0021s ]
SQL: SELECT `id`,`place`,`desc` FROM `dest_v2` WHERE `id` IN ('50','16','183','17')  [ RunTime:0.0004s ]
SQL: SHOW COLUMNS FROM `user` [ RunTime:0.0028s ]
SQL: SELECT * FROM `user` WHERE `id` = 44 LIMIT 1   [ RunTime:0.0004s ]
SQL: SHOW COLUMNS FROM `liked` [ RunTime:0.0023s ]
SQL: SELECT * FROM `liked` WHERE `uid` = 34 AND `post_id` IN ('20')  [ RunTime:0.0003s ]
SQL: SELECT COUNT(*) AS tp_count FROM `liked` WHERE `post_id` = 20 LIMIT 1   [ RunTime:0.0002s ]
SQL: SHOW COLUMNS FROM `views` [ RunTime:0.0018s ]
SQL: SELECT `cnt` FROM `views` WHERE `post_id` = 20 LIMIT 1   [ RunTime:0.0002s ]
SQL: SHOW COLUMNS FROM `post_tag` [ RunTime:0.0021s ]
SQL: SELECT `tag_id` FROM `post_tag` WHERE `post_id` = 20  [ RunTime:0.0003s ]
SQL: SHOW COLUMNS FROM `tags` [ RunTime:0.0025s ]
SQL: SELECT `id`,`tag` FROM `tags` WHERE `id` IN ('18','17','6','19')  [ RunTime:0.0004s ]
SQL: SHOW COLUMNS FROM `views` [ RunTime:0.0022s ]
SQL: SHOW COLUMNS FROM `liked` [ RunTime:0.0024s ]
SQL: SELECT * FROM `liked` WHERE `post_id` = 20 GROUP BY uid, post_id ORDER BY id desc  [ RunTime:0.0010s ]
SQL: SHOW COLUMNS FROM `user` [ RunTime:0.0033s ]
SQL: SELECT * FROM `user` WHERE `id` IN ('40','38','39','34','36','44','41','35')  [ RunTime:0.0005s ]
SQL: SHOW COLUMNS FROM `post_dest_v2` [ RunTime:0.0020s ]
SQL: SELECT `post_id`,`dest_id` FROM `post_dest_v2` WHERE `post_id` IN ('20','20','20','20','20','20','20','20')  [ RunTime:0.0003s ]
SQL: SHOW COLUMNS FROM `dest_v2` [ RunTime:0.0020s ]
SQL: SELECT `id`,`place`,`desc` FROM `dest_v2` WHERE `id` IN ('50','16','183','17')  [ RunTime:0.0003s ]

[ 2015-05-26T14:59:32+08:00 ] 127.0.0.1 /tourpal/index.php/Api/Posts/postDetail?post_id=20
ERR: Redis connect host:192.168.9.130 port:6379 no:0
[ 2015-05-26T14:59:32+08:00 ] 127.0.0.1 /tourpal/index.php/Api/Posts/postDetail?post_id=20
INFO: [ app_init ] --START--
INFO: Run Behavior\BuildLiteBehavior [ RunTime:0.000014s ]
INFO: [ app_init ] --END-- [ RunTime:0.000286s ]
INFO: [ app_begin ] --START--
INFO: Run Behavior\ReadHtmlCacheBehavior [ RunTime:0.000375s ]
INFO: [ app_begin ] --END-- [ RunTime:0.000430s ]
SQL: SHOW COLUMNS FROM `posts` [ RunTime:0.0029s ]
SQL: SELECT * FROM `posts` WHERE `id` = 20 AND `is_delete` <> 1 LIMIT 1   [ RunTime:0.0005s ]
SQL: SHOW COLUMNS FROM `post_img` [ RunTime:0.0022s ]
SQL: SELECT `img` FROM `post_img` WHERE `post_id` = 20  [ RunTime:0.0003s ]
SQL: SHOW COLUMNS FROM `post_dest_v2` [ RunTime:0.0022s ]
SQL: SELECT `dest_id` FROM `post_dest_v2` WHERE `post_id` = 20  [ RunTime:0.0003s ]
SQL: SHOW COLUMNS FROM `dest_v2` [ RunTime:0.0020s ]
SQL: SELECT `id`,`place`,`desc` FROM `dest_v2` WHERE `id` IN ('50','16','183','17')  [ RunTime:0.0003s ]
SQL: SHOW COLUMNS FROM `user` [ RunTime:0.0027s ]
SQL: SELECT * FROM `user` WHERE `id` = 44 LIMIT 1   [ RunTime:0.0004s ]
SQL: SHOW COLUMNS FROM `liked` [ RunTime:0.0024s ]
SQL: SELECT * FROM `liked` WHERE `uid` = 34 AND `post_id` IN ('20')  [ RunTime:0.0005s ]
SQL: SELECT COUNT(*) AS tp_count FROM `liked` WHERE `post_id` = 20 LIMIT 1   [ RunTime:0.0004s ]
SQL: SHOW COLUMNS FROM `views` [ RunTime:0.0021s ]
SQL: SELECT `cnt` FROM `views` WHERE `post_id` = 20 LIMIT 1   [ RunTime:0.0003s ]
SQL: SHOW COLUMNS FROM `post_tag` [ RunTime:0.0019s ]
SQL: SELECT `tag_id` FROM `post_tag` WHERE `post_id` = 20  [ RunTime:0.0003s ]
SQL: SHOW COLUMNS FROM `tags` [ RunTime:0.0018s ]
SQL: SELECT `id`,`tag` FROM `tags` WHERE `id` IN ('18','17','6','19')  [ RunTime:0.0003s ]
SQL: SHOW COLUMNS FROM `views` [ RunTime:0.0019s ]
SQL: SHOW COLUMNS FROM `liked` [ RunTime:0.0028s ]
SQL: SELECT * FROM `liked` WHERE `post_id` = 20 GROUP BY uid, post_id ORDER BY id desc  [ RunTime:0.0006s ]
SQL: SHOW COLUMNS FROM `user` [ RunTime:0.0027s ]
SQL: SELECT * FROM `user` WHERE `id` IN ('40','38','39','34','36','44','41','35')  [ RunTime:0.0006s ]
SQL: SHOW COLUMNS FROM `post_dest_v2` [ RunTime:0.0023s ]
SQL: SELECT `post_id`,`dest_id` FROM `post_dest_v2` WHERE `post_id` IN ('20','20','20','20','20','20','20','20')  [ RunTime:0.0003s ]
SQL: SHOW COLUMNS FROM `dest_v2` [ RunTime:0.0023s ]
SQL: SELECT `id`,`place`,`desc` FROM `dest_v2` WHERE `id` IN ('50','16','183','17')  [ RunTime:0.0003s ]

[ 2015-05-26T14:59:35+08:00 ] 127.0.0.1 /tourpal/index.php/Api/Posts/postDetail?post_id=20
ERR: Redis connect host:192.168.9.130 port:6379 no:0
[ 2015-05-26T14:59:35+08:00 ] 127.0.0.1 /tourpal/index.php/Api/Posts/postDetail?post_id=20
INFO: [ app_init ] --START--
INFO: Run Behavior\BuildLiteBehavior [ RunTime:0.000024s ]
INFO: [ app_init ] --END-- [ RunTime:0.000591s ]
INFO: [ app_begin ] --START--
INFO: Run Behavior\ReadHtmlCacheBehavior [ RunTime:0.000484s ]
INFO: [ app_begin ] --END-- [ RunTime:0.000539s ]
SQL: SHOW COLUMNS FROM `posts` [ RunTime:0.0024s ]
SQL: SELECT * FROM `posts` WHERE `id` = 20 AND `is_delete` <> 1 LIMIT 1   [ RunTime:0.0004s ]
SQL: SHOW COLUMNS FROM `post_img` [ RunTime:0.0019s ]
SQL: SELECT `img` FROM `post_img` WHERE `post_id` = 20  [ RunTime:0.0002s ]
SQL: SHOW COLUMNS FROM `post_dest_v2` [ RunTime:0.0019s ]
SQL: SELECT `dest_id` FROM `post_dest_v2` WHERE `post_id` = 20  [ RunTime:0.0002s ]
SQL: SHOW COLUMNS FROM `dest_v2` [ RunTime:0.0022s ]
SQL: SELECT `id`,`place`,`desc` FROM `dest_v2` WHERE `id` IN ('50','16','183','17')  [ RunTime:0.0002s ]
SQL: SHOW COLUMNS FROM `user` [ RunTime:0.0022s ]
SQL: SELECT * FROM `user` WHERE `id` = 44 LIMIT 1   [ RunTime:0.0003s ]
SQL: SHOW COLUMNS FROM `liked` [ RunTime:0.0020s ]
SQL: SELECT * FROM `liked` WHERE `uid` = 34 AND `post_id` IN ('20')  [ RunTime:0.0003s ]
SQL: SELECT COUNT(*) AS tp_count FROM `liked` WHERE `post_id` = 20 LIMIT 1   [ RunTime:0.0003s ]
SQL: SHOW COLUMNS FROM `views` [ RunTime:0.0019s ]
SQL: SELECT `cnt` FROM `views` WHERE `post_id` = 20 LIMIT 1   [ RunTime:0.0002s ]
SQL: SHOW COLUMNS FROM `post_tag` [ RunTime:0.0019s ]
SQL: SELECT `tag_id` FROM `post_tag` WHERE `post_id` = 20  [ RunTime:0.0002s ]
SQL: SHOW COLUMNS FROM `tags` [ RunTime:0.0019s ]
SQL: SELECT `id`,`tag` FROM `tags` WHERE `id` IN ('18','17','6','19')  [ RunTime:0.0003s ]
SQL: SHOW COLUMNS FROM `views` [ RunTime:0.0019s ]
SQL: SHOW COLUMNS FROM `liked` [ RunTime:0.0024s ]
SQL: SELECT * FROM `liked` WHERE `post_id` = 20 GROUP BY uid, post_id ORDER BY id desc  [ RunTime:0.0004s ]
SQL: SHOW COLUMNS FROM `user` [ RunTime:0.0022s ]
SQL: SELECT * FROM `user` WHERE `id` IN ('40','38','39','34','36','44','41','35')  [ RunTime:0.0005s ]
SQL: SHOW COLUMNS FROM `post_dest_v2` [ RunTime:0.0019s ]
SQL: SELECT `post_id`,`dest_id` FROM `post_dest_v2` WHERE `post_id` IN ('20','20','20','20','20','20','20','20')  [ RunTime:0.0003s ]
SQL: SHOW COLUMNS FROM `dest_v2` [ RunTime:0.0021s ]
SQL: SELECT `id`,`place`,`desc` FROM `dest_v2` WHERE `id` IN ('50','16','183','17')  [ RunTime:0.0002s ]

[ 2015-05-26T14:59:35+08:00 ] 127.0.0.1 /tourpal/index.php/Api/Posts/postDetail?post_id=20
ERR: Redis connect host:192.168.9.130 port:6379 no:0
[ 2015-05-26T14:59:35+08:00 ] 127.0.0.1 /tourpal/index.php/Api/Posts/postDetail?post_id=20
INFO: [ app_init ] --START--
INFO: Run Behavior\BuildLiteBehavior [ RunTime:0.000021s ]
INFO: [ app_init ] --END-- [ RunTime:0.000602s ]
INFO: [ app_begin ] --START--
INFO: Run Behavior\ReadHtmlCacheBehavior [ RunTime:0.000777s ]
INFO: [ app_begin ] --END-- [ RunTime:0.000887s ]
SQL: SHOW COLUMNS FROM `posts` [ RunTime:0.0026s ]
SQL: SELECT * FROM `posts` WHERE `id` = 20 AND `is_delete` <> 1 LIMIT 1   [ RunTime:0.0004s ]
SQL: SHOW COLUMNS FROM `post_img` [ RunTime:0.0022s ]
SQL: SELECT `img` FROM `post_img` WHERE `post_id` = 20  [ RunTime:0.0003s ]
SQL: SHOW COLUMNS FROM `post_dest_v2` [ RunTime:0.0022s ]
SQL: SELECT `dest_id` FROM `post_dest_v2` WHERE `post_id` = 20  [ RunTime:0.0003s ]
SQL: SHOW COLUMNS FROM `dest_v2` [ RunTime:0.0023s ]
SQL: SELECT `id`,`place`,`desc` FROM `dest_v2` WHERE `id` IN ('50','16','183','17')  [ RunTime:0.0003s ]
SQL: SHOW COLUMNS FROM `user` [ RunTime:0.0027s ]
SQL: SELECT * FROM `user` WHERE `id` = 44 LIMIT 1   [ RunTime:0.0003s ]
SQL: SHOW COLUMNS FROM `liked` [ RunTime:0.0023s ]
SQL: SELECT * FROM `liked` WHERE `uid` = 34 AND `post_id` IN ('20')  [ RunTime:0.0003s ]
SQL: SELECT COUNT(*) AS tp_count FROM `liked` WHERE `post_id` = 20 LIMIT 1   [ RunTime:0.0003s ]
SQL: SHOW COLUMNS FROM `views` [ RunTime:0.0022s ]
SQL: SELECT `cnt` FROM `views` WHERE `post_id` = 20 LIMIT 1   [ RunTime:0.0003s ]
SQL: SHOW COLUMNS FROM `post_tag` [ RunTime:0.0023s ]
SQL: SELECT `tag_id` FROM `post_tag` WHERE `post_id` = 20  [ RunTime:0.0003s ]
SQL: SHOW COLUMNS FROM `tags` [ RunTime:0.0020s ]
SQL: SELECT `id`,`tag` FROM `tags` WHERE `id` IN ('18','17','6','19')  [ RunTime:0.0004s ]
SQL: SHOW COLUMNS FROM `views` [ RunTime:0.0021s ]
SQL: SHOW COLUMNS FROM `liked` [ RunTime:0.0025s ]
SQL: SELECT * FROM `liked` WHERE `post_id` = 20 GROUP BY uid, post_id ORDER BY id desc  [ RunTime:0.0005s ]
SQL: SHOW COLUMNS FROM `user` [ RunTime:0.0024s ]
SQL: SELECT * FROM `user` WHERE `id` IN ('40','38','39','34','36','44','41','35')  [ RunTime:0.0006s ]
SQL: SHOW COLUMNS FROM `post_dest_v2` [ RunTime:0.0026s ]
SQL: SELECT `post_id`,`dest_id` FROM `post_dest_v2` WHERE `post_id` IN ('20','20','20','20','20','20','20','20')  [ RunTime:0.0005s ]
SQL: SHOW COLUMNS FROM `dest_v2` [ RunTime:0.0026s ]
SQL: SELECT `id`,`place`,`desc` FROM `dest_v2` WHERE `id` IN ('50','16','183','17')  [ RunTime:0.0004s ]

[ 2015-05-26T14:59:35+08:00 ] 127.0.0.1 /tourpal/index.php/Api/Posts/postDetail?post_id=20
ERR: Redis connect host:192.168.9.130 port:6379 no:0
[ 2015-05-26T14:59:35+08:00 ] 127.0.0.1 /tourpal/index.php/Api/Posts/postDetail?post_id=20
INFO: [ app_init ] --START--
INFO: Run Behavior\BuildLiteBehavior [ RunTime:0.000012s ]
INFO: [ app_init ] --END-- [ RunTime:0.000283s ]
INFO: [ app_begin ] --START--
INFO: Run Behavior\ReadHtmlCacheBehavior [ RunTime:0.000433s ]
INFO: [ app_begin ] --END-- [ RunTime:0.000485s ]
SQL: SHOW COLUMNS FROM `posts` [ RunTime:0.0028s ]
SQL: SELECT * FROM `posts` WHERE `id` = 20 AND `is_delete` <> 1 LIMIT 1   [ RunTime:0.0005s ]
SQL: SHOW COLUMNS FROM `post_img` [ RunTime:0.0024s ]
SQL: SELECT `img` FROM `post_img` WHERE `post_id` = 20  [ RunTime:0.0004s ]
SQL: SHOW COLUMNS FROM `post_dest_v2` [ RunTime:0.0026s ]
SQL: SELECT `dest_id` FROM `post_dest_v2` WHERE `post_id` = 20  [ RunTime:0.0004s ]
SQL: SHOW COLUMNS FROM `dest_v2` [ RunTime:0.0025s ]
SQL: SELECT `id`,`place`,`desc` FROM `dest_v2` WHERE `id` IN ('50','16','183','17')  [ RunTime:0.0004s ]
SQL: SHOW COLUMNS FROM `user` [ RunTime:0.0023s ]
SQL: SELECT * FROM `user` WHERE `id` = 44 LIMIT 1   [ RunTime:0.0004s ]
SQL: SHOW COLUMNS FROM `liked` [ RunTime:0.0025s ]
SQL: SELECT * FROM `liked` WHERE `uid` = 34 AND `post_id` IN ('20')  [ RunTime:0.0005s ]
SQL: SELECT COUNT(*) AS tp_count FROM `liked` WHERE `post_id` = 20 LIMIT 1   [ RunTime:0.0003s ]
SQL: SHOW COLUMNS FROM `views` [ RunTime:0.0019s ]
SQL: SELECT `cnt` FROM `views` WHERE `post_id` = 20 LIMIT 1   [ RunTime:0.0003s ]
SQL: SHOW COLUMNS FROM `post_tag` [ RunTime:0.0022s ]
SQL: SELECT `tag_id` FROM `post_tag` WHERE `post_id` = 20  [ RunTime:0.0005s ]
SQL: SHOW COLUMNS FROM `tags` [ RunTime:0.0023s ]
SQL: SELECT `id`,`tag` FROM `tags` WHERE `id` IN ('18','17','6','19')  [ RunTime:0.0004s ]
SQL: SHOW COLUMNS FROM `views` [ RunTime:0.0023s ]
SQL: SHOW COLUMNS FROM `liked` [ RunTime:0.0026s ]
SQL: SELECT * FROM `liked` WHERE `post_id` = 20 GROUP BY uid, post_id ORDER BY id desc  [ RunTime:0.0006s ]
SQL: SHOW COLUMNS FROM `user` [ RunTime:0.0026s ]
SQL: SELECT * FROM `user` WHERE `id` IN ('40','38','39','34','36','44','41','35')  [ RunTime:0.0006s ]
SQL: SHOW COLUMNS FROM `post_dest_v2` [ RunTime:0.0021s ]
SQL: SELECT `post_id`,`dest_id` FROM `post_dest_v2` WHERE `post_id` IN ('20','20','20','20','20','20','20','20')  [ RunTime:0.0003s ]
SQL: SHOW COLUMNS FROM `dest_v2` [ RunTime:0.0022s ]
SQL: SELECT `id`,`place`,`desc` FROM `dest_v2` WHERE `id` IN ('50','16','183','17')  [ RunTime:0.0003s ]

[ 2015-05-26T15:00:28+08:00 ] 127.0.0.1 /tourpal/index.php/Api/Posts/postDetail?post_id=20
ERR: Redis connect host:192.168.9.130 port:6379 no:0
[ 2015-05-26T15:00:31+08:00 ] 127.0.0.1 /tourpal/index.php/Api/Posts/postDetail?post_id=20
ERR: Redis connect host:192.168.9.130 port:6379 no:0
[ 2015-05-26T15:00:31+08:00 ] 127.0.0.1 /tourpal/index.php/Api/Posts/postDetail?post_id=20
INFO: [ app_init ] --START--
INFO: Run Behavior\BuildLiteBehavior [ RunTime:0.000013s ]
INFO: [ app_init ] --END-- [ RunTime:0.000294s ]
INFO: [ app_begin ] --START--
INFO: Run Behavior\ReadHtmlCacheBehavior [ RunTime:0.000387s ]
INFO: [ app_begin ] --END-- [ RunTime:0.000437s ]
SQL: SHOW COLUMNS FROM `posts` [ RunTime:0.0033s ]
SQL: SELECT * FROM `posts` WHERE `id` = 20 AND `is_delete` <> 1 LIMIT 1   [ RunTime:0.0006s ]
SQL: SHOW COLUMNS FROM `post_img` [ RunTime:0.0022s ]
SQL: SELECT `img` FROM `post_img` WHERE `post_id` = 20  [ RunTime:0.0003s ]
SQL: SHOW COLUMNS FROM `post_dest_v2` [ RunTime:0.0020s ]
SQL: SELECT `dest_id` FROM `post_dest_v2` WHERE `post_id` = 20  [ RunTime:0.0003s ]
SQL: SHOW COLUMNS FROM `dest_v2` [ RunTime:0.0020s ]
SQL: SELECT `id`,`place`,`desc` FROM `dest_v2` WHERE `id` IN ('50','16','183','17')  [ RunTime:0.0002s ]
SQL: SHOW COLUMNS FROM `user` [ RunTime:0.0025s ]
SQL: SELECT * FROM `user` WHERE `id` = 44 LIMIT 1   [ RunTime:0.0006s ]
SQL: SHOW COLUMNS FROM `liked` [ RunTime:0.0025s ]
SQL: SELECT * FROM `liked` WHERE `uid` = 34 AND `post_id` IN ('20')  [ RunTime:0.0004s ]
SQL: SELECT COUNT(*) AS tp_count FROM `liked` WHERE `post_id` = 20 LIMIT 1   [ RunTime:0.0003s ]
SQL: SHOW COLUMNS FROM `views` [ RunTime:0.0019s ]
SQL: SELECT `cnt` FROM `views` WHERE `post_id` = 20 LIMIT 1   [ RunTime:0.0002s ]
SQL: SHOW COLUMNS FROM `post_tag` [ RunTime:0.0019s ]
SQL: SELECT `tag_id` FROM `post_tag` WHERE `post_id` = 20  [ RunTime:0.0002s ]
SQL: SHOW COLUMNS FROM `tags` [ RunTime:0.0020s ]
SQL: SELECT `id`,`tag` FROM `tags` WHERE `id` IN ('18','17','6','19')  [ RunTime:0.0003s ]
SQL: SHOW COLUMNS FROM `views` [ RunTime:0.0025s ]
SQL: insert into views (post_id, cnt) values (20, 1) on duplicate key update cnt = cnt + 1 [ RunTime:0.0434s ]
SQL: SHOW COLUMNS FROM `liked` [ RunTime:0.0044s ]
SQL: SELECT * FROM `liked` WHERE `post_id` = 20 GROUP BY uid, post_id ORDER BY id desc  [ RunTime:0.0010s ]
SQL: SHOW COLUMNS FROM `user` [ RunTime:0.0045s ]
SQL: SELECT * FROM `user` WHERE `id` IN ('40','38','39','34','36','44','41','35')  [ RunTime:0.0009s ]
SQL: SHOW COLUMNS FROM `post_dest_v2` [ RunTime:0.0039s ]
SQL: SELECT `post_id`,`dest_id` FROM `post_dest_v2` WHERE `post_id` IN ('20','20','20','20','20','20','20','20')  [ RunTime:0.0005s ]
SQL: SHOW COLUMNS FROM `dest_v2` [ RunTime:0.0046s ]
SQL: SELECT `id`,`place`,`desc` FROM `dest_v2` WHERE `id` IN ('50','16','183','17')  [ RunTime:0.0005s ]

[ 2015-05-26T15:00:34+08:00 ] 127.0.0.1 /tourpal/index.php/Api/Posts/postDetail?post_id=20
ERR: Redis connect host:192.168.9.130 port:6379 no:0
[ 2015-05-26T15:00:34+08:00 ] 127.0.0.1 /tourpal/index.php/Api/Posts/postDetail?post_id=20
INFO: [ app_init ] --START--
INFO: Run Behavior\BuildLiteBehavior [ RunTime:0.000015s ]
INFO: [ app_init ] --END-- [ RunTime:0.000392s ]
INFO: [ app_begin ] --START--
INFO: Run Behavior\ReadHtmlCacheBehavior [ RunTime:0.000581s ]
INFO: [ app_begin ] --END-- [ RunTime:0.000651s ]
SQL: SHOW COLUMNS FROM `posts` [ RunTime:0.0028s ]
SQL: SELECT * FROM `posts` WHERE `id` = 20 AND `is_delete` <> 1 LIMIT 1   [ RunTime:0.0004s ]
SQL: SHOW COLUMNS FROM `post_img` [ RunTime:0.0023s ]
SQL: SELECT `img` FROM `post_img` WHERE `post_id` = 20  [ RunTime:0.0003s ]
SQL: SHOW COLUMNS FROM `post_dest_v2` [ RunTime:0.0019s ]
SQL: SELECT `dest_id` FROM `post_dest_v2` WHERE `post_id` = 20  [ RunTime:0.0003s ]
SQL: SHOW COLUMNS FROM `dest_v2` [ RunTime:0.0021s ]
SQL: SELECT `id`,`place`,`desc` FROM `dest_v2` WHERE `id` IN ('50','16','183','17')  [ RunTime:0.0003s ]
SQL: SHOW COLUMNS FROM `user` [ RunTime:0.0024s ]
SQL: SELECT * FROM `user` WHERE `id` = 44 LIMIT 1   [ RunTime:0.0004s ]
SQL: SHOW COLUMNS FROM `liked` [ RunTime:0.0022s ]
SQL: SELECT * FROM `liked` WHERE `uid` = 34 AND `post_id` IN ('20')  [ RunTime:0.0004s ]
SQL: SELECT COUNT(*) AS tp_count FROM `liked` WHERE `post_id` = 20 LIMIT 1   [ RunTime:0.0002s ]
SQL: SHOW COLUMNS FROM `views` [ RunTime:0.0019s ]
SQL: SELECT `cnt` FROM `views` WHERE `post_id` = 20 LIMIT 1   [ RunTime:0.0002s ]
SQL: SHOW COLUMNS FROM `post_tag` [ RunTime:0.0020s ]
SQL: SELECT `tag_id` FROM `post_tag` WHERE `post_id` = 20  [ RunTime:0.0002s ]
SQL: SHOW COLUMNS FROM `tags` [ RunTime:0.0018s ]
SQL: SELECT `id`,`tag` FROM `tags` WHERE `id` IN ('18','17','6','19')  [ RunTime:0.0002s ]
SQL: SHOW COLUMNS FROM `views` [ RunTime:0.0018s ]
SQL: SHOW COLUMNS FROM `liked` [ RunTime:0.0024s ]
SQL: SELECT * FROM `liked` WHERE `post_id` = 20 GROUP BY uid, post_id ORDER BY id desc  [ RunTime:0.0005s ]
SQL: SHOW COLUMNS FROM `user` [ RunTime:0.0025s ]
SQL: SELECT * FROM `user` WHERE `id` IN ('40','38','39','34','36','44','41','35')  [ RunTime:0.0004s ]
SQL: SHOW COLUMNS FROM `post_dest_v2` [ RunTime:0.0020s ]
SQL: SELECT `post_id`,`dest_id` FROM `post_dest_v2` WHERE `post_id` IN ('20','20','20','20','20','20','20','20')  [ RunTime:0.0003s ]
SQL: SHOW COLUMNS FROM `dest_v2` [ RunTime:0.0019s ]
SQL: SELECT `id`,`place`,`desc` FROM `dest_v2` WHERE `id` IN ('50','16','183','17')  [ RunTime:0.0003s ]

[ 2015-05-26T15:00:58+08:00 ] 127.0.0.1 /tourpal/index.php/Api/Posts/postDetail?post_id=20
ERR: Redis connect host:192.168.9.130 port:6379 no:0
[ 2015-05-26T15:00:58+08:00 ] 127.0.0.1 /tourpal/index.php/Api/Posts/postDetail?post_id=20
INFO: [ app_init ] --START--
INFO: Run Behavior\BuildLiteBehavior [ RunTime:0.000025s ]
INFO: [ app_init ] --END-- [ RunTime:0.000763s ]
INFO: [ app_begin ] --START--
INFO: Run Behavior\ReadHtmlCacheBehavior [ RunTime:0.000724s ]
INFO: [ app_begin ] --END-- [ RunTime:0.000792s ]
SQL: SHOW COLUMNS FROM `posts` [ RunTime:0.0023s ]
SQL: SELECT * FROM `posts` WHERE `id` = 20 AND `is_delete` <> 1 LIMIT 1   [ RunTime:0.0004s ]
SQL: SHOW COLUMNS FROM `post_img` [ RunTime:0.0026s ]
SQL: SELECT `img` FROM `post_img` WHERE `post_id` = 20  [ RunTime:0.0003s ]
SQL: SHOW COLUMNS FROM `post_dest_v2` [ RunTime:0.0020s ]
SQL: SELECT `dest_id` FROM `post_dest_v2` WHERE `post_id` = 20  [ RunTime:0.0003s ]
SQL: SHOW COLUMNS FROM `dest_v2` [ RunTime:0.0020s ]
SQL: SELECT `id`,`place`,`desc` FROM `dest_v2` WHERE `id` IN ('50','16','183','17')  [ RunTime:0.0003s ]
SQL: SHOW COLUMNS FROM `user` [ RunTime:0.0022s ]
SQL: SELECT * FROM `user` WHERE `id` = 44 LIMIT 1   [ RunTime:0.0003s ]
SQL: SHOW COLUMNS FROM `liked` [ RunTime:0.0019s ]
SQL: SELECT * FROM `liked` WHERE `uid` = 34 AND `post_id` IN ('20')  [ RunTime:0.0004s ]
SQL: SELECT COUNT(*) AS tp_count FROM `liked` WHERE `post_id` = 20 LIMIT 1   [ RunTime:0.0003s ]
SQL: SHOW COLUMNS FROM `views` [ RunTime:0.0018s ]
SQL: SELECT `cnt` FROM `views` WHERE `post_id` = 20 LIMIT 1   [ RunTime:0.0002s ]
SQL: SHOW COLUMNS FROM `post_tag` [ RunTime:0.0020s ]
SQL: SELECT `tag_id` FROM `post_tag` WHERE `post_id` = 20  [ RunTime:0.0002s ]
SQL: SHOW COLUMNS FROM `tags` [ RunTime:0.0018s ]
SQL: SELECT `id`,`tag` FROM `tags` WHERE `id` IN ('18','17','6','19')  [ RunTime:0.0003s ]
SQL: SHOW COLUMNS FROM `views` [ RunTime:0.0017s ]
SQL: SHOW COLUMNS FROM `liked` [ RunTime:0.0025s ]
SQL: SELECT * FROM `liked` WHERE `post_id` = 20 GROUP BY uid, post_id ORDER BY id desc  [ RunTime:0.0005s ]
SQL: SHOW COLUMNS FROM `user` [ RunTime:0.0021s ]
SQL: SELECT * FROM `user` WHERE `id` IN ('40','38','39','34','36','44','41','35')  [ RunTime:0.0005s ]
SQL: SHOW COLUMNS FROM `post_dest_v2` [ RunTime:0.0021s ]
SQL: SELECT `post_id`,`dest_id` FROM `post_dest_v2` WHERE `post_id` IN ('20','20','20','20','20','20','20','20')  [ RunTime:0.0003s ]
SQL: SHOW COLUMNS FROM `dest_v2` [ RunTime:0.0019s ]
SQL: SELECT `id`,`place`,`desc` FROM `dest_v2` WHERE `id` IN ('50','16','183','17')  [ RunTime:0.0003s ]

[ 2015-05-26T15:03:34+08:00 ] 127.0.0.1 /tourpal/index.php/Api/Posts/postDetail?post_id=20
ERR: Redis connect host:192.168.9.130 port:6379 no:0
[ 2015-05-26T15:03:34+08:00 ] 127.0.0.1 /tourpal/index.php/Api/Posts/postDetail?post_id=20
INFO: [ app_init ] --START--
INFO: Run Behavior\BuildLiteBehavior [ RunTime:0.000017s ]
INFO: [ app_init ] --END-- [ RunTime:0.000389s ]
INFO: [ app_begin ] --START--
INFO: Run Behavior\ReadHtmlCacheBehavior [ RunTime:0.000526s ]
INFO: [ app_begin ] --END-- [ RunTime:0.000598s ]
SQL: SHOW COLUMNS FROM `posts` [ RunTime:0.0031s ]
SQL: SELECT * FROM `posts` WHERE `id` = 20 AND `is_delete` <> 1 LIMIT 1   [ RunTime:0.0005s ]
SQL: SHOW COLUMNS FROM `post_img` [ RunTime:0.0023s ]
SQL: SELECT `img` FROM `post_img` WHERE `post_id` = 20  [ RunTime:0.0003s ]
SQL: SHOW COLUMNS FROM `post_dest_v2` [ RunTime:0.0024s ]
SQL: SELECT `dest_id` FROM `post_dest_v2` WHERE `post_id` = 20  [ RunTime:0.0003s ]
SQL: SHOW COLUMNS FROM `dest_v2` [ RunTime:0.0020s ]
SQL: SELECT `id`,`place`,`desc` FROM `dest_v2` WHERE `id` IN ('50','16','183','17')  [ RunTime:0.0003s ]
SQL: SHOW COLUMNS FROM `user` [ RunTime:0.0023s ]
SQL: SELECT * FROM `user` WHERE `id` = 44 LIMIT 1   [ RunTime:0.0005s ]
SQL: SHOW COLUMNS FROM `liked` [ RunTime:0.0025s ]
SQL: SELECT * FROM `liked` WHERE `uid` = 34 AND `post_id` IN ('20')  [ RunTime:0.0006s ]
SQL: SELECT COUNT(*) AS tp_count FROM `liked` WHERE `post_id` = 20 LIMIT 1   [ RunTime:0.0003s ]
SQL: SHOW COLUMNS FROM `views` [ RunTime:0.0021s ]
SQL: SELECT `cnt` FROM `views` WHERE `post_id` = 20 LIMIT 1   [ RunTime:0.0003s ]
SQL: SHOW COLUMNS FROM `post_tag` [ RunTime:0.0020s ]
SQL: SELECT `tag_id` FROM `post_tag` WHERE `post_id` = 20  [ RunTime:0.0004s ]
SQL: SHOW COLUMNS FROM `tags` [ RunTime:0.0019s ]
SQL: SELECT `id`,`tag` FROM `tags` WHERE `id` IN ('18','17','6','19')  [ RunTime:0.0003s ]
SQL: SHOW COLUMNS FROM `views` [ RunTime:0.0021s ]
SQL: SHOW COLUMNS FROM `liked` [ RunTime:0.0026s ]
SQL: SELECT * FROM `liked` WHERE `post_id` = 20 GROUP BY uid, post_id ORDER BY id desc  [ RunTime:0.0006s ]
SQL: SHOW COLUMNS FROM `user` [ RunTime:0.0023s ]
SQL: SELECT * FROM `user` WHERE `id` IN ('40','38','39','34','36','44','41','35')  [ RunTime:0.0006s ]
SQL: SHOW COLUMNS FROM `post_dest_v2` [ RunTime:0.0020s ]
SQL: SELECT `post_id`,`dest_id` FROM `post_dest_v2` WHERE `post_id` IN ('20','20','20','20','20','20','20','20')  [ RunTime:0.0003s ]
SQL: SHOW COLUMNS FROM `dest_v2` [ RunTime:0.0020s ]
SQL: SELECT `id`,`place`,`desc` FROM `dest_v2` WHERE `id` IN ('50','16','183','17')  [ RunTime:0.0003s ]

[ 2015-05-26T15:09:14+08:00 ] 127.0.0.1 /tourpal/index.php/Api/Posts/postDetail?post_id=20
ERR: Redis connect host:192.168.9.130 port:6379 no:0
[ 2015-05-26T15:09:18+08:00 ] 127.0.0.1 /tourpal/index.php/Api/Posts/postDetail?post_id=20
INFO: [ app_init ] --START--
INFO: Run Behavior\BuildLiteBehavior [ RunTime:0.000060s ]
INFO: [ app_init ] --END-- [ RunTime:0.000915s ]
INFO: [ app_begin ] --START--
INFO: Run Behavior\ReadHtmlCacheBehavior [ RunTime:0.000507s ]
INFO: [ app_begin ] --END-- [ RunTime:0.000567s ]
SQL: SHOW COLUMNS FROM `posts` [ RunTime:0.0026s ]
SQL: SELECT * FROM `posts` WHERE `id` = 20 AND `is_delete` <> 1 LIMIT 1   [ RunTime:0.0005s ]
SQL: SHOW COLUMNS FROM `post_img` [ RunTime:0.0020s ]
SQL: SELECT `img` FROM `post_img` WHERE `post_id` = 20  [ RunTime:0.0003s ]
SQL: SHOW COLUMNS FROM `post_dest_v2` [ RunTime:0.0018s ]
SQL: SELECT `dest_id` FROM `post_dest_v2` WHERE `post_id` = 20  [ RunTime:0.0003s ]
SQL: SHOW COLUMNS FROM `dest_v2` [ RunTime:0.0019s ]
SQL: SELECT `id`,`place`,`desc` FROM `dest_v2` WHERE `id` IN ('50','16','183','17')  [ RunTime:0.0003s ]
SQL: SHOW COLUMNS FROM `user` [ RunTime:0.0022s ]
SQL: SELECT * FROM `user` WHERE `id` = 44 LIMIT 1   [ RunTime:0.0004s ]
SQL: SHOW COLUMNS FROM `liked` [ RunTime:0.0021s ]
SQL: SELECT * FROM `liked` WHERE `uid` = 34 AND `post_id` IN ('20')  [ RunTime:0.0004s ]
SQL: SELECT COUNT(*) AS tp_count FROM `liked` WHERE `post_id` = 20 LIMIT 1   [ RunTime:0.0003s ]
SQL: SHOW COLUMNS FROM `views` [ RunTime:0.0018s ]
SQL: SELECT `cnt` FROM `views` WHERE `post_id` = 20 LIMIT 1   [ RunTime:0.0002s ]
SQL: SHOW COLUMNS FROM `post_tag` [ RunTime:0.0018s ]
SQL: SELECT `tag_id` FROM `post_tag` WHERE `post_id` = 20  [ RunTime:0.0003s ]
SQL: SHOW COLUMNS FROM `tags` [ RunTime:0.0018s ]
SQL: SELECT `id`,`tag` FROM `tags` WHERE `id` IN ('18','17','6','19')  [ RunTime:0.0003s ]
SQL: SHOW COLUMNS FROM `views` [ RunTime:0.0018s ]
SQL: SHOW COLUMNS FROM `liked` [ RunTime:0.0024s ]
SQL: SELECT * FROM `liked` WHERE `post_id` = 20 GROUP BY uid, post_id ORDER BY id desc  [ RunTime:0.0005s ]
SQL: SHOW COLUMNS FROM `user` [ RunTime:0.0022s ]
SQL: SELECT * FROM `user` WHERE `id` IN ('40','38','39','34','36','44','41','35')  [ RunTime:0.0005s ]
SQL: SHOW COLUMNS FROM `post_dest_v2` [ RunTime:0.0019s ]
SQL: SELECT `post_id`,`dest_id` FROM `post_dest_v2` WHERE `post_id` IN ('20','20','20','20','20','20','20','20')  [ RunTime:0.0003s ]
SQL: SHOW COLUMNS FROM `dest_v2` [ RunTime:0.0020s ]
SQL: SELECT `id`,`place`,`desc` FROM `dest_v2` WHERE `id` IN ('50','16','183','17')  [ RunTime:0.0003s ]

[ 2015-05-26T15:15:49+08:00 ] 127.0.0.1 /tourpal/index.php/Api/Posts/postDetail?post_id=20
ERR: Redis connect host:192.168.9.130 port:6379 no:0
[ 2015-05-26T15:15:50+08:00 ] 127.0.0.1 /tourpal/index.php/Api/Posts/postDetail?post_id=20
INFO: [ app_init ] --START--
INFO: Run Behavior\BuildLiteBehavior [ RunTime:0.000014s ]
INFO: [ app_init ] --END-- [ RunTime:0.000336s ]
INFO: [ app_begin ] --START--
INFO: Run Behavior\ReadHtmlCacheBehavior [ RunTime:0.000543s ]
INFO: [ app_begin ] --END-- [ RunTime:0.000606s ]
NOTIC: [8] Undefined index: shareURL E:\xampp\htdocs\tourpal\Application\Api\Controller\PostsController.class.php  64 .
SQL: SHOW COLUMNS FROM `posts` [ RunTime:0.0028s ]
SQL: SELECT * FROM `posts` WHERE `id` = 20 AND `is_delete` <> 1 LIMIT 1   [ RunTime:0.0004s ]
SQL: SHOW COLUMNS FROM `post_img` [ RunTime:0.0019s ]
SQL: SELECT `img` FROM `post_img` WHERE `post_id` = 20  [ RunTime:0.0002s ]
SQL: SHOW COLUMNS FROM `post_dest_v2` [ RunTime:0.0018s ]
SQL: SELECT `dest_id` FROM `post_dest_v2` WHERE `post_id` = 20  [ RunTime:0.0003s ]
SQL: SHOW COLUMNS FROM `dest_v2` [ RunTime:0.0022s ]
SQL: SELECT `id`,`place`,`desc` FROM `dest_v2` WHERE `id` IN ('50','16','183','17')  [ RunTime:0.0003s ]
SQL: SHOW COLUMNS FROM `user` [ RunTime:0.0027s ]
SQL: SELECT * FROM `user` WHERE `id` = 44 LIMIT 1   [ RunTime:0.0004s ]
SQL: SHOW COLUMNS FROM `liked` [ RunTime:0.0023s ]
SQL: SELECT * FROM `liked` WHERE `uid` = 34 AND `post_id` IN ('20')  [ RunTime:0.0004s ]
SQL: SELECT COUNT(*) AS tp_count FROM `liked` WHERE `post_id` = 20 LIMIT 1   [ RunTime:0.0003s ]
SQL: SHOW COLUMNS FROM `views` [ RunTime:0.0019s ]
SQL: SELECT `cnt` FROM `views` WHERE `post_id` = 20 LIMIT 1   [ RunTime:0.0003s ]
SQL: SHOW COLUMNS FROM `post_tag` [ RunTime:0.0022s ]
SQL: SELECT `tag_id` FROM `post_tag` WHERE `post_id` = 20  [ RunTime:0.0003s ]
SQL: SHOW COLUMNS FROM `tags` [ RunTime:0.0024s ]
SQL: SELECT `id`,`tag` FROM `tags` WHERE `id` IN ('18','17','6','19')  [ RunTime:0.0003s ]
SQL: SHOW COLUMNS FROM `views` [ RunTime:0.0019s ]
SQL: SHOW COLUMNS FROM `liked` [ RunTime:0.0042s ]
SQL: SELECT * FROM `liked` WHERE `post_id` = 20 GROUP BY uid, post_id ORDER BY id desc  [ RunTime:0.0009s ]
SQL: SHOW COLUMNS FROM `user` [ RunTime:0.0043s ]
SQL: SELECT * FROM `user` WHERE `id` IN ('40','38','39','34','36','44','41','35')  [ RunTime:0.0009s ]
SQL: SHOW COLUMNS FROM `post_dest_v2` [ RunTime:0.0041s ]
SQL: SELECT `post_id`,`dest_id` FROM `post_dest_v2` WHERE `post_id` IN ('20','20','20','20','20','20','20','20')  [ RunTime:0.0006s ]
SQL: SHOW COLUMNS FROM `dest_v2` [ RunTime:0.0039s ]
SQL: SELECT `id`,`place`,`desc` FROM `dest_v2` WHERE `id` IN ('50','16','183','17')  [ RunTime:0.0005s ]

[ 2015-05-26T15:15:54+08:00 ] 127.0.0.1 /tourpal/index.php/Api/Posts/postDetail?post_id=20
ERR: Redis connect host:192.168.9.130 port:6379 no:0
[ 2015-05-26T15:15:54+08:00 ] 127.0.0.1 /tourpal/index.php/Api/Posts/postDetail?post_id=20
INFO: [ app_init ] --START--
INFO: Run Behavior\BuildLiteBehavior [ RunTime:0.000023s ]
INFO: [ app_init ] --END-- [ RunTime:0.000535s ]
INFO: [ app_begin ] --START--
INFO: Run Behavior\ReadHtmlCacheBehavior [ RunTime:0.000435s ]
INFO: [ app_begin ] --END-- [ RunTime:0.000490s ]
NOTIC: [8] Undefined index: shareURL E:\xampp\htdocs\tourpal\Application\Api\Controller\PostsController.class.php  64 .
SQL: SHOW COLUMNS FROM `posts` [ RunTime:0.0026s ]
SQL: SELECT * FROM `posts` WHERE `id` = 20 AND `is_delete` <> 1 LIMIT 1   [ RunTime:0.0005s ]
SQL: SHOW COLUMNS FROM `post_img` [ RunTime:0.0023s ]
SQL: SELECT `img` FROM `post_img` WHERE `post_id` = 20  [ RunTime:0.0003s ]
SQL: SHOW COLUMNS FROM `post_dest_v2` [ RunTime:0.0023s ]
SQL: SELECT `dest_id` FROM `post_dest_v2` WHERE `post_id` = 20  [ RunTime:0.0003s ]
SQL: SHOW COLUMNS FROM `dest_v2` [ RunTime:0.0024s ]
SQL: SELECT `id`,`place`,`desc` FROM `dest_v2` WHERE `id` IN ('50','16','183','17')  [ RunTime:0.0004s ]
SQL: SHOW COLUMNS FROM `user` [ RunTime:0.0026s ]
SQL: SELECT * FROM `user` WHERE `id` = 44 LIMIT 1   [ RunTime:0.0004s ]
SQL: SHOW COLUMNS FROM `liked` [ RunTime:0.0023s ]
SQL: SELECT * FROM `liked` WHERE `uid` = 34 AND `post_id` IN ('20')  [ RunTime:0.0004s ]
SQL: SELECT COUNT(*) AS tp_count FROM `liked` WHERE `post_id` = 20 LIMIT 1   [ RunTime:0.0003s ]
SQL: SHOW COLUMNS FROM `views` [ RunTime:0.0020s ]
SQL: SELECT `cnt` FROM `views` WHERE `post_id` = 20 LIMIT 1   [ RunTime:0.0002s ]
SQL: SHOW COLUMNS FROM `post_tag` [ RunTime:0.0020s ]
SQL: SELECT `tag_id` FROM `post_tag` WHERE `post_id` = 20  [ RunTime:0.0002s ]
SQL: SHOW COLUMNS FROM `tags` [ RunTime:0.0019s ]
SQL: SELECT `id`,`tag` FROM `tags` WHERE `id` IN ('18','17','6','19')  [ RunTime:0.0003s ]
SQL: SHOW COLUMNS FROM `views` [ RunTime:0.0022s ]
SQL: SHOW COLUMNS FROM `liked` [ RunTime:0.0025s ]
SQL: SELECT * FROM `liked` WHERE `post_id` = 20 GROUP BY uid, post_id ORDER BY id desc  [ RunTime:0.0005s ]
SQL: SHOW COLUMNS FROM `user` [ RunTime:0.0024s ]
SQL: SELECT * FROM `user` WHERE `id` IN ('40','38','39','34','36','44','41','35')  [ RunTime:0.0005s ]
SQL: SHOW COLUMNS FROM `post_dest_v2` [ RunTime:0.0022s ]
SQL: SELECT `post_id`,`dest_id` FROM `post_dest_v2` WHERE `post_id` IN ('20','20','20','20','20','20','20','20')  [ RunTime:0.0003s ]
SQL: SHOW COLUMNS FROM `dest_v2` [ RunTime:0.0022s ]
SQL: SELECT `id`,`place`,`desc` FROM `dest_v2` WHERE `id` IN ('50','16','183','17')  [ RunTime:0.0003s ]

[ 2015-05-26T15:15:59+08:00 ] 127.0.0.1 /tourpal/index.php/Api/Posts/postDetail?post_id=20
ERR: Redis connect host:192.168.9.130 port:6379 no:0
[ 2015-05-26T15:15:59+08:00 ] 127.0.0.1 /tourpal/index.php/Api/Posts/postDetail?post_id=20
INFO: [ app_init ] --START--
INFO: Run Behavior\BuildLiteBehavior [ RunTime:0.000012s ]
INFO: [ app_init ] --END-- [ RunTime:0.000266s ]
INFO: [ app_begin ] --START--
INFO: Run Behavior\ReadHtmlCacheBehavior [ RunTime:0.000357s ]
INFO: [ app_begin ] --END-- [ RunTime:0.000407s ]
NOTIC: [8] Undefined index: shareURL E:\xampp\htdocs\tourpal\Application\Api\Controller\PostsController.class.php  64 .
SQL: SHOW COLUMNS FROM `posts` [ RunTime:0.0025s ]
SQL: SELECT * FROM `posts` WHERE `id` = 20 AND `is_delete` <> 1 LIMIT 1   [ RunTime:0.0004s ]
SQL: SHOW COLUMNS FROM `post_img` [ RunTime:0.0020s ]
SQL: SELECT `img` FROM `post_img` WHERE `post_id` = 20  [ RunTime:0.0003s ]
SQL: SHOW COLUMNS FROM `post_dest_v2` [ RunTime:0.0020s ]
SQL: SELECT `dest_id` FROM `post_dest_v2` WHERE `post_id` = 20  [ RunTime:0.0003s ]
SQL: SHOW COLUMNS FROM `dest_v2` [ RunTime:0.0021s ]
SQL: SELECT `id`,`place`,`desc` FROM `dest_v2` WHERE `id` IN ('50','16','183','17')  [ RunTime:0.0003s ]
SQL: SHOW COLUMNS FROM `user` [ RunTime:0.0022s ]
SQL: SELECT * FROM `user` WHERE `id` = 44 LIMIT 1   [ RunTime:0.0003s ]
SQL: SHOW COLUMNS FROM `liked` [ RunTime:0.0019s ]
SQL: SELECT * FROM `liked` WHERE `uid` = 34 AND `post_id` IN ('20')  [ RunTime:0.0003s ]
SQL: SELECT COUNT(*) AS tp_count FROM `liked` WHERE `post_id` = 20 LIMIT 1   [ RunTime:0.0002s ]
SQL: SHOW COLUMNS FROM `views` [ RunTime:0.0018s ]
SQL: SELECT `cnt` FROM `views` WHERE `post_id` = 20 LIMIT 1   [ RunTime:0.0002s ]
SQL: SHOW COLUMNS FROM `post_tag` [ RunTime:0.0018s ]
SQL: SELECT `tag_id` FROM `post_tag` WHERE `post_id` = 20  [ RunTime:0.0003s ]
SQL: SHOW COLUMNS FROM `tags` [ RunTime:0.0019s ]
SQL: SELECT `id`,`tag` FROM `tags` WHERE `id` IN ('18','17','6','19')  [ RunTime:0.0003s ]
SQL: SHOW COLUMNS FROM `views` [ RunTime:0.0018s ]
SQL: SHOW COLUMNS FROM `liked` [ RunTime:0.0023s ]
SQL: SELECT * FROM `liked` WHERE `post_id` = 20 GROUP BY uid, post_id ORDER BY id desc  [ RunTime:0.0005s ]
SQL: SHOW COLUMNS FROM `user` [ RunTime:0.0025s ]
SQL: SELECT * FROM `user` WHERE `id` IN ('40','38','39','34','36','44','41','35')  [ RunTime:0.0005s ]
SQL: SHOW COLUMNS FROM `post_dest_v2` [ RunTime:0.0019s ]
SQL: SELECT `post_id`,`dest_id` FROM `post_dest_v2` WHERE `post_id` IN ('20','20','20','20','20','20','20','20')  [ RunTime:0.0003s ]
SQL: SHOW COLUMNS FROM `dest_v2` [ RunTime:0.0020s ]
SQL: SELECT `id`,`place`,`desc` FROM `dest_v2` WHERE `id` IN ('50','16','183','17')  [ RunTime:0.0003s ]

