[ 2015-04-09T13:25:37+08:00 ] 127.0.0.1 /tourpal/index.php/Sapi/Dest/getPostsByPlace?dest=%E5%8C%97%E4%BA%AC
INFO: [ app_init ] --START--
INFO: Run Behavior\BuildLiteBehavior [ RunTime:0.000017s ]
INFO: [ app_init ] --END-- [ RunTime:0.000506s ]
INFO: [ app_begin ] --START--
INFO: Run Behavior\ReadHtmlCacheBehavior [ RunTime:0.000766s ]
INFO: [ app_begin ] --END-- [ RunTime:0.000842s ]

[ 2015-04-09T13:28:34+08:00 ] 127.0.0.1 /tourpal/index.php/Sapi/Dest/getPostsByPlace?dest=%E5%8C%97%E4%BA%AC
INFO: [ app_init ] --START--
INFO: Run Behavior\BuildLiteBehavior [ RunTime:0.000017s ]
INFO: [ app_init ] --END-- [ RunTime:0.000402s ]
INFO: [ app_begin ] --START--
INFO: Run Behavior\ReadHtmlCacheBehavior [ RunTime:0.000738s ]
INFO: [ app_begin ] --END-- [ RunTime:0.000812s ]

[ 2015-04-09T13:28:35+08:00 ] 127.0.0.1 /tourpal/index.php/Sapi/Dest/getPostsByPlace?dest=%E5%8C%97%E4%BA%AC
INFO: [ app_init ] --START--
INFO: Run Behavior\BuildLiteBehavior [ RunTime:0.000013s ]
INFO: [ app_init ] --END-- [ RunTime:0.000318s ]
INFO: [ app_begin ] --START--
INFO: Run Behavior\ReadHtmlCacheBehavior [ RunTime:0.000533s ]
INFO: [ app_begin ] --END-- [ RunTime:0.000582s ]

[ 2015-04-09T13:28:36+08:00 ] 127.0.0.1 /tourpal/index.php/Sapi/Dest/getPostsByPlace?dest=%E5%8C%97%E4%BA%AC
INFO: [ app_init ] --START--
INFO: Run Behavior\BuildLiteBehavior [ RunTime:0.000017s ]
INFO: [ app_init ] --END-- [ RunTime:0.000443s ]
INFO: [ app_begin ] --START--
INFO: Run Behavior\ReadHtmlCacheBehavior [ RunTime:0.000720s ]
INFO: [ app_begin ] --END-- [ RunTime:0.000789s ]

[ 2015-04-09T13:28:37+08:00 ] 127.0.0.1 /tourpal/index.php/Sapi/Dest/getPostsByPlace?dest=%E5%8C%97%E4%BA%AC
INFO: [ app_init ] --START--
INFO: Run Behavior\BuildLiteBehavior [ RunTime:0.000017s ]
INFO: [ app_init ] --END-- [ RunTime:0.000419s ]
INFO: [ app_begin ] --START--
INFO: Run Behavior\ReadHtmlCacheBehavior [ RunTime:0.000729s ]
INFO: [ app_begin ] --END-- [ RunTime:0.000799s ]

[ 2015-04-09T13:28:37+08:00 ] 127.0.0.1 /tourpal/index.php/Sapi/Dest/getPostsByPlace?dest=%E5%8C%97%E4%BA%AC
INFO: [ app_init ] --START--
INFO: Run Behavior\BuildLiteBehavior [ RunTime:0.000013s ]
INFO: [ app_init ] --END-- [ RunTime:0.000330s ]
INFO: [ app_begin ] --START--
INFO: Run Behavior\ReadHtmlCacheBehavior [ RunTime:0.000661s ]
INFO: [ app_begin ] --END-- [ RunTime:0.000712s ]

[ 2015-04-09T13:28:37+08:00 ] 127.0.0.1 /tourpal/index.php/Sapi/Dest/getPostsByPlace?dest=%E5%8C%97%E4%BA%AC
INFO: [ app_init ] --START--
INFO: Run Behavior\BuildLiteBehavior [ RunTime:0.000013s ]
INFO: [ app_init ] --END-- [ RunTime:0.000313s ]
INFO: [ app_begin ] --START--
INFO: Run Behavior\ReadHtmlCacheBehavior [ RunTime:0.000530s ]
INFO: [ app_begin ] --END-- [ RunTime:0.000578s ]

[ 2015-04-09T13:28:37+08:00 ] 127.0.0.1 /tourpal/index.php/Sapi/Dest/getPostsByPlace?dest=%E5%8C%97%E4%BA%AC
INFO: [ app_init ] --START--
INFO: Run Behavior\BuildLiteBehavior [ RunTime:0.000013s ]
INFO: [ app_init ] --END-- [ RunTime:0.000315s ]
INFO: [ app_begin ] --START--
INFO: Run Behavior\ReadHtmlCacheBehavior [ RunTime:0.000630s ]
INFO: [ app_begin ] --END-- [ RunTime:0.000702s ]

[ 2015-04-09T13:28:37+08:00 ] 127.0.0.1 /tourpal/index.php/Sapi/Dest/getPostsByPlace?dest=%E5%8C%97%E4%BA%AC
INFO: [ app_init ] --START--
INFO: Run Behavior\BuildLiteBehavior [ RunTime:0.000014s ]
INFO: [ app_init ] --END-- [ RunTime:0.000347s ]
INFO: [ app_begin ] --START--
INFO: Run Behavior\ReadHtmlCacheBehavior [ RunTime:0.000575s ]
INFO: [ app_begin ] --END-- [ RunTime:0.000636s ]

[ 2015-04-09T13:28:37+08:00 ] 127.0.0.1 /tourpal/index.php/Sapi/Dest/getPostsByPlace?dest=%E5%8C%97%E4%BA%AC
INFO: [ app_init ] --START--
INFO: Run Behavior\BuildLiteBehavior [ RunTime:0.000013s ]
INFO: [ app_init ] --END-- [ RunTime:0.000372s ]
INFO: [ app_begin ] --START--
INFO: Run Behavior\ReadHtmlCacheBehavior [ RunTime:0.000558s ]
INFO: [ app_begin ] --END-- [ RunTime:0.000605s ]

[ 2015-04-09T13:28:38+08:00 ] 127.0.0.1 /tourpal/index.php/Sapi/Dest/getPostsByPlace?dest=%E5%8C%97%E4%BA%AC
INFO: [ app_init ] --START--
INFO: Run Behavior\BuildLiteBehavior [ RunTime:0.000014s ]
INFO: [ app_init ] --END-- [ RunTime:0.000414s ]
INFO: [ app_begin ] --START--
INFO: Run Behavior\ReadHtmlCacheBehavior [ RunTime:0.000498s ]
INFO: [ app_begin ] --END-- [ RunTime:0.000547s ]

[ 2015-04-09T13:28:38+08:00 ] 127.0.0.1 /tourpal/index.php/Sapi/Dest/getPostsByPlace?dest=%E5%8C%97%E4%BA%AC
INFO: [ app_init ] --START--
INFO: Run Behavior\BuildLiteBehavior [ RunTime:0.000013s ]
INFO: [ app_init ] --END-- [ RunTime:0.000386s ]
INFO: [ app_begin ] --START--
INFO: Run Behavior\ReadHtmlCacheBehavior [ RunTime:0.000682s ]
INFO: [ app_begin ] --END-- [ RunTime:0.000741s ]

[ 2015-04-09T13:33:29+08:00 ] 127.0.0.1 /tourpal/index.php/Sapi/Dest/getPostsByPlace?dest=%E5%8C%97%E4%BA%AC
INFO: [ app_init ] --START--
INFO: Run Behavior\BuildLiteBehavior [ RunTime:0.000017s ]
INFO: [ app_init ] --END-- [ RunTime:0.000587s ]
INFO: [ app_begin ] --START--
INFO: Run Behavior\ReadHtmlCacheBehavior [ RunTime:0.000541s ]
INFO: [ app_begin ] --END-- [ RunTime:0.000605s ]

[ 2015-04-09T13:33:30+08:00 ] 127.0.0.1 /tourpal/index.php/Sapi/Dest/getPostsByPlace?dest=%E5%8C%97%E4%BA%AC
INFO: [ app_init ] --START--
INFO: Run Behavior\BuildLiteBehavior [ RunTime:0.000013s ]
INFO: [ app_init ] --END-- [ RunTime:0.000321s ]
INFO: [ app_begin ] --START--
INFO: Run Behavior\ReadHtmlCacheBehavior [ RunTime:0.000550s ]
INFO: [ app_begin ] --END-- [ RunTime:0.000638s ]

[ 2015-04-09T13:33:30+08:00 ] 127.0.0.1 /tourpal/index.php/Sapi/Dest/getPostsByPlace?dest=%E5%8C%97%E4%BA%AC
INFO: [ app_init ] --START--
INFO: Run Behavior\BuildLiteBehavior [ RunTime:0.000016s ]
INFO: [ app_init ] --END-- [ RunTime:0.000349s ]
INFO: [ app_begin ] --START--
INFO: Run Behavior\ReadHtmlCacheBehavior [ RunTime:0.000565s ]
INFO: [ app_begin ] --END-- [ RunTime:0.000626s ]

[ 2015-04-09T13:33:30+08:00 ] 127.0.0.1 /tourpal/index.php/Sapi/Dest/getPostsByPlace?dest=%E5%8C%97%E4%BA%AC
INFO: [ app_init ] --START--
INFO: Run Behavior\BuildLiteBehavior [ RunTime:0.000013s ]
INFO: [ app_init ] --END-- [ RunTime:0.000332s ]
INFO: [ app_begin ] --START--
INFO: Run Behavior\ReadHtmlCacheBehavior [ RunTime:0.000546s ]
INFO: [ app_begin ] --END-- [ RunTime:0.000597s ]

[ 2015-04-09T13:33:31+08:00 ] 127.0.0.1 /tourpal/index.php/Sapi/Dest/getPostsByPlace?dest=%E5%8C%97%E4%BA%AC
INFO: [ app_init ] --START--
INFO: Run Behavior\BuildLiteBehavior [ RunTime:0.000013s ]
INFO: [ app_init ] --END-- [ RunTime:0.000333s ]
INFO: [ app_begin ] --START--
INFO: Run Behavior\ReadHtmlCacheBehavior [ RunTime:0.000628s ]
INFO: [ app_begin ] --END-- [ RunTime:0.000677s ]

[ 2015-04-09T13:33:31+08:00 ] 127.0.0.1 /tourpal/index.php/Sapi/Dest/getPostsByPlace?dest=%E5%8C%97%E4%BA%AC
INFO: [ app_init ] --START--
INFO: Run Behavior\BuildLiteBehavior [ RunTime:0.000013s ]
INFO: [ app_init ] --END-- [ RunTime:0.000344s ]
INFO: [ app_begin ] --START--
INFO: Run Behavior\ReadHtmlCacheBehavior [ RunTime:0.000562s ]
INFO: [ app_begin ] --END-- [ RunTime:0.000646s ]

[ 2015-04-09T13:33:31+08:00 ] 127.0.0.1 /tourpal/index.php/Sapi/Dest/getPostsByPlace?dest=%E5%8C%97%E4%BA%AC
INFO: [ app_init ] --START--
INFO: Run Behavior\BuildLiteBehavior [ RunTime:0.000012s ]
INFO: [ app_init ] --END-- [ RunTime:0.000309s ]
INFO: [ app_begin ] --START--
INFO: Run Behavior\ReadHtmlCacheBehavior [ RunTime:0.000593s ]
INFO: [ app_begin ] --END-- [ RunTime:0.000642s ]

[ 2015-04-09T13:33:31+08:00 ] 127.0.0.1 /tourpal/index.php/Sapi/Dest/getPostsByPlace?dest=%E5%8C%97%E4%BA%AC
INFO: [ app_init ] --START--
INFO: Run Behavior\BuildLiteBehavior [ RunTime:0.000014s ]
INFO: [ app_init ] --END-- [ RunTime:0.000350s ]
INFO: [ app_begin ] --START--
INFO: Run Behavior\ReadHtmlCacheBehavior [ RunTime:0.000591s ]
INFO: [ app_begin ] --END-- [ RunTime:0.000640s ]

[ 2015-04-09T13:33:31+08:00 ] 127.0.0.1 /tourpal/index.php/Sapi/Dest/getPostsByPlace?dest=%E5%8C%97%E4%BA%AC
INFO: [ app_init ] --START--
INFO: Run Behavior\BuildLiteBehavior [ RunTime:0.000014s ]
INFO: [ app_init ] --END-- [ RunTime:0.000383s ]
INFO: [ app_begin ] --START--
INFO: Run Behavior\ReadHtmlCacheBehavior [ RunTime:0.000697s ]
INFO: [ app_begin ] --END-- [ RunTime:0.000750s ]

[ 2015-04-09T13:33:31+08:00 ] 127.0.0.1 /tourpal/index.php/Sapi/Dest/getPostsByPlace?dest=%E5%8C%97%E4%BA%AC
INFO: [ app_init ] --START--
INFO: Run Behavior\BuildLiteBehavior [ RunTime:0.000013s ]
INFO: [ app_init ] --END-- [ RunTime:0.000316s ]
INFO: [ app_begin ] --START--
INFO: Run Behavior\ReadHtmlCacheBehavior [ RunTime:0.000539s ]
INFO: [ app_begin ] --END-- [ RunTime:0.000589s ]

[ 2015-04-09T13:33:31+08:00 ] 127.0.0.1 /tourpal/index.php/Sapi/Dest/getPostsByPlace?dest=%E5%8C%97%E4%BA%AC
INFO: [ app_init ] --START--
INFO: Run Behavior\BuildLiteBehavior [ RunTime:0.000012s ]
INFO: [ app_init ] --END-- [ RunTime:0.000365s ]
INFO: [ app_begin ] --START--
INFO: Run Behavior\ReadHtmlCacheBehavior [ RunTime:0.000619s ]
INFO: [ app_begin ] --END-- [ RunTime:0.000670s ]

[ 2015-04-09T13:33:32+08:00 ] 127.0.0.1 /tourpal/index.php/Sapi/Dest/getPostsByPlace?dest=%E5%8C%97%E4%BA%AC
INFO: [ app_init ] --START--
INFO: Run Behavior\BuildLiteBehavior [ RunTime:0.000013s ]
INFO: [ app_init ] --END-- [ RunTime:0.000325s ]
INFO: [ app_begin ] --START--
INFO: Run Behavior\ReadHtmlCacheBehavior [ RunTime:0.000591s ]
INFO: [ app_begin ] --END-- [ RunTime:0.000664s ]

[ 2015-04-09T13:33:32+08:00 ] 127.0.0.1 /tourpal/index.php/Sapi/Dest/getPostsByPlace?dest=%E5%8C%97%E4%BA%AC
INFO: [ app_init ] --START--
INFO: Run Behavior\BuildLiteBehavior [ RunTime:0.000013s ]
INFO: [ app_init ] --END-- [ RunTime:0.000455s ]
INFO: [ app_begin ] --START--
INFO: Run Behavior\ReadHtmlCacheBehavior [ RunTime:0.000707s ]
INFO: [ app_begin ] --END-- [ RunTime:0.000755s ]

[ 2015-04-09T13:33:32+08:00 ] 127.0.0.1 /tourpal/index.php/Sapi/Dest/getPostsByPlace?dest=%E5%8C%97%E4%BA%AC
INFO: [ app_init ] --START--
INFO: Run Behavior\BuildLiteBehavior [ RunTime:0.000013s ]
INFO: [ app_init ] --END-- [ RunTime:0.000336s ]
INFO: [ app_begin ] --START--
INFO: Run Behavior\ReadHtmlCacheBehavior [ RunTime:0.000552s ]
INFO: [ app_begin ] --END-- [ RunTime:0.000604s ]

[ 2015-04-09T13:34:12+08:00 ] 127.0.0.1 /tourpal/index.php/Sapi/Dest/getPostsByPlace?dest=%E5%8C%97%E4%BA%AC
INFO: [ app_init ] --START--
INFO: Run Behavior\BuildLiteBehavior [ RunTime:0.000012s ]
INFO: [ app_init ] --END-- [ RunTime:0.000509s ]
INFO: [ app_begin ] --START--
INFO: Run Behavior\ReadHtmlCacheBehavior [ RunTime:0.000622s ]
INFO: [ app_begin ] --END-- [ RunTime:0.000670s ]

[ 2015-04-09T13:34:25+08:00 ] 127.0.0.1 /tourpal/index.php/Sapi/Dest/getPostsByPlace?dest=%E5%8C%97%E4%BA%AC
INFO: [ app_init ] --START--
INFO: Run Behavior\BuildLiteBehavior [ RunTime:0.000013s ]
INFO: [ app_init ] --END-- [ RunTime:0.000351s ]
INFO: [ app_begin ] --START--
INFO: Run Behavior\ReadHtmlCacheBehavior [ RunTime:0.000581s ]
INFO: [ app_begin ] --END-- [ RunTime:0.000632s ]
SQL: SHOW COLUMNS FROM `dest` [ RunTime:0.0025s ]
SQL: SELECT `id` FROM `dest` WHERE `place` = '北京' LIMIT 1   [ RunTime:0.0003s ]
SQL: SHOW COLUMNS FROM `post_dest` [ RunTime:0.0019s ]
SQL: SELECT `post_id` FROM `post_dest` WHERE `dest_id` = 2 ORDER BY post_id desc LIMIT 21   [ RunTime:0.0004s ]
SQL: SHOW COLUMNS FROM `posts` [ RunTime:0.0021s ]
SQL: SHOW COLUMNS FROM `posts` [ RunTime:0.0020s ]
SQL: SELECT * FROM `posts` WHERE `id` IN ('121','120','119','118','117','92','69','66','51','46','41','33','25','24','22','21','17','10','9','7') AND `is_delete` = 0 ORDER BY id desc  [ RunTime:0.0007s ]
SQL: SHOW COLUMNS FROM `post_img` [ RunTime:0.0019s ]
SQL: SELECT `post_id`,`img` FROM `post_img` WHERE `post_id` IN (121,120,119,118,117,92,69,66,51,46,41,33,25,24,22,21,17,10,9,7)  [ RunTime:0.0004s ]
SQL: SELECT DISTINCT  `uid` FROM `posts` WHERE `id` IN ('121','120','119','118','117','92','69','66','51','46','41','33','25','24','22','21','17','10','9','7') AND `is_delete` = 0 ORDER BY uid asc  [ RunTime:0.0003s ]
SQL: SHOW COLUMNS FROM `user` [ RunTime:0.0021s ]
SQL: SELECT * FROM `user` WHERE `id` IN ('2','3','4','5','7','10','38')  [ RunTime:0.0005s ]
SQL: SHOW COLUMNS FROM `liked` [ RunTime:0.0021s ]
SQL: SELECT count(distinct uid) as num,`post_id` FROM `liked` WHERE `post_id` IN ('121','120','119','118','117','92','69','66','51','46','41','33','25','24','22','21','17','10','9','7') GROUP BY post_id  [ RunTime:0.0005s ]
SQL: SHOW COLUMNS FROM `post_dest` [ RunTime:0.0019s ]
SQL: SELECT `post_id`,`dest_id` FROM `post_dest` WHERE `post_id` IN ('121','120','119','118','117','92','69','66','51','46','41','33','25','24','22','21','17','10','9','7')  [ RunTime:0.0004s ]
SQL: SHOW COLUMNS FROM `dest` [ RunTime:0.0021s ]
SQL: SELECT `id`,`place`,`desc` FROM `dest` WHERE `id` IN ('2','15','437')  [ RunTime:0.0003s ]
SQL: SELECT * FROM `liked` WHERE `uid` = 39 AND `post_id` IN ('121','120','119','118','117','92','69','66','51','46','41','33','25','24','22','21','17','10','9','7')  [ RunTime:0.0004s ]

[ 2015-04-09T13:34:31+08:00 ] 127.0.0.1 /tourpal/index.php/Sapi/Dest/getPostsByPlace?dest=%E5%8C%97%E4%BA%AC
INFO: [ app_init ] --START--
INFO: Run Behavior\BuildLiteBehavior [ RunTime:0.000015s ]
INFO: [ app_init ] --END-- [ RunTime:0.000394s ]
INFO: [ app_begin ] --START--
INFO: Run Behavior\ReadHtmlCacheBehavior [ RunTime:0.000560s ]
INFO: [ app_begin ] --END-- [ RunTime:0.000615s ]
SQL: SHOW COLUMNS FROM `dest` [ RunTime:0.0023s ]
SQL: SELECT `id` FROM `dest` WHERE `place` = '北京' LIMIT 1   [ RunTime:0.0003s ]
SQL: SHOW COLUMNS FROM `post_dest` [ RunTime:0.0019s ]
SQL: SELECT `post_id` FROM `post_dest` WHERE `dest_id` = 2 ORDER BY post_id desc LIMIT 21   [ RunTime:0.0003s ]
SQL: SHOW COLUMNS FROM `posts` [ RunTime:0.0022s ]
SQL: SHOW COLUMNS FROM `posts` [ RunTime:0.0021s ]
SQL: SELECT * FROM `posts` WHERE `id` IN ('121','120','119','118','117','92','69','66','51','46','41','33','25','24','22','21','17','10','9','7') AND `is_delete` = 0 ORDER BY id desc  [ RunTime:0.0008s ]
SQL: SHOW COLUMNS FROM `post_img` [ RunTime:0.0020s ]
SQL: SELECT `post_id`,`img` FROM `post_img` WHERE `post_id` IN (121,120,119,118,117,92,69,66,51,46,41,33,25,24,22,21,17,10,9,7)  [ RunTime:0.0004s ]
SQL: SELECT DISTINCT  `uid` FROM `posts` WHERE `id` IN ('121','120','119','118','117','92','69','66','51','46','41','33','25','24','22','21','17','10','9','7') AND `is_delete` = 0 ORDER BY uid asc  [ RunTime:0.0004s ]
SQL: SHOW COLUMNS FROM `user` [ RunTime:0.0023s ]
SQL: SELECT * FROM `user` WHERE `id` IN ('2','3','4','5','7','10','38')  [ RunTime:0.0005s ]
SQL: SHOW COLUMNS FROM `liked` [ RunTime:0.0020s ]
SQL: SELECT count(distinct uid) as num,`post_id` FROM `liked` WHERE `post_id` IN ('121','120','119','118','117','92','69','66','51','46','41','33','25','24','22','21','17','10','9','7') GROUP BY post_id  [ RunTime:0.0006s ]
SQL: SHOW COLUMNS FROM `post_dest` [ RunTime:0.0021s ]
SQL: SELECT `post_id`,`dest_id` FROM `post_dest` WHERE `post_id` IN ('121','120','119','118','117','92','69','66','51','46','41','33','25','24','22','21','17','10','9','7')  [ RunTime:0.0004s ]
SQL: SHOW COLUMNS FROM `dest` [ RunTime:0.0023s ]
SQL: SELECT `id`,`place`,`desc` FROM `dest` WHERE `id` IN ('2','15','437')  [ RunTime:0.0003s ]
SQL: SELECT * FROM `liked` WHERE `uid` = 39 AND `post_id` IN ('121','120','119','118','117','92','69','66','51','46','41','33','25','24','22','21','17','10','9','7')  [ RunTime:0.0005s ]

[ 2015-04-09T13:46:58+08:00 ] 127.0.0.1 /tourpal/index.php/Sapi/Dest/getPostsByPlace?dest=%E5%8C%97%E4%BA%AC
INFO: [ app_init ] --START--
INFO: Run Behavior\BuildLiteBehavior [ RunTime:0.000013s ]
INFO: [ app_init ] --END-- [ RunTime:0.000310s ]
INFO: [ app_begin ] --START--
INFO: Run Behavior\ReadHtmlCacheBehavior [ RunTime:0.000633s ]
INFO: [ app_begin ] --END-- [ RunTime:0.000686s ]
SQL: SHOW COLUMNS FROM `dest` [ RunTime:0.0024s ]
SQL: SELECT `id` FROM `dest` WHERE `place` = '北京' LIMIT 1   [ RunTime:0.0003s ]
SQL: SHOW COLUMNS FROM `post_dest` [ RunTime:0.0019s ]
SQL: SELECT `post_id` FROM `post_dest` WHERE `dest_id` = 2 ORDER BY post_id desc LIMIT 21   [ RunTime:0.0004s ]
SQL: SHOW COLUMNS FROM `posts` [ RunTime:0.0022s ]
SQL: SHOW COLUMNS FROM `posts` [ RunTime:0.0022s ]
SQL: SELECT * FROM `posts` WHERE `id` IN ('121','120','119','118','117','92','69','66','51','46','41','33','25','24','22','21','17','10','9','7') AND `is_delete` = 0 ORDER BY id desc  [ RunTime:0.0007s ]
SQL: SHOW COLUMNS FROM `post_img` [ RunTime:0.0020s ]
SQL: SELECT `post_id`,`img` FROM `post_img` WHERE `post_id` IN (121,120,119,118,117,92,69,66,51,46,41,33,25,24,22,21,17,10,9,7)  [ RunTime:0.0004s ]
SQL: SELECT DISTINCT  `uid` FROM `posts` WHERE `id` IN ('121','120','119','118','117','92','69','66','51','46','41','33','25','24','22','21','17','10','9','7') AND `is_delete` = 0 ORDER BY uid asc  [ RunTime:0.0004s ]
SQL: SHOW COLUMNS FROM `user` [ RunTime:0.0023s ]
SQL: SELECT * FROM `user` WHERE `id` IN ('2','3','4','5','7','10','38')  [ RunTime:0.0004s ]
SQL: SHOW COLUMNS FROM `liked` [ RunTime:0.0020s ]
SQL: SELECT count(distinct uid) as num,`post_id` FROM `liked` WHERE `post_id` IN ('121','120','119','118','117','92','69','66','51','46','41','33','25','24','22','21','17','10','9','7') GROUP BY post_id  [ RunTime:0.0005s ]
SQL: SHOW COLUMNS FROM `post_dest` [ RunTime:0.0019s ]
SQL: SELECT `post_id`,`dest_id` FROM `post_dest` WHERE `post_id` IN ('121','120','119','118','117','92','69','66','51','46','41','33','25','24','22','21','17','10','9','7')  [ RunTime:0.0004s ]
SQL: SHOW COLUMNS FROM `dest` [ RunTime:0.0019s ]
SQL: SELECT `id`,`place`,`desc` FROM `dest` WHERE `id` IN ('2','15','437')  [ RunTime:0.0003s ]
SQL: SELECT * FROM `liked` WHERE `uid` = 39 AND `post_id` IN ('121','120','119','118','117','92','69','66','51','46','41','33','25','24','22','21','17','10','9','7')  [ RunTime:0.0005s ]
INFO: [ app_end ] --START--
INFO: Run Behavior\ShowPageTraceBehavior [ RunTime:0.012855s ]
INFO: [ app_end ] --END-- [ RunTime:0.012923s ]

[ 2015-04-09T13:50:45+08:00 ] 127.0.0.1 /tourpal/index.php/Sapi/Dest/getPostsByPlace?dest=%E5%8C%97%E4%BA%AC
INFO: [ app_init ] --START--
INFO: Run Behavior\BuildLiteBehavior [ RunTime:0.000016s ]
INFO: [ app_init ] --END-- [ RunTime:0.000411s ]
INFO: [ app_begin ] --START--
INFO: Run Behavior\ReadHtmlCacheBehavior [ RunTime:0.000754s ]
INFO: [ app_begin ] --END-- [ RunTime:0.000841s ]
SQL: SHOW COLUMNS FROM `dest` [ RunTime:0.0024s ]
SQL: SELECT `id` FROM `dest` WHERE `place` = '北京' LIMIT 1   [ RunTime:0.0003s ]
SQL: SHOW COLUMNS FROM `post_dest` [ RunTime:0.0020s ]
SQL: SELECT `post_id` FROM `post_dest` WHERE `dest_id` = 2 ORDER BY post_id desc LIMIT 21   [ RunTime:0.0004s ]
SQL: SHOW COLUMNS FROM `posts` [ RunTime:0.0022s ]
SQL: SHOW COLUMNS FROM `posts` [ RunTime:0.0021s ]
SQL: SELECT * FROM `posts` WHERE `id` IN ('121','120','119','118','117','92','69','66','51','46','41','33','25','24','22','21','17','10','9','7') AND `is_delete` = 0 ORDER BY id desc  [ RunTime:0.0007s ]
SQL: SHOW COLUMNS FROM `post_img` [ RunTime:0.0020s ]
SQL: SELECT `post_id`,`img` FROM `post_img` WHERE `post_id` IN (121,120,119,118,117,92,69,66,51,46,41,33,25,24,22,21,17,10,9,7)  [ RunTime:0.0004s ]
SQL: SELECT DISTINCT  `uid` FROM `posts` WHERE `id` IN ('121','120','119','118','117','92','69','66','51','46','41','33','25','24','22','21','17','10','9','7') AND `is_delete` = 0 ORDER BY uid asc  [ RunTime:0.0004s ]
SQL: SHOW COLUMNS FROM `user` [ RunTime:0.0022s ]
SQL: SELECT * FROM `user` WHERE `id` IN ('2','3','4','5','7','10','38')  [ RunTime:0.0004s ]
SQL: SHOW COLUMNS FROM `liked` [ RunTime:0.0019s ]
SQL: SELECT count(distinct uid) as num,`post_id` FROM `liked` WHERE `post_id` IN ('121','120','119','118','117','92','69','66','51','46','41','33','25','24','22','21','17','10','9','7') GROUP BY post_id  [ RunTime:0.0005s ]
SQL: SHOW COLUMNS FROM `post_dest` [ RunTime:0.0019s ]
SQL: SELECT `post_id`,`dest_id` FROM `post_dest` WHERE `post_id` IN ('121','120','119','118','117','92','69','66','51','46','41','33','25','24','22','21','17','10','9','7')  [ RunTime:0.0004s ]
SQL: SHOW COLUMNS FROM `dest` [ RunTime:0.0020s ]
SQL: SELECT `id`,`place`,`desc` FROM `dest` WHERE `id` IN ('2','15','437')  [ RunTime:0.0003s ]
SQL: SELECT * FROM `liked` WHERE `uid` = 39 AND `post_id` IN ('121','120','119','118','117','92','69','66','51','46','41','33','25','24','22','21','17','10','9','7')  [ RunTime:0.0005s ]
INFO: [ app_end ] --START--
INFO: Run Behavior\ShowPageTraceBehavior [ RunTime:0.000615s ]
INFO: [ app_end ] --END-- [ RunTime:0.000671s ]

[ 2015-04-09T13:50:46+08:00 ] 127.0.0.1 /tourpal/index.php/Sapi/Dest/getPostsByPlace?dest=%E5%8C%97%E4%BA%AC
INFO: [ app_init ] --START--
INFO: Run Behavior\BuildLiteBehavior [ RunTime:0.000016s ]
INFO: [ app_init ] --END-- [ RunTime:0.000446s ]
INFO: [ app_begin ] --START--
INFO: Run Behavior\ReadHtmlCacheBehavior [ RunTime:0.000864s ]
INFO: [ app_begin ] --END-- [ RunTime:0.000931s ]
SQL: SHOW COLUMNS FROM `dest` [ RunTime:0.0023s ]
SQL: SELECT `id` FROM `dest` WHERE `place` = '北京' LIMIT 1   [ RunTime:0.0003s ]
SQL: SHOW COLUMNS FROM `post_dest` [ RunTime:0.0021s ]
SQL: SELECT `post_id` FROM `post_dest` WHERE `dest_id` = 2 ORDER BY post_id desc LIMIT 21   [ RunTime:0.0004s ]
SQL: SHOW COLUMNS FROM `posts` [ RunTime:0.0022s ]
SQL: SHOW COLUMNS FROM `posts` [ RunTime:0.0022s ]
SQL: SELECT * FROM `posts` WHERE `id` IN ('121','120','119','118','117','92','69','66','51','46','41','33','25','24','22','21','17','10','9','7') AND `is_delete` = 0 ORDER BY id desc  [ RunTime:0.0007s ]
SQL: SHOW COLUMNS FROM `post_img` [ RunTime:0.0020s ]
SQL: SELECT `post_id`,`img` FROM `post_img` WHERE `post_id` IN (121,120,119,118,117,92,69,66,51,46,41,33,25,24,22,21,17,10,9,7)  [ RunTime:0.0004s ]
SQL: SELECT DISTINCT  `uid` FROM `posts` WHERE `id` IN ('121','120','119','118','117','92','69','66','51','46','41','33','25','24','22','21','17','10','9','7') AND `is_delete` = 0 ORDER BY uid asc  [ RunTime:0.0003s ]
SQL: SHOW COLUMNS FROM `user` [ RunTime:0.0022s ]
SQL: SELECT * FROM `user` WHERE `id` IN ('2','3','4','5','7','10','38')  [ RunTime:0.0004s ]
SQL: SHOW COLUMNS FROM `liked` [ RunTime:0.0019s ]
SQL: SELECT count(distinct uid) as num,`post_id` FROM `liked` WHERE `post_id` IN ('121','120','119','118','117','92','69','66','51','46','41','33','25','24','22','21','17','10','9','7') GROUP BY post_id  [ RunTime:0.0006s ]
SQL: SHOW COLUMNS FROM `post_dest` [ RunTime:0.0021s ]
SQL: SELECT `post_id`,`dest_id` FROM `post_dest` WHERE `post_id` IN ('121','120','119','118','117','92','69','66','51','46','41','33','25','24','22','21','17','10','9','7')  [ RunTime:0.0004s ]
SQL: SHOW COLUMNS FROM `dest` [ RunTime:0.0020s ]
SQL: SELECT `id`,`place`,`desc` FROM `dest` WHERE `id` IN ('2','15','437')  [ RunTime:0.0002s ]
SQL: SELECT * FROM `liked` WHERE `uid` = 39 AND `post_id` IN ('121','120','119','118','117','92','69','66','51','46','41','33','25','24','22','21','17','10','9','7')  [ RunTime:0.0004s ]
INFO: [ app_end ] --START--
INFO: Run Behavior\ShowPageTraceBehavior [ RunTime:0.000575s ]
INFO: [ app_end ] --END-- [ RunTime:0.000625s ]

[ 2015-04-09T13:50:46+08:00 ] 127.0.0.1 /tourpal/index.php/Sapi/Dest/getPostsByPlace?dest=%E5%8C%97%E4%BA%AC
INFO: [ app_init ] --START--
INFO: Run Behavior\BuildLiteBehavior [ RunTime:0.000013s ]
INFO: [ app_init ] --END-- [ RunTime:0.000338s ]
INFO: [ app_begin ] --START--
INFO: Run Behavior\ReadHtmlCacheBehavior [ RunTime:0.000521s ]
INFO: [ app_begin ] --END-- [ RunTime:0.000574s ]
SQL: SHOW COLUMNS FROM `dest` [ RunTime:0.0023s ]
SQL: SELECT `id` FROM `dest` WHERE `place` = '北京' LIMIT 1   [ RunTime:0.0003s ]
SQL: SHOW COLUMNS FROM `post_dest` [ RunTime:0.0020s ]
SQL: SELECT `post_id` FROM `post_dest` WHERE `dest_id` = 2 ORDER BY post_id desc LIMIT 21   [ RunTime:0.0003s ]
SQL: SHOW COLUMNS FROM `posts` [ RunTime:0.0022s ]
SQL: SHOW COLUMNS FROM `posts` [ RunTime:0.0022s ]
SQL: SELECT * FROM `posts` WHERE `id` IN ('121','120','119','118','117','92','69','66','51','46','41','33','25','24','22','21','17','10','9','7') AND `is_delete` = 0 ORDER BY id desc  [ RunTime:0.0007s ]
SQL: SHOW COLUMNS FROM `post_img` [ RunTime:0.0021s ]
SQL: SELECT `post_id`,`img` FROM `post_img` WHERE `post_id` IN (121,120,119,118,117,92,69,66,51,46,41,33,25,24,22,21,17,10,9,7)  [ RunTime:0.0004s ]
SQL: SELECT DISTINCT  `uid` FROM `posts` WHERE `id` IN ('121','120','119','118','117','92','69','66','51','46','41','33','25','24','22','21','17','10','9','7') AND `is_delete` = 0 ORDER BY uid asc  [ RunTime:0.0004s ]
SQL: SHOW COLUMNS FROM `user` [ RunTime:0.0022s ]
SQL: SELECT * FROM `user` WHERE `id` IN ('2','3','4','5','7','10','38')  [ RunTime:0.0004s ]
SQL: SHOW COLUMNS FROM `liked` [ RunTime:0.0021s ]
SQL: SELECT count(distinct uid) as num,`post_id` FROM `liked` WHERE `post_id` IN ('121','120','119','118','117','92','69','66','51','46','41','33','25','24','22','21','17','10','9','7') GROUP BY post_id  [ RunTime:0.0005s ]
SQL: SHOW COLUMNS FROM `post_dest` [ RunTime:0.0020s ]
SQL: SELECT `post_id`,`dest_id` FROM `post_dest` WHERE `post_id` IN ('121','120','119','118','117','92','69','66','51','46','41','33','25','24','22','21','17','10','9','7')  [ RunTime:0.0003s ]
SQL: SHOW COLUMNS FROM `dest` [ RunTime:0.0019s ]
SQL: SELECT `id`,`place`,`desc` FROM `dest` WHERE `id` IN ('2','15','437')  [ RunTime:0.0002s ]
SQL: SELECT * FROM `liked` WHERE `uid` = 39 AND `post_id` IN ('121','120','119','118','117','92','69','66','51','46','41','33','25','24','22','21','17','10','9','7')  [ RunTime:0.0004s ]
INFO: [ app_end ] --START--
INFO: Run Behavior\ShowPageTraceBehavior [ RunTime:0.000593s ]
INFO: [ app_end ] --END-- [ RunTime:0.000652s ]

[ 2015-04-09T13:50:47+08:00 ] 127.0.0.1 /tourpal/index.php/Sapi/Dest/getPostsByPlace?dest=%E5%8C%97%E4%BA%AC
INFO: [ app_init ] --START--
INFO: Run Behavior\BuildLiteBehavior [ RunTime:0.000024s ]
INFO: [ app_init ] --END-- [ RunTime:0.000440s ]
INFO: [ app_begin ] --START--
INFO: Run Behavior\ReadHtmlCacheBehavior [ RunTime:0.000532s ]
INFO: [ app_begin ] --END-- [ RunTime:0.000586s ]
SQL: SHOW COLUMNS FROM `dest` [ RunTime:0.0023s ]
SQL: SELECT `id` FROM `dest` WHERE `place` = '北京' LIMIT 1   [ RunTime:0.0003s ]
SQL: SHOW COLUMNS FROM `post_dest` [ RunTime:0.0020s ]
SQL: SELECT `post_id` FROM `post_dest` WHERE `dest_id` = 2 ORDER BY post_id desc LIMIT 21   [ RunTime:0.0003s ]
SQL: SHOW COLUMNS FROM `posts` [ RunTime:0.0022s ]
SQL: SHOW COLUMNS FROM `posts` [ RunTime:0.0023s ]
SQL: SELECT * FROM `posts` WHERE `id` IN ('121','120','119','118','117','92','69','66','51','46','41','33','25','24','22','21','17','10','9','7') AND `is_delete` = 0 ORDER BY id desc  [ RunTime:0.0007s ]
SQL: SHOW COLUMNS FROM `post_img` [ RunTime:0.0020s ]
SQL: SELECT `post_id`,`img` FROM `post_img` WHERE `post_id` IN (121,120,119,118,117,92,69,66,51,46,41,33,25,24,22,21,17,10,9,7)  [ RunTime:0.0004s ]
SQL: SELECT DISTINCT  `uid` FROM `posts` WHERE `id` IN ('121','120','119','118','117','92','69','66','51','46','41','33','25','24','22','21','17','10','9','7') AND `is_delete` = 0 ORDER BY uid asc  [ RunTime:0.0003s ]
SQL: SHOW COLUMNS FROM `user` [ RunTime:0.0022s ]
SQL: SELECT * FROM `user` WHERE `id` IN ('2','3','4','5','7','10','38')  [ RunTime:0.0004s ]
SQL: SHOW COLUMNS FROM `liked` [ RunTime:0.0019s ]
SQL: SELECT count(distinct uid) as num,`post_id` FROM `liked` WHERE `post_id` IN ('121','120','119','118','117','92','69','66','51','46','41','33','25','24','22','21','17','10','9','7') GROUP BY post_id  [ RunTime:0.0005s ]
SQL: SHOW COLUMNS FROM `post_dest` [ RunTime:0.0020s ]
SQL: SELECT `post_id`,`dest_id` FROM `post_dest` WHERE `post_id` IN ('121','120','119','118','117','92','69','66','51','46','41','33','25','24','22','21','17','10','9','7')  [ RunTime:0.0004s ]
SQL: SHOW COLUMNS FROM `dest` [ RunTime:0.0021s ]
SQL: SELECT `id`,`place`,`desc` FROM `dest` WHERE `id` IN ('2','15','437')  [ RunTime:0.0003s ]
SQL: SELECT * FROM `liked` WHERE `uid` = 39 AND `post_id` IN ('121','120','119','118','117','92','69','66','51','46','41','33','25','24','22','21','17','10','9','7')  [ RunTime:0.0004s ]
INFO: [ app_end ] --START--
INFO: Run Behavior\ShowPageTraceBehavior [ RunTime:0.000655s ]
INFO: [ app_end ] --END-- [ RunTime:0.000733s ]

[ 2015-04-09T13:50:47+08:00 ] 127.0.0.1 /tourpal/index.php/Sapi/Dest/getPostsByPlace?dest=%E5%8C%97%E4%BA%AC
INFO: [ app_init ] --START--
INFO: Run Behavior\BuildLiteBehavior [ RunTime:0.000013s ]
INFO: [ app_init ] --END-- [ RunTime:0.000316s ]
INFO: [ app_begin ] --START--
INFO: Run Behavior\ReadHtmlCacheBehavior [ RunTime:0.000535s ]
INFO: [ app_begin ] --END-- [ RunTime:0.000585s ]
SQL: SHOW COLUMNS FROM `dest` [ RunTime:0.0023s ]
SQL: SELECT `id` FROM `dest` WHERE `place` = '北京' LIMIT 1   [ RunTime:0.0003s ]
SQL: SHOW COLUMNS FROM `post_dest` [ RunTime:0.0020s ]
SQL: SELECT `post_id` FROM `post_dest` WHERE `dest_id` = 2 ORDER BY post_id desc LIMIT 21   [ RunTime:0.0003s ]
SQL: SHOW COLUMNS FROM `posts` [ RunTime:0.0021s ]
SQL: SHOW COLUMNS FROM `posts` [ RunTime:0.0021s ]
SQL: SELECT * FROM `posts` WHERE `id` IN ('121','120','119','118','117','92','69','66','51','46','41','33','25','24','22','21','17','10','9','7') AND `is_delete` = 0 ORDER BY id desc  [ RunTime:0.0007s ]
SQL: SHOW COLUMNS FROM `post_img` [ RunTime:0.0019s ]
SQL: SELECT `post_id`,`img` FROM `post_img` WHERE `post_id` IN (121,120,119,118,117,92,69,66,51,46,41,33,25,24,22,21,17,10,9,7)  [ RunTime:0.0006s ]
SQL: SELECT DISTINCT  `uid` FROM `posts` WHERE `id` IN ('121','120','119','118','117','92','69','66','51','46','41','33','25','24','22','21','17','10','9','7') AND `is_delete` = 0 ORDER BY uid asc  [ RunTime:0.0003s ]
SQL: SHOW COLUMNS FROM `user` [ RunTime:0.0021s ]
SQL: SELECT * FROM `user` WHERE `id` IN ('2','3','4','5','7','10','38')  [ RunTime:0.0004s ]
SQL: SHOW COLUMNS FROM `liked` [ RunTime:0.0020s ]
SQL: SELECT count(distinct uid) as num,`post_id` FROM `liked` WHERE `post_id` IN ('121','120','119','118','117','92','69','66','51','46','41','33','25','24','22','21','17','10','9','7') GROUP BY post_id  [ RunTime:0.0005s ]
SQL: SHOW COLUMNS FROM `post_dest` [ RunTime:0.0020s ]
SQL: SELECT `post_id`,`dest_id` FROM `post_dest` WHERE `post_id` IN ('121','120','119','118','117','92','69','66','51','46','41','33','25','24','22','21','17','10','9','7')  [ RunTime:0.0004s ]
SQL: SHOW COLUMNS FROM `dest` [ RunTime:0.0019s ]
SQL: SELECT `id`,`place`,`desc` FROM `dest` WHERE `id` IN ('2','15','437')  [ RunTime:0.0002s ]
SQL: SELECT * FROM `liked` WHERE `uid` = 39 AND `post_id` IN ('121','120','119','118','117','92','69','66','51','46','41','33','25','24','22','21','17','10','9','7')  [ RunTime:0.0004s ]
INFO: [ app_end ] --START--
INFO: Run Behavior\ShowPageTraceBehavior [ RunTime:0.000571s ]
INFO: [ app_end ] --END-- [ RunTime:0.000623s ]

[ 2015-04-09T13:50:47+08:00 ] 127.0.0.1 /tourpal/index.php/Sapi/Dest/getPostsByPlace?dest=%E5%8C%97%E4%BA%AC
INFO: [ app_init ] --START--
INFO: Run Behavior\BuildLiteBehavior [ RunTime:0.000012s ]
INFO: [ app_init ] --END-- [ RunTime:0.000311s ]
INFO: [ app_begin ] --START--
INFO: Run Behavior\ReadHtmlCacheBehavior [ RunTime:0.000484s ]
INFO: [ app_begin ] --END-- [ RunTime:0.000531s ]
SQL: SHOW COLUMNS FROM `dest` [ RunTime:0.0023s ]
SQL: SELECT `id` FROM `dest` WHERE `place` = '北京' LIMIT 1   [ RunTime:0.0003s ]
SQL: SHOW COLUMNS FROM `post_dest` [ RunTime:0.0021s ]
SQL: SELECT `post_id` FROM `post_dest` WHERE `dest_id` = 2 ORDER BY post_id desc LIMIT 21   [ RunTime:0.0004s ]
SQL: SHOW COLUMNS FROM `posts` [ RunTime:0.0027s ]
SQL: SHOW COLUMNS FROM `posts` [ RunTime:0.0025s ]
SQL: SELECT * FROM `posts` WHERE `id` IN ('121','120','119','118','117','92','69','66','51','46','41','33','25','24','22','21','17','10','9','7') AND `is_delete` = 0 ORDER BY id desc  [ RunTime:0.0008s ]
SQL: SHOW COLUMNS FROM `post_img` [ RunTime:0.0023s ]
SQL: SELECT `post_id`,`img` FROM `post_img` WHERE `post_id` IN (121,120,119,118,117,92,69,66,51,46,41,33,25,24,22,21,17,10,9,7)  [ RunTime:0.0004s ]
SQL: SELECT DISTINCT  `uid` FROM `posts` WHERE `id` IN ('121','120','119','118','117','92','69','66','51','46','41','33','25','24','22','21','17','10','9','7') AND `is_delete` = 0 ORDER BY uid asc  [ RunTime:0.0004s ]
SQL: SHOW COLUMNS FROM `user` [ RunTime:0.0024s ]
SQL: SELECT * FROM `user` WHERE `id` IN ('2','3','4','5','7','10','38')  [ RunTime:0.0005s ]
SQL: SHOW COLUMNS FROM `liked` [ RunTime:0.0024s ]
SQL: SELECT count(distinct uid) as num,`post_id` FROM `liked` WHERE `post_id` IN ('121','120','119','118','117','92','69','66','51','46','41','33','25','24','22','21','17','10','9','7') GROUP BY post_id  [ RunTime:0.0006s ]
SQL: SHOW COLUMNS FROM `post_dest` [ RunTime:0.0022s ]
SQL: SELECT `post_id`,`dest_id` FROM `post_dest` WHERE `post_id` IN ('121','120','119','118','117','92','69','66','51','46','41','33','25','24','22','21','17','10','9','7')  [ RunTime:0.0004s ]
SQL: SHOW COLUMNS FROM `dest` [ RunTime:0.0021s ]
SQL: SELECT `id`,`place`,`desc` FROM `dest` WHERE `id` IN ('2','15','437')  [ RunTime:0.0003s ]
SQL: SELECT * FROM `liked` WHERE `uid` = 39 AND `post_id` IN ('121','120','119','118','117','92','69','66','51','46','41','33','25','24','22','21','17','10','9','7')  [ RunTime:0.0004s ]
INFO: [ app_end ] --START--
INFO: Run Behavior\ShowPageTraceBehavior [ RunTime:0.000595s ]
INFO: [ app_end ] --END-- [ RunTime:0.000650s ]

[ 2015-04-09T13:50:47+08:00 ] 127.0.0.1 /tourpal/index.php/Sapi/Dest/getPostsByPlace?dest=%E5%8C%97%E4%BA%AC
INFO: [ app_init ] --START--
INFO: Run Behavior\BuildLiteBehavior [ RunTime:0.000013s ]
INFO: [ app_init ] --END-- [ RunTime:0.000313s ]
INFO: [ app_begin ] --START--
INFO: Run Behavior\ReadHtmlCacheBehavior [ RunTime:0.000522s ]
INFO: [ app_begin ] --END-- [ RunTime:0.000580s ]
SQL: SHOW COLUMNS FROM `dest` [ RunTime:0.0023s ]
SQL: SELECT `id` FROM `dest` WHERE `place` = '北京' LIMIT 1   [ RunTime:0.0004s ]
SQL: SHOW COLUMNS FROM `post_dest` [ RunTime:0.0020s ]
SQL: SELECT `post_id` FROM `post_dest` WHERE `dest_id` = 2 ORDER BY post_id desc LIMIT 21   [ RunTime:0.0004s ]
SQL: SHOW COLUMNS FROM `posts` [ RunTime:0.0021s ]
SQL: SHOW COLUMNS FROM `posts` [ RunTime:0.0021s ]
SQL: SELECT * FROM `posts` WHERE `id` IN ('121','120','119','118','117','92','69','66','51','46','41','33','25','24','22','21','17','10','9','7') AND `is_delete` = 0 ORDER BY id desc  [ RunTime:0.0007s ]
SQL: SHOW COLUMNS FROM `post_img` [ RunTime:0.0019s ]
SQL: SELECT `post_id`,`img` FROM `post_img` WHERE `post_id` IN (121,120,119,118,117,92,69,66,51,46,41,33,25,24,22,21,17,10,9,7)  [ RunTime:0.0004s ]
SQL: SELECT DISTINCT  `uid` FROM `posts` WHERE `id` IN ('121','120','119','118','117','92','69','66','51','46','41','33','25','24','22','21','17','10','9','7') AND `is_delete` = 0 ORDER BY uid asc  [ RunTime:0.0003s ]
SQL: SHOW COLUMNS FROM `user` [ RunTime:0.0021s ]
SQL: SELECT * FROM `user` WHERE `id` IN ('2','3','4','5','7','10','38')  [ RunTime:0.0004s ]
SQL: SHOW COLUMNS FROM `liked` [ RunTime:0.0021s ]
SQL: SELECT count(distinct uid) as num,`post_id` FROM `liked` WHERE `post_id` IN ('121','120','119','118','117','92','69','66','51','46','41','33','25','24','22','21','17','10','9','7') GROUP BY post_id  [ RunTime:0.0005s ]
SQL: SHOW COLUMNS FROM `post_dest` [ RunTime:0.0021s ]
SQL: SELECT `post_id`,`dest_id` FROM `post_dest` WHERE `post_id` IN ('121','120','119','118','117','92','69','66','51','46','41','33','25','24','22','21','17','10','9','7')  [ RunTime:0.0004s ]
SQL: SHOW COLUMNS FROM `dest` [ RunTime:0.0020s ]
SQL: SELECT `id`,`place`,`desc` FROM `dest` WHERE `id` IN ('2','15','437')  [ RunTime:0.0003s ]
SQL: SELECT * FROM `liked` WHERE `uid` = 39 AND `post_id` IN ('121','120','119','118','117','92','69','66','51','46','41','33','25','24','22','21','17','10','9','7')  [ RunTime:0.0005s ]
INFO: [ app_end ] --START--
INFO: Run Behavior\ShowPageTraceBehavior [ RunTime:0.000586s ]
INFO: [ app_end ] --END-- [ RunTime:0.000637s ]

[ 2015-04-09T13:50:47+08:00 ] 127.0.0.1 /tourpal/index.php/Sapi/Dest/getPostsByPlace?dest=%E5%8C%97%E4%BA%AC
INFO: [ app_init ] --START--
INFO: Run Behavior\BuildLiteBehavior [ RunTime:0.000013s ]
INFO: [ app_init ] --END-- [ RunTime:0.000324s ]
INFO: [ app_begin ] --START--
INFO: Run Behavior\ReadHtmlCacheBehavior [ RunTime:0.000491s ]
INFO: [ app_begin ] --END-- [ RunTime:0.000540s ]
SQL: SHOW COLUMNS FROM `dest` [ RunTime:0.0023s ]
SQL: SELECT `id` FROM `dest` WHERE `place` = '北京' LIMIT 1   [ RunTime:0.0003s ]
SQL: SHOW COLUMNS FROM `post_dest` [ RunTime:0.0020s ]
SQL: SELECT `post_id` FROM `post_dest` WHERE `dest_id` = 2 ORDER BY post_id desc LIMIT 21   [ RunTime:0.0004s ]
SQL: SHOW COLUMNS FROM `posts` [ RunTime:0.0022s ]
SQL: SHOW COLUMNS FROM `posts` [ RunTime:0.0021s ]
SQL: SELECT * FROM `posts` WHERE `id` IN ('121','120','119','118','117','92','69','66','51','46','41','33','25','24','22','21','17','10','9','7') AND `is_delete` = 0 ORDER BY id desc  [ RunTime:0.0007s ]
SQL: SHOW COLUMNS FROM `post_img` [ RunTime:0.0020s ]
SQL: SELECT `post_id`,`img` FROM `post_img` WHERE `post_id` IN (121,120,119,118,117,92,69,66,51,46,41,33,25,24,22,21,17,10,9,7)  [ RunTime:0.0004s ]
SQL: SELECT DISTINCT  `uid` FROM `posts` WHERE `id` IN ('121','120','119','118','117','92','69','66','51','46','41','33','25','24','22','21','17','10','9','7') AND `is_delete` = 0 ORDER BY uid asc  [ RunTime:0.0004s ]
SQL: SHOW COLUMNS FROM `user` [ RunTime:0.0022s ]
SQL: SELECT * FROM `user` WHERE `id` IN ('2','3','4','5','7','10','38')  [ RunTime:0.0005s ]
SQL: SHOW COLUMNS FROM `liked` [ RunTime:0.0020s ]
SQL: SELECT count(distinct uid) as num,`post_id` FROM `liked` WHERE `post_id` IN ('121','120','119','118','117','92','69','66','51','46','41','33','25','24','22','21','17','10','9','7') GROUP BY post_id  [ RunTime:0.0005s ]
SQL: SHOW COLUMNS FROM `post_dest` [ RunTime:0.0020s ]
SQL: SELECT `post_id`,`dest_id` FROM `post_dest` WHERE `post_id` IN ('121','120','119','118','117','92','69','66','51','46','41','33','25','24','22','21','17','10','9','7')  [ RunTime:0.0004s ]
SQL: SHOW COLUMNS FROM `dest` [ RunTime:0.0020s ]
SQL: SELECT `id`,`place`,`desc` FROM `dest` WHERE `id` IN ('2','15','437')  [ RunTime:0.0002s ]
SQL: SELECT * FROM `liked` WHERE `uid` = 39 AND `post_id` IN ('121','120','119','118','117','92','69','66','51','46','41','33','25','24','22','21','17','10','9','7')  [ RunTime:0.0004s ]
INFO: [ app_end ] --START--
INFO: Run Behavior\ShowPageTraceBehavior [ RunTime:0.000572s ]
INFO: [ app_end ] --END-- [ RunTime:0.000625s ]

[ 2015-04-09T13:50:47+08:00 ] 127.0.0.1 /tourpal/index.php/Sapi/Dest/getPostsByPlace?dest=%E5%8C%97%E4%BA%AC
INFO: [ app_init ] --START--
INFO: Run Behavior\BuildLiteBehavior [ RunTime:0.000014s ]
INFO: [ app_init ] --END-- [ RunTime:0.000332s ]
INFO: [ app_begin ] --START--
INFO: Run Behavior\ReadHtmlCacheBehavior [ RunTime:0.000507s ]
INFO: [ app_begin ] --END-- [ RunTime:0.000557s ]
SQL: SHOW COLUMNS FROM `dest` [ RunTime:0.0023s ]
SQL: SELECT `id` FROM `dest` WHERE `place` = '北京' LIMIT 1   [ RunTime:0.0003s ]
SQL: SHOW COLUMNS FROM `post_dest` [ RunTime:0.0020s ]
SQL: SELECT `post_id` FROM `post_dest` WHERE `dest_id` = 2 ORDER BY post_id desc LIMIT 21   [ RunTime:0.0004s ]
SQL: SHOW COLUMNS FROM `posts` [ RunTime:0.0025s ]
SQL: SHOW COLUMNS FROM `posts` [ RunTime:0.0021s ]
SQL: SELECT * FROM `posts` WHERE `id` IN ('121','120','119','118','117','92','69','66','51','46','41','33','25','24','22','21','17','10','9','7') AND `is_delete` = 0 ORDER BY id desc  [ RunTime:0.0008s ]
SQL: SHOW COLUMNS FROM `post_img` [ RunTime:0.0020s ]
SQL: SELECT `post_id`,`img` FROM `post_img` WHERE `post_id` IN (121,120,119,118,117,92,69,66,51,46,41,33,25,24,22,21,17,10,9,7)  [ RunTime:0.0004s ]
SQL: SELECT DISTINCT  `uid` FROM `posts` WHERE `id` IN ('121','120','119','118','117','92','69','66','51','46','41','33','25','24','22','21','17','10','9','7') AND `is_delete` = 0 ORDER BY uid asc  [ RunTime:0.0004s ]
SQL: SHOW COLUMNS FROM `user` [ RunTime:0.0021s ]
SQL: SELECT * FROM `user` WHERE `id` IN ('2','3','4','5','7','10','38')  [ RunTime:0.0004s ]
SQL: SHOW COLUMNS FROM `liked` [ RunTime:0.0020s ]
SQL: SELECT count(distinct uid) as num,`post_id` FROM `liked` WHERE `post_id` IN ('121','120','119','118','117','92','69','66','51','46','41','33','25','24','22','21','17','10','9','7') GROUP BY post_id  [ RunTime:0.0006s ]
SQL: SHOW COLUMNS FROM `post_dest` [ RunTime:0.0021s ]
SQL: SELECT `post_id`,`dest_id` FROM `post_dest` WHERE `post_id` IN ('121','120','119','118','117','92','69','66','51','46','41','33','25','24','22','21','17','10','9','7')  [ RunTime:0.0004s ]
SQL: SHOW COLUMNS FROM `dest` [ RunTime:0.0021s ]
SQL: SELECT `id`,`place`,`desc` FROM `dest` WHERE `id` IN ('2','15','437')  [ RunTime:0.0003s ]
SQL: SELECT * FROM `liked` WHERE `uid` = 39 AND `post_id` IN ('121','120','119','118','117','92','69','66','51','46','41','33','25','24','22','21','17','10','9','7')  [ RunTime:0.0005s ]
INFO: [ app_end ] --START--
INFO: Run Behavior\ShowPageTraceBehavior [ RunTime:0.000570s ]
INFO: [ app_end ] --END-- [ RunTime:0.000621s ]

[ 2015-04-09T13:50:48+08:00 ] 127.0.0.1 /tourpal/index.php/Sapi/Dest/getPostsByPlace?dest=%E5%8C%97%E4%BA%AC
INFO: [ app_init ] --START--
INFO: Run Behavior\BuildLiteBehavior [ RunTime:0.000015s ]
INFO: [ app_init ] --END-- [ RunTime:0.000392s ]
INFO: [ app_begin ] --START--
INFO: Run Behavior\ReadHtmlCacheBehavior [ RunTime:0.000612s ]
INFO: [ app_begin ] --END-- [ RunTime:0.000676s ]
SQL: SHOW COLUMNS FROM `dest` [ RunTime:0.0025s ]
SQL: SELECT `id` FROM `dest` WHERE `place` = '北京' LIMIT 1   [ RunTime:0.0003s ]
SQL: SHOW COLUMNS FROM `post_dest` [ RunTime:0.0022s ]
SQL: SELECT `post_id` FROM `post_dest` WHERE `dest_id` = 2 ORDER BY post_id desc LIMIT 21   [ RunTime:0.0004s ]
SQL: SHOW COLUMNS FROM `posts` [ RunTime:0.0022s ]
SQL: SHOW COLUMNS FROM `posts` [ RunTime:0.0023s ]
SQL: SELECT * FROM `posts` WHERE `id` IN ('121','120','119','118','117','92','69','66','51','46','41','33','25','24','22','21','17','10','9','7') AND `is_delete` = 0 ORDER BY id desc  [ RunTime:0.0008s ]
SQL: SHOW COLUMNS FROM `post_img` [ RunTime:0.0021s ]
SQL: SELECT `post_id`,`img` FROM `post_img` WHERE `post_id` IN (121,120,119,118,117,92,69,66,51,46,41,33,25,24,22,21,17,10,9,7)  [ RunTime:0.0004s ]
SQL: SELECT DISTINCT  `uid` FROM `posts` WHERE `id` IN ('121','120','119','118','117','92','69','66','51','46','41','33','25','24','22','21','17','10','9','7') AND `is_delete` = 0 ORDER BY uid asc  [ RunTime:0.0004s ]
SQL: SHOW COLUMNS FROM `user` [ RunTime:0.0022s ]
SQL: SELECT * FROM `user` WHERE `id` IN ('2','3','4','5','7','10','38')  [ RunTime:0.0004s ]
SQL: SHOW COLUMNS FROM `liked` [ RunTime:0.0020s ]
SQL: SELECT count(distinct uid) as num,`post_id` FROM `liked` WHERE `post_id` IN ('121','120','119','118','117','92','69','66','51','46','41','33','25','24','22','21','17','10','9','7') GROUP BY post_id  [ RunTime:0.0005s ]
SQL: SHOW COLUMNS FROM `post_dest` [ RunTime:0.0020s ]
SQL: SELECT `post_id`,`dest_id` FROM `post_dest` WHERE `post_id` IN ('121','120','119','118','117','92','69','66','51','46','41','33','25','24','22','21','17','10','9','7')  [ RunTime:0.0004s ]
SQL: SHOW COLUMNS FROM `dest` [ RunTime:0.0023s ]
SQL: SELECT `id`,`place`,`desc` FROM `dest` WHERE `id` IN ('2','15','437')  [ RunTime:0.0003s ]
SQL: SELECT * FROM `liked` WHERE `uid` = 39 AND `post_id` IN ('121','120','119','118','117','92','69','66','51','46','41','33','25','24','22','21','17','10','9','7')  [ RunTime:0.0004s ]
INFO: [ app_end ] --START--
INFO: Run Behavior\ShowPageTraceBehavior [ RunTime:0.000624s ]
INFO: [ app_end ] --END-- [ RunTime:0.000696s ]

[ 2015-04-09T13:50:48+08:00 ] 127.0.0.1 /tourpal/index.php/Sapi/Dest/getPostsByPlace?dest=%E5%8C%97%E4%BA%AC
INFO: [ app_init ] --START--
INFO: Run Behavior\BuildLiteBehavior [ RunTime:0.000014s ]
INFO: [ app_init ] --END-- [ RunTime:0.000313s ]
INFO: [ app_begin ] --START--
INFO: Run Behavior\ReadHtmlCacheBehavior [ RunTime:0.000522s ]
INFO: [ app_begin ] --END-- [ RunTime:0.000575s ]
SQL: SHOW COLUMNS FROM `dest` [ RunTime:0.0023s ]
SQL: SELECT `id` FROM `dest` WHERE `place` = '北京' LIMIT 1   [ RunTime:0.0003s ]
SQL: SHOW COLUMNS FROM `post_dest` [ RunTime:0.0022s ]
SQL: SELECT `post_id` FROM `post_dest` WHERE `dest_id` = 2 ORDER BY post_id desc LIMIT 21   [ RunTime:0.0003s ]
SQL: SHOW COLUMNS FROM `posts` [ RunTime:0.0023s ]
SQL: SHOW COLUMNS FROM `posts` [ RunTime:0.0021s ]
SQL: SELECT * FROM `posts` WHERE `id` IN ('121','120','119','118','117','92','69','66','51','46','41','33','25','24','22','21','17','10','9','7') AND `is_delete` = 0 ORDER BY id desc  [ RunTime:0.0007s ]
SQL: SHOW COLUMNS FROM `post_img` [ RunTime:0.0019s ]
SQL: SELECT `post_id`,`img` FROM `post_img` WHERE `post_id` IN (121,120,119,118,117,92,69,66,51,46,41,33,25,24,22,21,17,10,9,7)  [ RunTime:0.0004s ]
SQL: SELECT DISTINCT  `uid` FROM `posts` WHERE `id` IN ('121','120','119','118','117','92','69','66','51','46','41','33','25','24','22','21','17','10','9','7') AND `is_delete` = 0 ORDER BY uid asc  [ RunTime:0.0003s ]
SQL: SHOW COLUMNS FROM `user` [ RunTime:0.0021s ]
SQL: SELECT * FROM `user` WHERE `id` IN ('2','3','4','5','7','10','38')  [ RunTime:0.0004s ]
SQL: SHOW COLUMNS FROM `liked` [ RunTime:0.0019s ]
SQL: SELECT count(distinct uid) as num,`post_id` FROM `liked` WHERE `post_id` IN ('121','120','119','118','117','92','69','66','51','46','41','33','25','24','22','21','17','10','9','7') GROUP BY post_id  [ RunTime:0.0005s ]
SQL: SHOW COLUMNS FROM `post_dest` [ RunTime:0.0020s ]
SQL: SELECT `post_id`,`dest_id` FROM `post_dest` WHERE `post_id` IN ('121','120','119','118','117','92','69','66','51','46','41','33','25','24','22','21','17','10','9','7')  [ RunTime:0.0004s ]
SQL: SHOW COLUMNS FROM `dest` [ RunTime:0.0020s ]
SQL: SELECT `id`,`place`,`desc` FROM `dest` WHERE `id` IN ('2','15','437')  [ RunTime:0.0003s ]
SQL: SELECT * FROM `liked` WHERE `uid` = 39 AND `post_id` IN ('121','120','119','118','117','92','69','66','51','46','41','33','25','24','22','21','17','10','9','7')  [ RunTime:0.0004s ]
INFO: [ app_end ] --START--
INFO: Run Behavior\ShowPageTraceBehavior [ RunTime:0.000599s ]
INFO: [ app_end ] --END-- [ RunTime:0.000653s ]

[ 2015-04-09T13:50:48+08:00 ] 127.0.0.1 /tourpal/index.php/Sapi/Dest/getPostsByPlace?dest=%E5%8C%97%E4%BA%AC
INFO: [ app_init ] --START--
INFO: Run Behavior\BuildLiteBehavior [ RunTime:0.000013s ]
INFO: [ app_init ] --END-- [ RunTime:0.000315s ]
INFO: [ app_begin ] --START--
INFO: Run Behavior\ReadHtmlCacheBehavior [ RunTime:0.000504s ]
INFO: [ app_begin ] --END-- [ RunTime:0.000552s ]
SQL: SHOW COLUMNS FROM `dest` [ RunTime:0.0023s ]
SQL: SELECT `id` FROM `dest` WHERE `place` = '北京' LIMIT 1   [ RunTime:0.0003s ]
SQL: SHOW COLUMNS FROM `post_dest` [ RunTime:0.0021s ]
SQL: SELECT `post_id` FROM `post_dest` WHERE `dest_id` = 2 ORDER BY post_id desc LIMIT 21   [ RunTime:0.0004s ]
SQL: SHOW COLUMNS FROM `posts` [ RunTime:0.0022s ]
SQL: SHOW COLUMNS FROM `posts` [ RunTime:0.0021s ]
SQL: SELECT * FROM `posts` WHERE `id` IN ('121','120','119','118','117','92','69','66','51','46','41','33','25','24','22','21','17','10','9','7') AND `is_delete` = 0 ORDER BY id desc  [ RunTime:0.0007s ]
SQL: SHOW COLUMNS FROM `post_img` [ RunTime:0.0019s ]
SQL: SELECT `post_id`,`img` FROM `post_img` WHERE `post_id` IN (121,120,119,118,117,92,69,66,51,46,41,33,25,24,22,21,17,10,9,7)  [ RunTime:0.0004s ]
SQL: SELECT DISTINCT  `uid` FROM `posts` WHERE `id` IN ('121','120','119','118','117','92','69','66','51','46','41','33','25','24','22','21','17','10','9','7') AND `is_delete` = 0 ORDER BY uid asc  [ RunTime:0.0004s ]
SQL: SHOW COLUMNS FROM `user` [ RunTime:0.0021s ]
SQL: SELECT * FROM `user` WHERE `id` IN ('2','3','4','5','7','10','38')  [ RunTime:0.0004s ]
SQL: SHOW COLUMNS FROM `liked` [ RunTime:0.0019s ]
SQL: SELECT count(distinct uid) as num,`post_id` FROM `liked` WHERE `post_id` IN ('121','120','119','118','117','92','69','66','51','46','41','33','25','24','22','21','17','10','9','7') GROUP BY post_id  [ RunTime:0.0005s ]
SQL: SHOW COLUMNS FROM `post_dest` [ RunTime:0.0019s ]
SQL: SELECT `post_id`,`dest_id` FROM `post_dest` WHERE `post_id` IN ('121','120','119','118','117','92','69','66','51','46','41','33','25','24','22','21','17','10','9','7')  [ RunTime:0.0004s ]
SQL: SHOW COLUMNS FROM `dest` [ RunTime:0.0021s ]
SQL: SELECT `id`,`place`,`desc` FROM `dest` WHERE `id` IN ('2','15','437')  [ RunTime:0.0003s ]
SQL: SELECT * FROM `liked` WHERE `uid` = 39 AND `post_id` IN ('121','120','119','118','117','92','69','66','51','46','41','33','25','24','22','21','17','10','9','7')  [ RunTime:0.0004s ]
INFO: [ app_end ] --START--
INFO: Run Behavior\ShowPageTraceBehavior [ RunTime:0.000591s ]
INFO: [ app_end ] --END-- [ RunTime:0.000641s ]

[ 2015-04-09T13:50:48+08:00 ] 127.0.0.1 /tourpal/index.php/Sapi/Dest/getPostsByPlace?dest=%E5%8C%97%E4%BA%AC
INFO: [ app_init ] --START--
INFO: Run Behavior\BuildLiteBehavior [ RunTime:0.000015s ]
INFO: [ app_init ] --END-- [ RunTime:0.000351s ]
INFO: [ app_begin ] --START--
INFO: Run Behavior\ReadHtmlCacheBehavior [ RunTime:0.000520s ]
INFO: [ app_begin ] --END-- [ RunTime:0.000574s ]
SQL: SHOW COLUMNS FROM `dest` [ RunTime:0.0035s ]
SQL: SELECT `id` FROM `dest` WHERE `place` = '北京' LIMIT 1   [ RunTime:0.0004s ]
SQL: SHOW COLUMNS FROM `post_dest` [ RunTime:0.0025s ]
SQL: SELECT `post_id` FROM `post_dest` WHERE `dest_id` = 2 ORDER BY post_id desc LIMIT 21   [ RunTime:0.0005s ]
SQL: SHOW COLUMNS FROM `posts` [ RunTime:0.0026s ]
SQL: SHOW COLUMNS FROM `posts` [ RunTime:0.0025s ]
SQL: SELECT * FROM `posts` WHERE `id` IN ('121','120','119','118','117','92','69','66','51','46','41','33','25','24','22','21','17','10','9','7') AND `is_delete` = 0 ORDER BY id desc  [ RunTime:0.0007s ]
SQL: SHOW COLUMNS FROM `post_img` [ RunTime:0.0022s ]
SQL: SELECT `post_id`,`img` FROM `post_img` WHERE `post_id` IN (121,120,119,118,117,92,69,66,51,46,41,33,25,24,22,21,17,10,9,7)  [ RunTime:0.0004s ]
SQL: SELECT DISTINCT  `uid` FROM `posts` WHERE `id` IN ('121','120','119','118','117','92','69','66','51','46','41','33','25','24','22','21','17','10','9','7') AND `is_delete` = 0 ORDER BY uid asc  [ RunTime:0.0005s ]
SQL: SHOW COLUMNS FROM `user` [ RunTime:0.0024s ]
SQL: SELECT * FROM `user` WHERE `id` IN ('2','3','4','5','7','10','38')  [ RunTime:0.0005s ]
SQL: SHOW COLUMNS FROM `liked` [ RunTime:0.0022s ]
SQL: SELECT count(distinct uid) as num,`post_id` FROM `liked` WHERE `post_id` IN ('121','120','119','118','117','92','69','66','51','46','41','33','25','24','22','21','17','10','9','7') GROUP BY post_id  [ RunTime:0.0005s ]
SQL: SHOW COLUMNS FROM `post_dest` [ RunTime:0.0023s ]
SQL: SELECT `post_id`,`dest_id` FROM `post_dest` WHERE `post_id` IN ('121','120','119','118','117','92','69','66','51','46','41','33','25','24','22','21','17','10','9','7')  [ RunTime:0.0006s ]
SQL: SHOW COLUMNS FROM `dest` [ RunTime:0.0022s ]
SQL: SELECT `id`,`place`,`desc` FROM `dest` WHERE `id` IN ('2','15','437')  [ RunTime:0.0003s ]
SQL: SELECT * FROM `liked` WHERE `uid` = 39 AND `post_id` IN ('121','120','119','118','117','92','69','66','51','46','41','33','25','24','22','21','17','10','9','7')  [ RunTime:0.0005s ]
INFO: [ app_end ] --START--
INFO: Run Behavior\ShowPageTraceBehavior [ RunTime:0.000567s ]
INFO: [ app_end ] --END-- [ RunTime:0.000619s ]

[ 2015-04-09T13:50:48+08:00 ] 127.0.0.1 /tourpal/index.php/Sapi/Dest/getPostsByPlace?dest=%E5%8C%97%E4%BA%AC
INFO: [ app_init ] --START--
INFO: Run Behavior\BuildLiteBehavior [ RunTime:0.000014s ]
INFO: [ app_init ] --END-- [ RunTime:0.000328s ]
INFO: [ app_begin ] --START--
INFO: Run Behavior\ReadHtmlCacheBehavior [ RunTime:0.000504s ]
INFO: [ app_begin ] --END-- [ RunTime:0.000554s ]
SQL: SHOW COLUMNS FROM `dest` [ RunTime:0.0024s ]
SQL: SELECT `id` FROM `dest` WHERE `place` = '北京' LIMIT 1   [ RunTime:0.0003s ]
SQL: SHOW COLUMNS FROM `post_dest` [ RunTime:0.0020s ]
SQL: SELECT `post_id` FROM `post_dest` WHERE `dest_id` = 2 ORDER BY post_id desc LIMIT 21   [ RunTime:0.0004s ]
SQL: SHOW COLUMNS FROM `posts` [ RunTime:0.0023s ]
SQL: SHOW COLUMNS FROM `posts` [ RunTime:0.0020s ]
SQL: SELECT * FROM `posts` WHERE `id` IN ('121','120','119','118','117','92','69','66','51','46','41','33','25','24','22','21','17','10','9','7') AND `is_delete` = 0 ORDER BY id desc  [ RunTime:0.0007s ]
SQL: SHOW COLUMNS FROM `post_img` [ RunTime:0.0020s ]
SQL: SELECT `post_id`,`img` FROM `post_img` WHERE `post_id` IN (121,120,119,118,117,92,69,66,51,46,41,33,25,24,22,21,17,10,9,7)  [ RunTime:0.0003s ]
SQL: SELECT DISTINCT  `uid` FROM `posts` WHERE `id` IN ('121','120','119','118','117','92','69','66','51','46','41','33','25','24','22','21','17','10','9','7') AND `is_delete` = 0 ORDER BY uid asc  [ RunTime:0.0003s ]
SQL: SHOW COLUMNS FROM `user` [ RunTime:0.0021s ]
SQL: SELECT * FROM `user` WHERE `id` IN ('2','3','4','5','7','10','38')  [ RunTime:0.0004s ]
SQL: SHOW COLUMNS FROM `liked` [ RunTime:0.0018s ]
SQL: SELECT count(distinct uid) as num,`post_id` FROM `liked` WHERE `post_id` IN ('121','120','119','118','117','92','69','66','51','46','41','33','25','24','22','21','17','10','9','7') GROUP BY post_id  [ RunTime:0.0005s ]
SQL: SHOW COLUMNS FROM `post_dest` [ RunTime:0.0019s ]
SQL: SELECT `post_id`,`dest_id` FROM `post_dest` WHERE `post_id` IN ('121','120','119','118','117','92','69','66','51','46','41','33','25','24','22','21','17','10','9','7')  [ RunTime:0.0004s ]
SQL: SHOW COLUMNS FROM `dest` [ RunTime:0.0020s ]
SQL: SELECT `id`,`place`,`desc` FROM `dest` WHERE `id` IN ('2','15','437')  [ RunTime:0.0002s ]
SQL: SELECT * FROM `liked` WHERE `uid` = 39 AND `post_id` IN ('121','120','119','118','117','92','69','66','51','46','41','33','25','24','22','21','17','10','9','7')  [ RunTime:0.0004s ]
INFO: [ app_end ] --START--
INFO: Run Behavior\ShowPageTraceBehavior [ RunTime:0.000574s ]
INFO: [ app_end ] --END-- [ RunTime:0.000626s ]

[ 2015-04-09T13:50:48+08:00 ] 127.0.0.1 /tourpal/index.php/Sapi/Dest/getPostsByPlace?dest=%E5%8C%97%E4%BA%AC
INFO: [ app_init ] --START--
INFO: Run Behavior\BuildLiteBehavior [ RunTime:0.000014s ]
INFO: [ app_init ] --END-- [ RunTime:0.000319s ]
INFO: [ app_begin ] --START--
INFO: Run Behavior\ReadHtmlCacheBehavior [ RunTime:0.000510s ]
INFO: [ app_begin ] --END-- [ RunTime:0.000561s ]
SQL: SHOW COLUMNS FROM `dest` [ RunTime:0.0024s ]
SQL: SELECT `id` FROM `dest` WHERE `place` = '北京' LIMIT 1   [ RunTime:0.0003s ]
SQL: SHOW COLUMNS FROM `post_dest` [ RunTime:0.0019s ]
SQL: SELECT `post_id` FROM `post_dest` WHERE `dest_id` = 2 ORDER BY post_id desc LIMIT 21   [ RunTime:0.0003s ]
SQL: SHOW COLUMNS FROM `posts` [ RunTime:0.0021s ]
SQL: SHOW COLUMNS FROM `posts` [ RunTime:0.0021s ]
SQL: SELECT * FROM `posts` WHERE `id` IN ('121','120','119','118','117','92','69','66','51','46','41','33','25','24','22','21','17','10','9','7') AND `is_delete` = 0 ORDER BY id desc  [ RunTime:0.0007s ]
SQL: SHOW COLUMNS FROM `post_img` [ RunTime:0.0019s ]
SQL: SELECT `post_id`,`img` FROM `post_img` WHERE `post_id` IN (121,120,119,118,117,92,69,66,51,46,41,33,25,24,22,21,17,10,9,7)  [ RunTime:0.0004s ]
SQL: SELECT DISTINCT  `uid` FROM `posts` WHERE `id` IN ('121','120','119','118','117','92','69','66','51','46','41','33','25','24','22','21','17','10','9','7') AND `is_delete` = 0 ORDER BY uid asc  [ RunTime:0.0004s ]
SQL: SHOW COLUMNS FROM `user` [ RunTime:0.0022s ]
SQL: SELECT * FROM `user` WHERE `id` IN ('2','3','4','5','7','10','38')  [ RunTime:0.0004s ]
SQL: SHOW COLUMNS FROM `liked` [ RunTime:0.0020s ]
SQL: SELECT count(distinct uid) as num,`post_id` FROM `liked` WHERE `post_id` IN ('121','120','119','118','117','92','69','66','51','46','41','33','25','24','22','21','17','10','9','7') GROUP BY post_id  [ RunTime:0.0006s ]
SQL: SHOW COLUMNS FROM `post_dest` [ RunTime:0.0023s ]
SQL: SELECT `post_id`,`dest_id` FROM `post_dest` WHERE `post_id` IN ('121','120','119','118','117','92','69','66','51','46','41','33','25','24','22','21','17','10','9','7')  [ RunTime:0.0004s ]
SQL: SHOW COLUMNS FROM `dest` [ RunTime:0.0020s ]
SQL: SELECT `id`,`place`,`desc` FROM `dest` WHERE `id` IN ('2','15','437')  [ RunTime:0.0003s ]
SQL: SELECT * FROM `liked` WHERE `uid` = 39 AND `post_id` IN ('121','120','119','118','117','92','69','66','51','46','41','33','25','24','22','21','17','10','9','7')  [ RunTime:0.0005s ]
INFO: [ app_end ] --START--
INFO: Run Behavior\ShowPageTraceBehavior [ RunTime:0.000581s ]
INFO: [ app_end ] --END-- [ RunTime:0.000635s ]

[ 2015-04-09T13:50:48+08:00 ] 127.0.0.1 /tourpal/index.php/Sapi/Dest/getPostsByPlace?dest=%E5%8C%97%E4%BA%AC
INFO: [ app_init ] --START--
INFO: Run Behavior\BuildLiteBehavior [ RunTime:0.000012s ]
INFO: [ app_init ] --END-- [ RunTime:0.000307s ]
INFO: [ app_begin ] --START--
INFO: Run Behavior\ReadHtmlCacheBehavior [ RunTime:0.000483s ]
INFO: [ app_begin ] --END-- [ RunTime:0.000530s ]
SQL: SHOW COLUMNS FROM `dest` [ RunTime:0.0022s ]
SQL: SELECT `id` FROM `dest` WHERE `place` = '北京' LIMIT 1   [ RunTime:0.0003s ]
SQL: SHOW COLUMNS FROM `post_dest` [ RunTime:0.0020s ]
SQL: SELECT `post_id` FROM `post_dest` WHERE `dest_id` = 2 ORDER BY post_id desc LIMIT 21   [ RunTime:0.0004s ]
SQL: SHOW COLUMNS FROM `posts` [ RunTime:0.0022s ]
SQL: SHOW COLUMNS FROM `posts` [ RunTime:0.0023s ]
SQL: SELECT * FROM `posts` WHERE `id` IN ('121','120','119','118','117','92','69','66','51','46','41','33','25','24','22','21','17','10','9','7') AND `is_delete` = 0 ORDER BY id desc  [ RunTime:0.0007s ]
SQL: SHOW COLUMNS FROM `post_img` [ RunTime:0.0020s ]
SQL: SELECT `post_id`,`img` FROM `post_img` WHERE `post_id` IN (121,120,119,118,117,92,69,66,51,46,41,33,25,24,22,21,17,10,9,7)  [ RunTime:0.0004s ]
SQL: SELECT DISTINCT  `uid` FROM `posts` WHERE `id` IN ('121','120','119','118','117','92','69','66','51','46','41','33','25','24','22','21','17','10','9','7') AND `is_delete` = 0 ORDER BY uid asc  [ RunTime:0.0004s ]
SQL: SHOW COLUMNS FROM `user` [ RunTime:0.0022s ]
SQL: SELECT * FROM `user` WHERE `id` IN ('2','3','4','5','7','10','38')  [ RunTime:0.0005s ]
SQL: SHOW COLUMNS FROM `liked` [ RunTime:0.0021s ]
SQL: SELECT count(distinct uid) as num,`post_id` FROM `liked` WHERE `post_id` IN ('121','120','119','118','117','92','69','66','51','46','41','33','25','24','22','21','17','10','9','7') GROUP BY post_id  [ RunTime:0.0005s ]
SQL: SHOW COLUMNS FROM `post_dest` [ RunTime:0.0019s ]
SQL: SELECT `post_id`,`dest_id` FROM `post_dest` WHERE `post_id` IN ('121','120','119','118','117','92','69','66','51','46','41','33','25','24','22','21','17','10','9','7')  [ RunTime:0.0004s ]
SQL: SHOW COLUMNS FROM `dest` [ RunTime:0.0021s ]
SQL: SELECT `id`,`place`,`desc` FROM `dest` WHERE `id` IN ('2','15','437')  [ RunTime:0.0003s ]
SQL: SELECT * FROM `liked` WHERE `uid` = 39 AND `post_id` IN ('121','120','119','118','117','92','69','66','51','46','41','33','25','24','22','21','17','10','9','7')  [ RunTime:0.0004s ]
INFO: [ app_end ] --START--
INFO: Run Behavior\ShowPageTraceBehavior [ RunTime:0.000563s ]
INFO: [ app_end ] --END-- [ RunTime:0.000616s ]

[ 2015-04-09T13:50:49+08:00 ] 127.0.0.1 /tourpal/index.php/Sapi/Dest/getPostsByPlace?dest=%E5%8C%97%E4%BA%AC
INFO: [ app_init ] --START--
INFO: Run Behavior\BuildLiteBehavior [ RunTime:0.000014s ]
INFO: [ app_init ] --END-- [ RunTime:0.000349s ]
INFO: [ app_begin ] --START--
INFO: Run Behavior\ReadHtmlCacheBehavior [ RunTime:0.000549s ]
INFO: [ app_begin ] --END-- [ RunTime:0.000604s ]
SQL: SHOW COLUMNS FROM `dest` [ RunTime:0.0023s ]
SQL: SELECT `id` FROM `dest` WHERE `place` = '北京' LIMIT 1   [ RunTime:0.0002s ]
SQL: SHOW COLUMNS FROM `post_dest` [ RunTime:0.0019s ]
SQL: SELECT `post_id` FROM `post_dest` WHERE `dest_id` = 2 ORDER BY post_id desc LIMIT 21   [ RunTime:0.0003s ]
SQL: SHOW COLUMNS FROM `posts` [ RunTime:0.0022s ]
SQL: SHOW COLUMNS FROM `posts` [ RunTime:0.0021s ]
SQL: SELECT * FROM `posts` WHERE `id` IN ('121','120','119','118','117','92','69','66','51','46','41','33','25','24','22','21','17','10','9','7') AND `is_delete` = 0 ORDER BY id desc  [ RunTime:0.0006s ]
SQL: SHOW COLUMNS FROM `post_img` [ RunTime:0.0018s ]
SQL: SELECT `post_id`,`img` FROM `post_img` WHERE `post_id` IN (121,120,119,118,117,92,69,66,51,46,41,33,25,24,22,21,17,10,9,7)  [ RunTime:0.0003s ]
SQL: SELECT DISTINCT  `uid` FROM `posts` WHERE `id` IN ('121','120','119','118','117','92','69','66','51','46','41','33','25','24','22','21','17','10','9','7') AND `is_delete` = 0 ORDER BY uid asc  [ RunTime:0.0003s ]
SQL: SHOW COLUMNS FROM `user` [ RunTime:0.0021s ]
SQL: SELECT * FROM `user` WHERE `id` IN ('2','3','4','5','7','10','38')  [ RunTime:0.0004s ]
SQL: SHOW COLUMNS FROM `liked` [ RunTime:0.0020s ]
SQL: SELECT count(distinct uid) as num,`post_id` FROM `liked` WHERE `post_id` IN ('121','120','119','118','117','92','69','66','51','46','41','33','25','24','22','21','17','10','9','7') GROUP BY post_id  [ RunTime:0.0006s ]
SQL: SHOW COLUMNS FROM `post_dest` [ RunTime:0.0022s ]
SQL: SELECT `post_id`,`dest_id` FROM `post_dest` WHERE `post_id` IN ('121','120','119','118','117','92','69','66','51','46','41','33','25','24','22','21','17','10','9','7')  [ RunTime:0.0003s ]
SQL: SHOW COLUMNS FROM `dest` [ RunTime:0.0021s ]
SQL: SELECT `id`,`place`,`desc` FROM `dest` WHERE `id` IN ('2','15','437')  [ RunTime:0.0002s ]
SQL: SELECT * FROM `liked` WHERE `uid` = 39 AND `post_id` IN ('121','120','119','118','117','92','69','66','51','46','41','33','25','24','22','21','17','10','9','7')  [ RunTime:0.0004s ]
INFO: [ app_end ] --START--
INFO: Run Behavior\ShowPageTraceBehavior [ RunTime:0.000586s ]
INFO: [ app_end ] --END-- [ RunTime:0.000641s ]

[ 2015-04-09T13:50:49+08:00 ] 127.0.0.1 /tourpal/index.php/Sapi/Dest/getPostsByPlace?dest=%E5%8C%97%E4%BA%AC
INFO: [ app_init ] --START--
INFO: Run Behavior\BuildLiteBehavior [ RunTime:0.000014s ]
INFO: [ app_init ] --END-- [ RunTime:0.000347s ]
INFO: [ app_begin ] --START--
INFO: Run Behavior\ReadHtmlCacheBehavior [ RunTime:0.000531s ]
INFO: [ app_begin ] --END-- [ RunTime:0.000582s ]
SQL: SHOW COLUMNS FROM `dest` [ RunTime:0.0022s ]
SQL: SELECT `id` FROM `dest` WHERE `place` = '北京' LIMIT 1   [ RunTime:0.0003s ]
SQL: SHOW COLUMNS FROM `post_dest` [ RunTime:0.0021s ]
SQL: SELECT `post_id` FROM `post_dest` WHERE `dest_id` = 2 ORDER BY post_id desc LIMIT 21   [ RunTime:0.0003s ]
SQL: SHOW COLUMNS FROM `posts` [ RunTime:0.0022s ]
SQL: SHOW COLUMNS FROM `posts` [ RunTime:0.0021s ]
SQL: SELECT * FROM `posts` WHERE `id` IN ('121','120','119','118','117','92','69','66','51','46','41','33','25','24','22','21','17','10','9','7') AND `is_delete` = 0 ORDER BY id desc  [ RunTime:0.0006s ]
SQL: SHOW COLUMNS FROM `post_img` [ RunTime:0.0019s ]
SQL: SELECT `post_id`,`img` FROM `post_img` WHERE `post_id` IN (121,120,119,118,117,92,69,66,51,46,41,33,25,24,22,21,17,10,9,7)  [ RunTime:0.0003s ]
SQL: SELECT DISTINCT  `uid` FROM `posts` WHERE `id` IN ('121','120','119','118','117','92','69','66','51','46','41','33','25','24','22','21','17','10','9','7') AND `is_delete` = 0 ORDER BY uid asc  [ RunTime:0.0003s ]
SQL: SHOW COLUMNS FROM `user` [ RunTime:0.0021s ]
SQL: SELECT * FROM `user` WHERE `id` IN ('2','3','4','5','7','10','38')  [ RunTime:0.0004s ]
SQL: SHOW COLUMNS FROM `liked` [ RunTime:0.0022s ]
SQL: SELECT count(distinct uid) as num,`post_id` FROM `liked` WHERE `post_id` IN ('121','120','119','118','117','92','69','66','51','46','41','33','25','24','22','21','17','10','9','7') GROUP BY post_id  [ RunTime:0.0005s ]
SQL: SHOW COLUMNS FROM `post_dest` [ RunTime:0.0020s ]
SQL: SELECT `post_id`,`dest_id` FROM `post_dest` WHERE `post_id` IN ('121','120','119','118','117','92','69','66','51','46','41','33','25','24','22','21','17','10','9','7')  [ RunTime:0.0003s ]
SQL: SHOW COLUMNS FROM `dest` [ RunTime:0.0019s ]
SQL: SELECT `id`,`place`,`desc` FROM `dest` WHERE `id` IN ('2','15','437')  [ RunTime:0.0002s ]
SQL: SELECT * FROM `liked` WHERE `uid` = 39 AND `post_id` IN ('121','120','119','118','117','92','69','66','51','46','41','33','25','24','22','21','17','10','9','7')  [ RunTime:0.0004s ]
INFO: [ app_end ] --START--
INFO: Run Behavior\ShowPageTraceBehavior [ RunTime:0.000567s ]
INFO: [ app_end ] --END-- [ RunTime:0.000626s ]

