[ 2015-05-05T12:13:42+08:00 ] 127.0.0.1 /tourpal/index.php/Webview/Index/post
INFO: [ app_init ] --START--
INFO: Run Behavior\BuildLiteBehavior [ RunTime:0.000032s ]
INFO: [ app_init ] --END-- [ RunTime:0.000774s ]
INFO: [ app_begin ] --START--
INFO: Run Behavior\ReadHtmlCacheBehavior [ RunTime:0.005905s ]
INFO: [ app_begin ] --END-- [ RunTime:0.006023s ]
INFO: [ view_parse ] --START--
NOTIC: [2] filemtime() [<a href='function.filemtime'>function.filemtime</a>]: stat failed for ./Application/Runtime/Temp\c3516c087e036b7a2a2b7bcc361ded0314702ab3.post.html.php E:\xampp\htdocs\tourpal\ThinkPHP\Library\Vendor\Smarty\sysplugins\smarty_internal_cacheresource_file.php 第 64 行.
NOTIC: [2] filemtime() [<a href='function.filemtime'>function.filemtime</a>]: stat failed for ./Application/Runtime/Cache\c3516c087e036b7a2a2b7bcc361ded0314702ab3.file.post.html.cache.php E:\xampp\htdocs\tourpal\ThinkPHP\Library\Vendor\Smarty\sysplugins\smarty_resource.php 第 683 行.
NOTIC: [2] unlink(./Application/Runtime/Cache\c3516c087e036b7a2a2b7bcc361ded0314702ab3.file.post.html.cache.php) [<a href='function.unlink'>function.unlink</a>]: No such file or directory E:\xampp\htdocs\tourpal\ThinkPHP\Library\Vendor\Smarty\sysplugins\smarty_internal_write_file.php 第 49 行.
NOTIC: [2] filemtime() [<a href='function.filemtime'>function.filemtime</a>]: stat failed for ./Application/Runtime/Cache\3a9b873e2939d23154315a44bb6cf25e3b32d600.file.header.html.cache.php E:\xampp\htdocs\tourpal\ThinkPHP\Library\Vendor\Smarty\sysplugins\smarty_resource.php 第 683 行.
NOTIC: [2] unlink(./Application/Runtime/Cache\3a9b873e2939d23154315a44bb6cf25e3b32d600.file.header.html.cache.php) [<a href='function.unlink'>function.unlink</a>]: No such file or directory E:\xampp\htdocs\tourpal\ThinkPHP\Library\Vendor\Smarty\sysplugins\smarty_internal_write_file.php 第 49 行.
NOTIC: [2] filemtime() [<a href='function.filemtime'>function.filemtime</a>]: stat failed for ./Application/Runtime/Cache\48e32331598daa0c3a2bc70635a567760cb1e0fe.file.footer.html.cache.php E:\xampp\htdocs\tourpal\ThinkPHP\Library\Vendor\Smarty\sysplugins\smarty_resource.php 第 683 行.
NOTIC: [2] unlink(./Application/Runtime/Cache\48e32331598daa0c3a2bc70635a567760cb1e0fe.file.footer.html.cache.php) [<a href='function.unlink'>function.unlink</a>]: No such file or directory E:\xampp\htdocs\tourpal\ThinkPHP\Library\Vendor\Smarty\sysplugins\smarty_internal_write_file.php 第 49 行.
NOTIC: [2] unlink(./Application/Runtime/Temp\c3516c087e036b7a2a2b7bcc361ded0314702ab3.post.html.php) [<a href='function.unlink'>function.unlink</a>]: No such file or directory E:\xampp\htdocs\tourpal\ThinkPHP\Library\Vendor\Smarty\sysplugins\smarty_internal_write_file.php 第 49 行.
INFO: Run Behavior\ParseTemplateBehavior [ RunTime:0.406933s ]
INFO: [ view_parse ] --END-- [ RunTime:0.407074s ]
INFO: [ view_filter ] --START--
INFO: Run Behavior\WriteHtmlCacheBehavior [ RunTime:0.004757s ]
INFO: [ view_filter ] --END-- [ RunTime:0.004807s ]
INFO: [ app_end ] --START--
INFO: Run Behavior\ShowPageTraceBehavior [ RunTime:0.010868s ]
INFO: [ app_end ] --END-- [ RunTime:0.010919s ]

[ 2015-05-05T12:13:45+08:00 ] 127.0.0.1 /tourpal/index.php/Webview/Index/post
INFO: [ app_init ] --START--
INFO: Run Behavior\BuildLiteBehavior [ RunTime:0.000014s ]
INFO: [ app_init ] --END-- [ RunTime:0.000365s ]
INFO: [ app_begin ] --START--
INFO: Run Behavior\ReadHtmlCacheBehavior [ RunTime:0.000521s ]
INFO: [ app_begin ] --END-- [ RunTime:0.000578s ]
INFO: [ view_parse ] --START--
INFO: Run Behavior\ParseTemplateBehavior [ RunTime:0.009014s ]
INFO: [ view_parse ] --END-- [ RunTime:0.009082s ]
INFO: [ view_filter ] --START--
INFO: Run Behavior\WriteHtmlCacheBehavior [ RunTime:0.000283s ]
INFO: [ view_filter ] --END-- [ RunTime:0.000331s ]
INFO: [ app_end ] --START--
INFO: Run Behavior\ShowPageTraceBehavior [ RunTime:0.000506s ]
INFO: [ app_end ] --END-- [ RunTime:0.000556s ]

[ 2015-05-05T12:13:45+08:00 ] 127.0.0.1 /tourpal/index.php/Webview/Index/post
INFO: [ app_init ] --START--
INFO: Run Behavior\BuildLiteBehavior [ RunTime:0.000022s ]
INFO: [ app_init ] --END-- [ RunTime:0.000634s ]
INFO: [ app_begin ] --START--
INFO: Run Behavior\ReadHtmlCacheBehavior [ RunTime:0.000946s ]
INFO: [ app_begin ] --END-- [ RunTime:0.001048s ]
INFO: [ view_parse ] --START--
INFO: Run Behavior\ParseTemplateBehavior [ RunTime:0.008600s ]
INFO: [ view_parse ] --END-- [ RunTime:0.008700s ]
INFO: [ view_filter ] --START--
INFO: Run Behavior\WriteHtmlCacheBehavior [ RunTime:0.000173s ]
INFO: [ view_filter ] --END-- [ RunTime:0.000218s ]
INFO: [ app_end ] --START--
INFO: Run Behavior\ShowPageTraceBehavior [ RunTime:0.000391s ]
INFO: [ app_end ] --END-- [ RunTime:0.000436s ]

